[HANDLER_OUTPUT] 
Test project /home/libsbml/development/libsbml-build-scripts/autobuild-option-tests/BUILD/ubuntu-1604-exp-ninja-base-packages-expat-check-examples

      Start  1: test_comp_extensions_run
 1/92 Test  #1: test_comp_extensions_run ......................   Passed    0.51 sec
      Start  2: test_comp_sbase_run
 2/92 Test  #2: test_comp_sbase_run ...........................   Passed    0.32 sec
      Start  3: test_comp_util_run
 3/92 Test  #3: test_comp_util_run ............................   Passed    3.08 sec
      Start  4: test_comp_validator_run
 4/92 Test  #4: test_comp_validator_run .......................   Passed    0.62 sec
      Start  5: test_extension_package_qual_run
 5/92 Test  #5: test_extension_package_qual_run ...............   Passed    0.21 sec
      Start  6: test_sbml_package_qual_run
 6/92 Test  #6: test_sbml_package_qual_run ....................   Passed    0.27 sec
      Start  7: test_qual_validator_run
 7/92 Test  #7: test_qual_validator_run .......................   Passed    0.27 sec
      Start  8: test_sbml_package_render_run
 8/92 Test  #8: test_sbml_package_render_run ..................   Passed    0.87 sec
      Start  9: test_render_validator_run
 9/92 Test  #9: test_render_validator_run .....................   Passed    0.27 sec
      Start 10: test_sbml_package_multi_run
10/92 Test #10: test_sbml_package_multi_run ...................   Passed    0.27 sec
      Start 11: test_multi_validator_run
11/92 Test #11: test_multi_validator_run ......................   Passed    0.26 sec
      Start 12: test_sbml_package_fbc_run
12/92 Test #12: test_sbml_package_fbc_run .....................   Passed    0.33 sec
      Start 13: test_fbc_validator_run
13/92 Test #13: test_fbc_validator_run ........................   Passed    0.43 sec
      Start 14: test_l3v2extendedmath_validator_run
14/92 Test #14: test_l3v2extendedmath_validator_run ...........   Passed    0.22 sec
      Start 15: test_extension_package_l3v2extendedmath_run
15/92 Test #15: test_extension_package_l3v2extendedmath_run ...   Passed    0.26 sec
      Start 16: test_sbml_package_spatial_run
16/92 Test #16: test_sbml_package_spatial_run .................   Passed    0.32 sec
      Start 17: test_sbml_objects_package_spatial
17/92 Test #17: test_sbml_objects_package_spatial .............   Passed    0.22 sec
      Start 18: test_spatial_validator_run
18/92 Test #18: test_spatial_validator_run ....................   Passed    0.42 sec
      Start 19: test_extension_package_dyn_run
19/92 Test #19: test_extension_package_dyn_run ................   Passed    0.22 sec
      Start 20: test_sbml_package_req_run
20/92 Test #20: test_sbml_package_req_run .....................   Passed    0.26 sec
      Start 21: test_sbml_package_layout_run
21/92 Test #21: test_sbml_package_layout_run ..................   Passed    0.64 sec
      Start 22: test_layout_validator_run
22/92 Test #22: test_layout_validator_run .....................   Passed    0.70 sec
      Start 23: test_extension_package_arrays_run
23/92 Test #23: test_extension_package_arrays_run .............   Passed    0.47 sec
      Start 24: test_arrays_util_run
24/92 Test #24: test_arrays_util_run ..........................   Passed    0.37 sec
      Start 25: test_extension_package_groups_run
25/92 Test #25: test_extension_package_groups_run .............   Passed    0.24 sec
      Start 26: test_groups_validator_run
26/92 Test #26: test_groups_validator_run .....................   Passed    0.22 sec
      Start 27: test_extension_package_distrib_run
27/92 Test #27: test_extension_package_distrib_run ............   Passed    0.27 sec
      Start 28: test_sbml_package_distrib_run
28/92 Test #28: test_sbml_package_distrib_run .................   Passed    0.24 sec
      Start 29: test_distrib_util_run
29/92 Test #29: test_distrib_util_run .........................   Passed    0.32 sec
      Start 30: test_distrib_validator_run
30/92 Test #30: test_distrib_validator_run ....................   Passed    0.18 sec
      Start 31: test_sbml_annotation_run
31/92 Test #31: test_sbml_annotation_run ......................   Passed    0.55 sec
      Start 32: test_sbml_conversion_run
32/92 Test #32: test_sbml_conversion_run ......................   Passed    0.82 sec
      Start 33: test_sbml_extension_run
33/92 Test #33: test_sbml_extension_run .......................   Passed    0.26 sec
      Start 34: test_sbml_math_run
34/92 Test #34: test_sbml_math_run ............................   Passed    0.29 sec
      Start 35: test_sbml_sbml_run
35/92 Test #35: test_sbml_sbml_run ............................   Passed    2.59 sec
      Start 36: test_sbml_units_run
36/92 Test #36: test_sbml_units_run ...........................   Passed    1.02 sec
      Start 37: test_sbml_util_run
37/92 Test #37: test_sbml_util_run ............................   Passed    0.05 sec
      Start 38: test_sbml_validator_run
38/92 Test #38: test_sbml_validator_run .......................   Passed    4.33 sec
      Start 39: test_sbml_xml_run
39/92 Test #39: test_sbml_xml_run .............................   Passed    0.33 sec
      Start 40: test_c_addCVTerms
40/92 Test #40: test_c_addCVTerms .............................   Passed    0.17 sec
      Start 41: test_c_addingEvidenceCodes_1
41/92 Test #41: test_c_addingEvidenceCodes_1 ..................   Passed    0.15 sec
      Start 42: test_c_addingEvidenceCodes_2
42/92 Test #42: test_c_addingEvidenceCodes_2 ..................   Passed    0.18 sec
      Start 43: test_c_addModelHistory
43/92 Test #43: test_c_addModelHistory ........................   Passed    0.15 sec
      Start 44: test_c_appendAnnotation
44/92 Test #44: test_c_appendAnnotation .......................   Passed    0.15 sec
      Start 45: test_c_convertSBML
45/92 Test #45: test_c_convertSBML ............................   Passed    0.15 sec
      Start 46: test_c_createExampleSBML
46/92 Test #46: test_c_createExampleSBML ......................   Passed    0.20 sec
      Start 47: test_c_drawMath
47/92 Test #47: test_c_drawMath ...............................   Passed    0.18 sec
      Start 48: test_c_echoSBML
48/92 Test #48: test_c_echoSBML ...............................   Passed    0.18 sec
      Start 49: test_c_printAnnotation
49/92 Test #49: test_c_printAnnotation ........................   Passed    0.14 sec
      Start 50: test_c_printMath
50/92 Test #50: test_c_printMath ..............................   Passed    0.14 sec
      Start 51: test_c_printNotes
51/92 Test #51: test_c_printNotes .............................   Passed    0.19 sec
      Start 52: test_c_printRegisteredPackages
52/92 Test #52: test_c_printRegisteredPackages ................   Passed    0.15 sec
      Start 53: test_c_printSBML
53/92 Test #53: test_c_printSBML ..............................   Passed    0.16 sec
      Start 54: test_c_printSupported
54/92 Test #54: test_c_printSupported .........................   Passed    0.12 sec
      Start 55: test_c_printUnits
55/92 Test #55: test_c_printUnits .............................   Passed    0.15 sec
      Start 56: test_c_promoteParameters
56/92 Test #56: test_c_promoteParameters ......................   Passed    0.16 sec
      Start 57: test_c_readSBML
57/92 Test #57: test_c_readSBML ...............................   Passed    0.14 sec
      Start 58: test_c_stripPackage
58/92 Test #58: test_c_stripPackage ...........................   Passed    0.18 sec
      Start 59: test_c_unsetAnnotation
59/92 Test #59: test_c_unsetAnnotation ........................   Passed    0.13 sec
      Start 60: test_c_unsetNotes
60/92 Test #60: test_c_unsetNotes .............................   Passed    0.17 sec
      Start 61: test_c_validateSBML
61/92 Test #61: test_c_validateSBML ...........................   Passed    0.21 sec
      Start 62: test_cxx_addCVTerms
62/92 Test #62: test_cxx_addCVTerms ...........................   Passed    0.38 sec
      Start 63: test_cxx_addCustomValidator
63/92 Test #63: test_cxx_addCustomValidator ...................   Passed    0.22 sec
      Start 64: test_cxx_addingEvidenceCodes_1
64/92 Test #64: test_cxx_addingEvidenceCodes_1 ................   Passed    0.17 sec
      Start 65: test_cxx_addingEvidenceCodes_2
65/92 Test #65: test_cxx_addingEvidenceCodes_2 ................   Passed    0.15 sec
      Start 66: test_cxx_addModelHistory
66/92 Test #66: test_cxx_addModelHistory ......................   Passed    0.14 sec
      Start 67: test_cxx_appendAnnotation
67/92 Test #67: test_cxx_appendAnnotation .....................   Passed    0.15 sec
      Start 68: test_cxx_callExternalValidator
68/92 Test #68: test_cxx_callExternalValidator ................   Passed    0.15 sec
      Start 69: test_cxx_convertSBML
69/92 Test #69: test_cxx_convertSBML ..........................   Passed    0.20 sec
      Start 70: test_cxx_convertToL1V1
70/92 Test #70: test_cxx_convertToL1V1 ........................   Passed    0.16 sec
      Start 71: test_cxx_createExampleSBML
71/92 Test #71: test_cxx_createExampleSBML ....................   Passed    0.22 sec
      Start 72: test_cxx_echoSBML
72/92 Test #72: test_cxx_echoSBML .............................   Passed    0.16 sec
      Start 73: test_cxx_inferUnits
73/92 Test #73: test_cxx_inferUnits ...........................   Passed    0.19 sec
      Start 74: test_cxx_inlineFunctionDefintions
74/92 Test #74: test_cxx_inlineFunctionDefintions .............   Passed    0.15 sec
      Start 75: test_cxx_convertReactions
75/92 Test #75: test_cxx_convertReactions .....................   Passed    0.19 sec
      Start 76: test_cxx_getAllElementsWithNotes
76/92 Test #76: test_cxx_getAllElementsWithNotes ..............   Passed    0.15 sec
      Start 77: test_cxx_printAnnotation
77/92 Test #77: test_cxx_printAnnotation ......................   Passed    0.17 sec
      Start 78: test_cxx_printMath
78/92 Test #78: test_cxx_printMath ............................   Passed    0.17 sec
      Start 79: test_cxx_printNotes
79/92 Test #79: test_cxx_printNotes ...........................   Passed    0.16 sec
      Start 80: test_cxx_printSBML
80/92 Test #80: test_cxx_printSBML ............................   Passed    0.17 sec
      Start 81: test_cxx_printRegisteredPackages
81/92 Test #81: test_cxx_printRegisteredPackages ..............   Passed    0.12 sec
      Start 82: test_cxx_printSupported
82/92 Test #82: test_cxx_printSupported .......................   Passed    0.12 sec
      Start 83: test_cxx_printUnits
83/92 Test #83: test_cxx_printUnits ...........................   Passed    0.15 sec
      Start 84: test_cxx_promoteParameters
84/92 Test #84: test_cxx_promoteParameters ....................   Passed    0.15 sec
      Start 85: test_cxx_readSBML
85/92 Test #85: test_cxx_readSBML .............................   Passed    0.16 sec
      Start 86: test_cxx_renameSId
86/92 Test #86: test_cxx_renameSId ............................   Passed    0.16 sec
      Start 87: test_cxx_setIdFromNames
87/92 Test #87: test_cxx_setIdFromNames .......................   Passed    0.17 sec
      Start 88: test_cxx_setNamesFromIds
88/92 Test #88: test_cxx_setNamesFromIds ......................   Passed    0.19 sec
      Start 89: test_cxx_stripPackage
89/92 Test #89: test_cxx_stripPackage .........................   Passed    0.21 sec
      Start 90: test_cxx_unsetAnnotation
90/92 Test #90: test_cxx_unsetAnnotation ......................   Passed    0.16 sec
      Start 91: test_cxx_unsetNotes
91/92 Test #91: test_cxx_unsetNotes ...........................   Passed    0.12 sec
      Start 92: test_cxx_validateSBML
92/92 Test #92: test_cxx_validateSBML .........................   Passed    0.28 sec

100% tests passed, 0 tests failed out of 92

Total Test time (real) =  32.82 sec
