[HANDLER_OUTPUT] 
Test project /home/libsbml/development/libsbml-build-scripts/autobuild-option-tests/BUILD/ubuntu-1604-exp-ninja-base-packages-expat-check-cpp_ns-python

      Start  1: test_comp_extensions_run
 1/78 Test  #1: test_comp_extensions_run ......................   Passed    0.47 sec
      Start  2: test_comp_sbase_run
 2/78 Test  #2: test_comp_sbase_run ...........................   Passed    0.25 sec
      Start  3: test_comp_util_run
 3/78 Test  #3: test_comp_util_run ............................   Passed    3.01 sec
      Start  4: test_comp_validator_run
 4/78 Test  #4: test_comp_validator_run .......................   Passed    0.53 sec
      Start  5: test_extension_package_qual_run
 5/78 Test  #5: test_extension_package_qual_run ...............   Passed    0.18 sec
      Start  6: test_sbml_package_qual_run
 6/78 Test  #6: test_sbml_package_qual_run ....................   Passed    0.19 sec
      Start  7: test_qual_validator_run
 7/78 Test  #7: test_qual_validator_run .......................   Passed    0.23 sec
      Start  8: test_sbml_package_render_run
 8/78 Test  #8: test_sbml_package_render_run ..................   Passed    0.83 sec
      Start  9: test_render_validator_run
 9/78 Test  #9: test_render_validator_run .....................   Passed    0.21 sec
      Start 10: test_sbml_package_multi_run
10/78 Test #10: test_sbml_package_multi_run ...................   Passed    0.14 sec
      Start 11: test_multi_validator_run
11/78 Test #11: test_multi_validator_run ......................   Passed    0.21 sec
      Start 12: test_sbml_package_fbc_run
12/78 Test #12: test_sbml_package_fbc_run .....................   Passed    0.22 sec
      Start 13: test_fbc_validator_run
13/78 Test #13: test_fbc_validator_run ........................   Passed    0.39 sec
      Start 14: test_l3v2extendedmath_validator_run
14/78 Test #14: test_l3v2extendedmath_validator_run ...........   Passed    0.12 sec
      Start 15: test_extension_package_l3v2extendedmath_run
15/78 Test #15: test_extension_package_l3v2extendedmath_run ...   Passed    0.11 sec
      Start 16: test_sbml_package_spatial_run
16/78 Test #16: test_sbml_package_spatial_run .................   Passed    0.26 sec
      Start 17: test_sbml_objects_package_spatial
17/78 Test #17: test_sbml_objects_package_spatial .............   Passed    0.16 sec
      Start 18: test_spatial_validator_run
18/78 Test #18: test_spatial_validator_run ....................   Passed    0.40 sec
      Start 19: test_extension_package_dyn_run
19/78 Test #19: test_extension_package_dyn_run ................   Passed    0.15 sec
      Start 20: test_sbml_package_req_run
20/78 Test #20: test_sbml_package_req_run .....................   Passed    0.14 sec
      Start 21: test_sbml_package_layout_run
21/78 Test #21: test_sbml_package_layout_run ..................   Passed    0.56 sec
      Start 22: test_layout_validator_run
22/78 Test #22: test_layout_validator_run .....................   Passed    0.67 sec
      Start 23: test_extension_package_arrays_run
23/78 Test #23: test_extension_package_arrays_run .............   Passed    0.21 sec
      Start 24: test_arrays_util_run
24/78 Test #24: test_arrays_util_run ..........................   Passed    0.22 sec
      Start 25: test_extension_package_groups_run
25/78 Test #25: test_extension_package_groups_run .............   Passed    0.18 sec
      Start 26: test_groups_validator_run
26/78 Test #26: test_groups_validator_run .....................   Passed    0.12 sec
      Start 27: test_extension_package_distrib_run
27/78 Test #27: test_extension_package_distrib_run ............   Passed    0.23 sec
      Start 28: test_sbml_package_distrib_run
28/78 Test #28: test_sbml_package_distrib_run .................   Passed    0.19 sec
      Start 29: test_distrib_util_run
29/78 Test #29: test_distrib_util_run .........................   Passed    0.21 sec
      Start 30: test_distrib_validator_run
30/78 Test #30: test_distrib_validator_run ....................   Passed    0.08 sec
      Start 31: test_sbml_annotation_run
31/78 Test #31: test_sbml_annotation_run ......................   Passed    0.50 sec
      Start 32: test_sbml_conversion_run
32/78 Test #32: test_sbml_conversion_run ......................   Passed    0.58 sec
      Start 33: test_sbml_extension_run
33/78 Test #33: test_sbml_extension_run .......................   Passed    0.17 sec
      Start 34: test_sbml_math_run
34/78 Test #34: test_sbml_math_run ............................   Passed    0.18 sec
      Start 35: test_sbml_sbml_run
35/78 Test #35: test_sbml_sbml_run ............................   Passed    2.58 sec
      Start 36: test_sbml_units_run
36/78 Test #36: test_sbml_units_run ...........................   Passed    0.92 sec
      Start 37: test_sbml_util_run
37/78 Test #37: test_sbml_util_run ............................   Passed    0.05 sec
      Start 38: test_sbml_validator_run
38/78 Test #38: test_sbml_validator_run .......................   Passed    4.28 sec
      Start 39: test_sbml_xml_run
39/78 Test #39: test_sbml_xml_run .............................   Passed    0.27 sec
      Start 40: test_python_binding
40/78 Test #40: test_python_binding ...........................   Passed    1.53 sec
      Start 41: test_python_printversion
41/78 Test #41: test_python_printversion ......................   Passed    0.19 sec
      Start 42: test_python_addCVTerms
42/78 Test #42: test_python_addCVTerms ........................   Passed    0.20 sec
      Start 43: test_python_addingEvidenceCodes_1
43/78 Test #43: test_python_addingEvidenceCodes_1 .............   Passed    0.20 sec
      Start 44: test_python_addingEvidenceCodes_2
44/78 Test #44: test_python_addingEvidenceCodes_2 .............   Passed    0.21 sec
      Start 45: test_python_addModelHistory
45/78 Test #45: test_python_addModelHistory ...................   Passed    0.20 sec
      Start 46: test_python_append_to_note
46/78 Test #46: test_python_append_to_note ....................   Passed    0.21 sec
      Start 47: test_python_appendAnnotation
47/78 Test #47: test_python_appendAnnotation ..................   Passed    0.20 sec
      Start 48: test_python_convertSBML
48/78 Test #48: test_python_convertSBML .......................   Passed    0.21 sec
      Start 49: test_python_createExampleSBML
49/78 Test #49: test_python_createExampleSBML .................   Passed    0.22 sec
      Start 50: test_python_createSimpleModel
50/78 Test #50: test_python_createSimpleModel .................   Passed    0.21 sec
      Start 51: test_python_echoSBML
51/78 Test #51: test_python_echoSBML ..........................   Passed    0.20 sec
      Start 52: test_python_evaluateCustomMath
52/78 Test #52: test_python_evaluateCustomMath ................   Passed    0.20 sec
      Start 53: test_python_getAllElementsWithNotes
53/78 Test #53: test_python_getAllElementsWithNotes ...........   Passed    0.20 sec
      Start 54: test_python_inlineInitialAssignments
54/78 Test #54: test_python_inlineInitialAssignments ..........   Passed    0.20 sec
      Start 55: test_python_printAnnotation
55/78 Test #55: test_python_printAnnotation ...................   Passed    0.20 sec
      Start 56: test_python_printMath
56/78 Test #56: test_python_printMath .........................   Passed    0.20 sec
      Start 57: test_python_printRegisteredPackages
57/78 Test #57: test_python_printRegisteredPackages ...........   Passed    0.20 sec
      Start 58: test_python_printSBML
58/78 Test #58: test_python_printSBML .........................   Passed    0.20 sec
      Start 59: test_python_printsupported
59/78 Test #59: test_python_printsupported ....................   Passed    0.20 sec
      Start 60: test_python_printUnits
60/78 Test #60: test_python_printUnits ........................   Passed    0.20 sec
      Start 61: test_python_promoteParameters
61/78 Test #61: test_python_promoteParameters .................   Passed    0.20 sec
      Start 62: test_python_readSBML
62/78 Test #62: test_python_readSBML ..........................   Passed    0.20 sec
      Start 63: test_python_replaceOneFD
63/78 Test #63: test_python_replaceOneFD ......................   Passed    0.20 sec
      Start 64: test_python_setIdFromNames
64/78 Test #64: test_python_setIdFromNames ....................   Passed    0.21 sec
      Start 65: test_python_unsetAnnotation
65/78 Test #65: test_python_unsetAnnotation ...................   Passed    0.20 sec
      Start 66: test_python_unsetNotes
66/78 Test #66: test_python_unsetNotes ........................   Passed    0.20 sec
      Start 67: test_python_validateSBML
67/78 Test #67: test_python_validateSBML ......................   Passed    0.20 sec
      Start 68: test_python_stringInput
68/78 Test #68: test_python_stringInput .......................   Passed    0.21 sec
      Start 69: test_python_stripPackage
69/78 Test #69: test_python_stripPackage ......................   Passed    0.21 sec
      Start 70: test_python_fbc_fbc_example1
70/78 Test #70: test_python_fbc_fbc_example1 ..................   Passed    0.22 sec
      Start 71: test_python_groups_groups_example1
71/78 Test #71: test_python_groups_groups_example1 ............   Passed    0.20 sec
      Start 72: test_python_layout_example1_L3
72/78 Test #72: test_python_layout_example1_L3 ................   Passed    0.22 sec
      Start 73: test_python_layout_example1
73/78 Test #73: test_python_layout_example1 ...................   Passed    0.21 sec
      Start 74: test_python_multi_multi_example1
74/78 Test #74: test_python_multi_multi_example1 ..............   Passed    0.23 sec
      Start 75: test_python_multi_multi_example2
75/78 Test #75: test_python_multi_multi_example2 ..............   Passed    0.20 sec
      Start 76: test_python_multi_multi_example3
76/78 Test #76: test_python_multi_multi_example3 ..............   Passed    0.22 sec
      Start 77: test_python_multi_printMulti
77/78 Test #77: test_python_multi_printMulti ..................   Passed    0.20 sec
      Start 78: test_python_qual_qual_example1
78/78 Test #78: test_python_qual_qual_example1 ................   Passed    0.21 sec

100% tests passed, 0 tests failed out of 78

Total Test time (real) =  30.09 sec
