[HANDLER_OUTPUT] 
Test project /home/libsbml/development/libsbml-build-scripts/autobuild-option-tests/BUILD/ubuntu-1604-exp-ninja-base-expat-check-cpp_ns-examples

      Start  1: test_l3v2extendedmath_validator_run
 1/62 Test  #1: test_l3v2extendedmath_validator_run ...........   Passed    0.06 sec
      Start  2: test_extension_package_l3v2extendedmath_run
 2/62 Test  #2: test_extension_package_l3v2extendedmath_run ...   Passed    0.10 sec
      Start  3: test_sbml_annotation_run
 3/62 Test  #3: test_sbml_annotation_run ......................   Passed    0.41 sec
      Start  4: test_sbml_conversion_run
 4/62 Test  #4: test_sbml_conversion_run ......................   Passed    0.58 sec
      Start  5: test_sbml_extension_run
 5/62 Test  #5: test_sbml_extension_run .......................   Passed    0.13 sec
      Start  6: test_sbml_math_run
 6/62 Test  #6: test_sbml_math_run ............................   Passed    0.13 sec
      Start  7: test_sbml_sbml_run
 7/62 Test  #7: test_sbml_sbml_run ............................   Passed    2.19 sec
      Start  8: test_sbml_units_run
 8/62 Test  #8: test_sbml_units_run ...........................   Passed    0.74 sec
      Start  9: test_sbml_util_run
 9/62 Test  #9: test_sbml_util_run ............................   Passed    0.04 sec
      Start 10: test_sbml_validator_run
10/62 Test #10: test_sbml_validator_run .......................   Passed    3.57 sec
      Start 11: test_sbml_xml_run
11/62 Test #11: test_sbml_xml_run .............................   Passed    0.15 sec
      Start 12: test_c_addCVTerms
12/62 Test #12: test_c_addCVTerms .............................   Passed    0.07 sec
      Start 13: test_c_addingEvidenceCodes_1
13/62 Test #13: test_c_addingEvidenceCodes_1 ..................   Passed    0.04 sec
      Start 14: test_c_addingEvidenceCodes_2
14/62 Test #14: test_c_addingEvidenceCodes_2 ..................   Passed    0.11 sec
      Start 15: test_c_addModelHistory
15/62 Test #15: test_c_addModelHistory ........................   Passed    0.07 sec
      Start 16: test_c_appendAnnotation
16/62 Test #16: test_c_appendAnnotation .......................   Passed    0.06 sec
      Start 17: test_c_convertSBML
17/62 Test #17: test_c_convertSBML ............................   Passed    0.06 sec
      Start 18: test_c_createExampleSBML
18/62 Test #18: test_c_createExampleSBML ......................   Passed    0.12 sec
      Start 19: test_c_drawMath
19/62 Test #19: test_c_drawMath ...............................   Passed    0.07 sec
      Start 20: test_c_echoSBML
20/62 Test #20: test_c_echoSBML ...............................   Passed    0.10 sec
      Start 21: test_c_printAnnotation
21/62 Test #21: test_c_printAnnotation ........................   Passed    0.07 sec
      Start 22: test_c_printMath
22/62 Test #22: test_c_printMath ..............................   Passed    0.07 sec
      Start 23: test_c_printNotes
23/62 Test #23: test_c_printNotes .............................   Passed    0.10 sec
      Start 24: test_c_printRegisteredPackages
24/62 Test #24: test_c_printRegisteredPackages ................   Passed    0.06 sec
      Start 25: test_c_printSBML
25/62 Test #25: test_c_printSBML ..............................   Passed    0.08 sec
      Start 26: test_c_printSupported
26/62 Test #26: test_c_printSupported .........................   Passed    0.04 sec
      Start 27: test_c_printUnits
27/62 Test #27: test_c_printUnits .............................   Passed    0.06 sec
      Start 28: test_c_promoteParameters
28/62 Test #28: test_c_promoteParameters ......................   Passed    0.06 sec
      Start 29: test_c_readSBML
29/62 Test #29: test_c_readSBML ...............................   Passed    0.09 sec
      Start 30: test_c_unsetAnnotation
30/62 Test #30: test_c_unsetAnnotation ........................   Passed    0.04 sec
      Start 31: test_c_unsetNotes
31/62 Test #31: test_c_unsetNotes .............................   Passed    0.10 sec
      Start 32: test_c_validateSBML
32/62 Test #32: test_c_validateSBML ...........................   Passed    0.06 sec
      Start 33: test_cxx_addCVTerms
33/62 Test #33: test_cxx_addCVTerms ...........................   Passed    0.07 sec
      Start 34: test_cxx_addCustomValidator
34/62 Test #34: test_cxx_addCustomValidator ...................   Passed    0.05 sec
      Start 35: test_cxx_addingEvidenceCodes_1
35/62 Test #35: test_cxx_addingEvidenceCodes_1 ................   Passed    0.05 sec
      Start 36: test_cxx_addingEvidenceCodes_2
36/62 Test #36: test_cxx_addingEvidenceCodes_2 ................   Passed    0.07 sec
      Start 37: test_cxx_addModelHistory
37/62 Test #37: test_cxx_addModelHistory ......................   Passed    0.05 sec
      Start 38: test_cxx_appendAnnotation
38/62 Test #38: test_cxx_appendAnnotation .....................   Passed    0.06 sec
      Start 39: test_cxx_callExternalValidator
39/62 Test #39: test_cxx_callExternalValidator ................   Passed    0.08 sec
      Start 40: test_cxx_convertSBML
40/62 Test #40: test_cxx_convertSBML ..........................   Passed    0.07 sec
      Start 41: test_cxx_convertToL1V1
41/62 Test #41: test_cxx_convertToL1V1 ........................   Passed    0.05 sec
      Start 42: test_cxx_createExampleSBML
42/62 Test #42: test_cxx_createExampleSBML ....................   Passed    0.10 sec
      Start 43: test_cxx_echoSBML
43/62 Test #43: test_cxx_echoSBML .............................   Passed    0.05 sec
      Start 44: test_cxx_inferUnits
44/62 Test #44: test_cxx_inferUnits ...........................   Passed    0.08 sec
      Start 45: test_cxx_inlineFunctionDefintions
45/62 Test #45: test_cxx_inlineFunctionDefintions .............   Passed    0.05 sec
      Start 46: test_cxx_convertReactions
46/62 Test #46: test_cxx_convertReactions .....................   Passed    0.04 sec
      Start 47: test_cxx_getAllElementsWithNotes
47/62 Test #47: test_cxx_getAllElementsWithNotes ..............   Passed    0.05 sec
      Start 48: test_cxx_printAnnotation
48/62 Test #48: test_cxx_printAnnotation ......................   Passed    0.09 sec
      Start 49: test_cxx_printMath
49/62 Test #49: test_cxx_printMath ............................   Passed    0.05 sec
      Start 50: test_cxx_printNotes
50/62 Test #50: test_cxx_printNotes ...........................   Passed    0.04 sec
      Start 51: test_cxx_printSBML
51/62 Test #51: test_cxx_printSBML ............................   Passed    0.05 sec
      Start 52: test_cxx_printRegisteredPackages
52/62 Test #52: test_cxx_printRegisteredPackages ..............   Passed    0.04 sec
      Start 53: test_cxx_printSupported
53/62 Test #53: test_cxx_printSupported .......................   Passed    0.04 sec
      Start 54: test_cxx_printUnits
54/62 Test #54: test_cxx_printUnits ...........................   Passed    0.06 sec
      Start 55: test_cxx_promoteParameters
55/62 Test #55: test_cxx_promoteParameters ....................   Passed    0.05 sec
      Start 56: test_cxx_readSBML
56/62 Test #56: test_cxx_readSBML .............................   Passed    0.07 sec
      Start 57: test_cxx_renameSId
57/62 Test #57: test_cxx_renameSId ............................   Passed    0.05 sec
      Start 58: test_cxx_setIdFromNames
58/62 Test #58: test_cxx_setIdFromNames .......................   Passed    0.04 sec
      Start 59: test_cxx_setNamesFromIds
59/62 Test #59: test_cxx_setNamesFromIds ......................   Passed    0.09 sec
      Start 60: test_cxx_unsetAnnotation
60/62 Test #60: test_cxx_unsetAnnotation ......................   Passed    0.05 sec
      Start 61: test_cxx_unsetNotes
61/62 Test #61: test_cxx_unsetNotes ...........................   Passed    0.09 sec
      Start 62: test_cxx_validateSBML
62/62 Test #62: test_cxx_validateSBML .........................   Passed    0.12 sec

100% tests passed, 0 tests failed out of 62

Total Test time (real) =  11.64 sec
