[HANDLER_OUTPUT] 
Test project /home/libsbml/development/libsbml-build-scripts/autobuild-option-tests/BUILD/ubuntu-1604-exp-ninja-base-packages-xml2-check-cpp_ns-java

      Start  1: test_sbml_package_multi_run
 1/41 Test  #1: test_sbml_package_multi_run ...................   Passed    0.25 sec
      Start  2: test_multi_validator_run
 2/41 Test  #2: test_multi_validator_run ......................   Passed    0.25 sec
      Start  3: test_extension_package_dyn_run
 3/41 Test  #3: test_extension_package_dyn_run ................   Passed    0.18 sec
      Start  4: test_sbml_package_render_run
 4/41 Test  #4: test_sbml_package_render_run ..................   Passed    0.82 sec
      Start  5: test_render_validator_run
 5/41 Test  #5: test_render_validator_run .....................   Passed    0.24 sec
      Start  6: test_extension_package_qual_run
 6/41 Test  #6: test_extension_package_qual_run ...............   Passed    0.17 sec
      Start  7: test_sbml_package_qual_run
 7/41 Test  #7: test_sbml_package_qual_run ....................   Passed    0.37 sec
      Start  8: test_qual_validator_run
 8/41 Test  #8: test_qual_validator_run .......................   Passed    0.26 sec
      Start  9: test_comp_extensions_run
 9/41 Test  #9: test_comp_extensions_run ......................   Passed    0.42 sec
      Start 10: test_comp_sbase_run
10/41 Test #10: test_comp_sbase_run ...........................   Passed    0.33 sec
      Start 11: test_comp_util_run
11/41 Test #11: test_comp_util_run ............................   Passed    3.18 sec
      Start 12: test_comp_validator_run
12/41 Test #12: test_comp_validator_run .......................   Passed    0.61 sec
      Start 13: test_extension_package_arrays_run
13/41 Test #13: test_extension_package_arrays_run .............   Passed    0.24 sec
      Start 14: test_arrays_util_run
14/41 Test #14: test_arrays_util_run ..........................   Passed    0.18 sec
      Start 15: test_sbml_package_req_run
15/41 Test #15: test_sbml_package_req_run .....................   Passed    0.18 sec
      Start 16: test_extension_package_groups_run
16/41 Test #16: test_extension_package_groups_run .............   Passed    0.22 sec
      Start 17: test_groups_validator_run
17/41 Test #17: test_groups_validator_run .....................   Passed    0.18 sec
      Start 18: test_sbml_package_fbc_run
18/41 Test #18: test_sbml_package_fbc_run .....................   Passed    0.27 sec
      Start 19: test_fbc_validator_run
19/41 Test #19: test_fbc_validator_run ........................   Passed    0.38 sec
      Start 20: test_l3v2extendedmath_validator_run
20/41 Test #20: test_l3v2extendedmath_validator_run ...........   Passed    0.12 sec
      Start 21: test_extension_package_l3v2extendedmath_run
21/41 Test #21: test_extension_package_l3v2extendedmath_run ...   Passed    0.14 sec
      Start 22: test_extension_package_distrib_run
22/41 Test #22: test_extension_package_distrib_run ............   Passed    0.20 sec
      Start 23: test_sbml_package_distrib_run
23/41 Test #23: test_sbml_package_distrib_run .................   Passed    0.21 sec
      Start 24: test_distrib_util_run
24/41 Test #24: test_distrib_util_run .........................   Passed    0.26 sec
      Start 25: test_distrib_validator_run
25/41 Test #25: test_distrib_validator_run ....................   Passed    0.11 sec
      Start 26: test_sbml_package_layout_run
26/41 Test #26: test_sbml_package_layout_run ..................   Passed    0.60 sec
      Start 27: test_layout_validator_run
27/41 Test #27: test_layout_validator_run .....................   Passed    0.60 sec
      Start 28: test_sbml_package_spatial_run
28/41 Test #28: test_sbml_package_spatial_run .................   Passed    0.22 sec
      Start 29: test_sbml_objects_package_spatial
29/41 Test #29: test_sbml_objects_package_spatial .............   Passed    0.19 sec
      Start 30: test_spatial_validator_run
30/41 Test #30: test_spatial_validator_run ....................   Passed    0.33 sec
      Start 31: test_sbml_annotation_run
31/41 Test #31: test_sbml_annotation_run ......................   Passed    0.57 sec
      Start 32: test_sbml_conversion_run
32/41 Test #32: test_sbml_conversion_run ......................   Passed    0.60 sec
      Start 33: test_sbml_extension_run
33/41 Test #33: test_sbml_extension_run .......................   Passed    0.13 sec
      Start 34: test_sbml_math_run
34/41 Test #34: test_sbml_math_run ............................   Passed    0.21 sec
      Start 35: test_sbml_sbml_run
35/41 Test #35: test_sbml_sbml_run ............................   Passed    2.65 sec
      Start 36: test_sbml_units_run
36/41 Test #36: test_sbml_units_run ...........................   Passed    0.95 sec
      Start 37: test_sbml_util_run
37/41 Test #37: test_sbml_util_run ............................   Passed    0.04 sec
      Start 38: test_sbml_validator_run
38/41 Test #38: test_sbml_validator_run .......................   Passed    4.96 sec
      Start 39: test_sbml_xml_run
39/41 Test #39: test_sbml_xml_run .............................   Passed    0.30 sec
      Start 40: test_java_binding
40/41 Test #40: test_java_binding .............................   Passed    0.80 sec
      Start 41: test_java_printversion
41/41 Test #41: test_java_printversion ........................   Passed    0.16 sec

100% tests passed, 0 tests failed out of 41

Total Test time (real) =  23.40 sec
