[HANDLER_OUTPUT] 
Test project /home/libsbml/development/libsbml-build-scripts/autobuild-option-tests/BUILD/ubuntu-1604-exp-ninja-base-xml2-check-cpp_ns-r

      Start  1: test_l3v2extendedmath_validator_run
 1/12 Test  #1: test_l3v2extendedmath_validator_run ...........   Passed    0.11 sec
      Start  2: test_extension_package_l3v2extendedmath_run
 2/12 Test  #2: test_extension_package_l3v2extendedmath_run ...   Passed    0.09 sec
      Start  3: test_sbml_annotation_run
 3/12 Test  #3: test_sbml_annotation_run ......................   Passed    0.42 sec
      Start  4: test_sbml_conversion_run
 4/12 Test  #4: test_sbml_conversion_run ......................   Passed    0.49 sec
      Start  5: test_sbml_extension_run
 5/12 Test  #5: test_sbml_extension_run .......................   Passed    0.08 sec
      Start  6: test_sbml_math_run
 6/12 Test  #6: test_sbml_math_run ............................   Passed    0.15 sec
      Start  7: test_sbml_sbml_run
 7/12 Test  #7: test_sbml_sbml_run ............................   Passed    2.24 sec
      Start  8: test_sbml_units_run
 8/12 Test  #8: test_sbml_units_run ...........................   Passed    0.75 sec
      Start  9: test_sbml_util_run
 9/12 Test  #9: test_sbml_util_run ............................   Passed    0.04 sec
      Start 10: test_sbml_validator_run
10/12 Test #10: test_sbml_validator_run .......................   Passed    3.57 sec
      Start 11: test_sbml_xml_run
11/12 Test #11: test_sbml_xml_run .............................   Passed    0.19 sec
      Start 12: test_r_binding
12/12 Test #12: test_r_binding ................................   Passed    1.23 sec

100% tests passed, 0 tests failed out of 12

Total Test time (real) =   9.44 sec
