[HANDLER_OUTPUT] 
Test project /home/libsbml/development/libsbml-build-scripts/autobuild-option-tests/BUILD/ubuntu-1604-exp-ninja-base-xml2-check-cpp_ns-java

      Start  1: test_l3v2extendedmath_validator_run
 1/13 Test  #1: test_l3v2extendedmath_validator_run ...........   Passed    0.01 sec
      Start  2: test_extension_package_l3v2extendedmath_run
 2/13 Test  #2: test_extension_package_l3v2extendedmath_run ...   Passed    0.03 sec
      Start  3: test_sbml_annotation_run
 3/13 Test  #3: test_sbml_annotation_run ......................   Passed    0.36 sec
      Start  4: test_sbml_conversion_run
 4/13 Test  #4: test_sbml_conversion_run ......................   Passed    0.42 sec
      Start  5: test_sbml_extension_run
 5/13 Test  #5: test_sbml_extension_run .......................   Passed    0.04 sec
      Start  6: test_sbml_math_run
 6/13 Test  #6: test_sbml_math_run ............................   Passed    0.06 sec
      Start  7: test_sbml_sbml_run
 7/13 Test  #7: test_sbml_sbml_run ............................   Passed    2.14 sec
      Start  8: test_sbml_units_run
 8/13 Test  #8: test_sbml_units_run ...........................   Passed    0.67 sec
      Start  9: test_sbml_util_run
 9/13 Test  #9: test_sbml_util_run ............................   Passed    0.04 sec
      Start 10: test_sbml_validator_run
10/13 Test #10: test_sbml_validator_run .......................   Passed    3.43 sec
      Start 11: test_sbml_xml_run
11/13 Test #11: test_sbml_xml_run .............................   Passed    0.11 sec
      Start 12: test_java_binding
12/13 Test #12: test_java_binding .............................   Passed    0.30 sec
      Start 13: test_java_printversion
13/13 Test #13: test_java_printversion ........................   Passed    0.13 sec

100% tests passed, 0 tests failed out of 13

Total Test time (real) =   7.79 sec
