[HANDLER_OUTPUT] 
Test project /home/libsbml/development/libsbml-build-scripts/autobuild-option-tests/BUILD/ubuntu-1604-ninja-base-xml2-check-cpp_ns-python

      Start  1: test_l3v2extendedmath_validator_run
 1/40 Test  #1: test_l3v2extendedmath_validator_run ...........   Passed    0.07 sec
      Start  2: test_extension_package_l3v2extendedmath_run
 2/40 Test  #2: test_extension_package_l3v2extendedmath_run ...   Passed    0.09 sec
      Start  3: test_sbml_annotation_run
 3/40 Test  #3: test_sbml_annotation_run ......................   Passed    0.47 sec
      Start  4: test_sbml_conversion_run
 4/40 Test  #4: test_sbml_conversion_run ......................   Passed    0.54 sec
      Start  5: test_sbml_extension_run
 5/40 Test  #5: test_sbml_extension_run .......................   Passed    0.12 sec
      Start  6: test_sbml_math_run
 6/40 Test  #6: test_sbml_math_run ............................   Passed    0.14 sec
      Start  7: test_sbml_sbml_run
 7/40 Test  #7: test_sbml_sbml_run ............................   Passed    2.15 sec
      Start  8: test_sbml_units_run
 8/40 Test  #8: test_sbml_units_run ...........................   Passed    0.96 sec
      Start  9: test_sbml_util_run
 9/40 Test  #9: test_sbml_util_run ............................   Passed    0.03 sec
      Start 10: test_sbml_validator_run
10/40 Test #10: test_sbml_validator_run .......................   Passed    3.55 sec
      Start 11: test_sbml_xml_run
11/40 Test #11: test_sbml_xml_run .............................   Passed    0.16 sec
      Start 12: test_python_binding
12/40 Test #12: test_python_binding ...........................   Passed    0.89 sec
      Start 13: test_python_printversion
13/40 Test #13: test_python_printversion ......................   Passed    0.08 sec
      Start 14: test_python_addCVTerms
14/40 Test #14: test_python_addCVTerms ........................   Passed    0.08 sec
      Start 15: test_python_addingEvidenceCodes_1
15/40 Test #15: test_python_addingEvidenceCodes_1 .............   Passed    0.09 sec
      Start 16: test_python_addingEvidenceCodes_2
16/40 Test #16: test_python_addingEvidenceCodes_2 .............   Passed    0.09 sec
      Start 17: test_python_addModelHistory
17/40 Test #17: test_python_addModelHistory ...................   Passed    0.09 sec
      Start 18: test_python_append_to_note
18/40 Test #18: test_python_append_to_note ....................   Passed    0.08 sec
      Start 19: test_python_appendAnnotation
19/40 Test #19: test_python_appendAnnotation ..................   Passed    0.09 sec
      Start 20: test_python_convertSBML
20/40 Test #20: test_python_convertSBML .......................   Passed    0.09 sec
      Start 21: test_python_createExampleSBML
21/40 Test #21: test_python_createExampleSBML .................   Passed    0.10 sec
      Start 22: test_python_createSimpleModel
22/40 Test #22: test_python_createSimpleModel .................   Passed    0.08 sec
      Start 23: test_python_echoSBML
23/40 Test #23: test_python_echoSBML ..........................   Passed    0.08 sec
      Start 24: test_python_evaluateCustomMath
24/40 Test #24: test_python_evaluateCustomMath ................   Passed    0.08 sec
      Start 25: test_python_getAllElementsWithNotes
25/40 Test #25: test_python_getAllElementsWithNotes ...........   Passed    0.08 sec
      Start 26: test_python_inlineInitialAssignments
26/40 Test #26: test_python_inlineInitialAssignments ..........   Passed    0.08 sec
      Start 27: test_python_printAnnotation
27/40 Test #27: test_python_printAnnotation ...................   Passed    0.08 sec
      Start 28: test_python_printMath
28/40 Test #28: test_python_printMath .........................   Passed    0.08 sec
      Start 29: test_python_printRegisteredPackages
29/40 Test #29: test_python_printRegisteredPackages ...........   Passed    0.08 sec
      Start 30: test_python_printSBML
30/40 Test #30: test_python_printSBML .........................   Passed    0.08 sec
      Start 31: test_python_printsupported
31/40 Test #31: test_python_printsupported ....................   Passed    0.08 sec
      Start 32: test_python_printUnits
32/40 Test #32: test_python_printUnits ........................   Passed    0.08 sec
      Start 33: test_python_promoteParameters
33/40 Test #33: test_python_promoteParameters .................   Passed    0.08 sec
      Start 34: test_python_readSBML
34/40 Test #34: test_python_readSBML ..........................   Passed    0.08 sec
      Start 35: test_python_replaceOneFD
35/40 Test #35: test_python_replaceOneFD ......................   Passed    0.08 sec
      Start 36: test_python_setIdFromNames
36/40 Test #36: test_python_setIdFromNames ....................   Passed    0.08 sec
      Start 37: test_python_unsetAnnotation
37/40 Test #37: test_python_unsetAnnotation ...................   Passed    0.08 sec
      Start 38: test_python_unsetNotes
38/40 Test #38: test_python_unsetNotes ........................   Passed    0.08 sec
      Start 39: test_python_validateSBML
39/40 Test #39: test_python_validateSBML ......................   Passed    0.09 sec
      Start 40: test_python_stringInput
40/40 Test #40: test_python_stringInput .......................   Passed    0.08 sec

100% tests passed, 0 tests failed out of 40

Total Test time (real) =  11.68 sec
