[HANDLER_OUTPUT] 
Test project /home/libsbml/development/libsbml-build-scripts/autobuild-option-tests/BUILD/ubuntu-1604-ninja-base-packages-xml2-check-strict-python

      Start  1: test_comp_extensions_run
 1/67 Test  #1: test_comp_extensions_run ......................   Passed    0.46 sec
      Start  2: test_comp_sbase_run
 2/67 Test  #2: test_comp_sbase_run ...........................   Passed    0.31 sec
      Start  3: test_comp_util_run
 3/67 Test  #3: test_comp_util_run ............................   Passed    3.53 sec
      Start  4: test_comp_validator_run
 4/67 Test  #4: test_comp_validator_run .......................   Passed    0.56 sec
      Start  5: test_extension_package_qual_run
 5/67 Test  #5: test_extension_package_qual_run ...............   Passed    0.19 sec
      Start  6: test_sbml_package_qual_run
 6/67 Test  #6: test_sbml_package_qual_run ....................   Passed    0.30 sec
      Start  7: test_qual_validator_run
 7/67 Test  #7: test_qual_validator_run .......................   Passed    0.25 sec
      Start  8: test_sbml_package_render_run
 8/67 Test  #8: test_sbml_package_render_run ..................   Passed    0.85 sec
      Start  9: test_render_validator_run
 9/67 Test  #9: test_render_validator_run .....................   Passed    0.24 sec
      Start 10: test_sbml_package_multi_run
10/67 Test #10: test_sbml_package_multi_run ...................   Passed    0.18 sec
      Start 11: test_multi_validator_run
11/67 Test #11: test_multi_validator_run ......................   Passed    0.23 sec
      Start 12: test_sbml_package_fbc_run
12/67 Test #12: test_sbml_package_fbc_run .....................   Passed    0.27 sec
      Start 13: test_fbc_validator_run
13/67 Test #13: test_fbc_validator_run ........................   Passed    0.34 sec
      Start 14: test_l3v2extendedmath_validator_run
14/67 Test #14: test_l3v2extendedmath_validator_run ...........   Passed    0.15 sec
      Start 15: test_extension_package_l3v2extendedmath_run
15/67 Test #15: test_extension_package_l3v2extendedmath_run ...   Passed    0.18 sec
      Start 16: test_sbml_package_layout_run
16/67 Test #16: test_sbml_package_layout_run ..................   Passed    0.63 sec
      Start 17: test_layout_validator_run
17/67 Test #17: test_layout_validator_run .....................   Passed    0.65 sec
      Start 18: test_extension_package_groups_run
18/67 Test #18: test_extension_package_groups_run .............   Passed    0.20 sec
      Start 19: test_groups_validator_run
19/67 Test #19: test_groups_validator_run .....................   Passed    0.16 sec
      Start 20: test_sbml_annotation_run
20/67 Test #20: test_sbml_annotation_run ......................   Passed    0.54 sec
      Start 21: test_sbml_conversion_run
21/67 Test #21: test_sbml_conversion_run ......................   Passed    0.67 sec
      Start 22: test_sbml_extension_run
22/67 Test #22: test_sbml_extension_run .......................   Passed    0.25 sec
      Start 23: test_sbml_math_run
23/67 Test #23: test_sbml_math_run ............................   Passed    0.92 sec
      Start 24: test_sbml_sbml_run
24/67 Test #24: test_sbml_sbml_run ............................   Passed    2.78 sec
      Start 25: test_sbml_units_run
25/67 Test #25: test_sbml_units_run ...........................   Passed    0.99 sec
      Start 26: test_sbml_util_run
26/67 Test #26: test_sbml_util_run ............................   Passed    0.05 sec
      Start 27: test_sbml_validator_run
27/67 Test #27: test_sbml_validator_run .......................   Passed    4.26 sec
      Start 28: test_sbml_xml_run
28/67 Test #28: test_sbml_xml_run .............................   Passed    0.29 sec
      Start 29: test_python_binding
29/67 Test #29: test_python_binding ...........................   Passed    1.41 sec
      Start 30: test_python_printversion
30/67 Test #30: test_python_printversion ......................   Passed    0.16 sec
      Start 31: test_python_addCVTerms
31/67 Test #31: test_python_addCVTerms ........................   Passed    0.16 sec
      Start 32: test_python_addingEvidenceCodes_1
32/67 Test #32: test_python_addingEvidenceCodes_1 .............   Passed    0.16 sec
      Start 33: test_python_addingEvidenceCodes_2
33/67 Test #33: test_python_addingEvidenceCodes_2 .............   Passed    0.17 sec
      Start 34: test_python_addModelHistory
34/67 Test #34: test_python_addModelHistory ...................   Passed    0.16 sec
      Start 35: test_python_append_to_note
35/67 Test #35: test_python_append_to_note ....................   Passed    0.16 sec
      Start 36: test_python_appendAnnotation
36/67 Test #36: test_python_appendAnnotation ..................   Passed    0.16 sec
      Start 37: test_python_convertSBML
37/67 Test #37: test_python_convertSBML .......................   Passed    0.17 sec
      Start 38: test_python_createExampleSBML
38/67 Test #38: test_python_createExampleSBML .................   Passed    0.20 sec
      Start 39: test_python_createSimpleModel
39/67 Test #39: test_python_createSimpleModel .................   Passed    0.16 sec
      Start 40: test_python_echoSBML
40/67 Test #40: test_python_echoSBML ..........................   Passed    0.16 sec
      Start 41: test_python_evaluateCustomMath
41/67 Test #41: test_python_evaluateCustomMath ................   Passed    0.16 sec
      Start 42: test_python_getAllElementsWithNotes
42/67 Test #42: test_python_getAllElementsWithNotes ...........   Passed    0.16 sec
      Start 43: test_python_inlineInitialAssignments
43/67 Test #43: test_python_inlineInitialAssignments ..........   Passed    0.16 sec
      Start 44: test_python_printAnnotation
44/67 Test #44: test_python_printAnnotation ...................   Passed    0.16 sec
      Start 45: test_python_printMath
45/67 Test #45: test_python_printMath .........................   Passed    0.16 sec
      Start 46: test_python_printRegisteredPackages
46/67 Test #46: test_python_printRegisteredPackages ...........   Passed    0.16 sec
      Start 47: test_python_printSBML
47/67 Test #47: test_python_printSBML .........................   Passed    0.16 sec
      Start 48: test_python_printsupported
48/67 Test #48: test_python_printsupported ....................   Passed    0.16 sec
      Start 49: test_python_printUnits
49/67 Test #49: test_python_printUnits ........................   Passed    0.16 sec
      Start 50: test_python_promoteParameters
50/67 Test #50: test_python_promoteParameters .................   Passed    0.16 sec
      Start 51: test_python_readSBML
51/67 Test #51: test_python_readSBML ..........................   Passed    0.16 sec
      Start 52: test_python_replaceOneFD
52/67 Test #52: test_python_replaceOneFD ......................   Passed    0.16 sec
      Start 53: test_python_setIdFromNames
53/67 Test #53: test_python_setIdFromNames ....................   Passed    0.16 sec
      Start 54: test_python_unsetAnnotation
54/67 Test #54: test_python_unsetAnnotation ...................   Passed    0.16 sec
      Start 55: test_python_unsetNotes
55/67 Test #55: test_python_unsetNotes ........................   Passed    0.16 sec
      Start 56: test_python_validateSBML
56/67 Test #56: test_python_validateSBML ......................   Passed    0.17 sec
      Start 57: test_python_stringInput
57/67 Test #57: test_python_stringInput .......................   Passed    0.15 sec
      Start 58: test_python_stripPackage
58/67 Test #58: test_python_stripPackage ......................   Passed    0.17 sec
      Start 59: test_python_fbc_fbc_example1
59/67 Test #59: test_python_fbc_fbc_example1 ..................   Passed    0.18 sec
      Start 60: test_python_groups_groups_example1
60/67 Test #60: test_python_groups_groups_example1 ............   Passed    0.16 sec
      Start 61: test_python_layout_example1_L3
61/67 Test #61: test_python_layout_example1_L3 ................   Passed    0.19 sec
      Start 62: test_python_layout_example1
62/67 Test #62: test_python_layout_example1 ...................   Passed    0.19 sec
      Start 63: test_python_multi_multi_example1
63/67 Test #63: test_python_multi_multi_example1 ..............   Passed    0.17 sec
      Start 64: test_python_multi_multi_example2
64/67 Test #64: test_python_multi_multi_example2 ..............   Passed    0.16 sec
      Start 65: test_python_multi_multi_example3
65/67 Test #65: test_python_multi_multi_example3 ..............   Passed    0.17 sec
      Start 66: test_python_multi_printMulti
66/67 Test #66: test_python_multi_printMulti ..................   Passed    0.16 sec
      Start 67: test_python_qual_qual_example1
67/67 Test #67: test_python_qual_qual_example1 ................   Passed    0.17 sec

100% tests passed, 0 tests failed out of 67

Total Test time (real) =  28.37 sec
