[HANDLER_OUTPUT] 
Test project /home/libsbml/development/libsbml-build-scripts/autobuild-option-tests/BUILD/ubuntu-1604-ninja-base-xml2-check-examples-python

      Start  1: test_l3v2extendedmath_validator_run
 1/91 Test  #1: test_l3v2extendedmath_validator_run ...........   Passed    0.12 sec
      Start  2: test_extension_package_l3v2extendedmath_run
 2/91 Test  #2: test_extension_package_l3v2extendedmath_run ...   Passed    0.13 sec
      Start  3: test_sbml_annotation_run
 3/91 Test  #3: test_sbml_annotation_run ......................   Passed    0.43 sec
      Start  4: test_sbml_conversion_run
 4/91 Test  #4: test_sbml_conversion_run ......................   Passed    0.58 sec
      Start  5: test_sbml_extension_run
 5/91 Test  #5: test_sbml_extension_run .......................   Passed    0.14 sec
      Start  6: test_sbml_math_run
 6/91 Test  #6: test_sbml_math_run ............................   Passed    0.76 sec
      Start  7: test_sbml_sbml_run
 7/91 Test  #7: test_sbml_sbml_run ............................   Passed    2.29 sec
      Start  8: test_sbml_units_run
 8/91 Test  #8: test_sbml_units_run ...........................   Passed    0.79 sec
      Start  9: test_sbml_util_run
 9/91 Test  #9: test_sbml_util_run ............................   Passed    0.04 sec
      Start 10: test_sbml_validator_run
10/91 Test #10: test_sbml_validator_run .......................   Passed    3.59 sec
      Start 11: test_sbml_xml_run
11/91 Test #11: test_sbml_xml_run .............................   Passed    0.22 sec
      Start 12: test_python_binding
12/91 Test #12: test_python_binding ...........................   Passed    1.04 sec
      Start 13: test_python_printversion
13/91 Test #13: test_python_printversion ......................   Passed    0.08 sec
      Start 14: test_python_addCVTerms
14/91 Test #14: test_python_addCVTerms ........................   Passed    0.08 sec
      Start 15: test_python_addingEvidenceCodes_1
15/91 Test #15: test_python_addingEvidenceCodes_1 .............   Passed    0.08 sec
      Start 16: test_python_addingEvidenceCodes_2
16/91 Test #16: test_python_addingEvidenceCodes_2 .............   Passed    0.09 sec
      Start 17: test_python_addModelHistory
17/91 Test #17: test_python_addModelHistory ...................   Passed    0.09 sec
      Start 18: test_python_append_to_note
18/91 Test #18: test_python_append_to_note ....................   Passed    0.08 sec
      Start 19: test_python_appendAnnotation
19/91 Test #19: test_python_appendAnnotation ..................   Passed    0.08 sec
      Start 20: test_python_convertSBML
20/91 Test #20: test_python_convertSBML .......................   Passed    0.11 sec
      Start 21: test_python_createExampleSBML
21/91 Test #21: test_python_createExampleSBML .................   Passed    0.12 sec
      Start 22: test_python_createSimpleModel
22/91 Test #22: test_python_createSimpleModel .................   Passed    0.08 sec
      Start 23: test_python_echoSBML
23/91 Test #23: test_python_echoSBML ..........................   Passed    0.08 sec
      Start 24: test_python_evaluateCustomMath
24/91 Test #24: test_python_evaluateCustomMath ................   Passed    0.10 sec
      Start 25: test_python_getAllElementsWithNotes
25/91 Test #25: test_python_getAllElementsWithNotes ...........   Passed    0.08 sec
      Start 26: test_python_inlineInitialAssignments
26/91 Test #26: test_python_inlineInitialAssignments ..........   Passed    0.08 sec
      Start 27: test_python_printAnnotation
27/91 Test #27: test_python_printAnnotation ...................   Passed    0.08 sec
      Start 28: test_python_printMath
28/91 Test #28: test_python_printMath .........................   Passed    0.08 sec
      Start 29: test_python_printRegisteredPackages
29/91 Test #29: test_python_printRegisteredPackages ...........   Passed    0.08 sec
      Start 30: test_python_printSBML
30/91 Test #30: test_python_printSBML .........................   Passed    0.08 sec
      Start 31: test_python_printsupported
31/91 Test #31: test_python_printsupported ....................   Passed    0.08 sec
      Start 32: test_python_printUnits
32/91 Test #32: test_python_printUnits ........................   Passed    0.09 sec
      Start 33: test_python_promoteParameters
33/91 Test #33: test_python_promoteParameters .................   Passed    0.09 sec
      Start 34: test_python_readSBML
34/91 Test #34: test_python_readSBML ..........................   Passed    0.08 sec
      Start 35: test_python_replaceOneFD
35/91 Test #35: test_python_replaceOneFD ......................   Passed    0.08 sec
      Start 36: test_python_setIdFromNames
36/91 Test #36: test_python_setIdFromNames ....................   Passed    0.08 sec
      Start 37: test_python_unsetAnnotation
37/91 Test #37: test_python_unsetAnnotation ...................   Passed    0.08 sec
      Start 38: test_python_unsetNotes
38/91 Test #38: test_python_unsetNotes ........................   Passed    0.09 sec
      Start 39: test_python_validateSBML
39/91 Test #39: test_python_validateSBML ......................   Passed    0.09 sec
      Start 40: test_python_stringInput
40/91 Test #40: test_python_stringInput .......................   Passed    0.08 sec
      Start 41: test_c_addCVTerms
41/91 Test #41: test_c_addCVTerms .............................   Passed    0.11 sec
      Start 42: test_c_addingEvidenceCodes_1
42/91 Test #42: test_c_addingEvidenceCodes_1 ..................   Passed    0.10 sec
      Start 43: test_c_addingEvidenceCodes_2
43/91 Test #43: test_c_addingEvidenceCodes_2 ..................   Passed    0.08 sec
      Start 44: test_c_addModelHistory
44/91 Test #44: test_c_addModelHistory ........................   Passed    0.09 sec
      Start 45: test_c_appendAnnotation
45/91 Test #45: test_c_appendAnnotation .......................   Passed    0.09 sec
      Start 46: test_c_convertSBML
46/91 Test #46: test_c_convertSBML ............................   Passed    0.10 sec
      Start 47: test_c_createExampleSBML
47/91 Test #47: test_c_createExampleSBML ......................   Passed    0.13 sec
      Start 48: test_c_drawMath
48/91 Test #48: test_c_drawMath ...............................   Passed    0.08 sec
      Start 49: test_c_echoSBML
49/91 Test #49: test_c_echoSBML ...............................   Passed    0.09 sec
      Start 50: test_c_printAnnotation
50/91 Test #50: test_c_printAnnotation ........................   Passed    0.10 sec
      Start 51: test_c_printMath
51/91 Test #51: test_c_printMath ..............................   Passed    0.06 sec
      Start 52: test_c_printNotes
52/91 Test #52: test_c_printNotes .............................   Passed    0.09 sec
      Start 53: test_c_printRegisteredPackages
53/91 Test #53: test_c_printRegisteredPackages ................   Passed    0.05 sec
      Start 54: test_c_printSBML
54/91 Test #54: test_c_printSBML ..............................   Passed    0.06 sec
      Start 55: test_c_printSupported
55/91 Test #55: test_c_printSupported .........................   Passed    0.07 sec
      Start 56: test_c_printUnits
56/91 Test #56: test_c_printUnits .............................   Passed    0.10 sec
      Start 57: test_c_promoteParameters
57/91 Test #57: test_c_promoteParameters ......................   Passed    0.09 sec
      Start 58: test_c_readSBML
58/91 Test #58: test_c_readSBML ...............................   Passed    0.10 sec
      Start 59: test_c_unsetAnnotation
59/91 Test #59: test_c_unsetAnnotation ........................   Passed    0.09 sec
      Start 60: test_c_unsetNotes
60/91 Test #60: test_c_unsetNotes .............................   Passed    0.11 sec
      Start 61: test_c_validateSBML
61/91 Test #61: test_c_validateSBML ...........................   Passed    0.08 sec
      Start 62: test_cxx_addCVTerms
62/91 Test #62: test_cxx_addCVTerms ...........................   Passed    0.08 sec
      Start 63: test_cxx_addCustomValidator
63/91 Test #63: test_cxx_addCustomValidator ...................   Passed    0.09 sec
      Start 64: test_cxx_addingEvidenceCodes_1
64/91 Test #64: test_cxx_addingEvidenceCodes_1 ................   Passed    0.10 sec
      Start 65: test_cxx_addingEvidenceCodes_2
65/91 Test #65: test_cxx_addingEvidenceCodes_2 ................   Passed    0.08 sec
      Start 66: test_cxx_addModelHistory
66/91 Test #66: test_cxx_addModelHistory ......................   Passed    0.08 sec
      Start 67: test_cxx_appendAnnotation
67/91 Test #67: test_cxx_appendAnnotation .....................   Passed    0.07 sec
      Start 68: test_cxx_callExternalValidator
68/91 Test #68: test_cxx_callExternalValidator ................   Passed    0.10 sec
      Start 69: test_cxx_convertSBML
69/91 Test #69: test_cxx_convertSBML ..........................   Passed    0.10 sec
      Start 70: test_cxx_convertToL1V1
70/91 Test #70: test_cxx_convertToL1V1 ........................   Passed    0.08 sec
      Start 71: test_cxx_createExampleSBML
71/91 Test #71: test_cxx_createExampleSBML ....................   Passed    0.13 sec
      Start 72: test_cxx_echoSBML
72/91 Test #72: test_cxx_echoSBML .............................   Passed    0.09 sec
      Start 73: test_cxx_inferUnits
73/91 Test #73: test_cxx_inferUnits ...........................   Passed    0.11 sec
      Start 74: test_cxx_inlineFunctionDefintions
74/91 Test #74: test_cxx_inlineFunctionDefintions .............   Passed    0.10 sec
      Start 75: test_cxx_convertReactions
75/91 Test #75: test_cxx_convertReactions .....................   Passed    0.10 sec
      Start 76: test_cxx_getAllElementsWithNotes
76/91 Test #76: test_cxx_getAllElementsWithNotes ..............   Passed    0.09 sec
      Start 77: test_cxx_printAnnotation
77/91 Test #77: test_cxx_printAnnotation ......................   Passed    0.09 sec
      Start 78: test_cxx_printMath
78/91 Test #78: test_cxx_printMath ............................   Passed    0.10 sec
      Start 79: test_cxx_printNotes
79/91 Test #79: test_cxx_printNotes ...........................   Passed    0.07 sec
      Start 80: test_cxx_printSBML
80/91 Test #80: test_cxx_printSBML ............................   Passed    0.09 sec
      Start 81: test_cxx_printRegisteredPackages
81/91 Test #81: test_cxx_printRegisteredPackages ..............   Passed    0.06 sec
      Start 82: test_cxx_printSupported
82/91 Test #82: test_cxx_printSupported .......................   Passed    0.06 sec
      Start 83: test_cxx_printUnits
83/91 Test #83: test_cxx_printUnits ...........................   Passed    0.10 sec
      Start 84: test_cxx_promoteParameters
84/91 Test #84: test_cxx_promoteParameters ....................   Passed    0.07 sec
      Start 85: test_cxx_readSBML
85/91 Test #85: test_cxx_readSBML .............................   Passed    0.11 sec
      Start 86: test_cxx_renameSId
86/91 Test #86: test_cxx_renameSId ............................   Passed    0.08 sec
      Start 87: test_cxx_setIdFromNames
87/91 Test #87: test_cxx_setIdFromNames .......................   Passed    0.06 sec
      Start 88: test_cxx_setNamesFromIds
88/91 Test #88: test_cxx_setNamesFromIds ......................   Passed    0.06 sec
      Start 89: test_cxx_unsetAnnotation
89/91 Test #89: test_cxx_unsetAnnotation ......................   Passed    0.07 sec
      Start 90: test_cxx_unsetNotes
90/91 Test #90: test_cxx_unsetNotes ...........................   Passed    0.10 sec
      Start 91: test_cxx_validateSBML
91/91 Test #91: test_cxx_validateSBML .........................   Passed    0.10 sec

100% tests passed, 0 tests failed out of 91

Total Test time (real) =  17.29 sec
