[HANDLER_OUTPUT] 
Test project /home/libsbml/development/libsbml-build-scripts/autobuild-option-tests/BUILD/ubuntu-1604-ninja-base-xml2-check-examples-perl

      Start  1: test_l3v2extendedmath_validator_run
 1/63 Test  #1: test_l3v2extendedmath_validator_run ...........   Passed    0.11 sec
      Start  2: test_extension_package_l3v2extendedmath_run
 2/63 Test  #2: test_extension_package_l3v2extendedmath_run ...   Passed    0.14 sec
      Start  3: test_sbml_annotation_run
 3/63 Test  #3: test_sbml_annotation_run ......................   Passed    0.50 sec
      Start  4: test_sbml_conversion_run
 4/63 Test  #4: test_sbml_conversion_run ......................   Passed    0.58 sec
      Start  5: test_sbml_extension_run
 5/63 Test  #5: test_sbml_extension_run .......................   Passed    0.28 sec
      Start  6: test_sbml_math_run
 6/63 Test  #6: test_sbml_math_run ............................   Passed    0.86 sec
      Start  7: test_sbml_sbml_run
 7/63 Test  #7: test_sbml_sbml_run ............................   Passed    2.49 sec
      Start  8: test_sbml_units_run
 8/63 Test  #8: test_sbml_units_run ...........................   Passed    0.95 sec
      Start  9: test_sbml_util_run
 9/63 Test  #9: test_sbml_util_run ............................   Passed    0.04 sec
      Start 10: test_sbml_validator_run
10/63 Test #10: test_sbml_validator_run .......................   Passed    6.40 sec
      Start 11: test_sbml_xml_run
11/63 Test #11: test_sbml_xml_run .............................   Passed    0.24 sec
      Start 12: test_perl_binding
12/63 Test #12: test_perl_binding .............................   Passed    5.57 sec
      Start 13: test_c_addCVTerms
13/63 Test #13: test_c_addCVTerms .............................   Passed    0.08 sec
      Start 14: test_c_addingEvidenceCodes_1
14/63 Test #14: test_c_addingEvidenceCodes_1 ..................   Passed    0.07 sec
      Start 15: test_c_addingEvidenceCodes_2
15/63 Test #15: test_c_addingEvidenceCodes_2 ..................   Passed    0.08 sec
      Start 16: test_c_addModelHistory
16/63 Test #16: test_c_addModelHistory ........................   Passed    0.07 sec
      Start 17: test_c_appendAnnotation
17/63 Test #17: test_c_appendAnnotation .......................   Passed    0.08 sec
      Start 18: test_c_convertSBML
18/63 Test #18: test_c_convertSBML ............................   Passed    0.11 sec
      Start 19: test_c_createExampleSBML
19/63 Test #19: test_c_createExampleSBML ......................   Passed    0.13 sec
      Start 20: test_c_drawMath
20/63 Test #20: test_c_drawMath ...............................   Passed    0.09 sec
      Start 21: test_c_echoSBML
21/63 Test #21: test_c_echoSBML ...............................   Passed    0.09 sec
      Start 22: test_c_printAnnotation
22/63 Test #22: test_c_printAnnotation ........................   Passed    0.07 sec
      Start 23: test_c_printMath
23/63 Test #23: test_c_printMath ..............................   Passed    0.09 sec
      Start 24: test_c_printNotes
24/63 Test #24: test_c_printNotes .............................   Passed    0.10 sec
      Start 25: test_c_printRegisteredPackages
25/63 Test #25: test_c_printRegisteredPackages ................   Passed    0.06 sec
      Start 26: test_c_printSBML
26/63 Test #26: test_c_printSBML ..............................   Passed    0.07 sec
      Start 27: test_c_printSupported
27/63 Test #27: test_c_printSupported .........................   Passed    0.05 sec
      Start 28: test_c_printUnits
28/63 Test #28: test_c_printUnits .............................   Passed    0.06 sec
      Start 29: test_c_promoteParameters
29/63 Test #29: test_c_promoteParameters ......................   Passed    0.08 sec
      Start 30: test_c_readSBML
30/63 Test #30: test_c_readSBML ...............................   Passed    0.09 sec
      Start 31: test_c_unsetAnnotation
31/63 Test #31: test_c_unsetAnnotation ........................   Passed    0.08 sec
      Start 32: test_c_unsetNotes
32/63 Test #32: test_c_unsetNotes .............................   Passed    0.09 sec
      Start 33: test_c_validateSBML
33/63 Test #33: test_c_validateSBML ...........................   Passed    0.09 sec
      Start 34: test_cxx_addCVTerms
34/63 Test #34: test_cxx_addCVTerms ...........................   Passed    0.07 sec
      Start 35: test_cxx_addCustomValidator
35/63 Test #35: test_cxx_addCustomValidator ...................   Passed    0.07 sec
      Start 36: test_cxx_addingEvidenceCodes_1
36/63 Test #36: test_cxx_addingEvidenceCodes_1 ................   Passed    0.09 sec
      Start 37: test_cxx_addingEvidenceCodes_2
37/63 Test #37: test_cxx_addingEvidenceCodes_2 ................   Passed    0.10 sec
      Start 38: test_cxx_addModelHistory
38/63 Test #38: test_cxx_addModelHistory ......................   Passed    0.07 sec
      Start 39: test_cxx_appendAnnotation
39/63 Test #39: test_cxx_appendAnnotation .....................   Passed    0.06 sec
      Start 40: test_cxx_callExternalValidator
40/63 Test #40: test_cxx_callExternalValidator ................   Passed    0.08 sec
      Start 41: test_cxx_convertSBML
41/63 Test #41: test_cxx_convertSBML ..........................   Passed    0.12 sec
      Start 42: test_cxx_convertToL1V1
42/63 Test #42: test_cxx_convertToL1V1 ........................   Passed    0.08 sec
      Start 43: test_cxx_createExampleSBML
43/63 Test #43: test_cxx_createExampleSBML ....................   Passed    0.11 sec
      Start 44: test_cxx_echoSBML
44/63 Test #44: test_cxx_echoSBML .............................   Passed    0.09 sec
      Start 45: test_cxx_inferUnits
45/63 Test #45: test_cxx_inferUnits ...........................   Passed    0.07 sec
      Start 46: test_cxx_inlineFunctionDefintions
46/63 Test #46: test_cxx_inlineFunctionDefintions .............   Passed    0.07 sec
      Start 47: test_cxx_convertReactions
47/63 Test #47: test_cxx_convertReactions .....................   Passed    0.11 sec
      Start 48: test_cxx_getAllElementsWithNotes
48/63 Test #48: test_cxx_getAllElementsWithNotes ..............   Passed    0.11 sec
      Start 49: test_cxx_printAnnotation
49/63 Test #49: test_cxx_printAnnotation ......................   Passed    0.09 sec
      Start 50: test_cxx_printMath
50/63 Test #50: test_cxx_printMath ............................   Passed    0.08 sec
      Start 51: test_cxx_printNotes
51/63 Test #51: test_cxx_printNotes ...........................   Passed    0.07 sec
      Start 52: test_cxx_printSBML
52/63 Test #52: test_cxx_printSBML ............................   Passed    0.10 sec
      Start 53: test_cxx_printRegisteredPackages
53/63 Test #53: test_cxx_printRegisteredPackages ..............   Passed    0.04 sec
      Start 54: test_cxx_printSupported
54/63 Test #54: test_cxx_printSupported .......................   Passed    0.07 sec
      Start 55: test_cxx_printUnits
55/63 Test #55: test_cxx_printUnits ...........................   Passed    0.08 sec
      Start 56: test_cxx_promoteParameters
56/63 Test #56: test_cxx_promoteParameters ....................   Passed    0.09 sec
      Start 57: test_cxx_readSBML
57/63 Test #57: test_cxx_readSBML .............................   Passed    0.06 sec
      Start 58: test_cxx_renameSId
58/63 Test #58: test_cxx_renameSId ............................   Passed    0.09 sec
      Start 59: test_cxx_setIdFromNames
59/63 Test #59: test_cxx_setIdFromNames .......................   Passed    0.08 sec
      Start 60: test_cxx_setNamesFromIds
60/63 Test #60: test_cxx_setNamesFromIds ......................   Passed    0.10 sec
      Start 61: test_cxx_unsetAnnotation
61/63 Test #61: test_cxx_unsetAnnotation ......................   Passed    0.08 sec
      Start 62: test_cxx_unsetNotes
62/63 Test #62: test_cxx_unsetNotes ...........................   Passed    0.09 sec
      Start 63: test_cxx_validateSBML
63/63 Test #63: test_cxx_validateSBML .........................   Passed    0.08 sec

100% tests passed, 0 tests failed out of 63

Total Test time (real) =  22.61 sec
