[HANDLER_OUTPUT] 
Test project /home/libsbml/development/libsbml-build-scripts/autobuild-option-tests/BUILD/ubuntu-1604-ninja-base-packages-xml2-check-cpp_ns-examples-r

      Start  1: test_comp_extensions_run
 1/82 Test  #1: test_comp_extensions_run ......................   Passed    0.40 sec
      Start  2: test_comp_sbase_run
 2/82 Test  #2: test_comp_sbase_run ...........................   Passed    0.26 sec
      Start  3: test_comp_util_run
 3/82 Test  #3: test_comp_util_run ............................   Passed    3.05 sec
      Start  4: test_comp_validator_run
 4/82 Test  #4: test_comp_validator_run .......................   Passed    0.53 sec
      Start  5: test_extension_package_qual_run
 5/82 Test  #5: test_extension_package_qual_run ...............   Passed    0.17 sec
      Start  6: test_sbml_package_qual_run
 6/82 Test  #6: test_sbml_package_qual_run ....................   Passed    0.15 sec
      Start  7: test_qual_validator_run
 7/82 Test  #7: test_qual_validator_run .......................   Passed    0.23 sec
      Start  8: test_sbml_package_render_run
 8/82 Test  #8: test_sbml_package_render_run ..................   Passed    0.73 sec
      Start  9: test_render_validator_run
 9/82 Test  #9: test_render_validator_run .....................   Passed    0.20 sec
      Start 10: test_sbml_package_multi_run
10/82 Test #10: test_sbml_package_multi_run ...................   Passed    0.19 sec
      Start 11: test_multi_validator_run
11/82 Test #11: test_multi_validator_run ......................   Passed    0.19 sec
      Start 12: test_sbml_package_fbc_run
12/82 Test #12: test_sbml_package_fbc_run .....................   Passed    0.24 sec
      Start 13: test_fbc_validator_run
13/82 Test #13: test_fbc_validator_run ........................   Passed    0.34 sec
      Start 14: test_l3v2extendedmath_validator_run
14/82 Test #14: test_l3v2extendedmath_validator_run ...........   Passed    0.11 sec
      Start 15: test_extension_package_l3v2extendedmath_run
15/82 Test #15: test_extension_package_l3v2extendedmath_run ...   Passed    0.13 sec
      Start 16: test_sbml_package_layout_run
16/82 Test #16: test_sbml_package_layout_run ..................   Passed    0.55 sec
      Start 17: test_layout_validator_run
17/82 Test #17: test_layout_validator_run .....................   Passed    0.56 sec
      Start 18: test_extension_package_groups_run
18/82 Test #18: test_extension_package_groups_run .............   Passed    0.13 sec
      Start 19: test_groups_validator_run
19/82 Test #19: test_groups_validator_run .....................   Passed    0.15 sec
      Start 20: test_sbml_annotation_run
20/82 Test #20: test_sbml_annotation_run ......................   Passed    0.50 sec
      Start 21: test_sbml_conversion_run
21/82 Test #21: test_sbml_conversion_run ......................   Passed    0.59 sec
      Start 22: test_sbml_extension_run
22/82 Test #22: test_sbml_extension_run .......................   Passed    0.16 sec
      Start 23: test_sbml_math_run
23/82 Test #23: test_sbml_math_run ............................   Passed    0.83 sec
      Start 24: test_sbml_sbml_run
24/82 Test #24: test_sbml_sbml_run ............................   Passed    2.60 sec
      Start 25: test_sbml_units_run
25/82 Test #25: test_sbml_units_run ...........................   Passed    0.86 sec
      Start 26: test_sbml_util_run
26/82 Test #26: test_sbml_util_run ............................   Passed    0.04 sec
      Start 27: test_sbml_validator_run
27/82 Test #27: test_sbml_validator_run .......................   Passed    4.20 sec
      Start 28: test_sbml_xml_run
28/82 Test #28: test_sbml_xml_run .............................   Passed    0.20 sec
      Start 29: test_r_binding
29/82 Test #29: test_r_binding ................................   Passed    2.86 sec
      Start 30: test_c_addCVTerms
30/82 Test #30: test_c_addCVTerms .............................   Passed    0.10 sec
      Start 31: test_c_addingEvidenceCodes_1
31/82 Test #31: test_c_addingEvidenceCodes_1 ..................   Passed    0.10 sec
      Start 32: test_c_addingEvidenceCodes_2
32/82 Test #32: test_c_addingEvidenceCodes_2 ..................   Passed    0.07 sec
      Start 33: test_c_addModelHistory
33/82 Test #33: test_c_addModelHistory ........................   Passed    0.09 sec
      Start 34: test_c_appendAnnotation
34/82 Test #34: test_c_appendAnnotation .......................   Passed    0.09 sec
      Start 35: test_c_convertSBML
35/82 Test #35: test_c_convertSBML ............................   Passed    0.13 sec
      Start 36: test_c_createExampleSBML
36/82 Test #36: test_c_createExampleSBML ......................   Passed    0.14 sec
      Start 37: test_c_drawMath
37/82 Test #37: test_c_drawMath ...............................   Passed    0.07 sec
      Start 38: test_c_echoSBML
38/82 Test #38: test_c_echoSBML ...............................   Passed    0.10 sec
      Start 39: test_c_printAnnotation
39/82 Test #39: test_c_printAnnotation ........................   Passed    0.09 sec
      Start 40: test_c_printMath
40/82 Test #40: test_c_printMath ..............................   Passed    0.08 sec
      Start 41: test_c_printNotes
41/82 Test #41: test_c_printNotes .............................   Passed    0.07 sec
      Start 42: test_c_printRegisteredPackages
42/82 Test #42: test_c_printRegisteredPackages ................   Passed    0.06 sec
      Start 43: test_c_printSBML
43/82 Test #43: test_c_printSBML ..............................   Passed    0.07 sec
      Start 44: test_c_printSupported
44/82 Test #44: test_c_printSupported .........................   Passed    0.07 sec
      Start 45: test_c_printUnits
45/82 Test #45: test_c_printUnits .............................   Passed    0.10 sec
      Start 46: test_c_promoteParameters
46/82 Test #46: test_c_promoteParameters ......................   Passed    0.06 sec
      Start 47: test_c_readSBML
47/82 Test #47: test_c_readSBML ...............................   Passed    0.09 sec
      Start 48: test_c_stripPackage
48/82 Test #48: test_c_stripPackage ...........................   Passed    0.09 sec
      Start 49: test_c_unsetAnnotation
49/82 Test #49: test_c_unsetAnnotation ........................   Passed    0.10 sec
      Start 50: test_c_unsetNotes
50/82 Test #50: test_c_unsetNotes .............................   Passed    0.08 sec
      Start 51: test_c_validateSBML
51/82 Test #51: test_c_validateSBML ...........................   Passed    0.12 sec
      Start 52: test_cxx_addCVTerms
52/82 Test #52: test_cxx_addCVTerms ...........................   Passed    0.11 sec
      Start 53: test_cxx_addCustomValidator
53/82 Test #53: test_cxx_addCustomValidator ...................   Passed    0.09 sec
      Start 54: test_cxx_addingEvidenceCodes_1
54/82 Test #54: test_cxx_addingEvidenceCodes_1 ................   Passed    0.11 sec
      Start 55: test_cxx_addingEvidenceCodes_2
55/82 Test #55: test_cxx_addingEvidenceCodes_2 ................   Passed    0.08 sec
      Start 56: test_cxx_addModelHistory
56/82 Test #56: test_cxx_addModelHistory ......................   Passed    0.08 sec
      Start 57: test_cxx_appendAnnotation
57/82 Test #57: test_cxx_appendAnnotation .....................   Passed    0.11 sec
      Start 58: test_cxx_callExternalValidator
58/82 Test #58: test_cxx_callExternalValidator ................   Passed    0.11 sec
      Start 59: test_cxx_convertSBML
59/82 Test #59: test_cxx_convertSBML ..........................   Passed    0.13 sec
      Start 60: test_cxx_convertToL1V1
60/82 Test #60: test_cxx_convertToL1V1 ........................   Passed    0.10 sec
      Start 61: test_cxx_createExampleSBML
61/82 Test #61: test_cxx_createExampleSBML ....................   Passed    0.11 sec
      Start 62: test_cxx_echoSBML
62/82 Test #62: test_cxx_echoSBML .............................   Passed    0.09 sec
      Start 63: test_cxx_inferUnits
63/82 Test #63: test_cxx_inferUnits ...........................   Passed    0.10 sec
      Start 64: test_cxx_inlineFunctionDefintions
64/82 Test #64: test_cxx_inlineFunctionDefintions .............   Passed    0.08 sec
      Start 65: test_cxx_convertReactions
65/82 Test #65: test_cxx_convertReactions .....................   Passed    0.10 sec
      Start 66: test_cxx_getAllElementsWithNotes
66/82 Test #66: test_cxx_getAllElementsWithNotes ..............   Passed    0.08 sec
      Start 67: test_cxx_printAnnotation
67/82 Test #67: test_cxx_printAnnotation ......................   Passed    0.08 sec
      Start 68: test_cxx_printMath
68/82 Test #68: test_cxx_printMath ............................   Passed    0.06 sec
      Start 69: test_cxx_printNotes
69/82 Test #69: test_cxx_printNotes ...........................   Passed    0.09 sec
      Start 70: test_cxx_printSBML
70/82 Test #70: test_cxx_printSBML ............................   Passed    0.08 sec
      Start 71: test_cxx_printRegisteredPackages
71/82 Test #71: test_cxx_printRegisteredPackages ..............   Passed    0.06 sec
      Start 72: test_cxx_printSupported
72/82 Test #72: test_cxx_printSupported .......................   Passed    0.05 sec
      Start 73: test_cxx_printUnits
73/82 Test #73: test_cxx_printUnits ...........................   Passed    0.11 sec
      Start 74: test_cxx_promoteParameters
74/82 Test #74: test_cxx_promoteParameters ....................   Passed    0.12 sec
      Start 75: test_cxx_readSBML
75/82 Test #75: test_cxx_readSBML .............................   Passed    0.09 sec
      Start 76: test_cxx_renameSId
76/82 Test #76: test_cxx_renameSId ............................   Passed    0.07 sec
      Start 77: test_cxx_setIdFromNames
77/82 Test #77: test_cxx_setIdFromNames .......................   Passed    0.10 sec
      Start 78: test_cxx_setNamesFromIds
78/82 Test #78: test_cxx_setNamesFromIds ......................   Passed    0.06 sec
      Start 79: test_cxx_stripPackage
79/82 Test #79: test_cxx_stripPackage .........................   Passed    0.13 sec
      Start 80: test_cxx_unsetAnnotation
80/82 Test #80: test_cxx_unsetAnnotation ......................   Passed    0.07 sec
      Start 81: test_cxx_unsetNotes
81/82 Test #81: test_cxx_unsetNotes ...........................   Passed    0.08 sec
      Start 82: test_cxx_validateSBML
82/82 Test #82: test_cxx_validateSBML .........................   Passed    0.09 sec

100% tests passed, 0 tests failed out of 82

Total Test time (real) =  26.16 sec
