[HANDLER_OUTPUT] 
Test project /home/libsbml/development/libsbml-build-scripts/autobuild-option-tests/BUILD/ubuntu-1604-ninja-base-packages-xml2-check-cpp_ns-strict-perl

      Start  1: test_comp_extensions_run
 1/29 Test  #1: test_comp_extensions_run ......................   Passed    0.42 sec
      Start  2: test_comp_sbase_run
 2/29 Test  #2: test_comp_sbase_run ...........................   Passed    0.42 sec
      Start  3: test_comp_util_run
 3/29 Test  #3: test_comp_util_run ............................   Passed    3.05 sec
      Start  4: test_comp_validator_run
 4/29 Test  #4: test_comp_validator_run .......................   Passed    0.52 sec
      Start  5: test_extension_package_qual_run
 5/29 Test  #5: test_extension_package_qual_run ...............   Passed    0.16 sec
      Start  6: test_sbml_package_qual_run
 6/29 Test  #6: test_sbml_package_qual_run ....................   Passed    0.19 sec
      Start  7: test_qual_validator_run
 7/29 Test  #7: test_qual_validator_run .......................   Passed    0.21 sec
      Start  8: test_sbml_package_render_run
 8/29 Test  #8: test_sbml_package_render_run ..................   Passed    0.77 sec
      Start  9: test_render_validator_run
 9/29 Test  #9: test_render_validator_run .....................   Passed    0.18 sec
      Start 10: test_sbml_package_multi_run
10/29 Test #10: test_sbml_package_multi_run ...................   Passed    0.15 sec
      Start 11: test_multi_validator_run
11/29 Test #11: test_multi_validator_run ......................   Passed    0.14 sec
      Start 12: test_sbml_package_fbc_run
12/29 Test #12: test_sbml_package_fbc_run .....................   Passed    0.25 sec
      Start 13: test_fbc_validator_run
13/29 Test #13: test_fbc_validator_run ........................   Passed    0.32 sec
      Start 14: test_l3v2extendedmath_validator_run
14/29 Test #14: test_l3v2extendedmath_validator_run ...........   Passed    0.08 sec
      Start 15: test_extension_package_l3v2extendedmath_run
15/29 Test #15: test_extension_package_l3v2extendedmath_run ...   Passed    0.14 sec
      Start 16: test_sbml_package_layout_run
16/29 Test #16: test_sbml_package_layout_run ..................   Passed    0.61 sec
      Start 17: test_layout_validator_run
17/29 Test #17: test_layout_validator_run .....................   Passed    0.61 sec
      Start 18: test_extension_package_groups_run
18/29 Test #18: test_extension_package_groups_run .............   Passed    0.15 sec
      Start 19: test_groups_validator_run
19/29 Test #19: test_groups_validator_run .....................   Passed    0.11 sec
      Start 20: test_sbml_annotation_run
20/29 Test #20: test_sbml_annotation_run ......................   Passed    0.49 sec
      Start 21: test_sbml_conversion_run
21/29 Test #21: test_sbml_conversion_run ......................   Passed    0.59 sec
      Start 22: test_sbml_extension_run
22/29 Test #22: test_sbml_extension_run .......................   Passed    0.17 sec
      Start 23: test_sbml_math_run
23/29 Test #23: test_sbml_math_run ............................   Passed    0.86 sec
      Start 24: test_sbml_sbml_run
24/29 Test #24: test_sbml_sbml_run ............................   Passed    2.57 sec
      Start 25: test_sbml_units_run
25/29 Test #25: test_sbml_units_run ...........................   Passed    0.90 sec
      Start 26: test_sbml_util_run
26/29 Test #26: test_sbml_util_run ............................   Passed    0.04 sec
      Start 27: test_sbml_validator_run
27/29 Test #27: test_sbml_validator_run .......................   Passed    4.24 sec
      Start 28: test_sbml_xml_run
28/29 Test #28: test_sbml_xml_run .............................   Passed    0.25 sec
      Start 29: test_perl_binding
29/29 Test #29: test_perl_binding .............................   Passed    7.92 sec

100% tests passed, 0 tests failed out of 29

Total Test time (real) =  26.62 sec
