Starting Tests: Tue 01/29/2019  4:07:41.38 
UpdateCTestConfiguration  from :C:/Development/libsbml-64/DartConfiguration.tcl
Parse Config file:C:/Development/libsbml-64/DartConfiguration.tcl
UpdateCTestConfiguration  from :C:/Development/libsbml-64/DartConfiguration.tcl
Parse Config file:C:/Development/libsbml-64/DartConfiguration.tcl
Test project C:/Development/libsbml-64
Constructing a list of tests
Done constructing a list of tests
Updating test list for fixtures
Added 0 tests to meet fixture requirements
Checking test dependency graph...
Checking test dependency graph end
test 1
        Start   1: test_comp_extensions_run

1: Test command: C:\Development\libsbml-64\src\sbml\packages\comp\extension\test\RelWithDebInfo\test_comp_extensions.exe
1: Environment variables: 
1:  srcdir=C:/Development/libsbml/src/sbml/packages/comp/extension/test
1: Test timeout computed to be: 3000
1: Running suite(s): SBMLCompExtensionObjects
1:  TestMultipleNamespaces
1:  SBMLCompCheckConsistency
1: 100%: Checks: 14, Failures: 0, Errors: 0
  1/175 Test   #1: test_comp_extensions_run ......................   Passed    2.81 sec
test 2
        Start   2: test_comp_sbase_run

2: Test command: C:\Development\libsbml-64\src\sbml\packages\comp\sbml\test\RelWithDebInfo\test_comp_sbase.exe
2: Environment variables: 
2:  srcdir=C:/Development/libsbml/src/sbml/packages/comp/sbml/test
2: Test timeout computed to be: 3000
2: Running suite(s): SBMLCompSBaseObjects
2:  SBMLCompIdNamspace
2:  SBMLCompSBaseObjects
2:  comp_deletion
2:  comp_externalModelDefinition
2:  comp_modelDefinition
2:  comp_port
2:  comp_replacedBy
2:  comp_replacedElement
2:  comp_sBaseRef
2:  comp_submodel
2: 100%: Checks: 94, Failures: 0, Errors: 0
  2/175 Test   #2: test_comp_sbase_run ...........................   Passed    1.58 sec
test 3
        Start   3: test_comp_util_run

3: Test command: C:\Development\libsbml-64\src\sbml\packages\comp\util\test\RelWithDebInfo\test_comp_util.exe
3: Environment variables: 
3:  srcdir=C:/Development/libsbml/src/sbml/packages/comp/util/test
3: Test timeout computed to be: 3000
3: Running suite(s): SBMLCompURIResolvers
3:  SBMLCompLevelVersionConversion
3:  SBMLCompFlatteningUnknownPackageRefs
3:  SBMLCompFlatteningErrorMessages
3:  SBMLCompFlatteningConverter
3:  ExternalModelResolving
3:  SBMLCompFlatteningNewFlags
3:  SBMLCompFlatteningConverterStripPackage
3: 100%: Checks: 356, Failures: 0, Errors: 0
  3/175 Test   #3: test_comp_util_run ............................   Passed    6.49 sec
test 4
        Start   4: test_comp_validator_run

4: Test command: C:\Development\libsbml-64\src\sbml\packages\comp\validator\test\RelWithDebInfo\test_comp_validator.exe "C:/Development/libsbml/src/sbml/packages/comp/validator/test"
4: Environment variables: 
4:  srcdir=C:/Development/libsbml/src/sbml/packages/comp/validator/test
4: Test timeout computed to be: 3000
4: 
4: Validator testrunner
4: ====================
4: using test data from           : C:/Development/libsbml/src/sbml/packages/comp/validator/test/test-data
4: 
4: Testing General XML Consistency Constraints (20000 - 29999).
4: 100%: Checks: 280, Failures: 0
4: Testing Id Consistency Constraints (10300 - 10399).
4: 100%: Checks: 14, Failures: 0
4: Testing Unit Consistency Constraints (10500 - 10599).
4: 100%: Checks: 22, Failures: 0
  4/175 Test   #4: test_comp_validator_run .......................   Passed    2.31 sec
test 5
        Start   5: test_sbml_package_fbc_run

5: Test command: C:\Development\libsbml-64\src\sbml\packages\fbc\extension\test\RelWithDebInfo\test_sbml_package_fbc.exe
5: Environment variables: 
5:  srcdir=C:/Development/libsbml/src/sbml/packages/fbc/extension/test
5: Test timeout computed to be: 3000
5: Running suite(s): FbcExtension
5:  WriteFbcExtension
5:  ReadFbcExtension
5:  FbcAssociation
5: 100%: Checks: 36, Failures: 0, Errors: 0
  5/175 Test   #5: test_sbml_package_fbc_run .....................   Passed    1.45 sec
test 6
        Start   6: test_fbc_validator_run

6: Test command: C:\Development\libsbml-64\src\sbml\packages\fbc\validator\test\RelWithDebInfo\test_fbc_validator.exe "C:/Development/libsbml/src/sbml/packages/fbc/validator/test"
6: Environment variables: 
6:  srcdir=C:/Development/libsbml/src/sbml/packages/fbc/validator/test
6: Test timeout computed to be: 3000
6: 
6: Validator testrunner
6: ====================
6: using test data from           : C:/Development/libsbml/src/sbml/packages/fbc/validator/test/test-data
6: 
6: Testing General XML Consistency Constraints (20000 - 29999).
6: 100%: Checks: 170, Failures: 0
6: Testing Id Consistency Constraints (10300 - 10399).
6: 100%: Checks: 11, Failures: 0
  6/175 Test   #6: test_fbc_validator_run ........................   Passed    1.33 sec
test 7
        Start   7: test_extension_package_groups_run

7: Test command: C:\Development\libsbml-64\src\sbml\packages\groups\extension\test\RelWithDebInfo\test_extension_package_groups.exe
7: Environment variables: 
7:  srcdir=C:/Development/libsbml/src/sbml/packages/groups/extension/test
7: Test timeout computed to be: 3000
7: Running suite(s): GroupsExtension
7:  WriteGroupsExtension
7:  ReadGroupsExtension
7:  GroupsModelPlugin
7: 100%: Checks: 25, Failures: 0, Errors: 0
  7/175 Test   #7: test_extension_package_groups_run .............   Passed    1.20 sec
test 8
        Start   8: test_groups_validator_run

8: Test command: C:\Development\libsbml-64\src\sbml\packages\groups\validator\test\RelWithDebInfo\test_groups_validator.exe "C:/Development/libsbml/src/sbml/packages/groups/validator/test"
8: Environment variables: 
8:  srcdir=C:/Development/libsbml/src/sbml/packages/groups/validator/test
8: Test timeout computed to be: 3000
8: 
8: Validator testrunner
8: ====================
8: using test data from           : C:/Development/libsbml/src/sbml/packages/groups/validator/test/test-data
8: 
8: Testing General XML Consistency Constraints (20000 - 29999).
8: 100%: Checks: 95, Failures: 0
8: Testing Id Consistency Constraints (10300 - 10399).
8: 100%: Checks: 11, Failures: 0
  8/175 Test   #8: test_groups_validator_run .....................   Passed    0.92 sec
test 9
        Start   9: test_l3v2extendedmath_validator_run

9: Test command: C:\Development\libsbml-64\src\sbml\packages\l3v2extendedmath\validator\test\RelWithDebInfo\test_l3v2extendedmath_validator.exe "C:/Development/libsbml/src/sbml/packages/l3v2extendedmath/validator/test"
9: Environment variables: 
9:  srcdir=C:/Development/libsbml/src/sbml/packages/l3v2extendedmath/validator/test
9: Test timeout computed to be: 3000
9: 
9: Validator testrunner
9: ====================
9: using test data from           : C:/Development/libsbml/src/sbml/packages/l3v2extendedmath/validator/test/test-data
9: 
9: Testing MathML Consistency Constraints (10200 - 10299).
9: 100%: Checks: 4, Failures: 0
9: Testing Unit Consistency Constraints (10500 - 10599).
9: 100%: Checks: 6, Failures: 0
  9/175 Test   #9: test_l3v2extendedmath_validator_run ...........   Passed    0.97 sec
test 10
        Start  10: test_extension_package_l3v2extendedmath_run

10: Test command: C:\Development\libsbml-64\src\sbml\packages\l3v2extendedmath\extension\test\RelWithDebInfo\test_extension_package_l3v2extendedmath.exe
10: Environment variables: 
10:  srcdir=C:/Development/libsbml/src/sbml/packages/l3v2extendedmath/extension/test
10: Test timeout computed to be: 3000
10: Running suite(s): L3v2EMExtension
10:  WriteL3v2EMExtension
10:  ReadL3v2EMExtension
10: 100%: Checks: 12, Failures: 0, Errors: 0
 10/175 Test  #10: test_extension_package_l3v2extendedmath_run ...   Passed    1.28 sec
test 11
        Start  11: test_sbml_package_layout_run

11: Test command: C:\Development\libsbml-64\src\sbml\packages\layout\sbml\test\RelWithDebInfo\test_sbml_package_layout.exe
11: Environment variables: 
11:  srcdir=C:/Development/libsbml/src/sbml/packages/layout/sbml/test
11: Test timeout computed to be: 3000
11: Running suite(s): Point
11:  Dimensions
11:  BoundingBox
11:  LineSegment
11:  CubicBezier
11:  Curve
11:  GraphicalObject
11:  CompartmentGlyph
11:  SpeciesGlyph
11:  ReactionGlyph
11:  GeneralGlyph
11:  ReferenceGlyph
11:  SpeciesReferenceGlyph
11:  TextGlyph
11:  Layout
11:  LayoutCreation
11:  LayoutFormatter
11:  SBMLHandler
11:  LayoutWriting
11: 100%: Checks: 288, Failures: 0, Errors: 0
 11/175 Test  #11: test_sbml_package_layout_run ..................   Passed    2.95 sec
test 12
        Start  12: test_layout_validator_run

12: Test command: C:\Development\libsbml-64\src\sbml\packages\layout\validator\test\RelWithDebInfo\test_layout_validator.exe "C:/Development/libsbml/src/sbml/packages/layout/validator/test"
12: Environment variables: 
12:  srcdir=C:/Development/libsbml/src/sbml/packages/layout/validator/test
12: Test timeout computed to be: 3000
12: 
12: Validator testrunner
12: ====================
12: using test data from           : C:/Development/libsbml/src/sbml/packages/layout/validator/test/test-data
12: 
12: Testing General XML Consistency Constraints (20000 - 29999).
12: 100%: Checks: 223, Failures: 0
12: Testing Id Consistency Constraints (10300 - 10399).
12: 100%: Checks: 18, Failures: 0
 12/175 Test  #12: test_layout_validator_run .....................   Passed    1.97 sec
test 13
        Start  13: test_sbml_package_multi_run

13: Test command: C:\Development\libsbml-64\src\sbml\packages\multi\extension\test\RelWithDebInfo\test_sbml_package_multi.exe
13: Environment variables: 
13:  srcdir=C:/Development/libsbml/src/sbml/packages/multi/extension/test
13: Test timeout computed to be: 3000
13: Running suite(s): MultiExtension
13:  MultiCheckConsistency
13:  MultiAST
13: 100%: Checks: 16, Failures: 0, Errors: 0
 13/175 Test  #13: test_sbml_package_multi_run ...................   Passed    0.66 sec
test 14
        Start  14: test_multi_validator_run

14: Test command: C:\Development\libsbml-64\src\sbml\packages\multi\validator\test\RelWithDebInfo\test_multi_validator.exe "C:/Development/libsbml/src/sbml/packages/multi/validator/test"
14: Environment variables: 
14:  srcdir=C:/Development/libsbml/src/sbml/packages/multi/validator/test
14: Test timeout computed to be: 3000
14: 
14: Validator testrunner
14: ====================
14: using test data from           : C:/Development/libsbml/src/sbml/packages/multi/validator/test/test-data
14: 
14: Testing MathML Consistency Constraints (10200 - 10299).
14: 100%: Checks: 5, Failures: 0
14: Testing General XML Consistency Constraints (20000 - 29999).
14: 100%: Checks: 123, Failures: 0
14: Testing Id Consistency Constraints (10300 - 10999).
14: 100%: Checks: 16, Failures: 0
 14/175 Test  #14: test_multi_validator_run ......................   Passed    1.34 sec
test 15
        Start  15: test_extension_package_qual_run

15: Test command: C:\Development\libsbml-64\src\sbml\packages\qual\extension\test\RelWithDebInfo\test_extension_package_qual.exe
15: Environment variables: 
15:  srcdir=C:/Development/libsbml/src/sbml/packages/qual/extension/test
15: Test timeout computed to be: 3000
15: Running suite(s): QualExtension
15:  WriteQualExtension
15:  ReadQualExtension
15:  GetAllElements
15: 100%: Checks: 20, Failures: 0, Errors: 0
 15/175 Test  #15: test_extension_package_qual_run ...............   Passed    1.23 sec
test 16
        Start  16: test_sbml_package_qual_run

16: Test command: C:\Development\libsbml-64\src\sbml\packages\qual\sbml\test\RelWithDebInfo\test_sbml_package_qual.exe
16: Environment variables: 
16:  srcdir=C:/Development/libsbml/src/sbml/packages/qual/sbml/test
16: Test timeout computed to be: 3000
16: Running suite(s): Input
16:  Output
16:  FunctionTerm
16:  Transition
16:  QualitativeSpecies
16:  DefaultTerm
16:  ListOfFunctionTerms
16:  CopyAndClone
16: 100%: Checks: 73, Failures: 0, Errors: 0
 16/175 Test  #16: test_sbml_package_qual_run ....................   Passed    1.08 sec
test 17
        Start  17: test_qual_validator_run

17: Test command: C:\Development\libsbml-64\src\sbml\packages\qual\validator\test\RelWithDebInfo\test_qual_validator.exe "C:/Development/libsbml/src/sbml/packages/qual/validator/test"
17: Environment variables: 
17:  srcdir=C:/Development/libsbml/src/sbml/packages/qual/validator/test
17: Test timeout computed to be: 3000
17: 
17: Validator testrunner
17: ====================
17: using test data from           : C:/Development/libsbml/src/sbml/packages/qual/validator/test/test-data
17: 
17: Testing General XML Consistency Constraints (20000 - 29999).
17: 100%: Checks: 81, Failures: 0
17: Testing Id Consistency Constraints (10300 - 10399).
17: 100%: Checks: 4, Failures: 0
17: Testing Math Consistency Constraints (10200 - 10299).
17: 100%: Checks: 3, Failures: 0
 17/175 Test  #17: test_qual_validator_run .......................   Passed    1.25 sec
test 18
        Start  18: test_sbml_package_render_run

18: Test command: C:\Development\libsbml-64\src\sbml\packages\render\sbml\test\RelWithDebInfo\test_sbml_package_render.exe
18: Environment variables: 
18:  srcdir=C:/Development/libsbml/src/sbml/packages/render/sbml/test
18: Test timeout computed to be: 3000
18: Running suite(s): RenderExtension
18:  RelAbsVector
18:  ColorDefinition
18:  GradientStop
18:  RenderPoint
18:  RenderCubicBezier
18:  GradientBaseTest
18:  LinearGradient
18:  RadialGradient
18:  Transformation
18:  Transformation2D
18:  Image
18:  GraphicalPrimitive1D
18:  RenderCurve
18:  Text
18:  GraphicalPrimitive2D
18:  Rectangle
18:  Ellipse
18:  Polygon
18:  Group
18:  LineEnding
18:  Style
18:  GlobalStyle
18:  LocalStyle
18:  RenderInformationBase
18:  GlobalRenderInformation
18:  LocalRenderInformation
18:  RenderReading
18:  RenderWriting
18: 100%: Checks: 136, Failures: 0, Errors: 0
 18/175 Test  #18: test_sbml_package_render_run ..................   Passed    2.17 sec
test 19
        Start  19: test_render_validator_run

19: Test command: C:\Development\libsbml-64\src\sbml\packages\render\validator\test\RelWithDebInfo\test_render_validator.exe "C:/Development/libsbml/src/sbml/packages/render/validator/test"
19: Environment variables: 
19:  srcdir=C:/Development/libsbml/src/sbml/packages/render/validator/test
19: Test timeout computed to be: 3000
19: 
19: Validator testrunner
19: ====================
19: using test data from           : C:/Development/libsbml/src/sbml/packages/render/validator/test/test-data
19: 
19: Testing General XML Consistency Constraints (20000 - 29999).
19: 100%: Checks: 111, Failures: 0
 19/175 Test  #19: test_render_validator_run .....................   Passed    0.72 sec
test 20
        Start  20: test_sbml_annotation_run

20: Test command: C:\Development\libsbml-64\src\sbml\annotation\test\RelWithDebInfo\test_sbml_annotation.exe
20: Environment variables: 
20:  srcdir=C:/Development/libsbml/src/sbml/annotation/test
20: Test timeout computed to be: 3000
20: Running suite(s): CVTerms
20:  CVTerms_newSetters
20:  ModelHistory
20:  Date_newSetters
20:  ModelCreator_newSetters
20:  ModelHistory_newSetters
20:  CopyAndClone
20:  RDFAnnotation
20:  RDFAnnotation2
20:  Validation
20:  RDFAnnotation_C
20:  L3ModelHistory
20:  SyncAnnotation
20:  RDFAnnotationMetaid
20:  RDFAnnotationNestedCVTerm
20:  RDFAnnotationV4
20: 100%: Checks: 180, Failures: 0, Errors: 0
 20/175 Test  #20: test_sbml_annotation_run ......................   Passed    1.53 sec
test 21
        Start  21: test_sbml_conversion_run

21: Test command: C:\Development\libsbml-64\src\sbml\conversion\test\RelWithDebInfo\test_sbml_conversion.exe
21: Environment variables: 
21:  srcdir=C:/Development/libsbml/src/sbml/conversion/test
21: Test timeout computed to be: 3000
21: Running suite(s): ConversionOption
21:  SBMLRuleConverter
21:  ConversionProperties
21:  SBMLConverterRegistry
21:  UnitsConverter
21:  UnitsConverter2
21:  UnitsConverterL2
21:  InferUnitsConverter
21:  StripPackageConverter
21:  LevelVersionConverter
21:  RateOfConverter
21: 100%: Checks: 171, Failures: 0, Errors: 0
 21/175 Test  #21: test_sbml_conversion_run ......................   Passed    1.39 sec
test 22
        Start  22: test_sbml_extension_run

22: Test command: C:\Development\libsbml-64\src\sbml\extension\test\RelWithDebInfo\test_sbml_extension.exe
22: Environment variables: 
22:  srcdir=C:/Development/libsbml/src/sbml/extension/test
22: Test timeout computed to be: 3000
22: Running suite(s): SBaseExtensionPoint
22:  SBasePlugin
22:  SBasePluginCreator
22:  SBasePluginCreatorBase
22:  SBMLDocumentPlugin
22:  SBMLExtension
22:  SBMLExtensionNamespaces
22:  SBMLExtensionRegistry
22:  TestUnknownPackages
22: 100%: Checks: 30, Failures: 0, Errors: 0
 22/175 Test  #22: test_sbml_extension_run .......................   Passed    1.28 sec
test 23
        Start  23: test_sbml_math_run

23: Test command: C:\Development\libsbml-64\src\sbml\math\test\RelWithDebInfo\test_sbml_math.exe
23: Environment variables: 
23:  srcdir=C:/Development/libsbml/src/sbml/math/test
23: Test timeout computed to be: 3000
23: Running suite(s): TestChildFunctions
23: 100%: Checks: 53, Failures: 0, Errors: 0
 23/175 Test  #23: test_sbml_math_run ............................   Passed    1.47 sec
test 24
        Start  24: test_sbml_sbml_run

24: Test command: C:\Development\libsbml-64\src\sbml\test\RelWithDebInfo\test_sbml_sbml.exe
24: Environment variables: 
24:  srcdir=C:/Development/libsbml/src/sbml/test
24: Test timeout computed to be: 3000
24: Running suite(s): ReadSBML
24:  SBMLValidator API
24:  RenameIDs
24:  RemoveFromParent
24:  GetMultipleObjects
24:  WriteSBML
24:  WriteL3SBML
24:  WriteL3V2SBML
24:  AlgebraicRule
24:  AssignmentRule
24:  Compartment
24:  L3_Compartment
24:  Compartment_newSetters
24:  CompartmentType
24:  CompartmentType_newSetters
24:  CompartmentVolumeRule
24:  Constraint
24:  Constraint_newSetters
24:  Delay
24:  Event
24:  L3_Event
24:  Event_newSetters
24:  EventAssignment
24:  EventAssignment_newSetters
24:  FunctionDefinition
24:  FunctionDefinition_newSetters
24:  InitialAssignment
24:  InitialAssignment_newSetters
24:  KineticLaw
24:  KineticLaw_newSetters
24:  L3_KineticLaw
24:  ListOf
24:  Model
24:  L3_Model
24:  Model_newSetters
24:  ModifierSpeciesReference
24:  Parameter
24:  L3_Parameter
24:  L3_LocalParameter
24:  Parameter_newSetters
24:  ParameterRule
24:  Priority
24:  RateRule
24:  Reaction
24:  L3_Reaction
24:  Reaction_newSetters
24:  Rule
24:  Rule_newSetters
24:  SBase
24:  SBase_newSetters
24:  Species
24:  L3_Species
24:  Species_newSetters
24:  SpeciesReference
24:  L3_SpeciesReference
24:  SpeciesReference_newSetters
24:  SpeciesConcentrationRule
24:  SpeciesType
24:  SpeciesType_newSetters
24:  StoichiometryMath
24:  Trigger
24:  L3Trigger
24:  Unit
24:  L3_Unit
24:  Unit_newSetters
24:  UnitDefinition
24:  UnitDefinition_newSetters
24:  UnitKind
24:  CopyAndClone
24:  SBMLConvert
24:  SBMLConvertStrict
24:  SBMLConvertFromL3V2
24:  SBMLDocument
24:  SBMLError
24:  test-data/l1v1-branch.xml
24:  test-data/l1v1-units.xml
24:  test-data/l1v1-rules.xml
24:  test-data/l1v1-minimal.xml
24:  test-data/l2v1-assignment.xml
24:  test-data/l2v2-newComponents.xml
24:  test-data/l2v3-all.xml
24:  test-data/l2v4-new.xml
24:  test-data/l3v1-new.xml
24:  test-data/l2v5-all.xml
24:  test-data/l3v2-all.xml
24:  test-data/l3v2-no-model.xml
24:  test-data/l3v2-empty-lo-1.xml
24:  test-data/l3v2-empty-lo-2.xml
24:  test-data/l3v2-empty-math.xml
24:  test-data/l3v2-empty-event.xml
24:  test-data/l3v2-empty-event2.xml
24:  ConsistencyChecks
24:  ParentObject
24:  AncestorObject
24:  InternalConsistencyChecks
24:  HasReqdAtt
24:  HasReqdElements
24:  SBMLNamespaces
24:  SyntaxChecker
24:  SBMLConstructorException
24:  SBMLTransforms
24:  GetMultipleObjects
24:  LevelCompatibility
24:  SBaseIdName
24:  Generic Attribute Functions
24: 100%: Checks: 1730, Failures: 0, Errors: 0
 24/175 Test  #24: test_sbml_sbml_run ............................   Passed    3.76 sec
test 25
        Start  25: test_sbml_units_run

25: Test command: C:\Development\libsbml-64\src\sbml\units\test\RelWithDebInfo\test_sbml_units.exe
25: Environment variables: 
25:  srcdir=C:/Development/libsbml/src/sbml/units/test
25: Test timeout computed to be: 3000
25: Running suite(s): UtilsUnit
25:  UtilsUnitDefinition
25:  UnitFormulaFormatter
25:  UnitFormulaFormatter1
25:  FormulaUnitData
25:  FormulaUnitDataMap
25:  DerivedUnitDefinition
25:  UnitFormulaFormatter2
25:  CalcUnitDefinition
25:  UnitFormulaFormatter3
25:  DerivedUnitDefinitionUndefined
25: 100%: Checks: 178, Failures: 0, Errors: 0
 25/175 Test  #25: test_sbml_units_run ...........................   Passed    1.98 sec
test 26
        Start  26: test_sbml_util_run

26: Test command: C:\Development\libsbml-64\src\sbml\util\test\RelWithDebInfo\test_sbml_util.exe
26: Test timeout computed to be: 3000
26: Running suite(s): memory
26:  util
26:  List
26:  Stack
26:  StringBuffer
26: 100%: Checks: 57, Failures: 0, Errors: 0
 26/175 Test  #26: test_sbml_util_run ............................   Passed    0.44 sec
test 27
        Start  27: test_sbml_validator_run

27: Test command: C:\Development\libsbml-64\src\sbml\validator\test\RelWithDebInfo\test_sbml_validator.exe "C:/Development/libsbml/src/sbml/validator/test"
27: Test timeout computed to be: 3000
27: 
27: Validator testrunner
27: ====================
27: using test data from           : C:/Development/libsbml/src/sbml/validator/test/test-data
27: using conversion test data from: C:/Development/libsbml/src/sbml/validator/test/test-data-conversion
27: 
27: Testing Bad XML Constraints (0000 - 10000).
27: 100%: Checks: 55, Failures: 0
27: Testing General XML Consistency Constraints (10000 - 10199).
27: 100%: Checks: 197, Failures: 0
27: Testing General MathML Consistency Constraints (10200 - 10299).
27: 100%: Checks: 503, Failures: 0
27: Testing Id Consistency Constraints (10300 - 10399).
27: 100%: Checks: 509, Failures: 0
27: Testing General Annotation Consistency Constraints (10400 - 10499).
27: 100%: Checks: 65, Failures: 0
27: Testing Unit Consistency Constraints (10500 - 10599).
27: 100%: Checks: 1172, Failures: 0
27: Testing Unit Consistency Constraints (20000 - 29999).
27: 100%: Checks: 362, Failures: 0
27: Testing Overdetermined Constraints (10600 - 10699).
27: 100%: Checks: 31, Failures: 0
27: Testing SBO Consistency Constraints (10700 - 10799).
27: 100%: Checks: 206, Failures: 0
27: Testing General Notes Consistency Constraints (10800 - 19999).
27: 100%: Checks: 92, Failures: 0
27: Testing Model Consistency Constraints (20000 - 29999).
27: 100%: Checks: 2290, Failures: 0
27: Testing L1 Compatibility Constraints (91000 - 91999).
27: 100%: Checks: 91, Failures: 0
27: Testing L2v1 Compatibility Constraints (92000 - 92999).
27: 100%: Checks: 38, Failures: 0
27: Testing L2v2 Compatibility Constraints (93000 - 93999).
27: 100%: Checks: 23, Failures: 0
27: Testing L2v3 Compatibility Constraints (94000 - 94999).
27: 100%: Checks: 22, Failures: 0
27: Testing L2v4 Compatibility Constraints (95000 - 95999).
27: 100%: Checks: 21, Failures: 0
27: Testing L3v1 Compatibility Constraints (96000 - 96999).
27: 100%: Checks: 31, Failures: 0
27: Testing L1 for New Compatibility Constraints (98000 - 98999).
27: 100%: Checks: 39, Failures: 0
27: Testing L2v1 for New Compatibility Constraints (98000 - 98999).
27: 100%: Checks: 39, Failures: 0
27: Testing L2v2 for New Compatibility Constraints (98000 - 98999).
27: 100%: Checks: 39, Failures: 0
27: Testing L2v3 for New Compatibility Constraints (98000 - 98999).
27: 100%: Checks: 39, Failures: 0
27: Testing L3v1 for New Compatibility Constraints (98000 - 98999).
27: 100%: Checks: 39, Failures: 0
27: Testing New Compatibility Constraints (98000 - 98999).
27: 100%: Checks: 39, Failures: 0
27: Testing Additional SBML Constraints (99100 - 99108).
27: 100%: Checks: 31, Failures: 0
27: Testing Additional SBML Constraints (99129 - 99199).
27: 100%: Checks: 56, Failures: 0
27: Testing Additional Math Constraints (99200 - 99299).
27: 100%: Checks: 140, Failures: 0
27: Testing Additional SBML Constraints (99300 - 99399).
27: 100%: Checks: 10, Failures: 0
27: Testing Additional Annotation Constraints (99400 - 99499).
27: 100%: Checks: 28, Failures: 0
27: Testing Additional Unit Constraints (99127 - 99128).
27: 100%: Checks: 36, Failures: 0
27: Testing Additional Unit Constraints (99500 - 99599).
27: 100%: Checks: 175, Failures: 0
27: Testing Additional SBO Constraints (99700 - 99799).
27: 100%: Checks: 30, Failures: 0
27: Testing Modeling Practice Constraints (80000 - 89999).
27: 100%: Checks: 56, Failures: 0
 27/175 Test  #27: test_sbml_validator_run .......................   Passed    8.17 sec
test 28
        Start  28: test_sbml_xml_run

28: Test command: C:\Development\libsbml-64\src\sbml\xml\test\RelWithDebInfo\test_sbml_xml.exe
28: Test timeout computed to be: 3000
28: Running suite(s): XMLAttributes
28:  CopyAndClone
28:  XMLNamespaces
28:  XMLTriple
28:  XMLToken
28:  XMLToken_newSetters
28:  XMLNode
28:  XMLNode_newSetters
28:  XMLError
28:  XMLErrorC
28:  XMLErrorLog
28:  XMLInputStream
28:  XMLOutputStream
28: <!-- Created by foo version bar on 2019-01-29 04:08 with libSBML version 5.17.3. -->
28:  XMLAttributesC
28:  XMLExceptions
28: 100%: Checks: 129, Failures: 0, Errors: 0
 28/175 Test  #28: test_sbml_xml_run .............................   Passed    0.83 sec
test 29
        Start  29: test_csharp_bindings

29: Test command: C:\Development\libsbml-64\src\bindings\csharp\TestRW.exe "C:/Development/libsbml/examples/sample-models/from-spec/level-2/" "-p" "C:/Development/libsbml-64/src/bindings/csharp/RelWithDebInfo"
29: Test timeout computed to be: 3000
29: Testing LibSBML: 5.17.3
29: 
29: ...........................................................................................................................................................................................................................
29: All tests passed.
29: 
 29/175 Test  #29: test_csharp_bindings ..........................   Passed    2.81 sec
test 30
        Start  30: test_csharp_bindings_full

30: Test command: C:\Development\libsbml-64\src\bindings\csharp\TestRunner.exe "-d" "C:/Development/libsbml/src/sbml/test/test-data" "-l" "C:/Development/libsbml-64/src/bindings/csharp/libsbmlcsP.dll" "-w" "C:/Development/libsbml/src/bindings/csharp" "-p" "C:/Development/libsbml-64/src/bindings/csharp/RelWithDebInfo"
30: Test timeout computed to be: 3000
30: LibSBML C# Testrunner
30: =====================
30: Running the tests with: 
30: 	Data Directory:   C:/Development/libsbml/src/sbml/test/test-data
30: 
30: .........................................................................................................................................................................................................................................................................................................................................................................................................................................................................................................................................................................................................................................................................................................................................................................................................................................................................................................................................................................................................................................................................................................................................................................................................................................................................................................................................................................................................................................................................................................................................................................................................................................................................................................................................................................................................................................................................................................................................................................................<!-- Created by foo version bar on 2019-01-29 04:08 with libSBML version 5.17.3. -->
30: .....................................
30: 
30: Total Number of Tests 1830, failures 0
30: 
30: All tests passed.
30: 
 30/175 Test  #30: test_csharp_bindings_full .....................   Passed    3.48 sec
test 31
        Start  31: test_java_binding

31: Test command: "C:\Program Files\Java\jdk1.7.0_05\bin\java.exe" "-Xss8m" "-Djava.library.path=C:/Development/libsbml-64/src/bindings/java/RelWithDebInfo" "-cp" "C:\Development\libsbml-64\src\bindings\java\libsbmlj.jar;C:\Development\libsbml-64\src\bindings\java;C:\Development\libsbml-64\src\bindings\java\test" "AutoTestRunner"
31: Test timeout computed to be: 3000
31: .................................................................................................................................................................................................................................................................................................................................................................................................................................................................................................................................................................................................................................
 31/175 Test  #31: test_java_binding .............................   Passed    1.65 sec
test 32
        Start  32: test_java_printversion

32: Test command: "C:\Program Files\Java\jdk1.7.0_05\bin\java.exe" "-Xss8m" "-Djava.library.path=C:/Development/libsbml-64/src/bindings/java/RelWithDebInfo" "-cp" "C:\Development\libsbml-64\src\bindings\java\libsbmlj.jar;C:\Development\libsbml-64\src\bindings\java;C:\Development\libsbml-64\src\bindings\java\test" "TestPrintVersion" "5.17.3"
32: Test timeout computed to be: 3000
32: .
 32/175 Test  #32: test_java_printversion ........................   Passed    0.19 sec
test 33
        Start  33: test_perl_binding

33: Test command: C:\Perl64_516\bin\perl.exe "-IC:/Development/libsbml-64/src/bindings/perl" "-IC:/Development/libsbml-64/src/bindings/perl/RelWithDebInfo" "-MExtUtils::Command::MM" "-e" "test_harness(0)" "C:/Development/libsbml/src/bindings/perl/t/*.t"
33: Test timeout computed to be: 3000
33: C:/Development/libsbml/src/bindings/perl/t/01__LoadModule.t ................ ok
33: C:/Development/libsbml/src/bindings/perl/t/02__CreateDocument.t ............ ok
33: C:/Development/libsbml/src/bindings/perl/t/02__ReadFromFile.t .............. ok
33: C:/Development/libsbml/src/bindings/perl/t/02__ReadFromFileL3.t ............ ok
33: C:/Development/libsbml/src/bindings/perl/t/02__WriteToFile.t ............... ok
33: C:/Development/libsbml/src/bindings/perl/t/02__WriteToFileL3.t ............. ok
33: C:/Development/libsbml/src/bindings/perl/t/03__ChangeValues.t .............. ok
33: C:/Development/libsbml/src/bindings/perl/t/03__DowncastRule.t .............. ok
33: C:/Development/libsbml/src/bindings/perl/t/03__DowncastSBase.t ............. ok
33: C:/Development/libsbml/src/bindings/perl/t/03__DowncastSBaseL3.t ........... ok
33: C:/Development/libsbml/src/bindings/perl/t/04__ListOf.t .................... ok
33: C:/Development/libsbml/src/bindings/perl/t/04__ListOfL3.t .................. ok
33: C:/Development/libsbml/src/bindings/perl/t/05__AlgebraicRule.t ............. ok
33: C:/Development/libsbml/src/bindings/perl/t/05__AssignmentRule.t ............ ok
33: C:/Development/libsbml/src/bindings/perl/t/05__AssignmentRuleL3.t .......... ok
33: C:/Development/libsbml/src/bindings/perl/t/05__Compartment.t ............... ok
33: C:/Development/libsbml/src/bindings/perl/t/05__CompartmentL3.t ............. ok
33: C:/Development/libsbml/src/bindings/perl/t/05__CompartmentVolumeRule.t ..... ok
33: C:/Development/libsbml/src/bindings/perl/t/05__Event.t ..................... ok
33: C:/Development/libsbml/src/bindings/perl/t/05__EventAssignment.t ........... ok
33: C:/Development/libsbml/src/bindings/perl/t/05__EventL3.t ................... ok
33: C:/Development/libsbml/src/bindings/perl/t/05__Formula.t ................... ok
33: C:/Development/libsbml/src/bindings/perl/t/05__FunctionDefinition.t ........ ok
33: C:/Development/libsbml/src/bindings/perl/t/05__KineticLaw.t ................ ok
33: C:/Development/libsbml/src/bindings/perl/t/05__KineticLawL3.t .............. ok
33: C:/Development/libsbml/src/bindings/perl/t/05__Model.t ..................... ok
33: C:/Development/libsbml/src/bindings/perl/t/05__ModelL3.t ................... ok
33: C:/Development/libsbml/src/bindings/perl/t/05__ModifierSpeciesReference.t .. ok
33: C:/Development/libsbml/src/bindings/perl/t/05__Parameter.t ................. ok
33: C:/Development/libsbml/src/bindings/perl/t/05__ParameterL3.t ............... ok
33: C:/Development/libsbml/src/bindings/perl/t/05__ParameterRule.t ............. ok
33: C:/Development/libsbml/src/bindings/perl/t/05__RateRule.t .................. ok
33: C:/Development/libsbml/src/bindings/perl/t/05__SBMLDocument.t .............. ok
33: C:/Development/libsbml/src/bindings/perl/t/05__SBMLDocumentVerbose.t ....... ok
33: C:/Development/libsbml/src/bindings/perl/t/06__TestReadSBML.t .............. ok
33: C:/Development/libsbml/src/bindings/perl/t/06__TestReadSBMLL3.t ............ ok
33: C:/Development/libsbml/src/bindings/perl/t/06__TestWriteSBML.t ............. ok
33: C:/Development/libsbml/src/bindings/perl/t/06__TestWriteSBMLL3.t ........... ok
33: C:/Development/libsbml/src/bindings/perl/t/07__TestCVTerms.t ............... ok
33: C:/Development/libsbml/src/bindings/perl/t/07__TestModelHistory.t .......... ok
33: C:/Development/libsbml/src/bindings/perl/t/07__TestRDFAnnotation2.t ........ ok
33: All tests successful.
33: Files=41, Tests=3364, 13 wallclock secs ( 0.50 usr +  0.09 sys =  0.59 CPU)
33: Result: PASS
 33/175 Test  #33: test_perl_binding .............................   Passed   14.49 sec
test 34
        Start  34: test_matlab_binding

34: Test command: "C:\Program Files\MATLAB\R2011b\bin\matlab.bat" "-nosplash" "-nodesktop" "-memmgr" "debug" "-logfile" "runTests.log" "-r" "runTests;quit;"
34: Test timeout computed to be: 3000
34: CAUTION: MATLAB.BAT will be obsoleted soon. Please change links and scripts to use bin\MATLAB.EXE
 34/175 Test  #34: test_matlab_binding ...........................   Passed    1.29 sec
test 35
        Start  35: test_python_binding

35: Test command: C:\Python64\Python27\python.exe "C:/Development/libsbml-64/src/bindings/python/test.py" "-p" "C:/Development/libsbml-64/src/bindings/python/RelWithDebInfo" "-b" "C:/Development/libsbml/src/bindings/python/test"
35: Test timeout computed to be: 3000
35: ......................................................................................................................................................................................................................................................................................................................................................................................................................................................................................................................................................................................................................................................................................................................................................................................................................................................................................................................................................................................................................................................................................................................................................................................................................................................................................................................................................................................................................................................................................................<!-- Created by foo version bar on 2019-01-29 04:09 with libSBML version 5.17.3. -->
35: .....................................................................................................................................................................................................................................................................................................................................................................................
35: ----------------------------------------------------------------------
35: Ran 1819 tests in 0.593s
35: 
35: OK
 35/175 Test  #35: test_python_binding ...........................   Passed    2.85 sec
test 36
        Start  36: test_python_printversion

36: Test command: C:\Python64\Python27\python.exe "-c" "import libsbml; assert libsbml.getLibSBMLDottedVersion() == '5.17.3'" "-p" "C:/Development/libsbml-64/src/bindings/python/RelWithDebInfo" "-b" "C:/Development/libsbml/src/bindings/python/test"
36: Environment variables: 
36:  PYTHONPATH=C:/Development/libsbml-64/src/bindings/python;C:/Development/libsbml-64/src/bindings/python/RelWithDebInfo;
36: Test timeout computed to be: 3000
 36/175 Test  #36: test_python_printversion ......................   Passed    0.28 sec
test 37
        Start  37: test_python_addCVTerms

37: Test command: C:\Python64\Python27\python.exe "C:/Development/libsbml/examples/python/addCVTerms.py" "C:/Development/libsbml/examples/sample-models/from-spec/level-3/enzymekinetics.xml" "addCVTerms.out.xml"
37: Environment variables: 
37:  PYTHONPATH=C:/Development/libsbml-64/src/bindings/python;C:/Development/libsbml-64/src/bindings/python/RelWithDebInfo;
37: Test timeout computed to be: 3000
 37/175 Test  #37: test_python_addCVTerms ........................   Passed    0.30 sec
test 38
        Start  38: test_python_addingEvidenceCodes_1

38: Test command: C:\Python64\Python27\python.exe "C:/Development/libsbml/examples/python/addingEvidenceCodes_1.py" "C:/Development/libsbml/examples/sample-models/from-spec/level-3/enzymekinetics.xml" "addingEvidenceCodes_1.out.xml"
38: Environment variables: 
38:  PYTHONPATH=C:/Development/libsbml-64/src/bindings/python;C:/Development/libsbml-64/src/bindings/python/RelWithDebInfo;
38: Test timeout computed to be: 3000
 38/175 Test  #38: test_python_addingEvidenceCodes_1 .............   Passed    0.30 sec
test 39
        Start  39: test_python_addingEvidenceCodes_2

39: Test command: C:\Python64\Python27\python.exe "C:/Development/libsbml/examples/python/addingEvidenceCodes_2.py" "C:/Development/libsbml/examples/sample-models/from-spec/level-3/enzymekinetics.xml" "addingEvidenceCodes_2.out.xml"
39: Environment variables: 
39:  PYTHONPATH=C:/Development/libsbml-64/src/bindings/python;C:/Development/libsbml-64/src/bindings/python/RelWithDebInfo;
39: Test timeout computed to be: 3000
 39/175 Test  #39: test_python_addingEvidenceCodes_2 .............   Passed    0.30 sec
test 40
        Start  40: test_python_addModelHistory

40: Test command: C:\Python64\Python27\python.exe "C:/Development/libsbml/examples/python/addModelHistory.py" "C:/Development/libsbml/examples/sample-models/from-spec/level-3/enzymekinetics.xml" "addModelHistory.out.xml"
40: Environment variables: 
40:  PYTHONPATH=C:/Development/libsbml-64/src/bindings/python;C:/Development/libsbml-64/src/bindings/python/RelWithDebInfo;
40: Test timeout computed to be: 3000
40: Status for addCreator: succeeded
40: Set created date:      succeeded
40: Set modified date:     succeeded
40: Set model history:     unknown
 40/175 Test  #40: test_python_addModelHistory ...................   Passed    0.28 sec
test 41
        Start  41: test_python_append_to_note

41: Test command: C:\Python64\Python27\python.exe "C:/Development/libsbml/examples/python/append_to_note.py" "C:/Development/libsbml/examples/sample-models/from-spec/level-3/enzymekineticext.xml" "veq" "a new note" "append_to_note.out.xml"
41: Environment variables: 
41:  PYTHONPATH=C:/Development/libsbml-64/src/bindings/python;C:/Development/libsbml-64/src/bindings/python/RelWithDebInfo;
41: Test timeout computed to be: 3000
41: Body before change: 
41: <body xmlns="http://www.w3.org/1999/xhtml">
41:   <p xmlns="http://www.w3.org/1999/xhtml">Some notes</p>
41: </body>
41: 
41: Body after change: 
41: <body xmlns="http://www.w3.org/1999/xhtml">
41:   <p xmlns="http://www.w3.org/1999/xhtml">Some notes</p>a new note</body>
 41/175 Test  #41: test_python_append_to_note ....................   Passed    0.31 sec
test 42
        Start  42: test_python_appendAnnotation

42: Test command: C:\Python64\Python27\python.exe "C:/Development/libsbml/examples/python/appendAnnotation.py" "C:/Development/libsbml/examples/sample-models/from-spec/level-3/enzymekinetics.xml" "appendAnnotation.out.xml"
42: Environment variables: 
42:  PYTHONPATH=C:/Development/libsbml-64/src/bindings/python;C:/Development/libsbml-64/src/bindings/python/RelWithDebInfo;
42: Test timeout computed to be: 3000
 42/175 Test  #42: test_python_appendAnnotation ..................   Passed    0.31 sec
test 43
        Start  43: test_python_convertSBML

43: Test command: C:\Python64\Python27\python.exe "C:/Development/libsbml/examples/python/convertSBML.py" "C:/Development/libsbml/examples/sample-models/from-spec/level-3/enzymekinetics.xml" "convertSBML.out.xml"
43: Environment variables: 
43:  PYTHONPATH=C:/Development/libsbml-64/src/bindings/python;C:/Development/libsbml-64/src/bindings/python/RelWithDebInfo;
43: Test timeout computed to be: 3000
43: Attempting to convert Level 3 Version 1 model to Level 3 Version 2.
43: 
43: Conversion completed.
43: 
 43/175 Test  #43: test_python_convertSBML .......................   Passed    0.45 sec
test 44
        Start  44: test_python_createExampleSBML

44: Test command: C:\Python64\Python27\python.exe "C:/Development/libsbml/examples/python/createExampleSBML.py" "C:/Development/libsbml/examples/sample-models/from-spec/level-3/enzymekinetics.xml" "createExampleSBMLy.out.xml"
44: Environment variables: 
44:  PYTHONPATH=C:/Development/libsbml-64/src/bindings/python;C:/Development/libsbml-64/src/bindings/python/RelWithDebInfo;
44: Test timeout computed to be: 3000
44: line 1: (99505 [Warning]) In situations where a mathematical expression contains literal numbers or parameters whose units have not been declared, it is not possible to verify accurately the consistency of the units in the expression. 
44:  The units of the <kineticLaw> <math> expression 'f(S1) * compartmentOne / t' cannot be fully checked. Unit consistency reported as either no errors or further unit errors related to this object may not be accurate.
44: 
44: Wrote file 'enzymaticreaction.xml'
44: Wrote file 'units.xml'
44: 
44: Notice: encountered 1 validation warning in model 'functionExample'.
44: 
44: Wrote file 'functiondef.xml'
 44/175 Test  #44: test_python_createExampleSBML .................   Passed    0.45 sec
test 45
        Start  45: test_python_createSimpleModel

45: Test command: C:\Python64\Python27\python.exe "C:/Development/libsbml/examples/python/createSimpleModel.py" "C:/Development/libsbml/examples/sample-models/from-spec/level-3/enzymekinetics.xml" "createSimpleModel.out.xml"
45: Environment variables: 
45:  PYTHONPATH=C:/Development/libsbml-64/src/bindings/python;C:/Development/libsbml-64/src/bindings/python/RelWithDebInfo;
45: Test timeout computed to be: 3000
45: <?xml version="1.0" encoding="UTF-8"?>
45: <sbml xmlns="http://www.sbml.org/sbml/level3/version1/core" level="3" version="1">
45:   <model substanceUnits="mole" timeUnits="second" extentUnits="mole">
45:     <listOfUnitDefinitions>
45:       <unitDefinition id="per_second">
45:         <listOfUnits>
45:           <unit kind="second" exponent="-1" scale="0" multiplier="1"/>
45:         </listOfUnits>
45:       </unitDefinition>
45:     </listOfUnitDefinitions>
45:     <listOfCompartments>
45:       <compartment id="c1" spatialDimensions="3" size="1" units="litre" constant="true"/>
45:     </listOfCompartments>
45:     <listOfSpecies>
45:       <species id="s1" compartment="c1" initialAmount="5" substanceUnits="mole" hasOnlySubstanceUnits="false" boundaryCondition="false" constant="false"/>
45:       <species id="s2" compartment="c1" initialAmount="0" substanceUnits="mole" hasOnlySubstanceUnits="false" boundaryCondition="false" constant="false"/>
45:     </listOfSpecies>
45:     <listOfParameters>
45:       <parameter id="k" value="1" units="per_second" constant="true"/>
45:     </listOfParameters>
45:     <listOfReactions>
45:       <reaction id="r1" reversible="false" fast="false">
45:         <listOfReactants>
45:           <speciesReference species="s1" constant="true"/>
45:         </listOfReactants>
45:         <listOfProducts>
45:           <speciesReference species="s2" constant="true"/>
45:         </listOfProducts>
45:         <kineticLaw>
45:           <math xmlns="http://www.w3.org/1998/Math/MathML">
45:             <apply>
45:               <times/>
45:               <ci> k </ci>
45:               <ci> s1 </ci>
45:               <ci> c1 </ci>
45:             </apply>
45:           </math>
45:         </kineticLaw>
45:       </reaction>
45:     </listOfReactions>
45:   </model>
45: </sbml>
45: 
 45/175 Test  #45: test_python_createSimpleModel .................   Passed    0.28 sec
test 46
        Start  46: test_python_echoSBML

46: Test command: C:\Python64\Python27\python.exe "C:/Development/libsbml/examples/python/echoSBML.py" "C:/Development/libsbml/examples/sample-models/from-spec/level-3/enzymekinetics.xml" "echoSBML.out.xml"
46: Environment variables: 
46:  PYTHONPATH=C:/Development/libsbml-64/src/bindings/python;C:/Development/libsbml-64/src/bindings/python/RelWithDebInfo;
46: Test timeout computed to be: 3000
46: [OK] Echoed C:/Development/libsbml/examples/sample-models/from-spec/level-3/enzymekinetics.xml to echoSBML.out.xml
 46/175 Test  #46: test_python_echoSBML ..........................   Passed    0.30 sec
test 47
        Start  47: test_python_evaluateCustomMath

47: Test command: C:\Python64\Python27\python.exe "C:/Development/libsbml/examples/python/evaluateCustomMath.py" "2*3+4" "C:/Development/libsbml/examples/sample-models/from-spec/level-3/enzymekinetics.xml"
47: Environment variables: 
47:  PYTHONPATH=C:/Development/libsbml-64/src/bindings/python;C:/Development/libsbml-64/src/bindings/python/RelWithDebInfo;
47: Test timeout computed to be: 3000
47: 2*3+4 = 10.0
 47/175 Test  #47: test_python_evaluateCustomMath ................   Passed    0.30 sec
test 48
        Start  48: test_python_getAllElementsWithNotes

48: Test command: C:\Python64\Python27\python.exe "C:/Development/libsbml/examples/python/getAllElementsWithNotes.py" "C:/Development/libsbml/examples/sample-models/from-spec/level-3/enzymekinetics.xml"
48: Environment variables: 
48:  PYTHONPATH=C:/Development/libsbml-64/src/bindings/python;C:/Development/libsbml-64/src/bindings/python/RelWithDebInfo;
48: Test timeout computed to be: 3000
48: 
48:             filename: C:/Development/libsbml/examples/sample-models/from-spec/level-3/enzymekinetics.xml
48:       read time (ms): 16.0
48:     searching ......:
48:     search time (ms): 0.0
48:  elements with notes: 0
 48/175 Test  #48: test_python_getAllElementsWithNotes ...........   Passed    0.31 sec
test 49
        Start  49: test_python_inlineInitialAssignments

49: Test command: C:\Python64\Python27\python.exe "C:/Development/libsbml/examples/python/inlineInitialAssignments.py" "C:/Development/libsbml/examples/sample-models/from-spec/level-3/enzymekinetics.xml" "inlineInitialAssignments.out.xml"
49: Environment variables: 
49:  PYTHONPATH=C:/Development/libsbml-64/src/bindings/python;C:/Development/libsbml-64/src/bindings/python/RelWithDebInfo;
49: Test timeout computed to be: 3000
 49/175 Test  #49: test_python_inlineInitialAssignments ..........   Passed    0.31 sec
test 50
        Start  50: test_python_printAnnotation

50: Test command: C:\Python64\Python27\python.exe "C:/Development/libsbml/examples/python/printAnnotation.py" "C:/Development/libsbml/examples/sample-models/from-spec/level-3/enzymekinetics.xml"
50: Environment variables: 
50:  PYTHONPATH=C:/Development/libsbml-64/src/bindings/python;C:/Development/libsbml-64/src/bindings/python/RelWithDebInfo;
50: Test timeout computed to be: 3000
50: filename: C:/Development/libsbml/examples/sample-models/from-spec/level-3/enzymekinetics.xml
50: 
 50/175 Test  #50: test_python_printAnnotation ...................   Passed    0.34 sec
test 51
        Start  51: test_python_printMath

51: Test command: C:\Python64\Python27\python.exe "C:/Development/libsbml/examples/python/printMath.py" "C:/Development/libsbml/examples/sample-models/from-spec/level-3/enzymekinetics.xml"
51: Environment variables: 
51:  PYTHONPATH=C:/Development/libsbml-64/src/bindings/python;C:/Development/libsbml-64/src/bindings/python/RelWithDebInfo;
51: Test timeout computed to be: 3000
51: ()
51: Reaction 1, formula: comp * (kon * E * S - koff * ES)
51: 
51: Reaction 2, formula: comp * kcat * ES
51: 
51: ()
51: ()
 51/175 Test  #51: test_python_printMath .........................   Passed    0.30 sec
test 52
        Start  52: test_python_printRegisteredPackages

52: Test command: C:\Python64\Python27\python.exe "C:/Development/libsbml/examples/python/printRegisteredPackages.py" "C:/Development/libsbml/examples/sample-models/from-spec/level-3/enzymekinetics.xml" "printRegisteredPackages.out.xml"
52: Environment variables: 
52:  PYTHONPATH=C:/Development/libsbml-64/src/bindings/python;C:/Development/libsbml-64/src/bindings/python/RelWithDebInfo;
52: Test timeout computed to be: 3000
52: This version of LibSBML: 5.17.3 includes: 
52: 
52: 	comp
52: 	fbc
52: 	groups
52: 	layout
52: 	render
52: 	l3v2extendedmath
52: 	multi
52: 	qual
52: 
52: 
 52/175 Test  #52: test_python_printRegisteredPackages ...........   Passed    0.30 sec
test 53
        Start  53: test_python_printSBML

53: Test command: C:\Python64\Python27\python.exe "C:/Development/libsbml/examples/python/printSBML.py" "C:/Development/libsbml/examples/sample-models/from-spec/level-3/enzymekinetics.xml"
53: Environment variables: 
53:  PYTHONPATH=C:/Development/libsbml-64/src/bindings/python;C:/Development/libsbml-64/src/bindings/python/RelWithDebInfo;
53: Test timeout computed to be: 3000
53: 
53: File: C:/Development/libsbml/examples/sample-models/from-spec/level-3/enzymekinetics.xml (Level 3, version 1)
53:                  id: (empty)
53: functionDefinitions: 0
53:     unitDefinitions: 2
53:    compartmentTypes: 0
53:         specieTypes: 0
53:        compartments: 1
53:             species: 4
53:          parameters: 0
53:  initialAssignments: 0
53:               rules: 0
53:         constraints: 0
53:           reactions: 2
53:              events: 0
53: 
53: 
 53/175 Test  #53: test_python_printSBML .........................   Passed    0.31 sec
test 54
        Start  54: test_python_printsupported

54: Test command: C:\Python64\Python27\python.exe "C:/Development/libsbml/examples/python/printsupported.py"
54: Environment variables: 
54:  PYTHONPATH=C:/Development/libsbml-64/src/bindings/python;C:/Development/libsbml-64/src/bindings/python/RelWithDebInfo;
54: Test timeout computed to be: 3000
54: Supported by LibSBML 5.17.3
54: ()
54: 	SBML Level: 1 Version: 1
54: 	SBML Level: 1 Version: 2
54: 	SBML Level: 2 Version: 1
54: 	SBML Level: 2 Version: 2
54: 	SBML Level: 2 Version: 3
54: 	SBML Level: 2 Version: 4
54: 	SBML Level: 2 Version: 5
54: 	SBML Level: 3 Version: 1
54: 	SBML Level: 3 Version: 2
54: ()
 54/175 Test  #54: test_python_printsupported ....................   Passed    0.30 sec
test 55
        Start  55: test_python_printUnits

55: Test command: C:\Python64\Python27\python.exe "C:/Development/libsbml/examples/python/printUnits.py" "C:/Development/libsbml/examples/sample-models/from-spec/level-3/enzymekinetics.xml"
55: Environment variables: 
55:  PYTHONPATH=C:/Development/libsbml-64/src/bindings/python;C:/Development/libsbml-64/src/bindings/python/RelWithDebInfo;
55: Test timeout computed to be: 3000
55: Species 0: mole (exponent = 1, multiplier = 1, scale = 0), litre (exponent = -1, multiplier = 1, scale = 0)
55: Species 1: mole (exponent = 1, multiplier = 1, scale = 0), litre (exponent = -1, multiplier = 1, scale = 0)
55: Species 2: mole (exponent = 1, multiplier = 1, scale = 0), litre (exponent = -1, multiplier = 1, scale = 0)
55: Species 3: mole (exponent = 1, multiplier = 1, scale = 0), litre (exponent = -1, multiplier = 1, scale = 0)
55: Compartment 0: litre (exponent = 1, multiplier = 1, scale = 0)
55: Reaction 0: 
55: Kinetic Law: second (exponent = -1, multiplier = 1, scale = 0), mole (exponent = 1, multiplier = 1, scale = 0)
55:         undeclared units: no
55: Reaction 1: 
55: Kinetic Law: second (exponent = -1, multiplier = 1, scale = 0), mole (exponent = 1, multiplier = 1, scale = 0)
55:         undeclared units: no
 55/175 Test  #55: test_python_printUnits ........................   Passed    0.30 sec
test 56
        Start  56: test_python_promoteParameters

56: Test command: C:\Python64\Python27\python.exe "C:/Development/libsbml/examples/python/promoteParameters.py" "C:/Development/libsbml/examples/sample-models/from-spec/level-3/enzymekinetics.xml" "promoteParameters.out.xml"
56: Environment variables: 
56:  PYTHONPATH=C:/Development/libsbml-64/src/bindings/python;C:/Development/libsbml-64/src/bindings/python/RelWithDebInfo;
56: Test timeout computed to be: 3000
56: [OK] wrote promoteParameters.out.xml
 56/175 Test  #56: test_python_promoteParameters .................   Passed    0.42 sec
test 57
        Start  57: test_python_readSBML

57: Test command: C:\Python64\Python27\python.exe "C:/Development/libsbml/examples/python/readSBML.py" "C:/Development/libsbml/examples/sample-models/from-spec/level-3/enzymekinetics.xml"
57: Environment variables: 
57:  PYTHONPATH=C:/Development/libsbml-64/src/bindings/python;C:/Development/libsbml-64/src/bindings/python/RelWithDebInfo;
57: Test timeout computed to be: 3000
57: ()
57:             filename: C:/Development/libsbml/examples/sample-models/from-spec/level-3/enzymekinetics.xml
57:            file size: 4021
57:       read time (ms): 0.00340406392433
57:  validation error(s): 0
57: ()
 57/175 Test  #57: test_python_readSBML ..........................   Passed    0.36 sec
test 58
        Start  58: test_python_replaceOneFD

58: Test command: C:\Python64\Python27\python.exe "C:/Development/libsbml/examples/python/replaceOneFD.py" "C:/Development/libsbml/examples/sample-models/from-spec/level-3/functiondef.xml" "f" "reaction_1" "replaceOneFD.out.xml"
58: Environment variables: 
58:  PYTHONPATH=C:/Development/libsbml-64/src/bindings/python;C:/Development/libsbml-64/src/bindings/python/RelWithDebInfo;
58: Test timeout computed to be: 3000
 58/175 Test  #58: test_python_replaceOneFD ......................   Passed    0.34 sec
test 59
        Start  59: test_python_setIdFromNames

59: Test command: C:\Python64\Python27\python.exe "C:/Development/libsbml/examples/python/setIdFromNames.py" "C:/Development/libsbml/examples/sample-models/from-spec/level-3/enzymekinetics.xml" "setIdFromNames.out.xml"
59: Environment variables: 
59:  PYTHONPATH=C:/Development/libsbml-64/src/bindings/python;C:/Development/libsbml-64/src/bindings/python/RelWithDebInfo;
59: Test timeout computed to be: 3000
59: 
59:             filename: C:/Development/libsbml/examples/sample-models/from-spec/level-3/enzymekinetics.xml
59:       read time (ms): 16.0
59:     rename time (ms): 0.0
59:      write time (ms): 0.0
59: 
 59/175 Test  #59: test_python_setIdFromNames ....................   Passed    0.28 sec
test 60
        Start  60: test_python_unsetAnnotation

60: Test command: C:\Python64\Python27\python.exe "C:/Development/libsbml/examples/python/unsetAnnotation.py" "C:/Development/libsbml/examples/sample-models/from-spec/level-3/enzymekinetics.xml" "unsetAnnotation.out.xml"
60: Environment variables: 
60:  PYTHONPATH=C:/Development/libsbml-64/src/bindings/python;C:/Development/libsbml-64/src/bindings/python/RelWithDebInfo;
60: Test timeout computed to be: 3000
 60/175 Test  #60: test_python_unsetAnnotation ...................   Passed    0.33 sec
test 61
        Start  61: test_python_unsetNotes

61: Test command: C:\Python64\Python27\python.exe "C:/Development/libsbml/examples/python/unsetNotes.py" "C:/Development/libsbml/examples/sample-models/from-spec/level-3/enzymekinetics.xml" "unsetNotes.out.xml"
61: Environment variables: 
61:  PYTHONPATH=C:/Development/libsbml-64/src/bindings/python;C:/Development/libsbml-64/src/bindings/python/RelWithDebInfo;
61: Test timeout computed to be: 3000
 61/175 Test  #61: test_python_unsetNotes ........................   Passed    0.34 sec
test 62
        Start  62: test_python_validateSBML

62: Test command: C:\Python64\Python27\python.exe "C:/Development/libsbml/examples/python/validateSBML.py" "C:/Development/libsbml/examples/sample-models/from-spec/level-3/enzymekinetics.xml"
62: Environment variables: 
62:  PYTHONPATH=C:/Development/libsbml-64/src/bindings/python;C:/Development/libsbml-64/src/bindings/python/RelWithDebInfo;
62: Test timeout computed to be: 3000
62: ---------------------------------------------------------------------------
62:                  filename : C:/Development/libsbml/examples/sample-models/from-spec/level-3/enzymekinetics.xml
62:          file size (byte) : 4021
62:            read time (ms) : 0.000000
62:         c-check time (ms) : 0.000000
62:       validation error(s) : 0
62:     (consistency error(s)): 0
62:     validation warning(s) : 0
62:   (consistency warning(s)): 0
62: ---------------------------------------------------------------------------
62: Validated 1 files, 1 valid files, 0 invalid files
 62/175 Test  #62: test_python_validateSBML ......................   Passed    0.33 sec
test 63
        Start  63: test_python_stringInput

63: Test command: C:\Python64\Python27\python.exe "C:/Development/libsbml/examples/python/stringInput.py" "C:/Development/libsbml/examples/sample-models/from-spec/level-3/enzymekinetics.xml"
63: Environment variables: 
63:  PYTHONPATH=C:/Development/libsbml-64/src/bindings/python;C:/Development/libsbml-64/src/bindings/python/RelWithDebInfo;
63: Test timeout computed to be: 3000
63: filename: C:/Development/libsbml/examples/sample-models/from-spec/level-3/enzymekinetics.xml
63: 
63: <type 'str'>
63: <type 'str'>
 63/175 Test  #63: test_python_stringInput .......................   Passed    0.28 sec
test 64
        Start  64: test_python_stripPackage

64: Test command: C:\Python64\Python27\python.exe "C:/Development/libsbml/examples/python/stripPackage.py" "C:/Development/libsbml/examples/sample-models/fbc/fbc_example1.xml" "fbc" "stripPackage.out.xml"
64: Environment variables: 
64:  PYTHONPATH=C:/Development/libsbml-64/src/bindings/python;C:/Development/libsbml-64/src/bindings/python/RelWithDebInfo;
64: Test timeout computed to be: 3000
64: [OK] stripped package 'fbc' from C:/Development/libsbml/examples/sample-models/fbc/fbc_example1.xml to stripPackage.out.xml
 64/175 Test  #64: test_python_stripPackage ......................   Passed    0.30 sec
test 65
        Start  65: test_python_fbc_fbc_example1

65: Test command: C:\Python64\Python27\python.exe "C:/Development/libsbml/examples/python/fbc/fbc_example1.py"
65: Environment variables: 
65:  PYTHONPATH=C:/Development/libsbml-64/src/bindings/python;C:/Development/libsbml-64/src/bindings/python/RelWithDebInfo;
65: Test timeout computed to be: 3000
 65/175 Test  #65: test_python_fbc_fbc_example1 ..................   Passed    0.36 sec
test 66
        Start  66: test_python_groups_groups_example1

66: Test command: C:\Python64\Python27\python.exe "C:/Development/libsbml/examples/python/groups/groups_example1.py"
66: Environment variables: 
66:  PYTHONPATH=C:/Development/libsbml-64/src/bindings/python;C:/Development/libsbml-64/src/bindings/python/RelWithDebInfo;
66: Test timeout computed to be: 3000
 66/175 Test  #66: test_python_groups_groups_example1 ............   Passed    0.28 sec
test 67
        Start  67: test_python_layout_example1_L3

67: Test command: C:\Python64\Python27\python.exe "C:/Development/libsbml/examples/python/layout/example1-L3.py"
67: Environment variables: 
67:  PYTHONPATH=C:/Development/libsbml-64/src/bindings/python;C:/Development/libsbml-64/src/bindings/python/RelWithDebInfo;
67: Test timeout computed to be: 3000
 67/175 Test  #67: test_python_layout_example1_L3 ................   Passed    0.28 sec
test 68
        Start  68: test_python_layout_example1

68: Test command: C:\Python64\Python27\python.exe "C:/Development/libsbml/examples/python/layout/example1.py"
68: Environment variables: 
68:  PYTHONPATH=C:/Development/libsbml-64/src/bindings/python;C:/Development/libsbml-64/src/bindings/python/RelWithDebInfo;
68: Test timeout computed to be: 3000
 68/175 Test  #68: test_python_layout_example1 ...................   Passed    0.31 sec
test 69
        Start  69: test_python_multi_multi_example1

69: Test command: C:\Python64\Python27\python.exe "C:/Development/libsbml/examples/python/multi/multi_example1.py"
69: Environment variables: 
69:  PYTHONPATH=C:/Development/libsbml-64/src/bindings/python;C:/Development/libsbml-64/src/bindings/python/RelWithDebInfo;
69: Test timeout computed to be: 3000
 69/175 Test  #69: test_python_multi_multi_example1 ..............   Passed    0.42 sec
test 70
        Start  70: test_python_multi_multi_example2

70: Test command: C:\Python64\Python27\python.exe "C:/Development/libsbml/examples/python/multi/multi_example2.py"
70: Environment variables: 
70:  PYTHONPATH=C:/Development/libsbml-64/src/bindings/python;C:/Development/libsbml-64/src/bindings/python/RelWithDebInfo;
70: Test timeout computed to be: 3000
 70/175 Test  #70: test_python_multi_multi_example2 ..............   Passed    0.30 sec
test 71
        Start  71: test_python_multi_multi_example3

71: Test command: C:\Python64\Python27\python.exe "C:/Development/libsbml/examples/python/multi/multi_example3.py"
71: Environment variables: 
71:  PYTHONPATH=C:/Development/libsbml-64/src/bindings/python;C:/Development/libsbml-64/src/bindings/python/RelWithDebInfo;
71: Test timeout computed to be: 3000
 71/175 Test  #71: test_python_multi_multi_example3 ..............   Passed    0.28 sec
test 72
        Start  72: test_python_multi_printMulti

72: Test command: C:\Python64\Python27\python.exe "C:/Development/libsbml/examples/python/multi/printMulti.py"
72: Environment variables: 
72:  PYTHONPATH=C:/Development/libsbml-64/src/bindings/python;C:/Development/libsbml-64/src/bindings/python/RelWithDebInfo;
72: Test timeout computed to be: 3000
72: usage: printMulti sbml-file
 72/175 Test  #72: test_python_multi_printMulti ..................   Passed    0.27 sec
test 73
        Start  73: test_python_qual_qual_example1

73: Test command: C:\Python64\Python27\python.exe "C:/Development/libsbml/examples/python/qual/qual_example1.py"
73: Environment variables: 
73:  PYTHONPATH=C:/Development/libsbml-64/src/bindings/python;C:/Development/libsbml-64/src/bindings/python/RelWithDebInfo;
73: Test timeout computed to be: 3000
 73/175 Test  #73: test_python_qual_qual_example1 ................   Passed    0.27 sec
test 74
        Start  74: test_c_addCVTerms

74: Test command: C:\Development\libsbml-64\examples\c\RelWithDebInfo\addCVTerms.exe "C:/Development/libsbml/examples/sample-models/from-spec/level-3/enzymekinetics.xml" "addCVTerms.out.xml"
74: Test timeout computed to be: 3000
 74/175 Test  #74: test_c_addCVTerms .............................   Passed    0.67 sec
test 75
        Start  75: test_c_addingEvidenceCodes_1

75: Test command: C:\Development\libsbml-64\examples\c\RelWithDebInfo\addingEvidenceCodes_1.exe "C:/Development/libsbml/examples/sample-models/from-spec/level-3/enzymekinetics.xml" "addingEvidenceCodes_1.out.xml"
75: Test timeout computed to be: 3000
 75/175 Test  #75: test_c_addingEvidenceCodes_1 ..................   Passed    0.72 sec
test 76
        Start  76: test_c_addingEvidenceCodes_2

76: Test command: C:\Development\libsbml-64\examples\c\RelWithDebInfo\addingEvidenceCodes_2.exe "C:/Development/libsbml/examples/sample-models/from-spec/level-3/enzymekinetics.xml" "addingEvidenceCodes_2.out.xml"
76: Test timeout computed to be: 3000
 76/175 Test  #76: test_c_addingEvidenceCodes_2 ..................   Passed    1.25 sec
test 77
        Start  77: test_c_addModelHistory

77: Test command: C:\Development\libsbml-64\examples\c\RelWithDebInfo\addModelHistory.exe "C:/Development/libsbml/examples/sample-models/from-spec/level-3/enzymekinetics.xml" "addModelHistory.out.xml"
77: Test timeout computed to be: 3000
77: Status for addCreator: succeeded
77: Set created date:      succeeded
77: Set modified date:     succeeded
77: Set model history:     unknown
 77/175 Test  #77: test_c_addModelHistory ........................   Passed   34.82 sec
test 78
        Start  78: test_c_appendAnnotation

78: Test command: C:\Development\libsbml-64\examples\c\RelWithDebInfo\appendAnnotation.exe "C:/Development/libsbml/examples/sample-models/from-spec/level-3/enzymekinetics.xml" "appendAnnotation.out.xml"
78: Test timeout computed to be: 3000
 78/175 Test  #78: test_c_appendAnnotation .......................   Passed    2.00 sec
test 79
        Start  79: test_c_convertSBML

79: Test command: C:\Development\libsbml-64\examples\c\RelWithDebInfo\convertSBML.exe "C:/Development/libsbml/examples/sample-models/from-spec/level-3/enzymekinetics.xml" "convertSBML.out.xml"
79: Test timeout computed to be: 3000
79: Attempting to convert model to SBML Level 3 Version 2.
79: Conversion completed.
 79/175 Test  #79: test_c_convertSBML ............................   Passed    2.18 sec
test 80
        Start  80: test_c_createExampleSBML

80: Test command: C:\Development\libsbml-64\examples\c\RelWithDebInfo\createExampleSBML.exe "C:/Development/libsbml/examples/sample-models/from-spec/level-3/enzymekinetics.xml" "createExampleSBML.out.xml"
80: Test timeout computed to be: 3000
80: Wrote file "enzymaticreaction.xml"
80: Wrote file "units.xml"
80: line 1: (99505 [Warning]) In situations where a mathematical expression contains literal numbers or parameters whose units have not been declared, it is not possible to verify accurately the consistency of the units in the expression. 
80:  The units of the <kineticLaw> <math> expression 'f(S1) * compartmentOne / t' cannot be fully checked. Unit consistency reported as either no errors or further unit errors related to this object may not be accurate.
80: 
80: Notice: encountered 1 validation warning in model 'functionExample'.
80: Wrote file "functiondef.xml"
 80/175 Test  #80: test_c_createExampleSBML ......................   Passed    1.90 sec
test 81
        Start  81: test_c_drawMath

81: Test command: C:\Development\libsbml-64\examples\c\RelWithDebInfo\drawMath.exe "C:/Development/libsbml/examples/sample-models/from-spec/level-3/enzymekinetics.xml" "drawMath.out.xml"
81: Test timeout computed to be: 3000
81: 
81: 
 81/175 Test  #81: test_c_drawMath ...............................   Passed    1.20 sec
test 82
        Start  82: test_c_echoSBML

82: Test command: C:\Development\libsbml-64\examples\c\RelWithDebInfo\echoSBML.exe "C:/Development/libsbml/examples/sample-models/from-spec/level-3/enzymekinetics.xml" "echoSBML.out.xml"
82: Test timeout computed to be: 3000
 82/175 Test  #82: test_c_echoSBML ...............................   Passed    0.61 sec
test 83
        Start  83: test_c_printAnnotation

83: Test command: C:\Development\libsbml-64\examples\c\RelWithDebInfo\printAnnotation.exe "C:/Development/libsbml/examples/sample-models/from-spec/level-3/enzymekinetics.xml"
83: Test timeout computed to be: 3000
83: 
83: C:/Development/libsbml/examples/sample-models/from-spec/level-3/enzymekinetics.xml
83: 
 83/175 Test  #83: test_c_printAnnotation ........................   Passed    0.64 sec
test 84
        Start  84: test_c_printMath

84: Test command: C:\Development\libsbml-64\examples\c\RelWithDebInfo\printMath.exe "C:/Development/libsbml/examples/sample-models/from-spec/level-3/enzymekinetics.xml"
84: Test timeout computed to be: 3000
84: 
84: Reaction 1, formula: comp * (kon * E * S - koff * ES)
84: Reaction 2, formula: comp * kcat * ES
84: 
84: 
 84/175 Test  #84: test_c_printMath ..............................   Passed    1.14 sec
test 85
        Start  85: test_c_printNotes

85: Test command: C:\Development\libsbml-64\examples\c\RelWithDebInfo\printNotes.exe "C:/Development/libsbml/examples/sample-models/from-spec/level-3/enzymekinetics.xml"
85: Test timeout computed to be: 3000
85: 
85: C:/Development/libsbml/examples/sample-models/from-spec/level-3/enzymekinetics.xml
85: 
 85/175 Test  #85: test_c_printNotes .............................   Passed    0.64 sec
test 86
        Start  86: test_c_printRegisteredPackages

86: Test command: C:\Development\libsbml-64\examples\c\RelWithDebInfo\printRegisteredPackages.exe "C:/Development/libsbml/examples/sample-models/from-spec/level-3/enzymekinetics.xml"
86: Test timeout computed to be: 3000
86: This version of LibSBML: 5.17.3 includes: 
86: 	comp
86: 	fbc
86: 	groups
86: 	layout
86: 	render
86: 	l3v2extendedmath
86: 	multi
86: 	qual
86: 
 86/175 Test  #86: test_c_printRegisteredPackages ................   Passed    0.59 sec
test 87
        Start  87: test_c_printSBML

87: Test command: C:\Development\libsbml-64\examples\c\RelWithDebInfo\printSBML.exe "C:/Development/libsbml/examples/sample-models/from-spec/level-3/enzymekinetics.xml"
87: Test timeout computed to be: 3000
87: 
87: File: C:/Development/libsbml/examples/sample-models/from-spec/level-3/enzymekinetics.xml (Level 3, version 1)
87:            model id: (empty)
87: functionDefinitions: 0
87:     unitDefinitions: 2
87:    compartmentTypes: 0
87:         specieTypes: 0
87:        compartments: 1
87:             species: 4
87:          parameters: 0
87:  initialAssignments: 0
87:               rules: 0
87:         constraints: 0
87:           reactions: 2
87:              events: 0
87: 
 87/175 Test  #87: test_c_printSBML ..............................   Passed    0.64 sec
test 88
        Start  88: test_c_printSupported

88: Test command: C:\Development\libsbml-64\examples\c\RelWithDebInfo\printSupported.exe
88: Test timeout computed to be: 3000
88: LibSBML: 5.17.3 supports: 
88: 	SBML Level 1 Version: 1
88: 	SBML Level 1 Version: 2
88: 	SBML Level 2 Version: 1
88: 	SBML Level 2 Version: 2
88: 	SBML Level 2 Version: 3
88: 	SBML Level 2 Version: 4
88: 	SBML Level 2 Version: 5
88: 	SBML Level 3 Version: 1
88: 	SBML Level 3 Version: 2
88: 
88: LibSBML is compiled against: 
88: 	LibXML:      2.7.8
88: 	Zlib:        1.2.3
88: 	bzip2:       1.0.5, 10-Dec-2007
88: 
 88/175 Test  #88: test_c_printSupported .........................   Passed    0.56 sec
test 89
        Start  89: test_c_printUnits

89: Test command: C:\Development\libsbml-64\examples\c\RelWithDebInfo\printUnits.exe "C:/Development/libsbml/examples/sample-models/from-spec/level-3/enzymekinetics.xml"
89: Test timeout computed to be: 3000
89: Species 0: mole (exponent = 1, multiplier = 1, scale = 0), litre (exponent = -1, multiplier = 1, scale = 0)
89: Species 1: mole (exponent = 1, multiplier = 1, scale = 0), litre (exponent = -1, multiplier = 1, scale = 0)
89: Species 2: mole (exponent = 1, multiplier = 1, scale = 0), litre (exponent = -1, multiplier = 1, scale = 0)
89: Species 3: mole (exponent = 1, multiplier = 1, scale = 0), litre (exponent = -1, multiplier = 1, scale = 0)
89: Compartment 0: litre (exponent = 1, multiplier = 1, scale = 0)
89: Reaction 0: 
89: Kinetic Law: second (exponent = -1, multiplier = 1, scale = 0), mole (exponent = 1, multiplier = 1, scale = 0)
89:         undeclared units: no
89: Reaction 1: 
89: Kinetic Law: second (exponent = -1, multiplier = 1, scale = 0), mole (exponent = 1, multiplier = 1, scale = 0)
89:         undeclared units: no
 89/175 Test  #89: test_c_printUnits .............................   Passed    0.92 sec
test 90
        Start  90: test_c_promoteParameters

90: Test command: C:\Development\libsbml-64\examples\c\RelWithDebInfo\promoteParameters.exe "C:/Development/libsbml/examples/sample-models/from-spec/level-3/enzymekinetics.xml" "promoteParameters.out.xml"
90: Test timeout computed to be: 3000
 90/175 Test  #90: test_c_promoteParameters ......................   Passed    0.67 sec
test 91
        Start  91: test_c_readSBML

91: Test command: C:\Development\libsbml-64\examples\c\RelWithDebInfo\readSBML.exe "C:/Development/libsbml/examples/sample-models/from-spec/level-3/enzymekinetics.xml"
91: Test timeout computed to be: 3000
91: 
91:         filename: C:/Development/libsbml/examples/sample-models/from-spec/level-3/enzymekinetics.xml
91:        file size: 4021
91:   read time (ms): 343
91:         error(s): 0
91: 
 91/175 Test  #91: test_c_readSBML ...............................   Passed    0.98 sec
test 92
        Start  92: test_c_stripPackage

92: Test command: C:\Development\libsbml-64\examples\c\RelWithDebInfo\stripPackage.exe "C:/Development/libsbml/examples/sample-models/fbc/fbc_example1.xml" "fbc" "stripPackage.out.xml"
92: Test timeout computed to be: 3000
 92/175 Test  #92: test_c_stripPackage ...........................   Passed    0.86 sec
test 93
        Start  93: test_c_unsetAnnotation

93: Test command: C:\Development\libsbml-64\examples\c\RelWithDebInfo\unsetAnnotation.exe "C:/Development/libsbml/examples/sample-models/from-spec/level-3/enzymekinetics.xml" "unsetAnnotation.out.xml"
93: Test timeout computed to be: 3000
 93/175 Test  #93: test_c_unsetAnnotation ........................   Passed    0.64 sec
test 94
        Start  94: test_c_unsetNotes

94: Test command: C:\Development\libsbml-64\examples\c\RelWithDebInfo\unsetNotes.exe "C:/Development/libsbml/examples/sample-models/from-spec/level-3/enzymekinetics.xml" "unsetNotes.out.xml"
94: Test timeout computed to be: 3000
 94/175 Test  #94: test_c_unsetNotes .............................   Passed    0.95 sec
test 95
        Start  95: test_c_validateSBML

95: Test command: C:\Development\libsbml-64\examples\c\RelWithDebInfo\validateSBML.exe "C:/Development/libsbml/examples/sample-models/from-spec/level-3/enzymekinetics.xml"
95: Test timeout computed to be: 3000
95: 
95:         filename: C:/Development/libsbml/examples/sample-models/from-spec/level-3/enzymekinetics.xml
95:        file size: 4021
95:   read time (ms): 327
95:         error(s): 0
95: 
 95/175 Test  #95: test_c_validateSBML ...........................   Passed    0.92 sec
test 96
        Start  96: test_cxx_addCVTerms

96: Test command: C:\Development\libsbml-64\examples\c++\RelWithDebInfo\addCVTerms.exe "C:/Development/libsbml/examples/sample-models/from-spec/level-3/enzymekinetics.xml" "addCVTerms.out.xml"
96: Test timeout computed to be: 3000
 96/175 Test  #96: test_cxx_addCVTerms ...........................   Passed    0.92 sec
test 97
        Start  97: test_cxx_addCustomValidator

97: Test command: C:\Development\libsbml-64\examples\c++\RelWithDebInfo\addCustomValidator.exe "C:/Development/libsbml/examples/sample-models/from-spec/level-3/enzymekinetics.xml"
97: Test timeout computed to be: 3000
 97/175 Test  #97: test_cxx_addCustomValidator ...................   Passed    0.67 sec
test 98
        Start  98: test_cxx_addingEvidenceCodes_1

98: Test command: C:\Development\libsbml-64\examples\c++\RelWithDebInfo\addingEvidenceCodes_1.exe "C:/Development/libsbml/examples/sample-models/from-spec/level-3/enzymekinetics.xml" "addingEvidenceCodes_1.out.xml"
98: Test timeout computed to be: 3000
 98/175 Test  #98: test_cxx_addingEvidenceCodes_1 ................   Passed    0.66 sec
test 99
        Start  99: test_cxx_addingEvidenceCodes_2

99: Test command: C:\Development\libsbml-64\examples\c++\RelWithDebInfo\addingEvidenceCodes_2.exe "C:/Development/libsbml/examples/sample-models/from-spec/level-3/enzymekinetics.xml" "addingEvidenceCodes_2.out.xml"
99: Test timeout computed to be: 3000
 99/175 Test  #99: test_cxx_addingEvidenceCodes_2 ................   Passed    0.76 sec
test 100
        Start 100: test_cxx_addModelHistory

100: Test command: C:\Development\libsbml-64\examples\c++\RelWithDebInfo\addModelHistory.exe "C:/Development/libsbml/examples/sample-models/from-spec/level-3/enzymekinetics.xml" "addModelHistory.out.xml"
100: Test timeout computed to be: 3000
100: Status for addCreator: succeeded
100: Set created date:      succeeded
100: Set modified date:     succeeded
100: Set model history:     unknown
100/175 Test #100: test_cxx_addModelHistory ......................   Passed    0.61 sec
test 101
        Start 101: test_cxx_appendAnnotation

101: Test command: C:\Development\libsbml-64\examples\c++\RelWithDebInfo\appendAnnotation.exe "C:/Development/libsbml/examples/sample-models/from-spec/level-3/enzymekinetics.xml" "appendAnnotation.out.xml"
101: Test timeout computed to be: 3000
101/175 Test #101: test_cxx_appendAnnotation .....................   Passed    0.66 sec
test 102
        Start 102: test_cxx_callExternalValidator

102: Test command: C:\Development\libsbml-64\examples\c++\RelWithDebInfo\callExternalValidator.exe "C:/Development/libsbml/examples/sample-models/from-spec/level-3/enzymekinetics.xml" "callExternalValidator.out.xml"
102: Test timeout computed to be: 3000
102/175 Test #102: test_cxx_callExternalValidator ................   Passed    0.80 sec
test 103
        Start 103: test_cxx_convertSBML

103: Test command: C:\Development\libsbml-64\examples\c++\RelWithDebInfo\convertSBML.exe "C:/Development/libsbml/examples/sample-models/from-spec/level-3/enzymekinetics.xml" "convertSBML.out.xml"
103: Test timeout computed to be: 3000
103: Attempting to convert Level 3 Version 1 model to Level 3 Version 2.
103: Conversion completed.
103/175 Test #103: test_cxx_convertSBML ..........................   Passed    0.59 sec
test 104
        Start 104: test_cxx_convertToL1V1

104: Test command: C:\Development\libsbml-64\examples\c++\RelWithDebInfo\convertToL1V1.exe "C:/Development/libsbml/examples/sample-models/from-spec/level-3/enzymekinetics.xml" "convertToL1V1.out.xml"
104: Test timeout computed to be: 3000
104: Conversion completed.
104/175 Test #104: test_cxx_convertToL1V1 ........................   Passed    0.75 sec
test 105
        Start 105: test_cxx_createExampleSBML

105: Test command: C:\Development\libsbml-64\examples\c++\RelWithDebInfo\createExampleSBML.exe "C:/Development/libsbml/examples/sample-models/from-spec/level-3/enzymekinetics.xml" "createExampleSBML.out.xml"
105: Test timeout computed to be: 3000
105: Wrote file "enzymaticreaction.xml"
105: Wrote file "units.xml"
105: 
105: Notice: encountered 1 validation warning in model 'functionExample'.
105: 
105: line 1: (99505 [Warning]) In situations where a mathematical expression contains literal numbers or parameters whose units have not been declared, it is not possible to verify accurately the consistency of the units in the expression. 
105:  The units of the <kineticLaw> <math> expression 'f(S1) * compartmentOne / t' cannot be fully checked. Unit consistency reported as either no errors or further unit errors related to this object may not be accurate.
105: 
105: Wrote file "functiondef.xml"
105/175 Test #105: test_cxx_createExampleSBML ....................   Passed    0.83 sec
test 106
        Start 106: test_cxx_echoSBML

106: Test command: C:\Development\libsbml-64\examples\c++\RelWithDebInfo\echoSBML.exe "C:/Development/libsbml/examples/sample-models/from-spec/level-3/enzymekinetics.xml" "echoSBML.out.xml"
106: Test timeout computed to be: 3000
106/175 Test #106: test_cxx_echoSBML .............................   Passed    0.67 sec
test 107
        Start 107: test_cxx_inferUnits

107: Test command: C:\Development\libsbml-64\examples\c++\RelWithDebInfo\inferUnits.exe "C:/Development/libsbml/examples/sample-models/from-spec/level-3/enzymekinetics.xml" "inferUnits.out.xml"
107: Test timeout computed to be: 3000
107/175 Test #107: test_cxx_inferUnits ...........................   Passed    0.69 sec
test 108
        Start 108: test_cxx_inlineFunctionDefintions

108: Test command: C:\Development\libsbml-64\examples\c++\RelWithDebInfo\inlineFunctionDefintions.exe "C:/Development/libsbml/examples/sample-models/from-spec/level-3/enzymekinetics.xml" "inlineFunctionDefintions.out.xml"
108: Test timeout computed to be: 3000
108: Conversion completed.
108/175 Test #108: test_cxx_inlineFunctionDefintions .............   Passed    0.81 sec
test 109
        Start 109: test_cxx_convertReactions

109: Test command: C:\Development\libsbml-64\examples\c++\RelWithDebInfo\convertReactions.exe "C:/Development/libsbml/examples/sample-models/from-spec/level-3/enzymekinetics.xml" "convertReactions.out.xml"
109: Test timeout computed to be: 3000
109: Conversion completed.
109/175 Test #109: test_cxx_convertReactions .....................   Passed    0.69 sec
test 110
        Start 110: test_cxx_getAllElementsWithNotes

110: Test command: C:\Development\libsbml-64\examples\c++\RelWithDebInfo\getAllElementsWithNotes.exe "C:/Development/libsbml/examples/sample-models/from-spec/level-3/enzymekinetics.xml"
110: Test timeout computed to be: 3000
110: 
110:             filename: C:/Development/libsbml/examples/sample-models/from-spec/level-3/enzymekinetics.xml
110:       read time (ms): 31
110:     searching ......:
110:     search time (ms): 0
110:  elements with notes: 0
110/175 Test #110: test_cxx_getAllElementsWithNotes ..............   Passed    0.80 sec
test 111
        Start 111: test_cxx_printAnnotation

111: Test command: C:\Development\libsbml-64\examples\c++\RelWithDebInfo\printAnnotation.exe "C:/Development/libsbml/examples/sample-models/from-spec/level-3/enzymekinetics.xml"
111: Test timeout computed to be: 3000
111: 
111: filename: C:/Development/libsbml/examples/sample-models/from-spec/level-3/enzymekinetics.xml
111: 
111/175 Test #111: test_cxx_printAnnotation ......................   Passed    0.81 sec
test 112
        Start 112: test_cxx_printMath

112: Test command: C:\Development\libsbml-64\examples\c++\RelWithDebInfo\printMath.exe "C:/Development/libsbml/examples/sample-models/from-spec/level-3/enzymekinetics.xml"
112: Test timeout computed to be: 3000
112: 
112: Reaction 1, formula: comp * (kon * E * S - koff * ES)
112: Reaction 2, formula: comp * kcat * ES
112: 
112: 
112/175 Test #112: test_cxx_printMath ............................   Passed    0.94 sec
test 113
        Start 113: test_cxx_printNotes

113: Test command: C:\Development\libsbml-64\examples\c++\RelWithDebInfo\printNotes.exe "C:/Development/libsbml/examples/sample-models/from-spec/level-3/enzymekinetics.xml"
113: Test timeout computed to be: 3000
113: 
113: filename: C:/Development/libsbml/examples/sample-models/from-spec/level-3/enzymekinetics.xml
113: 
113/175 Test #113: test_cxx_printNotes ...........................   Passed    0.87 sec
test 114
        Start 114: test_cxx_printSBML

114: Test command: C:\Development\libsbml-64\examples\c++\RelWithDebInfo\printSBML.exe "C:/Development/libsbml/examples/sample-models/from-spec/level-3/enzymekinetics.xml"
114: Test timeout computed to be: 3000
114: 
114: File: C:/Development/libsbml/examples/sample-models/from-spec/level-3/enzymekinetics.xml (Level 3, version 1)
114:                  id: (empty)
114: functionDefinitions: 0
114:     unitDefinitions: 2
114:    compartmentTypes: 0
114:         specieTypes: 0
114:        compartments: 1
114:             species: 4
114:          parameters: 0
114:  initialAssignments: 0
114:               rules: 0
114:         constraints: 0
114:           reactions: 2
114:              events: 0
114: 
114/175 Test #114: test_cxx_printSBML ............................   Passed    1.29 sec
test 115
        Start 115: test_cxx_printRegisteredPackages

115: Test command: C:\Development\libsbml-64\examples\c++\RelWithDebInfo\printRegisteredPackages.exe "C:/Development/libsbml/examples/sample-models/from-spec/level-3/enzymekinetics.xml" "printRegisteredPackages.out.xml"
115: Test timeout computed to be: 3000
115: This version of LibSBML: 5.17.3 includes: 
115: 	comp
115: 	fbc
115: 	groups
115: 	layout
115: 	render
115: 	l3v2extendedmath
115: 	multi
115: 	qual
115: 
115/175 Test #115: test_cxx_printRegisteredPackages ..............   Passed    1.70 sec
test 116
        Start 116: test_cxx_printSupported

116: Test command: C:\Development\libsbml-64\examples\c++\RelWithDebInfo\printSupported.exe "C:/Development/libsbml/examples/sample-models/from-spec/level-3/enzymekinetics.xml" "printSupported.out.xml"
116: Test timeout computed to be: 3000
116: LibSBML: 5.17.3 supports: 
116: 	SBML Level 1 Version: 1
116: 	SBML Level 1 Version: 2
116: 	SBML Level 2 Version: 1
116: 	SBML Level 2 Version: 2
116: 	SBML Level 2 Version: 3
116: 	SBML Level 2 Version: 4
116: 	SBML Level 2 Version: 5
116: 	SBML Level 3 Version: 1
116: 	SBML Level 3 Version: 2
116: 
116: LibSBML is compiled against: 
116: 	LibXML:     2.7.8
116: 	Zlib:       1.2.3
116: 	bzip2:      1.0.5, 10-Dec-2007
116: 
116/175 Test #116: test_cxx_printSupported .......................   Passed    0.80 sec
test 117
        Start 117: test_cxx_printUnits

117: Test command: C:\Development\libsbml-64\examples\c++\RelWithDebInfo\printUnits.exe "C:/Development/libsbml/examples/sample-models/from-spec/level-3/enzymekinetics.xml"
117: Test timeout computed to be: 3000
117: Species 0: mole (exponent = 1, multiplier = 1, scale = 0), litre (exponent = -1, multiplier = 1, scale = 0)
117: Species 1: mole (exponent = 1, multiplier = 1, scale = 0), litre (exponent = -1, multiplier = 1, scale = 0)
117: Species 2: mole (exponent = 1, multiplier = 1, scale = 0), litre (exponent = -1, multiplier = 1, scale = 0)
117: Species 3: mole (exponent = 1, multiplier = 1, scale = 0), litre (exponent = -1, multiplier = 1, scale = 0)
117: Compartment 0: litre (exponent = 1, multiplier = 1, scale = 0)
117: Reaction 0: 
117: Kinetic Law: second (exponent = -1, multiplier = 1, scale = 0), mole (exponent = 1, multiplier = 1, scale = 0)
117:         undeclared units: no
117: Reaction 1: 
117: Kinetic Law: second (exponent = -1, multiplier = 1, scale = 0), mole (exponent = 1, multiplier = 1, scale = 0)
117:         undeclared units: no
117/175 Test #117: test_cxx_printUnits ...........................   Passed    1.00 sec
test 118
        Start 118: test_cxx_promoteParameters

118: Test command: C:\Development\libsbml-64\examples\c++\RelWithDebInfo\promoteParameters.exe "C:/Development/libsbml/examples/sample-models/from-spec/level-3/enzymekinetics.xml" "promoteParameters.out.xml"
118: Test timeout computed to be: 3000
118/175 Test #118: test_cxx_promoteParameters ....................   Passed    0.87 sec
test 119
        Start 119: test_cxx_readSBML

119: Test command: C:\Development\libsbml-64\examples\c++\RelWithDebInfo\readSBML.exe "C:/Development/libsbml/examples/sample-models/from-spec/level-3/enzymekinetics.xml"
119: Test timeout computed to be: 3000
119: 
119:             filename: C:/Development/libsbml/examples/sample-models/from-spec/level-3/enzymekinetics.xml
119:            file size: 4021
119:       read time (ms): 31
119:  validation error(s): 0
119: 
119/175 Test #119: test_cxx_readSBML .............................   Passed    0.78 sec
test 120
        Start 120: test_cxx_renameSId

120: Test command: C:\Development\libsbml-64\examples\c++\RelWithDebInfo\renameSId.exe "C:/Development/libsbml/examples/sample-models/from-spec/level-3/enzymekinetics.xml" "veq" "veqnew" "renameSId.out.xml"
120: Test timeout computed to be: 3000
120: 
120:             filename: C:/Development/libsbml/examples/sample-models/from-spec/level-3/enzymekinetics.xml
120:            file size: 4021
120:       read time (ms): 78
120:             error(s): 0
120: 
120/175 Test #120: test_cxx_renameSId ............................   Passed    0.90 sec
test 121
        Start 121: test_cxx_setIdFromNames

121: Test command: C:\Development\libsbml-64\examples\c++\RelWithDebInfo\setIdFromNames.exe "C:/Development/libsbml/examples/sample-models/from-spec/level-3/enzymekinetics.xml" "setIdFromNames.out.xml"
121: Test timeout computed to be: 3000
121: 
121:             filename: C:/Development/libsbml/examples/sample-models/from-spec/level-3/enzymekinetics.xml
121:       read time (ms): 187
121:     rename time (ms): 0
121:      write time (ms): 16
121: 
121/175 Test #121: test_cxx_setIdFromNames .......................   Passed    0.98 sec
test 122
        Start 122: test_cxx_setNamesFromIds

122: Test command: C:\Development\libsbml-64\examples\c++\RelWithDebInfo\setNamesFromIds.exe "C:/Development/libsbml/examples/sample-models/from-spec/level-3/enzymekinetics.xml" "setNamesFromIds.out.xml"
122: Test timeout computed to be: 3000
122: 
122:             filename: C:/Development/libsbml/examples/sample-models/from-spec/level-3/enzymekinetics.xml
122:       read time (ms): 78
122:     rename time (ms): 0
122:      write time (ms): 0
122: 
122/175 Test #122: test_cxx_setNamesFromIds ......................   Passed    1.01 sec
test 123
        Start 123: test_cxx_stripPackage

123: Test command: C:\Development\libsbml-64\examples\c++\RelWithDebInfo\stripPackage.exe "C:/Development/libsbml/examples/sample-models/fbc/fbc_example1.xml" "fbc" "stripPackage.out.xml"
123: Test timeout computed to be: 3000
123/175 Test #123: test_cxx_stripPackage .........................   Passed    0.62 sec
test 124
        Start 124: test_cxx_unsetAnnotation

124: Test command: C:\Development\libsbml-64\examples\c++\RelWithDebInfo\unsetAnnotation.exe "C:/Development/libsbml/examples/sample-models/from-spec/level-3/enzymekinetics.xml" "unsetAnnotation.out.xml"
124: Test timeout computed to be: 3000
124/175 Test #124: test_cxx_unsetAnnotation ......................   Passed    1.68 sec
test 125
        Start 125: test_cxx_unsetNotes

125: Test command: C:\Development\libsbml-64\examples\c++\RelWithDebInfo\unsetNotes.exe "C:/Development/libsbml/examples/sample-models/from-spec/level-3/enzymekinetics.xml" "unsetNotes.out.xml"
125: Test timeout computed to be: 3000
125/175 Test #125: test_cxx_unsetNotes ...........................   Passed    0.64 sec
test 126
        Start 126: test_cxx_validateSBML

126: Test command: C:\Development\libsbml-64\examples\c++\RelWithDebInfo\validateSBML.exe "C:/Development/libsbml/examples/sample-models/from-spec/level-3/enzymekinetics.xml"
126: Test timeout computed to be: 3000
126:                  filename : C:/Development/libsbml/examples/sample-models/from-spec/level-3/enzymekinetics.xml
126:          file size (byte) : 4021
126:            read time (ms) : 47
126:         c-check time (ms) : 0
126:       validation error(s) : 0
126:     (consistency error(s)): 0
126:     validation warning(s) : 0
126:   (consistency warning(s)): 0
126: ---------------------------------------------------------------------------
126: Validated 1 files, 1 valid files, 0 invalid files
126/175 Test #126: test_cxx_validateSBML .........................   Passed    0.78 sec
test 127
        Start 127: test_cs_addCVTerms

127: Test command: C:\Development\libsbml-64\examples\csharp\addCVTerms.exe "C:/Development/libsbml/examples/sample-models/from-spec/level-3/enzymekinetics.xml" "addCVTerms.out.xml"
127: Environment variables: 
127:  PATH=C:/Development/libsbml-64/src/bindings/csharp/RelWithDebInfo
127:  C:/Development/libsbml-64/src/bindings/csharp/RelWithDebInfo
127:  c:\Program Files (x86)\Microsoft F#\v4.0
127:  c:\Program Files (x86)\Microsoft Visual Studio 10.0\VSTSDB\Deploy
127:  c:\Program Files (x86)\Microsoft Visual Studio 10.0\Common7\IDE
127:  c:\Program Files (x86)\Microsoft Visual Studio 10.0\VC\BIN
127:  c:\Program Files (x86)\Microsoft Visual Studio 10.0\Common7\Tools
127:  c:\Windows\Microsoft.NET\Framework\v4.0.30319
127:  c:\Windows\Microsoft.NET\Framework\v3.5
127:  c:\Program Files (x86)\Microsoft Visual Studio 10.0\VC\VCPackages
127:  C:\Program Files (x86)\HTML Help Workshop
127:  C:\Program Files (x86)\HTML Help Workshop
127:  c:\Program Files (x86)\Microsoft Visual Studio 10.0\Team Tools\Performance Tools
127:  C:\Program Files (x86)\Microsoft SDKs\Windows\v7.0A\bin\NETFX 4.0 Tools
127:  C:\Program Files (x86)\Microsoft SDKs\Windows\v7.0A\bin
127:  c:\Program Files (x86)\CMake 2.8\bin
127:  C:\Program Files (x86)\CMake\bin
127:  C:\Perl_516\site\bin
127:  C:\Perl_516\bin
127:  C:\Perl64_516\site\bin
127:  C:\Perl64_516\bin
127:  C:\Perl64\site\bin
127:  C:\Perl64\bin
127:  C:\Perl32\site\bin
127:  C:\Perl32\bin
127:  C:\Windows\system32
127:  C:\Windows
127:  C:\Windows\System32\Wbem
127:  C:\Windows\System32\WindowsPowerShell\v1.0
127:  C:\Program Files\MATLAB\R2014a\runtime\win64
127:  C:\Program Files\MATLAB\R2014a\bin
127:  C:\Program Files\MATLAB\R2011b\runtime\win64
127:  C:\Program Files\MATLAB\R2011b\bin
127:  C:\Program Files (x86)\MATLAB\R2011b\runtime\win32
127:  C:\Program Files (x86)\MATLAB\R2011b\bin
127:  c:\Program Files (x86)\Microsoft SQL Server\100\Tools\Binn
127:  c:\Program Files\Microsoft SQL Server\100\Tools\Binn
127:  c:\Program Files\Microsoft SQL Server\100\DTS\Binn
127:  C:\Program Files (x86)\CMake 2.8\bin
127:  c:\Program Files (x86)\Microsoft ASP.NET\ASP.NET Web Pages\v1.0
127:  C:\Program Files\Microsoft\Web Platform Installer
127:  C:\Program Files\TortoiseHg
127:  C:\Program Files (x86)\Microsoft SQL Server\110\Tools\Binn
127:  C:\Program Files\Microsoft SQL Server\110\Tools\Binn
127:  C:\Program Files\Microsoft SQL Server\110\DTS\Binn
127:  C:\Program Files (x86)\Microsoft SQL Server\110\Tools\Binn\ManagementStudio
127:  C:\Program Files (x86)\Microsoft SQL Server\110\DTS\Binn
127:  C:\ProgramData\chocolatey\bin
127:  C:\Program Files\nodejs
127:  C:\Program Files (x86)\CMake\bin
127:  C:\Program Files\TortoiseGit\bin
127:  C:\Program Files\TortoiseSVN\bin
127:  C:\Program Files (x86)\nodejs
127:  C:\Program Files\Git\cmd
127:  c:\bin
127:  C:/tools/ninja
127:  C:\Users\fbergman\AppData\Roaming\npm
127: Test timeout computed to be: 3000
127/175 Test #127: test_cs_addCVTerms ............................   Passed    0.78 sec
test 128
        Start 128: test_cs_addingEvidenceCodes_1

128: Test command: C:\Development\libsbml-64\examples\csharp\addingEvidenceCodes_1.exe "C:/Development/libsbml/examples/sample-models/from-spec/level-3/enzymekinetics.xml" "addingEvidenceCodes_1.out.xml"
128: Environment variables: 
128:  PATH=C:/Development/libsbml-64/src/bindings/csharp/RelWithDebInfo
128:  C:/Development/libsbml-64/src/bindings/csharp/RelWithDebInfo
128:  c:\Program Files (x86)\Microsoft F#\v4.0
128:  c:\Program Files (x86)\Microsoft Visual Studio 10.0\VSTSDB\Deploy
128:  c:\Program Files (x86)\Microsoft Visual Studio 10.0\Common7\IDE
128:  c:\Program Files (x86)\Microsoft Visual Studio 10.0\VC\BIN
128:  c:\Program Files (x86)\Microsoft Visual Studio 10.0\Common7\Tools
128:  c:\Windows\Microsoft.NET\Framework\v4.0.30319
128:  c:\Windows\Microsoft.NET\Framework\v3.5
128:  c:\Program Files (x86)\Microsoft Visual Studio 10.0\VC\VCPackages
128:  C:\Program Files (x86)\HTML Help Workshop
128:  C:\Program Files (x86)\HTML Help Workshop
128:  c:\Program Files (x86)\Microsoft Visual Studio 10.0\Team Tools\Performance Tools
128:  C:\Program Files (x86)\Microsoft SDKs\Windows\v7.0A\bin\NETFX 4.0 Tools
128:  C:\Program Files (x86)\Microsoft SDKs\Windows\v7.0A\bin
128:  c:\Program Files (x86)\CMake 2.8\bin
128:  C:\Program Files (x86)\CMake\bin
128:  C:\Perl_516\site\bin
128:  C:\Perl_516\bin
128:  C:\Perl64_516\site\bin
128:  C:\Perl64_516\bin
128:  C:\Perl64\site\bin
128:  C:\Perl64\bin
128:  C:\Perl32\site\bin
128:  C:\Perl32\bin
128:  C:\Windows\system32
128:  C:\Windows
128:  C:\Windows\System32\Wbem
128:  C:\Windows\System32\WindowsPowerShell\v1.0
128:  C:\Program Files\MATLAB\R2014a\runtime\win64
128:  C:\Program Files\MATLAB\R2014a\bin
128:  C:\Program Files\MATLAB\R2011b\runtime\win64
128:  C:\Program Files\MATLAB\R2011b\bin
128:  C:\Program Files (x86)\MATLAB\R2011b\runtime\win32
128:  C:\Program Files (x86)\MATLAB\R2011b\bin
128:  c:\Program Files (x86)\Microsoft SQL Server\100\Tools\Binn
128:  c:\Program Files\Microsoft SQL Server\100\Tools\Binn
128:  c:\Program Files\Microsoft SQL Server\100\DTS\Binn
128:  C:\Program Files (x86)\CMake 2.8\bin
128:  c:\Program Files (x86)\Microsoft ASP.NET\ASP.NET Web Pages\v1.0
128:  C:\Program Files\Microsoft\Web Platform Installer
128:  C:\Program Files\TortoiseHg
128:  C:\Program Files (x86)\Microsoft SQL Server\110\Tools\Binn
128:  C:\Program Files\Microsoft SQL Server\110\Tools\Binn
128:  C:\Program Files\Microsoft SQL Server\110\DTS\Binn
128:  C:\Program Files (x86)\Microsoft SQL Server\110\Tools\Binn\ManagementStudio
128:  C:\Program Files (x86)\Microsoft SQL Server\110\DTS\Binn
128:  C:\ProgramData\chocolatey\bin
128:  C:\Program Files\nodejs
128:  C:\Program Files (x86)\CMake\bin
128:  C:\Program Files\TortoiseGit\bin
128:  C:\Program Files\TortoiseSVN\bin
128:  C:\Program Files (x86)\nodejs
128:  C:\Program Files\Git\cmd
128:  c:\bin
128:  C:/tools/ninja
128:  C:\Users\fbergman\AppData\Roaming\npm
128: Test timeout computed to be: 3000
128/175 Test #128: test_cs_addingEvidenceCodes_1 .................   Passed    0.23 sec
test 129
        Start 129: test_cs_addingEvidenceCodes_2

129: Test command: C:\Development\libsbml-64\examples\csharp\addingEvidenceCodes_2.exe "C:/Development/libsbml/examples/sample-models/from-spec/level-3/enzymekinetics.xml" "addingEvidenceCodes_2.out.xml"
129: Environment variables: 
129:  PATH=C:/Development/libsbml-64/src/bindings/csharp/RelWithDebInfo
129:  C:/Development/libsbml-64/src/bindings/csharp/RelWithDebInfo
129:  c:\Program Files (x86)\Microsoft F#\v4.0
129:  c:\Program Files (x86)\Microsoft Visual Studio 10.0\VSTSDB\Deploy
129:  c:\Program Files (x86)\Microsoft Visual Studio 10.0\Common7\IDE
129:  c:\Program Files (x86)\Microsoft Visual Studio 10.0\VC\BIN
129:  c:\Program Files (x86)\Microsoft Visual Studio 10.0\Common7\Tools
129:  c:\Windows\Microsoft.NET\Framework\v4.0.30319
129:  c:\Windows\Microsoft.NET\Framework\v3.5
129:  c:\Program Files (x86)\Microsoft Visual Studio 10.0\VC\VCPackages
129:  C:\Program Files (x86)\HTML Help Workshop
129:  C:\Program Files (x86)\HTML Help Workshop
129:  c:\Program Files (x86)\Microsoft Visual Studio 10.0\Team Tools\Performance Tools
129:  C:\Program Files (x86)\Microsoft SDKs\Windows\v7.0A\bin\NETFX 4.0 Tools
129:  C:\Program Files (x86)\Microsoft SDKs\Windows\v7.0A\bin
129:  c:\Program Files (x86)\CMake 2.8\bin
129:  C:\Program Files (x86)\CMake\bin
129:  C:\Perl_516\site\bin
129:  C:\Perl_516\bin
129:  C:\Perl64_516\site\bin
129:  C:\Perl64_516\bin
129:  C:\Perl64\site\bin
129:  C:\Perl64\bin
129:  C:\Perl32\site\bin
129:  C:\Perl32\bin
129:  C:\Windows\system32
129:  C:\Windows
129:  C:\Windows\System32\Wbem
129:  C:\Windows\System32\WindowsPowerShell\v1.0
129:  C:\Program Files\MATLAB\R2014a\runtime\win64
129:  C:\Program Files\MATLAB\R2014a\bin
129:  C:\Program Files\MATLAB\R2011b\runtime\win64
129:  C:\Program Files\MATLAB\R2011b\bin
129:  C:\Program Files (x86)\MATLAB\R2011b\runtime\win32
129:  C:\Program Files (x86)\MATLAB\R2011b\bin
129:  c:\Program Files (x86)\Microsoft SQL Server\100\Tools\Binn
129:  c:\Program Files\Microsoft SQL Server\100\Tools\Binn
129:  c:\Program Files\Microsoft SQL Server\100\DTS\Binn
129:  C:\Program Files (x86)\CMake 2.8\bin
129:  c:\Program Files (x86)\Microsoft ASP.NET\ASP.NET Web Pages\v1.0
129:  C:\Program Files\Microsoft\Web Platform Installer
129:  C:\Program Files\TortoiseHg
129:  C:\Program Files (x86)\Microsoft SQL Server\110\Tools\Binn
129:  C:\Program Files\Microsoft SQL Server\110\Tools\Binn
129:  C:\Program Files\Microsoft SQL Server\110\DTS\Binn
129:  C:\Program Files (x86)\Microsoft SQL Server\110\Tools\Binn\ManagementStudio
129:  C:\Program Files (x86)\Microsoft SQL Server\110\DTS\Binn
129:  C:\ProgramData\chocolatey\bin
129:  C:\Program Files\nodejs
129:  C:\Program Files (x86)\CMake\bin
129:  C:\Program Files\TortoiseGit\bin
129:  C:\Program Files\TortoiseSVN\bin
129:  C:\Program Files (x86)\nodejs
129:  C:\Program Files\Git\cmd
129:  c:\bin
129:  C:/tools/ninja
129:  C:\Users\fbergman\AppData\Roaming\npm
129: Test timeout computed to be: 3000
129/175 Test #129: test_cs_addingEvidenceCodes_2 .................   Passed    0.11 sec
test 130
        Start 130: test_cs_addModelHistory

130: Test command: C:\Development\libsbml-64\examples\csharp\addModelHistory.exe "C:/Development/libsbml/examples/sample-models/from-spec/level-3/enzymekinetics.xml" "addModelHistory.out.xml"
130: Environment variables: 
130:  PATH=C:/Development/libsbml-64/src/bindings/csharp/RelWithDebInfo
130:  C:/Development/libsbml-64/src/bindings/csharp/RelWithDebInfo
130:  c:\Program Files (x86)\Microsoft F#\v4.0
130:  c:\Program Files (x86)\Microsoft Visual Studio 10.0\VSTSDB\Deploy
130:  c:\Program Files (x86)\Microsoft Visual Studio 10.0\Common7\IDE
130:  c:\Program Files (x86)\Microsoft Visual Studio 10.0\VC\BIN
130:  c:\Program Files (x86)\Microsoft Visual Studio 10.0\Common7\Tools
130:  c:\Windows\Microsoft.NET\Framework\v4.0.30319
130:  c:\Windows\Microsoft.NET\Framework\v3.5
130:  c:\Program Files (x86)\Microsoft Visual Studio 10.0\VC\VCPackages
130:  C:\Program Files (x86)\HTML Help Workshop
130:  C:\Program Files (x86)\HTML Help Workshop
130:  c:\Program Files (x86)\Microsoft Visual Studio 10.0\Team Tools\Performance Tools
130:  C:\Program Files (x86)\Microsoft SDKs\Windows\v7.0A\bin\NETFX 4.0 Tools
130:  C:\Program Files (x86)\Microsoft SDKs\Windows\v7.0A\bin
130:  c:\Program Files (x86)\CMake 2.8\bin
130:  C:\Program Files (x86)\CMake\bin
130:  C:\Perl_516\site\bin
130:  C:\Perl_516\bin
130:  C:\Perl64_516\site\bin
130:  C:\Perl64_516\bin
130:  C:\Perl64\site\bin
130:  C:\Perl64\bin
130:  C:\Perl32\site\bin
130:  C:\Perl32\bin
130:  C:\Windows\system32
130:  C:\Windows
130:  C:\Windows\System32\Wbem
130:  C:\Windows\System32\WindowsPowerShell\v1.0
130:  C:\Program Files\MATLAB\R2014a\runtime\win64
130:  C:\Program Files\MATLAB\R2014a\bin
130:  C:\Program Files\MATLAB\R2011b\runtime\win64
130:  C:\Program Files\MATLAB\R2011b\bin
130:  C:\Program Files (x86)\MATLAB\R2011b\runtime\win32
130:  C:\Program Files (x86)\MATLAB\R2011b\bin
130:  c:\Program Files (x86)\Microsoft SQL Server\100\Tools\Binn
130:  c:\Program Files\Microsoft SQL Server\100\Tools\Binn
130:  c:\Program Files\Microsoft SQL Server\100\DTS\Binn
130:  C:\Program Files (x86)\CMake 2.8\bin
130:  c:\Program Files (x86)\Microsoft ASP.NET\ASP.NET Web Pages\v1.0
130:  C:\Program Files\Microsoft\Web Platform Installer
130:  C:\Program Files\TortoiseHg
130:  C:\Program Files (x86)\Microsoft SQL Server\110\Tools\Binn
130:  C:\Program Files\Microsoft SQL Server\110\Tools\Binn
130:  C:\Program Files\Microsoft SQL Server\110\DTS\Binn
130:  C:\Program Files (x86)\Microsoft SQL Server\110\Tools\Binn\ManagementStudio
130:  C:\Program Files (x86)\Microsoft SQL Server\110\DTS\Binn
130:  C:\ProgramData\chocolatey\bin
130:  C:\Program Files\nodejs
130:  C:\Program Files (x86)\CMake\bin
130:  C:\Program Files\TortoiseGit\bin
130:  C:\Program Files\TortoiseSVN\bin
130:  C:\Program Files (x86)\nodejs
130:  C:\Program Files\Git\cmd
130:  c:\bin
130:  C:/tools/ninja
130:  C:\Users\fbergman\AppData\Roaming\npm
130: Test timeout computed to be: 3000
130: Status for addCreator: succeeded
130: Set created date:      succeeded
130: Set modified date:     succeeded
130: Set model history:     unknown
130/175 Test #130: test_cs_addModelHistory .......................   Passed    0.09 sec
test 131
        Start 131: test_cs_appendAnnotation

131: Test command: C:\Development\libsbml-64\examples\csharp\appendAnnotation.exe "C:/Development/libsbml/examples/sample-models/from-spec/level-3/enzymekinetics.xml" "appendAnnotation.out.xml"
131: Environment variables: 
131:  PATH=C:/Development/libsbml-64/src/bindings/csharp/RelWithDebInfo
131:  C:/Development/libsbml-64/src/bindings/csharp/RelWithDebInfo
131:  c:\Program Files (x86)\Microsoft F#\v4.0
131:  c:\Program Files (x86)\Microsoft Visual Studio 10.0\VSTSDB\Deploy
131:  c:\Program Files (x86)\Microsoft Visual Studio 10.0\Common7\IDE
131:  c:\Program Files (x86)\Microsoft Visual Studio 10.0\VC\BIN
131:  c:\Program Files (x86)\Microsoft Visual Studio 10.0\Common7\Tools
131:  c:\Windows\Microsoft.NET\Framework\v4.0.30319
131:  c:\Windows\Microsoft.NET\Framework\v3.5
131:  c:\Program Files (x86)\Microsoft Visual Studio 10.0\VC\VCPackages
131:  C:\Program Files (x86)\HTML Help Workshop
131:  C:\Program Files (x86)\HTML Help Workshop
131:  c:\Program Files (x86)\Microsoft Visual Studio 10.0\Team Tools\Performance Tools
131:  C:\Program Files (x86)\Microsoft SDKs\Windows\v7.0A\bin\NETFX 4.0 Tools
131:  C:\Program Files (x86)\Microsoft SDKs\Windows\v7.0A\bin
131:  c:\Program Files (x86)\CMake 2.8\bin
131:  C:\Program Files (x86)\CMake\bin
131:  C:\Perl_516\site\bin
131:  C:\Perl_516\bin
131:  C:\Perl64_516\site\bin
131:  C:\Perl64_516\bin
131:  C:\Perl64\site\bin
131:  C:\Perl64\bin
131:  C:\Perl32\site\bin
131:  C:\Perl32\bin
131:  C:\Windows\system32
131:  C:\Windows
131:  C:\Windows\System32\Wbem
131:  C:\Windows\System32\WindowsPowerShell\v1.0
131:  C:\Program Files\MATLAB\R2014a\runtime\win64
131:  C:\Program Files\MATLAB\R2014a\bin
131:  C:\Program Files\MATLAB\R2011b\runtime\win64
131:  C:\Program Files\MATLAB\R2011b\bin
131:  C:\Program Files (x86)\MATLAB\R2011b\runtime\win32
131:  C:\Program Files (x86)\MATLAB\R2011b\bin
131:  c:\Program Files (x86)\Microsoft SQL Server\100\Tools\Binn
131:  c:\Program Files\Microsoft SQL Server\100\Tools\Binn
131:  c:\Program Files\Microsoft SQL Server\100\DTS\Binn
131:  C:\Program Files (x86)\CMake 2.8\bin
131:  c:\Program Files (x86)\Microsoft ASP.NET\ASP.NET Web Pages\v1.0
131:  C:\Program Files\Microsoft\Web Platform Installer
131:  C:\Program Files\TortoiseHg
131:  C:\Program Files (x86)\Microsoft SQL Server\110\Tools\Binn
131:  C:\Program Files\Microsoft SQL Server\110\Tools\Binn
131:  C:\Program Files\Microsoft SQL Server\110\DTS\Binn
131:  C:\Program Files (x86)\Microsoft SQL Server\110\Tools\Binn\ManagementStudio
131:  C:\Program Files (x86)\Microsoft SQL Server\110\DTS\Binn
131:  C:\ProgramData\chocolatey\bin
131:  C:\Program Files\nodejs
131:  C:\Program Files (x86)\CMake\bin
131:  C:\Program Files\TortoiseGit\bin
131:  C:\Program Files\TortoiseSVN\bin
131:  C:\Program Files (x86)\nodejs
131:  C:\Program Files\Git\cmd
131:  c:\bin
131:  C:/tools/ninja
131:  C:\Users\fbergman\AppData\Roaming\npm
131: Test timeout computed to be: 3000
131/175 Test #131: test_cs_appendAnnotation ......................   Passed    0.11 sec
test 132
        Start 132: test_cs_convertSBML

132: Test command: C:\Development\libsbml-64\examples\csharp\convertSBML.exe "C:/Development/libsbml/examples/sample-models/from-spec/level-3/enzymekinetics.xml" "convertSBML.out.xml"
132: Environment variables: 
132:  PATH=C:/Development/libsbml-64/src/bindings/csharp/RelWithDebInfo
132:  C:/Development/libsbml-64/src/bindings/csharp/RelWithDebInfo
132:  c:\Program Files (x86)\Microsoft F#\v4.0
132:  c:\Program Files (x86)\Microsoft Visual Studio 10.0\VSTSDB\Deploy
132:  c:\Program Files (x86)\Microsoft Visual Studio 10.0\Common7\IDE
132:  c:\Program Files (x86)\Microsoft Visual Studio 10.0\VC\BIN
132:  c:\Program Files (x86)\Microsoft Visual Studio 10.0\Common7\Tools
132:  c:\Windows\Microsoft.NET\Framework\v4.0.30319
132:  c:\Windows\Microsoft.NET\Framework\v3.5
132:  c:\Program Files (x86)\Microsoft Visual Studio 10.0\VC\VCPackages
132:  C:\Program Files (x86)\HTML Help Workshop
132:  C:\Program Files (x86)\HTML Help Workshop
132:  c:\Program Files (x86)\Microsoft Visual Studio 10.0\Team Tools\Performance Tools
132:  C:\Program Files (x86)\Microsoft SDKs\Windows\v7.0A\bin\NETFX 4.0 Tools
132:  C:\Program Files (x86)\Microsoft SDKs\Windows\v7.0A\bin
132:  c:\Program Files (x86)\CMake 2.8\bin
132:  C:\Program Files (x86)\CMake\bin
132:  C:\Perl_516\site\bin
132:  C:\Perl_516\bin
132:  C:\Perl64_516\site\bin
132:  C:\Perl64_516\bin
132:  C:\Perl64\site\bin
132:  C:\Perl64\bin
132:  C:\Perl32\site\bin
132:  C:\Perl32\bin
132:  C:\Windows\system32
132:  C:\Windows
132:  C:\Windows\System32\Wbem
132:  C:\Windows\System32\WindowsPowerShell\v1.0
132:  C:\Program Files\MATLAB\R2014a\runtime\win64
132:  C:\Program Files\MATLAB\R2014a\bin
132:  C:\Program Files\MATLAB\R2011b\runtime\win64
132:  C:\Program Files\MATLAB\R2011b\bin
132:  C:\Program Files (x86)\MATLAB\R2011b\runtime\win32
132:  C:\Program Files (x86)\MATLAB\R2011b\bin
132:  c:\Program Files (x86)\Microsoft SQL Server\100\Tools\Binn
132:  c:\Program Files\Microsoft SQL Server\100\Tools\Binn
132:  c:\Program Files\Microsoft SQL Server\100\DTS\Binn
132:  C:\Program Files (x86)\CMake 2.8\bin
132:  c:\Program Files (x86)\Microsoft ASP.NET\ASP.NET Web Pages\v1.0
132:  C:\Program Files\Microsoft\Web Platform Installer
132:  C:\Program Files\TortoiseHg
132:  C:\Program Files (x86)\Microsoft SQL Server\110\Tools\Binn
132:  C:\Program Files\Microsoft SQL Server\110\Tools\Binn
132:  C:\Program Files\Microsoft SQL Server\110\DTS\Binn
132:  C:\Program Files (x86)\Microsoft SQL Server\110\Tools\Binn\ManagementStudio
132:  C:\Program Files (x86)\Microsoft SQL Server\110\DTS\Binn
132:  C:\ProgramData\chocolatey\bin
132:  C:\Program Files\nodejs
132:  C:\Program Files (x86)\CMake\bin
132:  C:\Program Files\TortoiseGit\bin
132:  C:\Program Files\TortoiseSVN\bin
132:  C:\Program Files (x86)\nodejs
132:  C:\Program Files\Git\cmd
132:  c:\bin
132:  C:/tools/ninja
132:  C:\Users\fbergman\AppData\Roaming\npm
132: Test timeout computed to be: 3000
132: Attempting to convert Level 3 Version 1 model to Level 3 Version 2.
132: Conversion completed.
132/175 Test #132: test_cs_convertSBML ...........................   Passed    0.11 sec
test 133
        Start 133: test_cs_createExampleSBML

133: Test command: C:\Development\libsbml-64\examples\csharp\createExampleSBML.exe "C:/Development/libsbml/examples/sample-models/from-spec/level-3/enzymekinetics.xml" "createExampleSBML.out.xml"
133: Environment variables: 
133:  PATH=C:/Development/libsbml-64/src/bindings/csharp/RelWithDebInfo
133:  C:/Development/libsbml-64/src/bindings/csharp/RelWithDebInfo
133:  c:\Program Files (x86)\Microsoft F#\v4.0
133:  c:\Program Files (x86)\Microsoft Visual Studio 10.0\VSTSDB\Deploy
133:  c:\Program Files (x86)\Microsoft Visual Studio 10.0\Common7\IDE
133:  c:\Program Files (x86)\Microsoft Visual Studio 10.0\VC\BIN
133:  c:\Program Files (x86)\Microsoft Visual Studio 10.0\Common7\Tools
133:  c:\Windows\Microsoft.NET\Framework\v4.0.30319
133:  c:\Windows\Microsoft.NET\Framework\v3.5
133:  c:\Program Files (x86)\Microsoft Visual Studio 10.0\VC\VCPackages
133:  C:\Program Files (x86)\HTML Help Workshop
133:  C:\Program Files (x86)\HTML Help Workshop
133:  c:\Program Files (x86)\Microsoft Visual Studio 10.0\Team Tools\Performance Tools
133:  C:\Program Files (x86)\Microsoft SDKs\Windows\v7.0A\bin\NETFX 4.0 Tools
133:  C:\Program Files (x86)\Microsoft SDKs\Windows\v7.0A\bin
133:  c:\Program Files (x86)\CMake 2.8\bin
133:  C:\Program Files (x86)\CMake\bin
133:  C:\Perl_516\site\bin
133:  C:\Perl_516\bin
133:  C:\Perl64_516\site\bin
133:  C:\Perl64_516\bin
133:  C:\Perl64\site\bin
133:  C:\Perl64\bin
133:  C:\Perl32\site\bin
133:  C:\Perl32\bin
133:  C:\Windows\system32
133:  C:\Windows
133:  C:\Windows\System32\Wbem
133:  C:\Windows\System32\WindowsPowerShell\v1.0
133:  C:\Program Files\MATLAB\R2014a\runtime\win64
133:  C:\Program Files\MATLAB\R2014a\bin
133:  C:\Program Files\MATLAB\R2011b\runtime\win64
133:  C:\Program Files\MATLAB\R2011b\bin
133:  C:\Program Files (x86)\MATLAB\R2011b\runtime\win32
133:  C:\Program Files (x86)\MATLAB\R2011b\bin
133:  c:\Program Files (x86)\Microsoft SQL Server\100\Tools\Binn
133:  c:\Program Files\Microsoft SQL Server\100\Tools\Binn
133:  c:\Program Files\Microsoft SQL Server\100\DTS\Binn
133:  C:\Program Files (x86)\CMake 2.8\bin
133:  c:\Program Files (x86)\Microsoft ASP.NET\ASP.NET Web Pages\v1.0
133:  C:\Program Files\Microsoft\Web Platform Installer
133:  C:\Program Files\TortoiseHg
133:  C:\Program Files (x86)\Microsoft SQL Server\110\Tools\Binn
133:  C:\Program Files\Microsoft SQL Server\110\Tools\Binn
133:  C:\Program Files\Microsoft SQL Server\110\DTS\Binn
133:  C:\Program Files (x86)\Microsoft SQL Server\110\Tools\Binn\ManagementStudio
133:  C:\Program Files (x86)\Microsoft SQL Server\110\DTS\Binn
133:  C:\ProgramData\chocolatey\bin
133:  C:\Program Files\nodejs
133:  C:\Program Files (x86)\CMake\bin
133:  C:\Program Files\TortoiseGit\bin
133:  C:\Program Files\TortoiseSVN\bin
133:  C:\Program Files (x86)\nodejs
133:  C:\Program Files\Git\cmd
133:  c:\bin
133:  C:/tools/ninja
133:  C:\Users\fbergman\AppData\Roaming\npm
133: Test timeout computed to be: 3000
133: Wrote file "enzymaticreaction.xml"
133: Wrote file "units.xml"
133: 
133: 
133: Notice: encountered 1 validation warning in model 'functionExample'.
133: 
133: line 1: (99505 [Warning]) In situations where a mathematical expression contains literal numbers or parameters whose units have not been declared, it is not possible to verify accurately the consistency of the units in the expression. 
133:  The units of the <kineticLaw> <math> expression 'f(S1) * compartmentOne / t' cannot be fully checked. Unit consistency reported as either no errors or further unit errors related to this object may not be accurate.
133: 
133: 
133: Wrote file "functiondef.xml"
133/175 Test #133: test_cs_createExampleSBML .....................   Passed    0.20 sec
test 134
        Start 134: test_cs_echoSBML

134: Test command: C:\Development\libsbml-64\examples\csharp\echoSBML.exe "C:/Development/libsbml/examples/sample-models/from-spec/level-3/enzymekinetics.xml" "echoSBML.out.xml"
134: Environment variables: 
134:  PATH=C:/Development/libsbml-64/src/bindings/csharp/RelWithDebInfo
134:  C:/Development/libsbml-64/src/bindings/csharp/RelWithDebInfo
134:  c:\Program Files (x86)\Microsoft F#\v4.0
134:  c:\Program Files (x86)\Microsoft Visual Studio 10.0\VSTSDB\Deploy
134:  c:\Program Files (x86)\Microsoft Visual Studio 10.0\Common7\IDE
134:  c:\Program Files (x86)\Microsoft Visual Studio 10.0\VC\BIN
134:  c:\Program Files (x86)\Microsoft Visual Studio 10.0\Common7\Tools
134:  c:\Windows\Microsoft.NET\Framework\v4.0.30319
134:  c:\Windows\Microsoft.NET\Framework\v3.5
134:  c:\Program Files (x86)\Microsoft Visual Studio 10.0\VC\VCPackages
134:  C:\Program Files (x86)\HTML Help Workshop
134:  C:\Program Files (x86)\HTML Help Workshop
134:  c:\Program Files (x86)\Microsoft Visual Studio 10.0\Team Tools\Performance Tools
134:  C:\Program Files (x86)\Microsoft SDKs\Windows\v7.0A\bin\NETFX 4.0 Tools
134:  C:\Program Files (x86)\Microsoft SDKs\Windows\v7.0A\bin
134:  c:\Program Files (x86)\CMake 2.8\bin
134:  C:\Program Files (x86)\CMake\bin
134:  C:\Perl_516\site\bin
134:  C:\Perl_516\bin
134:  C:\Perl64_516\site\bin
134:  C:\Perl64_516\bin
134:  C:\Perl64\site\bin
134:  C:\Perl64\bin
134:  C:\Perl32\site\bin
134:  C:\Perl32\bin
134:  C:\Windows\system32
134:  C:\Windows
134:  C:\Windows\System32\Wbem
134:  C:\Windows\System32\WindowsPowerShell\v1.0
134:  C:\Program Files\MATLAB\R2014a\runtime\win64
134:  C:\Program Files\MATLAB\R2014a\bin
134:  C:\Program Files\MATLAB\R2011b\runtime\win64
134:  C:\Program Files\MATLAB\R2011b\bin
134:  C:\Program Files (x86)\MATLAB\R2011b\runtime\win32
134:  C:\Program Files (x86)\MATLAB\R2011b\bin
134:  c:\Program Files (x86)\Microsoft SQL Server\100\Tools\Binn
134:  c:\Program Files\Microsoft SQL Server\100\Tools\Binn
134:  c:\Program Files\Microsoft SQL Server\100\DTS\Binn
134:  C:\Program Files (x86)\CMake 2.8\bin
134:  c:\Program Files (x86)\Microsoft ASP.NET\ASP.NET Web Pages\v1.0
134:  C:\Program Files\Microsoft\Web Platform Installer
134:  C:\Program Files\TortoiseHg
134:  C:\Program Files (x86)\Microsoft SQL Server\110\Tools\Binn
134:  C:\Program Files\Microsoft SQL Server\110\Tools\Binn
134:  C:\Program Files\Microsoft SQL Server\110\DTS\Binn
134:  C:\Program Files (x86)\Microsoft SQL Server\110\Tools\Binn\ManagementStudio
134:  C:\Program Files (x86)\Microsoft SQL Server\110\DTS\Binn
134:  C:\ProgramData\chocolatey\bin
134:  C:\Program Files\nodejs
134:  C:\Program Files (x86)\CMake\bin
134:  C:\Program Files\TortoiseGit\bin
134:  C:\Program Files\TortoiseSVN\bin
134:  C:\Program Files (x86)\nodejs
134:  C:\Program Files\Git\cmd
134:  c:\bin
134:  C:/tools/ninja
134:  C:\Users\fbergman\AppData\Roaming\npm
134: Test timeout computed to be: 3000
134: [OK] Echoed C:/Development/libsbml/examples/sample-models/from-spec/level-3/enzymekinetics.xml to echoSBML.out.xml
134/175 Test #134: test_cs_echoSBML ..............................   Passed    0.08 sec
test 135
        Start 135: test_cs_GetAllElementsWithNotes

135: Test command: C:\Development\libsbml-64\examples\csharp\GetAllElementsWithNotes.exe "C:/Development/libsbml/examples/sample-models/from-spec/level-3/enzymekinetics.xml"
135: Environment variables: 
135:  PATH=C:/Development/libsbml-64/src/bindings/csharp/RelWithDebInfo
135:  C:/Development/libsbml-64/src/bindings/csharp/RelWithDebInfo
135:  c:\Program Files (x86)\Microsoft F#\v4.0
135:  c:\Program Files (x86)\Microsoft Visual Studio 10.0\VSTSDB\Deploy
135:  c:\Program Files (x86)\Microsoft Visual Studio 10.0\Common7\IDE
135:  c:\Program Files (x86)\Microsoft Visual Studio 10.0\VC\BIN
135:  c:\Program Files (x86)\Microsoft Visual Studio 10.0\Common7\Tools
135:  c:\Windows\Microsoft.NET\Framework\v4.0.30319
135:  c:\Windows\Microsoft.NET\Framework\v3.5
135:  c:\Program Files (x86)\Microsoft Visual Studio 10.0\VC\VCPackages
135:  C:\Program Files (x86)\HTML Help Workshop
135:  C:\Program Files (x86)\HTML Help Workshop
135:  c:\Program Files (x86)\Microsoft Visual Studio 10.0\Team Tools\Performance Tools
135:  C:\Program Files (x86)\Microsoft SDKs\Windows\v7.0A\bin\NETFX 4.0 Tools
135:  C:\Program Files (x86)\Microsoft SDKs\Windows\v7.0A\bin
135:  c:\Program Files (x86)\CMake 2.8\bin
135:  C:\Program Files (x86)\CMake\bin
135:  C:\Perl_516\site\bin
135:  C:\Perl_516\bin
135:  C:\Perl64_516\site\bin
135:  C:\Perl64_516\bin
135:  C:\Perl64\site\bin
135:  C:\Perl64\bin
135:  C:\Perl32\site\bin
135:  C:\Perl32\bin
135:  C:\Windows\system32
135:  C:\Windows
135:  C:\Windows\System32\Wbem
135:  C:\Windows\System32\WindowsPowerShell\v1.0
135:  C:\Program Files\MATLAB\R2014a\runtime\win64
135:  C:\Program Files\MATLAB\R2014a\bin
135:  C:\Program Files\MATLAB\R2011b\runtime\win64
135:  C:\Program Files\MATLAB\R2011b\bin
135:  C:\Program Files (x86)\MATLAB\R2011b\runtime\win32
135:  C:\Program Files (x86)\MATLAB\R2011b\bin
135:  c:\Program Files (x86)\Microsoft SQL Server\100\Tools\Binn
135:  c:\Program Files\Microsoft SQL Server\100\Tools\Binn
135:  c:\Program Files\Microsoft SQL Server\100\DTS\Binn
135:  C:\Program Files (x86)\CMake 2.8\bin
135:  c:\Program Files (x86)\Microsoft ASP.NET\ASP.NET Web Pages\v1.0
135:  C:\Program Files\Microsoft\Web Platform Installer
135:  C:\Program Files\TortoiseHg
135:  C:\Program Files (x86)\Microsoft SQL Server\110\Tools\Binn
135:  C:\Program Files\Microsoft SQL Server\110\Tools\Binn
135:  C:\Program Files\Microsoft SQL Server\110\DTS\Binn
135:  C:\Program Files (x86)\Microsoft SQL Server\110\Tools\Binn\ManagementStudio
135:  C:\Program Files (x86)\Microsoft SQL Server\110\DTS\Binn
135:  C:\ProgramData\chocolatey\bin
135:  C:\Program Files\nodejs
135:  C:\Program Files (x86)\CMake\bin
135:  C:\Program Files\TortoiseGit\bin
135:  C:\Program Files\TortoiseSVN\bin
135:  C:\Program Files (x86)\nodejs
135:  C:\Program Files\Git\cmd
135:  c:\bin
135:  C:/tools/ninja
135:  C:\Users\fbergman\AppData\Roaming\npm
135: Test timeout computed to be: 3000
135: 
135:             filename: C:/Development/libsbml/examples/sample-models/from-spec/level-3/enzymekinetics.xml
135:       read time (ms): 46.8003
135:     searching ......:
135:     search time (ms): 0
135: 
135:  elements with notes: 0
135: 
135/175 Test #135: test_cs_GetAllElementsWithNotes ...............   Passed    0.12 sec
test 136
        Start 136: test_cs_printAnnotation

136: Test command: C:\Development\libsbml-64\examples\csharp\printAnnotation.exe "C:/Development/libsbml/examples/sample-models/from-spec/level-3/enzymekinetics.xml"
136: Environment variables: 
136:  PATH=C:/Development/libsbml-64/src/bindings/csharp/RelWithDebInfo
136:  C:/Development/libsbml-64/src/bindings/csharp/RelWithDebInfo
136:  c:\Program Files (x86)\Microsoft F#\v4.0
136:  c:\Program Files (x86)\Microsoft Visual Studio 10.0\VSTSDB\Deploy
136:  c:\Program Files (x86)\Microsoft Visual Studio 10.0\Common7\IDE
136:  c:\Program Files (x86)\Microsoft Visual Studio 10.0\VC\BIN
136:  c:\Program Files (x86)\Microsoft Visual Studio 10.0\Common7\Tools
136:  c:\Windows\Microsoft.NET\Framework\v4.0.30319
136:  c:\Windows\Microsoft.NET\Framework\v3.5
136:  c:\Program Files (x86)\Microsoft Visual Studio 10.0\VC\VCPackages
136:  C:\Program Files (x86)\HTML Help Workshop
136:  C:\Program Files (x86)\HTML Help Workshop
136:  c:\Program Files (x86)\Microsoft Visual Studio 10.0\Team Tools\Performance Tools
136:  C:\Program Files (x86)\Microsoft SDKs\Windows\v7.0A\bin\NETFX 4.0 Tools
136:  C:\Program Files (x86)\Microsoft SDKs\Windows\v7.0A\bin
136:  c:\Program Files (x86)\CMake 2.8\bin
136:  C:\Program Files (x86)\CMake\bin
136:  C:\Perl_516\site\bin
136:  C:\Perl_516\bin
136:  C:\Perl64_516\site\bin
136:  C:\Perl64_516\bin
136:  C:\Perl64\site\bin
136:  C:\Perl64\bin
136:  C:\Perl32\site\bin
136:  C:\Perl32\bin
136:  C:\Windows\system32
136:  C:\Windows
136:  C:\Windows\System32\Wbem
136:  C:\Windows\System32\WindowsPowerShell\v1.0
136:  C:\Program Files\MATLAB\R2014a\runtime\win64
136:  C:\Program Files\MATLAB\R2014a\bin
136:  C:\Program Files\MATLAB\R2011b\runtime\win64
136:  C:\Program Files\MATLAB\R2011b\bin
136:  C:\Program Files (x86)\MATLAB\R2011b\runtime\win32
136:  C:\Program Files (x86)\MATLAB\R2011b\bin
136:  c:\Program Files (x86)\Microsoft SQL Server\100\Tools\Binn
136:  c:\Program Files\Microsoft SQL Server\100\Tools\Binn
136:  c:\Program Files\Microsoft SQL Server\100\DTS\Binn
136:  C:\Program Files (x86)\CMake 2.8\bin
136:  c:\Program Files (x86)\Microsoft ASP.NET\ASP.NET Web Pages\v1.0
136:  C:\Program Files\Microsoft\Web Platform Installer
136:  C:\Program Files\TortoiseHg
136:  C:\Program Files (x86)\Microsoft SQL Server\110\Tools\Binn
136:  C:\Program Files\Microsoft SQL Server\110\Tools\Binn
136:  C:\Program Files\Microsoft SQL Server\110\DTS\Binn
136:  C:\Program Files (x86)\Microsoft SQL Server\110\Tools\Binn\ManagementStudio
136:  C:\Program Files (x86)\Microsoft SQL Server\110\DTS\Binn
136:  C:\ProgramData\chocolatey\bin
136:  C:\Program Files\nodejs
136:  C:\Program Files (x86)\CMake\bin
136:  C:\Program Files\TortoiseGit\bin
136:  C:\Program Files\TortoiseSVN\bin
136:  C:\Program Files (x86)\nodejs
136:  C:\Program Files\Git\cmd
136:  c:\bin
136:  C:/tools/ninja
136:  C:\Users\fbergman\AppData\Roaming\npm
136: Test timeout computed to be: 3000
136: 
136: filename: C:/Development/libsbml/examples/sample-models/from-spec/level-3/enzymekinetics.xml
136: 
136/175 Test #136: test_cs_printAnnotation .......................   Passed    0.14 sec
test 137
        Start 137: test_cs_printMath

137: Test command: C:\Development\libsbml-64\examples\csharp\printMath.exe "C:/Development/libsbml/examples/sample-models/from-spec/level-3/enzymekinetics.xml"
137: Environment variables: 
137:  PATH=C:/Development/libsbml-64/src/bindings/csharp/RelWithDebInfo
137:  C:/Development/libsbml-64/src/bindings/csharp/RelWithDebInfo
137:  c:\Program Files (x86)\Microsoft F#\v4.0
137:  c:\Program Files (x86)\Microsoft Visual Studio 10.0\VSTSDB\Deploy
137:  c:\Program Files (x86)\Microsoft Visual Studio 10.0\Common7\IDE
137:  c:\Program Files (x86)\Microsoft Visual Studio 10.0\VC\BIN
137:  c:\Program Files (x86)\Microsoft Visual Studio 10.0\Common7\Tools
137:  c:\Windows\Microsoft.NET\Framework\v4.0.30319
137:  c:\Windows\Microsoft.NET\Framework\v3.5
137:  c:\Program Files (x86)\Microsoft Visual Studio 10.0\VC\VCPackages
137:  C:\Program Files (x86)\HTML Help Workshop
137:  C:\Program Files (x86)\HTML Help Workshop
137:  c:\Program Files (x86)\Microsoft Visual Studio 10.0\Team Tools\Performance Tools
137:  C:\Program Files (x86)\Microsoft SDKs\Windows\v7.0A\bin\NETFX 4.0 Tools
137:  C:\Program Files (x86)\Microsoft SDKs\Windows\v7.0A\bin
137:  c:\Program Files (x86)\CMake 2.8\bin
137:  C:\Program Files (x86)\CMake\bin
137:  C:\Perl_516\site\bin
137:  C:\Perl_516\bin
137:  C:\Perl64_516\site\bin
137:  C:\Perl64_516\bin
137:  C:\Perl64\site\bin
137:  C:\Perl64\bin
137:  C:\Perl32\site\bin
137:  C:\Perl32\bin
137:  C:\Windows\system32
137:  C:\Windows
137:  C:\Windows\System32\Wbem
137:  C:\Windows\System32\WindowsPowerShell\v1.0
137:  C:\Program Files\MATLAB\R2014a\runtime\win64
137:  C:\Program Files\MATLAB\R2014a\bin
137:  C:\Program Files\MATLAB\R2011b\runtime\win64
137:  C:\Program Files\MATLAB\R2011b\bin
137:  C:\Program Files (x86)\MATLAB\R2011b\runtime\win32
137:  C:\Program Files (x86)\MATLAB\R2011b\bin
137:  c:\Program Files (x86)\Microsoft SQL Server\100\Tools\Binn
137:  c:\Program Files\Microsoft SQL Server\100\Tools\Binn
137:  c:\Program Files\Microsoft SQL Server\100\DTS\Binn
137:  C:\Program Files (x86)\CMake 2.8\bin
137:  c:\Program Files (x86)\Microsoft ASP.NET\ASP.NET Web Pages\v1.0
137:  C:\Program Files\Microsoft\Web Platform Installer
137:  C:\Program Files\TortoiseHg
137:  C:\Program Files (x86)\Microsoft SQL Server\110\Tools\Binn
137:  C:\Program Files\Microsoft SQL Server\110\Tools\Binn
137:  C:\Program Files\Microsoft SQL Server\110\DTS\Binn
137:  C:\Program Files (x86)\Microsoft SQL Server\110\Tools\Binn\ManagementStudio
137:  C:\Program Files (x86)\Microsoft SQL Server\110\DTS\Binn
137:  C:\ProgramData\chocolatey\bin
137:  C:\Program Files\nodejs
137:  C:\Program Files (x86)\CMake\bin
137:  C:\Program Files\TortoiseGit\bin
137:  C:\Program Files\TortoiseSVN\bin
137:  C:\Program Files (x86)\nodejs
137:  C:\Program Files\Git\cmd
137:  c:\bin
137:  C:/tools/ninja
137:  C:\Users\fbergman\AppData\Roaming\npm
137: Test timeout computed to be: 3000
137: 
137: Reaction 1, formula: comp * (kon * E * S - koff * ES)
137: Reaction 2, formula: comp * kcat * ES
137: 
137: 
137/175 Test #137: test_cs_printMath .............................   Passed    0.11 sec
test 138
        Start 138: test_cs_printNotes

138: Test command: C:\Development\libsbml-64\examples\csharp\printNotes.exe "C:/Development/libsbml/examples/sample-models/from-spec/level-3/enzymekinetics.xml"
138: Environment variables: 
138:  PATH=C:/Development/libsbml-64/src/bindings/csharp/RelWithDebInfo
138:  C:/Development/libsbml-64/src/bindings/csharp/RelWithDebInfo
138:  c:\Program Files (x86)\Microsoft F#\v4.0
138:  c:\Program Files (x86)\Microsoft Visual Studio 10.0\VSTSDB\Deploy
138:  c:\Program Files (x86)\Microsoft Visual Studio 10.0\Common7\IDE
138:  c:\Program Files (x86)\Microsoft Visual Studio 10.0\VC\BIN
138:  c:\Program Files (x86)\Microsoft Visual Studio 10.0\Common7\Tools
138:  c:\Windows\Microsoft.NET\Framework\v4.0.30319
138:  c:\Windows\Microsoft.NET\Framework\v3.5
138:  c:\Program Files (x86)\Microsoft Visual Studio 10.0\VC\VCPackages
138:  C:\Program Files (x86)\HTML Help Workshop
138:  C:\Program Files (x86)\HTML Help Workshop
138:  c:\Program Files (x86)\Microsoft Visual Studio 10.0\Team Tools\Performance Tools
138:  C:\Program Files (x86)\Microsoft SDKs\Windows\v7.0A\bin\NETFX 4.0 Tools
138:  C:\Program Files (x86)\Microsoft SDKs\Windows\v7.0A\bin
138:  c:\Program Files (x86)\CMake 2.8\bin
138:  C:\Program Files (x86)\CMake\bin
138:  C:\Perl_516\site\bin
138:  C:\Perl_516\bin
138:  C:\Perl64_516\site\bin
138:  C:\Perl64_516\bin
138:  C:\Perl64\site\bin
138:  C:\Perl64\bin
138:  C:\Perl32\site\bin
138:  C:\Perl32\bin
138:  C:\Windows\system32
138:  C:\Windows
138:  C:\Windows\System32\Wbem
138:  C:\Windows\System32\WindowsPowerShell\v1.0
138:  C:\Program Files\MATLAB\R2014a\runtime\win64
138:  C:\Program Files\MATLAB\R2014a\bin
138:  C:\Program Files\MATLAB\R2011b\runtime\win64
138:  C:\Program Files\MATLAB\R2011b\bin
138:  C:\Program Files (x86)\MATLAB\R2011b\runtime\win32
138:  C:\Program Files (x86)\MATLAB\R2011b\bin
138:  c:\Program Files (x86)\Microsoft SQL Server\100\Tools\Binn
138:  c:\Program Files\Microsoft SQL Server\100\Tools\Binn
138:  c:\Program Files\Microsoft SQL Server\100\DTS\Binn
138:  C:\Program Files (x86)\CMake 2.8\bin
138:  c:\Program Files (x86)\Microsoft ASP.NET\ASP.NET Web Pages\v1.0
138:  C:\Program Files\Microsoft\Web Platform Installer
138:  C:\Program Files\TortoiseHg
138:  C:\Program Files (x86)\Microsoft SQL Server\110\Tools\Binn
138:  C:\Program Files\Microsoft SQL Server\110\Tools\Binn
138:  C:\Program Files\Microsoft SQL Server\110\DTS\Binn
138:  C:\Program Files (x86)\Microsoft SQL Server\110\Tools\Binn\ManagementStudio
138:  C:\Program Files (x86)\Microsoft SQL Server\110\DTS\Binn
138:  C:\ProgramData\chocolatey\bin
138:  C:\Program Files\nodejs
138:  C:\Program Files (x86)\CMake\bin
138:  C:\Program Files\TortoiseGit\bin
138:  C:\Program Files\TortoiseSVN\bin
138:  C:\Program Files (x86)\nodejs
138:  C:\Program Files\Git\cmd
138:  c:\bin
138:  C:/tools/ninja
138:  C:\Users\fbergman\AppData\Roaming\npm
138: Test timeout computed to be: 3000
138: 
138: filename: C:/Development/libsbml/examples/sample-models/from-spec/level-3/enzymekinetics.xml
138: 
138/175 Test #138: test_cs_printNotes ............................   Passed    0.11 sec
test 139
        Start 139: test_cs_printRegisteredPackages

139: Test command: C:\Development\libsbml-64\examples\csharp\printRegisteredPackages.exe "C:/Development/libsbml/examples/sample-models/from-spec/level-3/enzymekinetics.xml" "printRegisteredPackages.out.xml"
139: Environment variables: 
139:  PATH=C:/Development/libsbml-64/src/bindings/csharp/RelWithDebInfo
139:  C:/Development/libsbml-64/src/bindings/csharp/RelWithDebInfo
139:  c:\Program Files (x86)\Microsoft F#\v4.0
139:  c:\Program Files (x86)\Microsoft Visual Studio 10.0\VSTSDB\Deploy
139:  c:\Program Files (x86)\Microsoft Visual Studio 10.0\Common7\IDE
139:  c:\Program Files (x86)\Microsoft Visual Studio 10.0\VC\BIN
139:  c:\Program Files (x86)\Microsoft Visual Studio 10.0\Common7\Tools
139:  c:\Windows\Microsoft.NET\Framework\v4.0.30319
139:  c:\Windows\Microsoft.NET\Framework\v3.5
139:  c:\Program Files (x86)\Microsoft Visual Studio 10.0\VC\VCPackages
139:  C:\Program Files (x86)\HTML Help Workshop
139:  C:\Program Files (x86)\HTML Help Workshop
139:  c:\Program Files (x86)\Microsoft Visual Studio 10.0\Team Tools\Performance Tools
139:  C:\Program Files (x86)\Microsoft SDKs\Windows\v7.0A\bin\NETFX 4.0 Tools
139:  C:\Program Files (x86)\Microsoft SDKs\Windows\v7.0A\bin
139:  c:\Program Files (x86)\CMake 2.8\bin
139:  C:\Program Files (x86)\CMake\bin
139:  C:\Perl_516\site\bin
139:  C:\Perl_516\bin
139:  C:\Perl64_516\site\bin
139:  C:\Perl64_516\bin
139:  C:\Perl64\site\bin
139:  C:\Perl64\bin
139:  C:\Perl32\site\bin
139:  C:\Perl32\bin
139:  C:\Windows\system32
139:  C:\Windows
139:  C:\Windows\System32\Wbem
139:  C:\Windows\System32\WindowsPowerShell\v1.0
139:  C:\Program Files\MATLAB\R2014a\runtime\win64
139:  C:\Program Files\MATLAB\R2014a\bin
139:  C:\Program Files\MATLAB\R2011b\runtime\win64
139:  C:\Program Files\MATLAB\R2011b\bin
139:  C:\Program Files (x86)\MATLAB\R2011b\runtime\win32
139:  C:\Program Files (x86)\MATLAB\R2011b\bin
139:  c:\Program Files (x86)\Microsoft SQL Server\100\Tools\Binn
139:  c:\Program Files\Microsoft SQL Server\100\Tools\Binn
139:  c:\Program Files\Microsoft SQL Server\100\DTS\Binn
139:  C:\Program Files (x86)\CMake 2.8\bin
139:  c:\Program Files (x86)\Microsoft ASP.NET\ASP.NET Web Pages\v1.0
139:  C:\Program Files\Microsoft\Web Platform Installer
139:  C:\Program Files\TortoiseHg
139:  C:\Program Files (x86)\Microsoft SQL Server\110\Tools\Binn
139:  C:\Program Files\Microsoft SQL Server\110\Tools\Binn
139:  C:\Program Files\Microsoft SQL Server\110\DTS\Binn
139:  C:\Program Files (x86)\Microsoft SQL Server\110\Tools\Binn\ManagementStudio
139:  C:\Program Files (x86)\Microsoft SQL Server\110\DTS\Binn
139:  C:\ProgramData\chocolatey\bin
139:  C:\Program Files\nodejs
139:  C:\Program Files (x86)\CMake\bin
139:  C:\Program Files\TortoiseGit\bin
139:  C:\Program Files\TortoiseSVN\bin
139:  C:\Program Files (x86)\nodejs
139:  C:\Program Files\Git\cmd
139:  c:\bin
139:  C:/tools/ninja
139:  C:\Users\fbergman\AppData\Roaming\npm
139: Test timeout computed to be: 3000
139: This version of LibSBML: 5.17.3 includes: 
139: 	comp
139: 	fbc
139: 	groups
139: 	layout
139: 	render
139: 	l3v2extendedmath
139: 	multi
139: 	qual
139: 
139/175 Test #139: test_cs_printRegisteredPackages ...............   Passed    0.06 sec
test 140
        Start 140: test_cs_printSBML

140: Test command: C:\Development\libsbml-64\examples\csharp\printSBML.exe "C:/Development/libsbml/examples/sample-models/from-spec/level-3/enzymekinetics.xml"
140: Environment variables: 
140:  PATH=C:/Development/libsbml-64/src/bindings/csharp/RelWithDebInfo
140:  C:/Development/libsbml-64/src/bindings/csharp/RelWithDebInfo
140:  c:\Program Files (x86)\Microsoft F#\v4.0
140:  c:\Program Files (x86)\Microsoft Visual Studio 10.0\VSTSDB\Deploy
140:  c:\Program Files (x86)\Microsoft Visual Studio 10.0\Common7\IDE
140:  c:\Program Files (x86)\Microsoft Visual Studio 10.0\VC\BIN
140:  c:\Program Files (x86)\Microsoft Visual Studio 10.0\Common7\Tools
140:  c:\Windows\Microsoft.NET\Framework\v4.0.30319
140:  c:\Windows\Microsoft.NET\Framework\v3.5
140:  c:\Program Files (x86)\Microsoft Visual Studio 10.0\VC\VCPackages
140:  C:\Program Files (x86)\HTML Help Workshop
140:  C:\Program Files (x86)\HTML Help Workshop
140:  c:\Program Files (x86)\Microsoft Visual Studio 10.0\Team Tools\Performance Tools
140:  C:\Program Files (x86)\Microsoft SDKs\Windows\v7.0A\bin\NETFX 4.0 Tools
140:  C:\Program Files (x86)\Microsoft SDKs\Windows\v7.0A\bin
140:  c:\Program Files (x86)\CMake 2.8\bin
140:  C:\Program Files (x86)\CMake\bin
140:  C:\Perl_516\site\bin
140:  C:\Perl_516\bin
140:  C:\Perl64_516\site\bin
140:  C:\Perl64_516\bin
140:  C:\Perl64\site\bin
140:  C:\Perl64\bin
140:  C:\Perl32\site\bin
140:  C:\Perl32\bin
140:  C:\Windows\system32
140:  C:\Windows
140:  C:\Windows\System32\Wbem
140:  C:\Windows\System32\WindowsPowerShell\v1.0
140:  C:\Program Files\MATLAB\R2014a\runtime\win64
140:  C:\Program Files\MATLAB\R2014a\bin
140:  C:\Program Files\MATLAB\R2011b\runtime\win64
140:  C:\Program Files\MATLAB\R2011b\bin
140:  C:\Program Files (x86)\MATLAB\R2011b\runtime\win32
140:  C:\Program Files (x86)\MATLAB\R2011b\bin
140:  c:\Program Files (x86)\Microsoft SQL Server\100\Tools\Binn
140:  c:\Program Files\Microsoft SQL Server\100\Tools\Binn
140:  c:\Program Files\Microsoft SQL Server\100\DTS\Binn
140:  C:\Program Files (x86)\CMake 2.8\bin
140:  c:\Program Files (x86)\Microsoft ASP.NET\ASP.NET Web Pages\v1.0
140:  C:\Program Files\Microsoft\Web Platform Installer
140:  C:\Program Files\TortoiseHg
140:  C:\Program Files (x86)\Microsoft SQL Server\110\Tools\Binn
140:  C:\Program Files\Microsoft SQL Server\110\Tools\Binn
140:  C:\Program Files\Microsoft SQL Server\110\DTS\Binn
140:  C:\Program Files (x86)\Microsoft SQL Server\110\Tools\Binn\ManagementStudio
140:  C:\Program Files (x86)\Microsoft SQL Server\110\DTS\Binn
140:  C:\ProgramData\chocolatey\bin
140:  C:\Program Files\nodejs
140:  C:\Program Files (x86)\CMake\bin
140:  C:\Program Files\TortoiseGit\bin
140:  C:\Program Files\TortoiseSVN\bin
140:  C:\Program Files (x86)\nodejs
140:  C:\Program Files\Git\cmd
140:  c:\bin
140:  C:/tools/ninja
140:  C:\Users\fbergman\AppData\Roaming\npm
140: Test timeout computed to be: 3000
140: 
140: File: C:/Development/libsbml/examples/sample-models/from-spec/level-3/enzymekinetics.xml (Level 3, version 1)
140:                  id: (empty)
140: functionDefinitions: 0
140:     unitDefinitions: 2
140:    compartmentTypes: 0
140:         specieTypes: 0
140:        compartments: 1
140:             species: 4
140:          parameters: 0
140:  initialAssignments: 0
140:               rules: 0
140:         constraints: 0
140:           reactions: 2
140:              events: 0
140: 
140/175 Test #140: test_cs_printSBML .............................   Passed    0.09 sec
test 141
        Start 141: test_cs_printsupported

141: Test command: C:\Development\libsbml-64\examples\csharp\printsupported.exe "C:/Development/libsbml/examples/sample-models/from-spec/level-3/enzymekinetics.xml" "printsupported.out.xml"
141: Environment variables: 
141:  PATH=C:/Development/libsbml-64/src/bindings/csharp/RelWithDebInfo
141:  C:/Development/libsbml-64/src/bindings/csharp/RelWithDebInfo
141:  c:\Program Files (x86)\Microsoft F#\v4.0
141:  c:\Program Files (x86)\Microsoft Visual Studio 10.0\VSTSDB\Deploy
141:  c:\Program Files (x86)\Microsoft Visual Studio 10.0\Common7\IDE
141:  c:\Program Files (x86)\Microsoft Visual Studio 10.0\VC\BIN
141:  c:\Program Files (x86)\Microsoft Visual Studio 10.0\Common7\Tools
141:  c:\Windows\Microsoft.NET\Framework\v4.0.30319
141:  c:\Windows\Microsoft.NET\Framework\v3.5
141:  c:\Program Files (x86)\Microsoft Visual Studio 10.0\VC\VCPackages
141:  C:\Program Files (x86)\HTML Help Workshop
141:  C:\Program Files (x86)\HTML Help Workshop
141:  c:\Program Files (x86)\Microsoft Visual Studio 10.0\Team Tools\Performance Tools
141:  C:\Program Files (x86)\Microsoft SDKs\Windows\v7.0A\bin\NETFX 4.0 Tools
141:  C:\Program Files (x86)\Microsoft SDKs\Windows\v7.0A\bin
141:  c:\Program Files (x86)\CMake 2.8\bin
141:  C:\Program Files (x86)\CMake\bin
141:  C:\Perl_516\site\bin
141:  C:\Perl_516\bin
141:  C:\Perl64_516\site\bin
141:  C:\Perl64_516\bin
141:  C:\Perl64\site\bin
141:  C:\Perl64\bin
141:  C:\Perl32\site\bin
141:  C:\Perl32\bin
141:  C:\Windows\system32
141:  C:\Windows
141:  C:\Windows\System32\Wbem
141:  C:\Windows\System32\WindowsPowerShell\v1.0
141:  C:\Program Files\MATLAB\R2014a\runtime\win64
141:  C:\Program Files\MATLAB\R2014a\bin
141:  C:\Program Files\MATLAB\R2011b\runtime\win64
141:  C:\Program Files\MATLAB\R2011b\bin
141:  C:\Program Files (x86)\MATLAB\R2011b\runtime\win32
141:  C:\Program Files (x86)\MATLAB\R2011b\bin
141:  c:\Program Files (x86)\Microsoft SQL Server\100\Tools\Binn
141:  c:\Program Files\Microsoft SQL Server\100\Tools\Binn
141:  c:\Program Files\Microsoft SQL Server\100\DTS\Binn
141:  C:\Program Files (x86)\CMake 2.8\bin
141:  c:\Program Files (x86)\Microsoft ASP.NET\ASP.NET Web Pages\v1.0
141:  C:\Program Files\Microsoft\Web Platform Installer
141:  C:\Program Files\TortoiseHg
141:  C:\Program Files (x86)\Microsoft SQL Server\110\Tools\Binn
141:  C:\Program Files\Microsoft SQL Server\110\Tools\Binn
141:  C:\Program Files\Microsoft SQL Server\110\DTS\Binn
141:  C:\Program Files (x86)\Microsoft SQL Server\110\Tools\Binn\ManagementStudio
141:  C:\Program Files (x86)\Microsoft SQL Server\110\DTS\Binn
141:  C:\ProgramData\chocolatey\bin
141:  C:\Program Files\nodejs
141:  C:\Program Files (x86)\CMake\bin
141:  C:\Program Files\TortoiseGit\bin
141:  C:\Program Files\TortoiseSVN\bin
141:  C:\Program Files (x86)\nodejs
141:  C:\Program Files\Git\cmd
141:  c:\bin
141:  C:/tools/ninja
141:  C:\Users\fbergman\AppData\Roaming\npm
141: Test timeout computed to be: 3000
141: Supported by LibSBML 5.17.3
141: 
141: 	SBML Level: 1 Version: 1
141: 	SBML Level: 1 Version: 2
141: 	SBML Level: 2 Version: 1
141: 	SBML Level: 2 Version: 2
141: 	SBML Level: 2 Version: 3
141: 	SBML Level: 2 Version: 4
141: 	SBML Level: 2 Version: 5
141: 	SBML Level: 3 Version: 1
141: 	SBML Level: 3 Version: 2
141: 
141/175 Test #141: test_cs_printsupported ........................   Passed    0.09 sec
test 142
        Start 142: test_cs_printUnits

142: Test command: C:\Development\libsbml-64\examples\csharp\printUnits.exe "C:/Development/libsbml/examples/sample-models/from-spec/level-3/enzymekinetics.xml"
142: Environment variables: 
142:  PATH=C:/Development/libsbml-64/src/bindings/csharp/RelWithDebInfo
142:  C:/Development/libsbml-64/src/bindings/csharp/RelWithDebInfo
142:  c:\Program Files (x86)\Microsoft F#\v4.0
142:  c:\Program Files (x86)\Microsoft Visual Studio 10.0\VSTSDB\Deploy
142:  c:\Program Files (x86)\Microsoft Visual Studio 10.0\Common7\IDE
142:  c:\Program Files (x86)\Microsoft Visual Studio 10.0\VC\BIN
142:  c:\Program Files (x86)\Microsoft Visual Studio 10.0\Common7\Tools
142:  c:\Windows\Microsoft.NET\Framework\v4.0.30319
142:  c:\Windows\Microsoft.NET\Framework\v3.5
142:  c:\Program Files (x86)\Microsoft Visual Studio 10.0\VC\VCPackages
142:  C:\Program Files (x86)\HTML Help Workshop
142:  C:\Program Files (x86)\HTML Help Workshop
142:  c:\Program Files (x86)\Microsoft Visual Studio 10.0\Team Tools\Performance Tools
142:  C:\Program Files (x86)\Microsoft SDKs\Windows\v7.0A\bin\NETFX 4.0 Tools
142:  C:\Program Files (x86)\Microsoft SDKs\Windows\v7.0A\bin
142:  c:\Program Files (x86)\CMake 2.8\bin
142:  C:\Program Files (x86)\CMake\bin
142:  C:\Perl_516\site\bin
142:  C:\Perl_516\bin
142:  C:\Perl64_516\site\bin
142:  C:\Perl64_516\bin
142:  C:\Perl64\site\bin
142:  C:\Perl64\bin
142:  C:\Perl32\site\bin
142:  C:\Perl32\bin
142:  C:\Windows\system32
142:  C:\Windows
142:  C:\Windows\System32\Wbem
142:  C:\Windows\System32\WindowsPowerShell\v1.0
142:  C:\Program Files\MATLAB\R2014a\runtime\win64
142:  C:\Program Files\MATLAB\R2014a\bin
142:  C:\Program Files\MATLAB\R2011b\runtime\win64
142:  C:\Program Files\MATLAB\R2011b\bin
142:  C:\Program Files (x86)\MATLAB\R2011b\runtime\win32
142:  C:\Program Files (x86)\MATLAB\R2011b\bin
142:  c:\Program Files (x86)\Microsoft SQL Server\100\Tools\Binn
142:  c:\Program Files\Microsoft SQL Server\100\Tools\Binn
142:  c:\Program Files\Microsoft SQL Server\100\DTS\Binn
142:  C:\Program Files (x86)\CMake 2.8\bin
142:  c:\Program Files (x86)\Microsoft ASP.NET\ASP.NET Web Pages\v1.0
142:  C:\Program Files\Microsoft\Web Platform Installer
142:  C:\Program Files\TortoiseHg
142:  C:\Program Files (x86)\Microsoft SQL Server\110\Tools\Binn
142:  C:\Program Files\Microsoft SQL Server\110\Tools\Binn
142:  C:\Program Files\Microsoft SQL Server\110\DTS\Binn
142:  C:\Program Files (x86)\Microsoft SQL Server\110\Tools\Binn\ManagementStudio
142:  C:\Program Files (x86)\Microsoft SQL Server\110\DTS\Binn
142:  C:\ProgramData\chocolatey\bin
142:  C:\Program Files\nodejs
142:  C:\Program Files (x86)\CMake\bin
142:  C:\Program Files\TortoiseGit\bin
142:  C:\Program Files\TortoiseSVN\bin
142:  C:\Program Files (x86)\nodejs
142:  C:\Program Files\Git\cmd
142:  c:\bin
142:  C:/tools/ninja
142:  C:\Users\fbergman\AppData\Roaming\npm
142: Test timeout computed to be: 3000
142: Species 0: mole (exponent = 1, multiplier = 1, scale = 0), litre (exponent = -1, multiplier = 1, scale = 0)
142: Species 1: mole (exponent = 1, multiplier = 1, scale = 0), litre (exponent = -1, multiplier = 1, scale = 0)
142: Species 2: mole (exponent = 1, multiplier = 1, scale = 0), litre (exponent = -1, multiplier = 1, scale = 0)
142: Species 3: mole (exponent = 1, multiplier = 1, scale = 0), litre (exponent = -1, multiplier = 1, scale = 0)
142: Compartment 0: litre (exponent = 1, multiplier = 1, scale = 0)
142: Reaction 0: 
142: Kinetic Law: second (exponent = -1, multiplier = 1, scale = 0), mole (exponent = 1, multiplier = 1, scale = 0)
142:         undeclared units: 
142: no
142: 
142: Reaction 1: 
142: Kinetic Law: second (exponent = -1, multiplier = 1, scale = 0), mole (exponent = 1, multiplier = 1, scale = 0)
142:         undeclared units: 
142: no
142: 
142/175 Test #142: test_cs_printUnits ............................   Passed    0.17 sec
test 143
        Start 143: test_cs_promoteParameters

143: Test command: C:\Development\libsbml-64\examples\csharp\promoteParameters.exe "C:/Development/libsbml/examples/sample-models/from-spec/level-3/enzymekinetics.xml" "promoteParameters.out.xml"
143: Environment variables: 
143:  PATH=C:/Development/libsbml-64/src/bindings/csharp/RelWithDebInfo
143:  C:/Development/libsbml-64/src/bindings/csharp/RelWithDebInfo
143:  c:\Program Files (x86)\Microsoft F#\v4.0
143:  c:\Program Files (x86)\Microsoft Visual Studio 10.0\VSTSDB\Deploy
143:  c:\Program Files (x86)\Microsoft Visual Studio 10.0\Common7\IDE
143:  c:\Program Files (x86)\Microsoft Visual Studio 10.0\VC\BIN
143:  c:\Program Files (x86)\Microsoft Visual Studio 10.0\Common7\Tools
143:  c:\Windows\Microsoft.NET\Framework\v4.0.30319
143:  c:\Windows\Microsoft.NET\Framework\v3.5
143:  c:\Program Files (x86)\Microsoft Visual Studio 10.0\VC\VCPackages
143:  C:\Program Files (x86)\HTML Help Workshop
143:  C:\Program Files (x86)\HTML Help Workshop
143:  c:\Program Files (x86)\Microsoft Visual Studio 10.0\Team Tools\Performance Tools
143:  C:\Program Files (x86)\Microsoft SDKs\Windows\v7.0A\bin\NETFX 4.0 Tools
143:  C:\Program Files (x86)\Microsoft SDKs\Windows\v7.0A\bin
143:  c:\Program Files (x86)\CMake 2.8\bin
143:  C:\Program Files (x86)\CMake\bin
143:  C:\Perl_516\site\bin
143:  C:\Perl_516\bin
143:  C:\Perl64_516\site\bin
143:  C:\Perl64_516\bin
143:  C:\Perl64\site\bin
143:  C:\Perl64\bin
143:  C:\Perl32\site\bin
143:  C:\Perl32\bin
143:  C:\Windows\system32
143:  C:\Windows
143:  C:\Windows\System32\Wbem
143:  C:\Windows\System32\WindowsPowerShell\v1.0
143:  C:\Program Files\MATLAB\R2014a\runtime\win64
143:  C:\Program Files\MATLAB\R2014a\bin
143:  C:\Program Files\MATLAB\R2011b\runtime\win64
143:  C:\Program Files\MATLAB\R2011b\bin
143:  C:\Program Files (x86)\MATLAB\R2011b\runtime\win32
143:  C:\Program Files (x86)\MATLAB\R2011b\bin
143:  c:\Program Files (x86)\Microsoft SQL Server\100\Tools\Binn
143:  c:\Program Files\Microsoft SQL Server\100\Tools\Binn
143:  c:\Program Files\Microsoft SQL Server\100\DTS\Binn
143:  C:\Program Files (x86)\CMake 2.8\bin
143:  c:\Program Files (x86)\Microsoft ASP.NET\ASP.NET Web Pages\v1.0
143:  C:\Program Files\Microsoft\Web Platform Installer
143:  C:\Program Files\TortoiseHg
143:  C:\Program Files (x86)\Microsoft SQL Server\110\Tools\Binn
143:  C:\Program Files\Microsoft SQL Server\110\Tools\Binn
143:  C:\Program Files\Microsoft SQL Server\110\DTS\Binn
143:  C:\Program Files (x86)\Microsoft SQL Server\110\Tools\Binn\ManagementStudio
143:  C:\Program Files (x86)\Microsoft SQL Server\110\DTS\Binn
143:  C:\ProgramData\chocolatey\bin
143:  C:\Program Files\nodejs
143:  C:\Program Files (x86)\CMake\bin
143:  C:\Program Files\TortoiseGit\bin
143:  C:\Program Files\TortoiseSVN\bin
143:  C:\Program Files (x86)\nodejs
143:  C:\Program Files\Git\cmd
143:  c:\bin
143:  C:/tools/ninja
143:  C:\Users\fbergman\AppData\Roaming\npm
143: Test timeout computed to be: 3000
143: [OK] promoted paramters from C:/Development/libsbml/examples/sample-models/from-spec/level-3/enzymekinetics.xml and wrote to promoteParameters.out.xml
143/175 Test #143: test_cs_promoteParameters .....................   Passed    0.09 sec
test 144
        Start 144: test_cs_readSBML

144: Test command: C:\Development\libsbml-64\examples\csharp\readSBML.exe "C:/Development/libsbml/examples/sample-models/from-spec/level-3/enzymekinetics.xml"
144: Environment variables: 
144:  PATH=C:/Development/libsbml-64/src/bindings/csharp/RelWithDebInfo
144:  C:/Development/libsbml-64/src/bindings/csharp/RelWithDebInfo
144:  c:\Program Files (x86)\Microsoft F#\v4.0
144:  c:\Program Files (x86)\Microsoft Visual Studio 10.0\VSTSDB\Deploy
144:  c:\Program Files (x86)\Microsoft Visual Studio 10.0\Common7\IDE
144:  c:\Program Files (x86)\Microsoft Visual Studio 10.0\VC\BIN
144:  c:\Program Files (x86)\Microsoft Visual Studio 10.0\Common7\Tools
144:  c:\Windows\Microsoft.NET\Framework\v4.0.30319
144:  c:\Windows\Microsoft.NET\Framework\v3.5
144:  c:\Program Files (x86)\Microsoft Visual Studio 10.0\VC\VCPackages
144:  C:\Program Files (x86)\HTML Help Workshop
144:  C:\Program Files (x86)\HTML Help Workshop
144:  c:\Program Files (x86)\Microsoft Visual Studio 10.0\Team Tools\Performance Tools
144:  C:\Program Files (x86)\Microsoft SDKs\Windows\v7.0A\bin\NETFX 4.0 Tools
144:  C:\Program Files (x86)\Microsoft SDKs\Windows\v7.0A\bin
144:  c:\Program Files (x86)\CMake 2.8\bin
144:  C:\Program Files (x86)\CMake\bin
144:  C:\Perl_516\site\bin
144:  C:\Perl_516\bin
144:  C:\Perl64_516\site\bin
144:  C:\Perl64_516\bin
144:  C:\Perl64\site\bin
144:  C:\Perl64\bin
144:  C:\Perl32\site\bin
144:  C:\Perl32\bin
144:  C:\Windows\system32
144:  C:\Windows
144:  C:\Windows\System32\Wbem
144:  C:\Windows\System32\WindowsPowerShell\v1.0
144:  C:\Program Files\MATLAB\R2014a\runtime\win64
144:  C:\Program Files\MATLAB\R2014a\bin
144:  C:\Program Files\MATLAB\R2011b\runtime\win64
144:  C:\Program Files\MATLAB\R2011b\bin
144:  C:\Program Files (x86)\MATLAB\R2011b\runtime\win32
144:  C:\Program Files (x86)\MATLAB\R2011b\bin
144:  c:\Program Files (x86)\Microsoft SQL Server\100\Tools\Binn
144:  c:\Program Files\Microsoft SQL Server\100\Tools\Binn
144:  c:\Program Files\Microsoft SQL Server\100\DTS\Binn
144:  C:\Program Files (x86)\CMake 2.8\bin
144:  c:\Program Files (x86)\Microsoft ASP.NET\ASP.NET Web Pages\v1.0
144:  C:\Program Files\Microsoft\Web Platform Installer
144:  C:\Program Files\TortoiseHg
144:  C:\Program Files (x86)\Microsoft SQL Server\110\Tools\Binn
144:  C:\Program Files\Microsoft SQL Server\110\Tools\Binn
144:  C:\Program Files\Microsoft SQL Server\110\DTS\Binn
144:  C:\Program Files (x86)\Microsoft SQL Server\110\Tools\Binn\ManagementStudio
144:  C:\Program Files (x86)\Microsoft SQL Server\110\DTS\Binn
144:  C:\ProgramData\chocolatey\bin
144:  C:\Program Files\nodejs
144:  C:\Program Files (x86)\CMake\bin
144:  C:\Program Files\TortoiseGit\bin
144:  C:\Program Files\TortoiseSVN\bin
144:  C:\Program Files (x86)\nodejs
144:  C:\Program Files\Git\cmd
144:  c:\bin
144:  C:/tools/ninja
144:  C:\Users\fbergman\AppData\Roaming\npm
144: Test timeout computed to be: 3000
144: 
144:             filename: C:/Development/libsbml/examples/sample-models/from-spec/level-3/enzymekinetics.xml
144:            file size: 4021
144:       read time (ms): 156001
144:  validation error(s): 0
144: 
144/175 Test #144: test_cs_readSBML ..............................   Passed    0.08 sec
test 145
        Start 145: test_cs_stripPackage

145: Test command: C:\Development\libsbml-64\examples\csharp\stripPackage.exe "C:/Development/libsbml/examples/sample-models/fbc/fbc_example1.xml" "fbc" "stripPackage.out.xml"
145: Environment variables: 
145:  PATH=C:/Development/libsbml-64/src/bindings/csharp/RelWithDebInfo
145:  C:/Development/libsbml-64/src/bindings/csharp/RelWithDebInfo
145:  c:\Program Files (x86)\Microsoft F#\v4.0
145:  c:\Program Files (x86)\Microsoft Visual Studio 10.0\VSTSDB\Deploy
145:  c:\Program Files (x86)\Microsoft Visual Studio 10.0\Common7\IDE
145:  c:\Program Files (x86)\Microsoft Visual Studio 10.0\VC\BIN
145:  c:\Program Files (x86)\Microsoft Visual Studio 10.0\Common7\Tools
145:  c:\Windows\Microsoft.NET\Framework\v4.0.30319
145:  c:\Windows\Microsoft.NET\Framework\v3.5
145:  c:\Program Files (x86)\Microsoft Visual Studio 10.0\VC\VCPackages
145:  C:\Program Files (x86)\HTML Help Workshop
145:  C:\Program Files (x86)\HTML Help Workshop
145:  c:\Program Files (x86)\Microsoft Visual Studio 10.0\Team Tools\Performance Tools
145:  C:\Program Files (x86)\Microsoft SDKs\Windows\v7.0A\bin\NETFX 4.0 Tools
145:  C:\Program Files (x86)\Microsoft SDKs\Windows\v7.0A\bin
145:  c:\Program Files (x86)\CMake 2.8\bin
145:  C:\Program Files (x86)\CMake\bin
145:  C:\Perl_516\site\bin
145:  C:\Perl_516\bin
145:  C:\Perl64_516\site\bin
145:  C:\Perl64_516\bin
145:  C:\Perl64\site\bin
145:  C:\Perl64\bin
145:  C:\Perl32\site\bin
145:  C:\Perl32\bin
145:  C:\Windows\system32
145:  C:\Windows
145:  C:\Windows\System32\Wbem
145:  C:\Windows\System32\WindowsPowerShell\v1.0
145:  C:\Program Files\MATLAB\R2014a\runtime\win64
145:  C:\Program Files\MATLAB\R2014a\bin
145:  C:\Program Files\MATLAB\R2011b\runtime\win64
145:  C:\Program Files\MATLAB\R2011b\bin
145:  C:\Program Files (x86)\MATLAB\R2011b\runtime\win32
145:  C:\Program Files (x86)\MATLAB\R2011b\bin
145:  c:\Program Files (x86)\Microsoft SQL Server\100\Tools\Binn
145:  c:\Program Files\Microsoft SQL Server\100\Tools\Binn
145:  c:\Program Files\Microsoft SQL Server\100\DTS\Binn
145:  C:\Program Files (x86)\CMake 2.8\bin
145:  c:\Program Files (x86)\Microsoft ASP.NET\ASP.NET Web Pages\v1.0
145:  C:\Program Files\Microsoft\Web Platform Installer
145:  C:\Program Files\TortoiseHg
145:  C:\Program Files (x86)\Microsoft SQL Server\110\Tools\Binn
145:  C:\Program Files\Microsoft SQL Server\110\Tools\Binn
145:  C:\Program Files\Microsoft SQL Server\110\DTS\Binn
145:  C:\Program Files (x86)\Microsoft SQL Server\110\Tools\Binn\ManagementStudio
145:  C:\Program Files (x86)\Microsoft SQL Server\110\DTS\Binn
145:  C:\ProgramData\chocolatey\bin
145:  C:\Program Files\nodejs
145:  C:\Program Files (x86)\CMake\bin
145:  C:\Program Files\TortoiseGit\bin
145:  C:\Program Files\TortoiseSVN\bin
145:  C:\Program Files (x86)\nodejs
145:  C:\Program Files\Git\cmd
145:  c:\bin
145:  C:/tools/ninja
145:  C:\Users\fbergman\AppData\Roaming\npm
145: Test timeout computed to be: 3000
145: [OK] Stripped package 'fbc' from C:/Development/libsbml/examples/sample-models/fbc/fbc_example1.xml and wrote to stripPackage.out.xml
145/175 Test #145: test_cs_stripPackage ..........................   Passed    0.89 sec
test 146
        Start 146: test_cs_SetIdFromNames

146: Test command: C:\Development\libsbml-64\examples\csharp\SetIdFromNames.exe "C:/Development/libsbml/examples/sample-models/from-spec/level-3/enzymekinetics.xml" "SetIdFromNames.out.xml"
146: Environment variables: 
146:  PATH=C:/Development/libsbml-64/src/bindings/csharp/RelWithDebInfo
146:  C:/Development/libsbml-64/src/bindings/csharp/RelWithDebInfo
146:  c:\Program Files (x86)\Microsoft F#\v4.0
146:  c:\Program Files (x86)\Microsoft Visual Studio 10.0\VSTSDB\Deploy
146:  c:\Program Files (x86)\Microsoft Visual Studio 10.0\Common7\IDE
146:  c:\Program Files (x86)\Microsoft Visual Studio 10.0\VC\BIN
146:  c:\Program Files (x86)\Microsoft Visual Studio 10.0\Common7\Tools
146:  c:\Windows\Microsoft.NET\Framework\v4.0.30319
146:  c:\Windows\Microsoft.NET\Framework\v3.5
146:  c:\Program Files (x86)\Microsoft Visual Studio 10.0\VC\VCPackages
146:  C:\Program Files (x86)\HTML Help Workshop
146:  C:\Program Files (x86)\HTML Help Workshop
146:  c:\Program Files (x86)\Microsoft Visual Studio 10.0\Team Tools\Performance Tools
146:  C:\Program Files (x86)\Microsoft SDKs\Windows\v7.0A\bin\NETFX 4.0 Tools
146:  C:\Program Files (x86)\Microsoft SDKs\Windows\v7.0A\bin
146:  c:\Program Files (x86)\CMake 2.8\bin
146:  C:\Program Files (x86)\CMake\bin
146:  C:\Perl_516\site\bin
146:  C:\Perl_516\bin
146:  C:\Perl64_516\site\bin
146:  C:\Perl64_516\bin
146:  C:\Perl64\site\bin
146:  C:\Perl64\bin
146:  C:\Perl32\site\bin
146:  C:\Perl32\bin
146:  C:\Windows\system32
146:  C:\Windows
146:  C:\Windows\System32\Wbem
146:  C:\Windows\System32\WindowsPowerShell\v1.0
146:  C:\Program Files\MATLAB\R2014a\runtime\win64
146:  C:\Program Files\MATLAB\R2014a\bin
146:  C:\Program Files\MATLAB\R2011b\runtime\win64
146:  C:\Program Files\MATLAB\R2011b\bin
146:  C:\Program Files (x86)\MATLAB\R2011b\runtime\win32
146:  C:\Program Files (x86)\MATLAB\R2011b\bin
146:  c:\Program Files (x86)\Microsoft SQL Server\100\Tools\Binn
146:  c:\Program Files\Microsoft SQL Server\100\Tools\Binn
146:  c:\Program Files\Microsoft SQL Server\100\DTS\Binn
146:  C:\Program Files (x86)\CMake 2.8\bin
146:  c:\Program Files (x86)\Microsoft ASP.NET\ASP.NET Web Pages\v1.0
146:  C:\Program Files\Microsoft\Web Platform Installer
146:  C:\Program Files\TortoiseHg
146:  C:\Program Files (x86)\Microsoft SQL Server\110\Tools\Binn
146:  C:\Program Files\Microsoft SQL Server\110\Tools\Binn
146:  C:\Program Files\Microsoft SQL Server\110\DTS\Binn
146:  C:\Program Files (x86)\Microsoft SQL Server\110\Tools\Binn\ManagementStudio
146:  C:\Program Files (x86)\Microsoft SQL Server\110\DTS\Binn
146:  C:\ProgramData\chocolatey\bin
146:  C:\Program Files\nodejs
146:  C:\Program Files (x86)\CMake\bin
146:  C:\Program Files\TortoiseGit\bin
146:  C:\Program Files\TortoiseSVN\bin
146:  C:\Program Files (x86)\nodejs
146:  C:\Program Files\Git\cmd
146:  c:\bin
146:  C:/tools/ninja
146:  C:\Users\fbergman\AppData\Roaming\npm
146: Test timeout computed to be: 3000
146: 
146:             filename: C:/Development/libsbml/examples/sample-models/from-spec/level-3/enzymekinetics.xml
146:       read time (ms): 15.6001
146:     rename time (ms): 0
146:      write time (ms): 0
146: 
146/175 Test #146: test_cs_SetIdFromNames ........................   Passed    0.11 sec
test 147
        Start 147: test_cs_unsetAnnotation

147: Test command: C:\Development\libsbml-64\examples\csharp\unsetAnnotation.exe "C:/Development/libsbml/examples/sample-models/from-spec/level-3/enzymekinetics.xml" "unsetAnnotation.out.xml"
147: Environment variables: 
147:  PATH=C:/Development/libsbml-64/src/bindings/csharp/RelWithDebInfo
147:  C:/Development/libsbml-64/src/bindings/csharp/RelWithDebInfo
147:  c:\Program Files (x86)\Microsoft F#\v4.0
147:  c:\Program Files (x86)\Microsoft Visual Studio 10.0\VSTSDB\Deploy
147:  c:\Program Files (x86)\Microsoft Visual Studio 10.0\Common7\IDE
147:  c:\Program Files (x86)\Microsoft Visual Studio 10.0\VC\BIN
147:  c:\Program Files (x86)\Microsoft Visual Studio 10.0\Common7\Tools
147:  c:\Windows\Microsoft.NET\Framework\v4.0.30319
147:  c:\Windows\Microsoft.NET\Framework\v3.5
147:  c:\Program Files (x86)\Microsoft Visual Studio 10.0\VC\VCPackages
147:  C:\Program Files (x86)\HTML Help Workshop
147:  C:\Program Files (x86)\HTML Help Workshop
147:  c:\Program Files (x86)\Microsoft Visual Studio 10.0\Team Tools\Performance Tools
147:  C:\Program Files (x86)\Microsoft SDKs\Windows\v7.0A\bin\NETFX 4.0 Tools
147:  C:\Program Files (x86)\Microsoft SDKs\Windows\v7.0A\bin
147:  c:\Program Files (x86)\CMake 2.8\bin
147:  C:\Program Files (x86)\CMake\bin
147:  C:\Perl_516\site\bin
147:  C:\Perl_516\bin
147:  C:\Perl64_516\site\bin
147:  C:\Perl64_516\bin
147:  C:\Perl64\site\bin
147:  C:\Perl64\bin
147:  C:\Perl32\site\bin
147:  C:\Perl32\bin
147:  C:\Windows\system32
147:  C:\Windows
147:  C:\Windows\System32\Wbem
147:  C:\Windows\System32\WindowsPowerShell\v1.0
147:  C:\Program Files\MATLAB\R2014a\runtime\win64
147:  C:\Program Files\MATLAB\R2014a\bin
147:  C:\Program Files\MATLAB\R2011b\runtime\win64
147:  C:\Program Files\MATLAB\R2011b\bin
147:  C:\Program Files (x86)\MATLAB\R2011b\runtime\win32
147:  C:\Program Files (x86)\MATLAB\R2011b\bin
147:  c:\Program Files (x86)\Microsoft SQL Server\100\Tools\Binn
147:  c:\Program Files\Microsoft SQL Server\100\Tools\Binn
147:  c:\Program Files\Microsoft SQL Server\100\DTS\Binn
147:  C:\Program Files (x86)\CMake 2.8\bin
147:  c:\Program Files (x86)\Microsoft ASP.NET\ASP.NET Web Pages\v1.0
147:  C:\Program Files\Microsoft\Web Platform Installer
147:  C:\Program Files\TortoiseHg
147:  C:\Program Files (x86)\Microsoft SQL Server\110\Tools\Binn
147:  C:\Program Files\Microsoft SQL Server\110\Tools\Binn
147:  C:\Program Files\Microsoft SQL Server\110\DTS\Binn
147:  C:\Program Files (x86)\Microsoft SQL Server\110\Tools\Binn\ManagementStudio
147:  C:\Program Files (x86)\Microsoft SQL Server\110\DTS\Binn
147:  C:\ProgramData\chocolatey\bin
147:  C:\Program Files\nodejs
147:  C:\Program Files (x86)\CMake\bin
147:  C:\Program Files\TortoiseGit\bin
147:  C:\Program Files\TortoiseSVN\bin
147:  C:\Program Files (x86)\nodejs
147:  C:\Program Files\Git\cmd
147:  c:\bin
147:  C:/tools/ninja
147:  C:\Users\fbergman\AppData\Roaming\npm
147: Test timeout computed to be: 3000
147/175 Test #147: test_cs_unsetAnnotation .......................   Passed    0.11 sec
test 148
        Start 148: test_cs_unsetNotes

148: Test command: C:\Development\libsbml-64\examples\csharp\unsetNotes.exe "C:/Development/libsbml/examples/sample-models/from-spec/level-3/enzymekinetics.xml" "unsetNotes.out.xml"
148: Environment variables: 
148:  PATH=C:/Development/libsbml-64/src/bindings/csharp/RelWithDebInfo
148:  C:/Development/libsbml-64/src/bindings/csharp/RelWithDebInfo
148:  c:\Program Files (x86)\Microsoft F#\v4.0
148:  c:\Program Files (x86)\Microsoft Visual Studio 10.0\VSTSDB\Deploy
148:  c:\Program Files (x86)\Microsoft Visual Studio 10.0\Common7\IDE
148:  c:\Program Files (x86)\Microsoft Visual Studio 10.0\VC\BIN
148:  c:\Program Files (x86)\Microsoft Visual Studio 10.0\Common7\Tools
148:  c:\Windows\Microsoft.NET\Framework\v4.0.30319
148:  c:\Windows\Microsoft.NET\Framework\v3.5
148:  c:\Program Files (x86)\Microsoft Visual Studio 10.0\VC\VCPackages
148:  C:\Program Files (x86)\HTML Help Workshop
148:  C:\Program Files (x86)\HTML Help Workshop
148:  c:\Program Files (x86)\Microsoft Visual Studio 10.0\Team Tools\Performance Tools
148:  C:\Program Files (x86)\Microsoft SDKs\Windows\v7.0A\bin\NETFX 4.0 Tools
148:  C:\Program Files (x86)\Microsoft SDKs\Windows\v7.0A\bin
148:  c:\Program Files (x86)\CMake 2.8\bin
148:  C:\Program Files (x86)\CMake\bin
148:  C:\Perl_516\site\bin
148:  C:\Perl_516\bin
148:  C:\Perl64_516\site\bin
148:  C:\Perl64_516\bin
148:  C:\Perl64\site\bin
148:  C:\Perl64\bin
148:  C:\Perl32\site\bin
148:  C:\Perl32\bin
148:  C:\Windows\system32
148:  C:\Windows
148:  C:\Windows\System32\Wbem
148:  C:\Windows\System32\WindowsPowerShell\v1.0
148:  C:\Program Files\MATLAB\R2014a\runtime\win64
148:  C:\Program Files\MATLAB\R2014a\bin
148:  C:\Program Files\MATLAB\R2011b\runtime\win64
148:  C:\Program Files\MATLAB\R2011b\bin
148:  C:\Program Files (x86)\MATLAB\R2011b\runtime\win32
148:  C:\Program Files (x86)\MATLAB\R2011b\bin
148:  c:\Program Files (x86)\Microsoft SQL Server\100\Tools\Binn
148:  c:\Program Files\Microsoft SQL Server\100\Tools\Binn
148:  c:\Program Files\Microsoft SQL Server\100\DTS\Binn
148:  C:\Program Files (x86)\CMake 2.8\bin
148:  c:\Program Files (x86)\Microsoft ASP.NET\ASP.NET Web Pages\v1.0
148:  C:\Program Files\Microsoft\Web Platform Installer
148:  C:\Program Files\TortoiseHg
148:  C:\Program Files (x86)\Microsoft SQL Server\110\Tools\Binn
148:  C:\Program Files\Microsoft SQL Server\110\Tools\Binn
148:  C:\Program Files\Microsoft SQL Server\110\DTS\Binn
148:  C:\Program Files (x86)\Microsoft SQL Server\110\Tools\Binn\ManagementStudio
148:  C:\Program Files (x86)\Microsoft SQL Server\110\DTS\Binn
148:  C:\ProgramData\chocolatey\bin
148:  C:\Program Files\nodejs
148:  C:\Program Files (x86)\CMake\bin
148:  C:\Program Files\TortoiseGit\bin
148:  C:\Program Files\TortoiseSVN\bin
148:  C:\Program Files (x86)\nodejs
148:  C:\Program Files\Git\cmd
148:  c:\bin
148:  C:/tools/ninja
148:  C:\Users\fbergman\AppData\Roaming\npm
148: Test timeout computed to be: 3000
148/175 Test #148: test_cs_unsetNotes ............................   Passed    0.12 sec
test 149
        Start 149: test_cs_validateSBML

149: Test command: C:\Development\libsbml-64\examples\csharp\validateSBML.exe "C:/Development/libsbml/examples/sample-models/from-spec/level-3/enzymekinetics.xml"
149: Environment variables: 
149:  PATH=C:/Development/libsbml-64/src/bindings/csharp/RelWithDebInfo
149:  C:/Development/libsbml-64/src/bindings/csharp/RelWithDebInfo
149:  c:\Program Files (x86)\Microsoft F#\v4.0
149:  c:\Program Files (x86)\Microsoft Visual Studio 10.0\VSTSDB\Deploy
149:  c:\Program Files (x86)\Microsoft Visual Studio 10.0\Common7\IDE
149:  c:\Program Files (x86)\Microsoft Visual Studio 10.0\VC\BIN
149:  c:\Program Files (x86)\Microsoft Visual Studio 10.0\Common7\Tools
149:  c:\Windows\Microsoft.NET\Framework\v4.0.30319
149:  c:\Windows\Microsoft.NET\Framework\v3.5
149:  c:\Program Files (x86)\Microsoft Visual Studio 10.0\VC\VCPackages
149:  C:\Program Files (x86)\HTML Help Workshop
149:  C:\Program Files (x86)\HTML Help Workshop
149:  c:\Program Files (x86)\Microsoft Visual Studio 10.0\Team Tools\Performance Tools
149:  C:\Program Files (x86)\Microsoft SDKs\Windows\v7.0A\bin\NETFX 4.0 Tools
149:  C:\Program Files (x86)\Microsoft SDKs\Windows\v7.0A\bin
149:  c:\Program Files (x86)\CMake 2.8\bin
149:  C:\Program Files (x86)\CMake\bin
149:  C:\Perl_516\site\bin
149:  C:\Perl_516\bin
149:  C:\Perl64_516\site\bin
149:  C:\Perl64_516\bin
149:  C:\Perl64\site\bin
149:  C:\Perl64\bin
149:  C:\Perl32\site\bin
149:  C:\Perl32\bin
149:  C:\Windows\system32
149:  C:\Windows
149:  C:\Windows\System32\Wbem
149:  C:\Windows\System32\WindowsPowerShell\v1.0
149:  C:\Program Files\MATLAB\R2014a\runtime\win64
149:  C:\Program Files\MATLAB\R2014a\bin
149:  C:\Program Files\MATLAB\R2011b\runtime\win64
149:  C:\Program Files\MATLAB\R2011b\bin
149:  C:\Program Files (x86)\MATLAB\R2011b\runtime\win32
149:  C:\Program Files (x86)\MATLAB\R2011b\bin
149:  c:\Program Files (x86)\Microsoft SQL Server\100\Tools\Binn
149:  c:\Program Files\Microsoft SQL Server\100\Tools\Binn
149:  c:\Program Files\Microsoft SQL Server\100\DTS\Binn
149:  C:\Program Files (x86)\CMake 2.8\bin
149:  c:\Program Files (x86)\Microsoft ASP.NET\ASP.NET Web Pages\v1.0
149:  C:\Program Files\Microsoft\Web Platform Installer
149:  C:\Program Files\TortoiseHg
149:  C:\Program Files (x86)\Microsoft SQL Server\110\Tools\Binn
149:  C:\Program Files\Microsoft SQL Server\110\Tools\Binn
149:  C:\Program Files\Microsoft SQL Server\110\DTS\Binn
149:  C:\Program Files (x86)\Microsoft SQL Server\110\Tools\Binn\ManagementStudio
149:  C:\Program Files (x86)\Microsoft SQL Server\110\DTS\Binn
149:  C:\ProgramData\chocolatey\bin
149:  C:\Program Files\nodejs
149:  C:\Program Files (x86)\CMake\bin
149:  C:\Program Files\TortoiseGit\bin
149:  C:\Program Files\TortoiseSVN\bin
149:  C:\Program Files (x86)\nodejs
149:  C:\Program Files\Git\cmd
149:  c:\bin
149:  C:/tools/ninja
149:  C:\Users\fbergman\AppData\Roaming\npm
149: Test timeout computed to be: 3000
149: ---------------------------------------------------------------------------
149:                filename : C:/Development/libsbml/examples/sample-models/from-spec/level-3/enzymekinetics.xml
149:        file size (byte) : 4021
149:          read time (ms) : 15.6001
149:       c-check time (ms) : 15.6001
149:     validation error(s) : 0
149:   (consistency error(s)): 0
149:   validation warning(s) : 0
149: (consistency warning(s)): 0
149: ---------------------------------------------------------------------------
149: Validated 1 files, 1 valid files, 0 invalid files.
149/175 Test #149: test_cs_validateSBML ..........................   Passed    4.99 sec
test 150
        Start 150: test_cs_evaluateCustomMath

150: Test command: C:\Development\libsbml-64\examples\csharp\evaluateCustomMath.exe "2*3+4" "C:/Development/libsbml/examples/sample-models/from-spec/level-3/enzymekinetics.xml"
150: Environment variables: 
150:  PATH=C:/Development/libsbml-64/src/bindings/csharp/RelWithDebInfo
150:  C:/Development/libsbml-64/src/bindings/csharp/RelWithDebInfo
150:  c:\Program Files (x86)\Microsoft F#\v4.0
150:  c:\Program Files (x86)\Microsoft Visual Studio 10.0\VSTSDB\Deploy
150:  c:\Program Files (x86)\Microsoft Visual Studio 10.0\Common7\IDE
150:  c:\Program Files (x86)\Microsoft Visual Studio 10.0\VC\BIN
150:  c:\Program Files (x86)\Microsoft Visual Studio 10.0\Common7\Tools
150:  c:\Windows\Microsoft.NET\Framework\v4.0.30319
150:  c:\Windows\Microsoft.NET\Framework\v3.5
150:  c:\Program Files (x86)\Microsoft Visual Studio 10.0\VC\VCPackages
150:  C:\Program Files (x86)\HTML Help Workshop
150:  C:\Program Files (x86)\HTML Help Workshop
150:  c:\Program Files (x86)\Microsoft Visual Studio 10.0\Team Tools\Performance Tools
150:  C:\Program Files (x86)\Microsoft SDKs\Windows\v7.0A\bin\NETFX 4.0 Tools
150:  C:\Program Files (x86)\Microsoft SDKs\Windows\v7.0A\bin
150:  c:\Program Files (x86)\CMake 2.8\bin
150:  C:\Program Files (x86)\CMake\bin
150:  C:\Perl_516\site\bin
150:  C:\Perl_516\bin
150:  C:\Perl64_516\site\bin
150:  C:\Perl64_516\bin
150:  C:\Perl64\site\bin
150:  C:\Perl64\bin
150:  C:\Perl32\site\bin
150:  C:\Perl32\bin
150:  C:\Windows\system32
150:  C:\Windows
150:  C:\Windows\System32\Wbem
150:  C:\Windows\System32\WindowsPowerShell\v1.0
150:  C:\Program Files\MATLAB\R2014a\runtime\win64
150:  C:\Program Files\MATLAB\R2014a\bin
150:  C:\Program Files\MATLAB\R2011b\runtime\win64
150:  C:\Program Files\MATLAB\R2011b\bin
150:  C:\Program Files (x86)\MATLAB\R2011b\runtime\win32
150:  C:\Program Files (x86)\MATLAB\R2011b\bin
150:  c:\Program Files (x86)\Microsoft SQL Server\100\Tools\Binn
150:  c:\Program Files\Microsoft SQL Server\100\Tools\Binn
150:  c:\Program Files\Microsoft SQL Server\100\DTS\Binn
150:  C:\Program Files (x86)\CMake 2.8\bin
150:  c:\Program Files (x86)\Microsoft ASP.NET\ASP.NET Web Pages\v1.0
150:  C:\Program Files\Microsoft\Web Platform Installer
150:  C:\Program Files\TortoiseHg
150:  C:\Program Files (x86)\Microsoft SQL Server\110\Tools\Binn
150:  C:\Program Files\Microsoft SQL Server\110\Tools\Binn
150:  C:\Program Files\Microsoft SQL Server\110\DTS\Binn
150:  C:\Program Files (x86)\Microsoft SQL Server\110\Tools\Binn\ManagementStudio
150:  C:\Program Files (x86)\Microsoft SQL Server\110\DTS\Binn
150:  C:\ProgramData\chocolatey\bin
150:  C:\Program Files\nodejs
150:  C:\Program Files (x86)\CMake\bin
150:  C:\Program Files\TortoiseGit\bin
150:  C:\Program Files\TortoiseSVN\bin
150:  C:\Program Files (x86)\nodejs
150:  C:\Program Files\Git\cmd
150:  c:\bin
150:  C:/tools/ninja
150:  C:\Users\fbergman\AppData\Roaming\npm
150: Test timeout computed to be: 3000
150: 2*3+4 = 10
150/175 Test #150: test_cs_evaluateCustomMath ....................   Passed    0.14 sec
test 151
        Start 151: test_cs_inlineInitialAssignments

151: Test command: C:\Development\libsbml-64\examples\csharp\inlineInitialAssignments.exe "C:/Development/libsbml/examples/sample-models/from-spec/level-3/enzymekinetics.xml" "inlineInitialAssignments.out.xml"
151: Environment variables: 
151:  PATH=C:/Development/libsbml-64/src/bindings/csharp/RelWithDebInfo
151:  C:/Development/libsbml-64/src/bindings/csharp/RelWithDebInfo
151:  c:\Program Files (x86)\Microsoft F#\v4.0
151:  c:\Program Files (x86)\Microsoft Visual Studio 10.0\VSTSDB\Deploy
151:  c:\Program Files (x86)\Microsoft Visual Studio 10.0\Common7\IDE
151:  c:\Program Files (x86)\Microsoft Visual Studio 10.0\VC\BIN
151:  c:\Program Files (x86)\Microsoft Visual Studio 10.0\Common7\Tools
151:  c:\Windows\Microsoft.NET\Framework\v4.0.30319
151:  c:\Windows\Microsoft.NET\Framework\v3.5
151:  c:\Program Files (x86)\Microsoft Visual Studio 10.0\VC\VCPackages
151:  C:\Program Files (x86)\HTML Help Workshop
151:  C:\Program Files (x86)\HTML Help Workshop
151:  c:\Program Files (x86)\Microsoft Visual Studio 10.0\Team Tools\Performance Tools
151:  C:\Program Files (x86)\Microsoft SDKs\Windows\v7.0A\bin\NETFX 4.0 Tools
151:  C:\Program Files (x86)\Microsoft SDKs\Windows\v7.0A\bin
151:  c:\Program Files (x86)\CMake 2.8\bin
151:  C:\Program Files (x86)\CMake\bin
151:  C:\Perl_516\site\bin
151:  C:\Perl_516\bin
151:  C:\Perl64_516\site\bin
151:  C:\Perl64_516\bin
151:  C:\Perl64\site\bin
151:  C:\Perl64\bin
151:  C:\Perl32\site\bin
151:  C:\Perl32\bin
151:  C:\Windows\system32
151:  C:\Windows
151:  C:\Windows\System32\Wbem
151:  C:\Windows\System32\WindowsPowerShell\v1.0
151:  C:\Program Files\MATLAB\R2014a\runtime\win64
151:  C:\Program Files\MATLAB\R2014a\bin
151:  C:\Program Files\MATLAB\R2011b\runtime\win64
151:  C:\Program Files\MATLAB\R2011b\bin
151:  C:\Program Files (x86)\MATLAB\R2011b\runtime\win32
151:  C:\Program Files (x86)\MATLAB\R2011b\bin
151:  c:\Program Files (x86)\Microsoft SQL Server\100\Tools\Binn
151:  c:\Program Files\Microsoft SQL Server\100\Tools\Binn
151:  c:\Program Files\Microsoft SQL Server\100\DTS\Binn
151:  C:\Program Files (x86)\CMake 2.8\bin
151:  c:\Program Files (x86)\Microsoft ASP.NET\ASP.NET Web Pages\v1.0
151:  C:\Program Files\Microsoft\Web Platform Installer
151:  C:\Program Files\TortoiseHg
151:  C:\Program Files (x86)\Microsoft SQL Server\110\Tools\Binn
151:  C:\Program Files\Microsoft SQL Server\110\Tools\Binn
151:  C:\Program Files\Microsoft SQL Server\110\DTS\Binn
151:  C:\Program Files (x86)\Microsoft SQL Server\110\Tools\Binn\ManagementStudio
151:  C:\Program Files (x86)\Microsoft SQL Server\110\DTS\Binn
151:  C:\ProgramData\chocolatey\bin
151:  C:\Program Files\nodejs
151:  C:\Program Files (x86)\CMake\bin
151:  C:\Program Files\TortoiseGit\bin
151:  C:\Program Files\TortoiseSVN\bin
151:  C:\Program Files (x86)\nodejs
151:  C:\Program Files\Git\cmd
151:  c:\bin
151:  C:/tools/ninja
151:  C:\Users\fbergman\AppData\Roaming\npm
151: Test timeout computed to be: 3000
151/175 Test #151: test_cs_inlineInitialAssignments ..............   Passed    0.09 sec
test 152
        Start 152: test_cs_replaceOneFD

152: Test command: C:\Development\libsbml-64\examples\csharp\replaceOneFD.exe "C:/Development/libsbml/examples/sample-models/from-spec/level-3/functiondef.xml" "f" "reaction_1" "replaceOneFD.out.xml"
152: Environment variables: 
152:  PATH=C:/Development/libsbml-64/src/bindings/csharp/RelWithDebInfo
152:  C:/Development/libsbml-64/src/bindings/csharp/RelWithDebInfo
152:  c:\Program Files (x86)\Microsoft F#\v4.0
152:  c:\Program Files (x86)\Microsoft Visual Studio 10.0\VSTSDB\Deploy
152:  c:\Program Files (x86)\Microsoft Visual Studio 10.0\Common7\IDE
152:  c:\Program Files (x86)\Microsoft Visual Studio 10.0\VC\BIN
152:  c:\Program Files (x86)\Microsoft Visual Studio 10.0\Common7\Tools
152:  c:\Windows\Microsoft.NET\Framework\v4.0.30319
152:  c:\Windows\Microsoft.NET\Framework\v3.5
152:  c:\Program Files (x86)\Microsoft Visual Studio 10.0\VC\VCPackages
152:  C:\Program Files (x86)\HTML Help Workshop
152:  C:\Program Files (x86)\HTML Help Workshop
152:  c:\Program Files (x86)\Microsoft Visual Studio 10.0\Team Tools\Performance Tools
152:  C:\Program Files (x86)\Microsoft SDKs\Windows\v7.0A\bin\NETFX 4.0 Tools
152:  C:\Program Files (x86)\Microsoft SDKs\Windows\v7.0A\bin
152:  c:\Program Files (x86)\CMake 2.8\bin
152:  C:\Program Files (x86)\CMake\bin
152:  C:\Perl_516\site\bin
152:  C:\Perl_516\bin
152:  C:\Perl64_516\site\bin
152:  C:\Perl64_516\bin
152:  C:\Perl64\site\bin
152:  C:\Perl64\bin
152:  C:\Perl32\site\bin
152:  C:\Perl32\bin
152:  C:\Windows\system32
152:  C:\Windows
152:  C:\Windows\System32\Wbem
152:  C:\Windows\System32\WindowsPowerShell\v1.0
152:  C:\Program Files\MATLAB\R2014a\runtime\win64
152:  C:\Program Files\MATLAB\R2014a\bin
152:  C:\Program Files\MATLAB\R2011b\runtime\win64
152:  C:\Program Files\MATLAB\R2011b\bin
152:  C:\Program Files (x86)\MATLAB\R2011b\runtime\win32
152:  C:\Program Files (x86)\MATLAB\R2011b\bin
152:  c:\Program Files (x86)\Microsoft SQL Server\100\Tools\Binn
152:  c:\Program Files\Microsoft SQL Server\100\Tools\Binn
152:  c:\Program Files\Microsoft SQL Server\100\DTS\Binn
152:  C:\Program Files (x86)\CMake 2.8\bin
152:  c:\Program Files (x86)\Microsoft ASP.NET\ASP.NET Web Pages\v1.0
152:  C:\Program Files\Microsoft\Web Platform Installer
152:  C:\Program Files\TortoiseHg
152:  C:\Program Files (x86)\Microsoft SQL Server\110\Tools\Binn
152:  C:\Program Files\Microsoft SQL Server\110\Tools\Binn
152:  C:\Program Files\Microsoft SQL Server\110\DTS\Binn
152:  C:\Program Files (x86)\Microsoft SQL Server\110\Tools\Binn\ManagementStudio
152:  C:\Program Files (x86)\Microsoft SQL Server\110\DTS\Binn
152:  C:\ProgramData\chocolatey\bin
152:  C:\Program Files\nodejs
152:  C:\Program Files (x86)\CMake\bin
152:  C:\Program Files\TortoiseGit\bin
152:  C:\Program Files\TortoiseSVN\bin
152:  C:\Program Files (x86)\nodejs
152:  C:\Program Files\Git\cmd
152:  c:\bin
152:  C:/tools/ninja
152:  C:\Users\fbergman\AppData\Roaming\npm
152: Test timeout computed to be: 3000
152/175 Test #152: test_cs_replaceOneFD ..........................   Passed    0.11 sec
test 153
        Start 153: test_java_addCVTerms

153: Test command: "C:\Program Files\Java\jdk1.7.0_05\bin\java.exe" "-cp" ".;C:\Development\libsbml-64\examples\java\..\..\src\bindings\java\libsbmlj.jar;" "-Djava.library.path=C:/Development/libsbml-64/src/bindings/java/RelWithDebInfo" "addCVTerms" "C:/Development/libsbml/examples/sample-models/from-spec/level-3/enzymekinetics.xml" "addCVTerms.out.xml"
153: Test timeout computed to be: 3000
153/175 Test #153: test_java_addCVTerms ..........................   Passed    0.25 sec
test 154
        Start 154: test_java_addingEvidenceCodes_1

154: Test command: "C:\Program Files\Java\jdk1.7.0_05\bin\java.exe" "-cp" ".;C:\Development\libsbml-64\examples\java\..\..\src\bindings\java\libsbmlj.jar;" "-Djava.library.path=C:/Development/libsbml-64/src/bindings/java/RelWithDebInfo" "addingEvidenceCodes_1" "C:/Development/libsbml/examples/sample-models/from-spec/level-3/enzymekinetics.xml" "addingEvidenceCodes_1.out.xml"
154: Test timeout computed to be: 3000
154/175 Test #154: test_java_addingEvidenceCodes_1 ...............   Passed    0.20 sec
test 155
        Start 155: test_java_addingEvidenceCodes_2

155: Test command: "C:\Program Files\Java\jdk1.7.0_05\bin\java.exe" "-cp" ".;C:\Development\libsbml-64\examples\java\..\..\src\bindings\java\libsbmlj.jar;" "-Djava.library.path=C:/Development/libsbml-64/src/bindings/java/RelWithDebInfo" "addingEvidenceCodes_2" "C:/Development/libsbml/examples/sample-models/from-spec/level-3/enzymekinetics.xml" "addingEvidenceCodes_2.out.xml"
155: Test timeout computed to be: 3000
155/175 Test #155: test_java_addingEvidenceCodes_2 ...............   Passed    0.23 sec
test 156
        Start 156: test_java_addModelHistory

156: Test command: "C:\Program Files\Java\jdk1.7.0_05\bin\java.exe" "-cp" ".;C:\Development\libsbml-64\examples\java\..\..\src\bindings\java\libsbmlj.jar;" "-Djava.library.path=C:/Development/libsbml-64/src/bindings/java/RelWithDebInfo" "addModelHistory" "C:/Development/libsbml/examples/sample-models/from-spec/level-3/enzymekinetics.xml" "addModelHistory.out.xml"
156: Test timeout computed to be: 3000
156/175 Test #156: test_java_addModelHistory .....................   Passed    0.23 sec
test 157
        Start 157: test_java_appendAnnotation

157: Test command: "C:\Program Files\Java\jdk1.7.0_05\bin\java.exe" "-cp" ".;C:\Development\libsbml-64\examples\java\..\..\src\bindings\java\libsbmlj.jar;" "-Djava.library.path=C:/Development/libsbml-64/src/bindings/java/RelWithDebInfo" "appendAnnotation" "C:/Development/libsbml/examples/sample-models/from-spec/level-3/enzymekinetics.xml" "appendAnnotation.out.xml"
157: Test timeout computed to be: 3000
157/175 Test #157: test_java_appendAnnotation ....................   Passed    0.22 sec
test 158
        Start 158: test_java_createExampleSBML

158: Test command: "C:\Program Files\Java\jdk1.7.0_05\bin\java.exe" "-cp" ".;C:\Development\libsbml-64\examples\java\..\..\src\bindings\java\libsbmlj.jar;" "-Djava.library.path=C:/Development/libsbml-64/src/bindings/java/RelWithDebInfo" "createExampleSBML" "C:/Development/libsbml/examples/sample-models/from-spec/level-3/enzymekinetics.xml" "createExampleSBML.out.xml"
158: Test timeout computed to be: 3000
158: Wrote file "enzymaticreaction.xml"
158: Wrote file "units.xml"
158: 
158: 
158: Notice: encountered 1 validation warning in model 'functionExample'.
158: 
158: line 1: (99505 [Warning]) In situations where a mathematical expression contains literal numbers or parameters whose units have not been declared, it is not possible to verify accurately the consistency of the units in the expression. 
158:  The units of the <kineticLaw> <math> expression 'f(S1) * compartmentOne / t' cannot be fully checked. Unit consistency reported as either no errors or further unit errors related to this object may not be accurate.
158: 
158: 
158: Wrote file "functiondef.xml"
158/175 Test #158: test_java_createExampleSBML ...................   Passed    0.27 sec
test 159
        Start 159: test_java_echoSBML

159: Test command: "C:\Program Files\Java\jdk1.7.0_05\bin\java.exe" "-cp" ".;C:\Development\libsbml-64\examples\java\..\..\src\bindings\java\libsbmlj.jar;" "-Djava.library.path=C:/Development/libsbml-64/src/bindings/java/RelWithDebInfo" "echoSBML" "C:/Development/libsbml/examples/sample-models/from-spec/level-3/enzymekinetics.xml" "echoSBML.out.xml"
159: Test timeout computed to be: 3000
159/175 Test #159: test_java_echoSBML ............................   Passed    0.28 sec
test 160
        Start 160: test_java_evaluateCustomMath

160: Test command: "C:\Program Files\Java\jdk1.7.0_05\bin\java.exe" "-cp" ".;C:\Development\libsbml-64\examples\java\..\..\src\bindings\java\libsbmlj.jar;" "-Djava.library.path=C:/Development/libsbml-64/src/bindings/java/RelWithDebInfo" "evaluateCustomMath" "2*3+4" "C:/Development/libsbml/examples/sample-models/from-spec/level-3/enzymekinetics.xml"
160: Test timeout computed to be: 3000
160: 2*3+4 = 10.0
160/175 Test #160: test_java_evaluateCustomMath ..................   Passed    0.25 sec
test 161
        Start 161: test_java_getAllElementsWithNotes

161: Test command: "C:\Program Files\Java\jdk1.7.0_05\bin\java.exe" "-cp" ".;C:\Development\libsbml-64\examples\java\..\..\src\bindings\java\libsbmlj.jar;" "-Djava.library.path=C:/Development/libsbml-64/src/bindings/java/RelWithDebInfo" "getAllElementsWithNotes" "C:/Development/libsbml/examples/sample-models/from-spec/level-3/enzymekinetics.xml"
161: Test timeout computed to be: 3000
161: Using libSBML : 5.17.3
161: 
161:             filename: C:/Development/libsbml/examples/sample-models/from-spec/level-3/enzymekinetics.xml
161:       read time (ms): 0
161:     searching ......:
161:   seaching took (ms): 0
161:  elements with notes: 0
161/175 Test #161: test_java_getAllElementsWithNotes .............   Passed    0.22 sec
test 162
        Start 162: test_java_inlineInitialAssignments

162: Test command: "C:\Program Files\Java\jdk1.7.0_05\bin\java.exe" "-cp" ".;C:\Development\libsbml-64\examples\java\..\..\src\bindings\java\libsbmlj.jar;" "-Djava.library.path=C:/Development/libsbml-64/src/bindings/java/RelWithDebInfo" "inlineInitialAssignments" "C:/Development/libsbml/examples/sample-models/from-spec/level-3/enzymekinetics.xml" "inlineInitialAssignments.out.xml"
162: Test timeout computed to be: 3000
162/175 Test #162: test_java_inlineInitialAssignments ............   Passed    0.23 sec
test 163
        Start 163: test_java_printAnnotation

163: Test command: "C:\Program Files\Java\jdk1.7.0_05\bin\java.exe" "-cp" ".;C:\Development\libsbml-64\examples\java\..\..\src\bindings\java\libsbmlj.jar;" "-Djava.library.path=C:/Development/libsbml-64/src/bindings/java/RelWithDebInfo" "printAnnotation" "C:/Development/libsbml/examples/sample-models/from-spec/level-3/enzymekinetics.xml"
163: Test timeout computed to be: 3000
163: 
163: filename: C:/Development/libsbml/examples/sample-models/from-spec/level-3/enzymekinetics.xml
163: 
163/175 Test #163: test_java_printAnnotation .....................   Passed    0.22 sec
test 164
        Start 164: test_java_printMath

164: Test command: "C:\Program Files\Java\jdk1.7.0_05\bin\java.exe" "-cp" ".;C:\Development\libsbml-64\examples\java\..\..\src\bindings\java\libsbmlj.jar;" "-Djava.library.path=C:/Development/libsbml-64/src/bindings/java/RelWithDebInfo" "printMath" "C:/Development/libsbml/examples/sample-models/from-spec/level-3/enzymekinetics.xml"
164: Test timeout computed to be: 3000
164: File: C:/Development/libsbml/examples/sample-models/from-spec/level-3/enzymekinetics.xml (Level 3, version 1)
164: Reaction 1, formula: comp * (kon * E * S - koff * ES)
164: 
164: Reaction 2, formula: comp * kcat * ES
164: 
164/175 Test #164: test_java_printMath ...........................   Passed    0.22 sec
test 165
        Start 165: test_java_printNotes

165: Test command: "C:\Program Files\Java\jdk1.7.0_05\bin\java.exe" "-cp" ".;C:\Development\libsbml-64\examples\java\..\..\src\bindings\java\libsbmlj.jar;" "-Djava.library.path=C:/Development/libsbml-64/src/bindings/java/RelWithDebInfo" "printNotes" "C:/Development/libsbml/examples/sample-models/from-spec/level-3/enzymekinetics.xml"
165: Test timeout computed to be: 3000
165: 
165: filename: C:/Development/libsbml/examples/sample-models/from-spec/level-3/enzymekinetics.xml
165: 
165/175 Test #165: test_java_printNotes ..........................   Passed    0.22 sec
test 166
        Start 166: test_java_printRegisteredPackages

166: Test command: "C:\Program Files\Java\jdk1.7.0_05\bin\java.exe" "-cp" ".;C:\Development\libsbml-64\examples\java\..\..\src\bindings\java\libsbmlj.jar;" "-Djava.library.path=C:/Development/libsbml-64/src/bindings/java/RelWithDebInfo" "printRegisteredPackages"
166: Test timeout computed to be: 3000
166: This version of LibSBML: 5.17.3 includes: 
166: 	comp
166: 	fbc
166: 	groups
166: 	layout
166: 	render
166: 	l3v2extendedmath
166: 	multi
166: 	qual
166: 
166/175 Test #166: test_java_printRegisteredPackages .............   Passed    0.20 sec
test 167
        Start 167: test_java_printSBML

167: Test command: "C:\Program Files\Java\jdk1.7.0_05\bin\java.exe" "-cp" ".;C:\Development\libsbml-64\examples\java\..\..\src\bindings\java\libsbmlj.jar;" "-Djava.library.path=C:/Development/libsbml-64/src/bindings/java/RelWithDebInfo" "printSBML" "C:/Development/libsbml/examples/sample-models/from-spec/level-3/enzymekinetics.xml"
167: Test timeout computed to be: 3000
167: File: C:/Development/libsbml/examples/sample-models/from-spec/level-3/enzymekinetics.xml (Level 3, version 1)
167: 
167:   model id: (empty)
167: functionDefinitions: 0
167:     unitDefinitions: 2
167:        compartments: 1
167:             species: 4
167:          parameters: 0
167:           reactions: 2
167:               rules: 0
167:              events: 0
167/175 Test #167: test_java_printSBML ...........................   Passed    0.20 sec
test 168
        Start 168: test_java_printsupported

168: Test command: "C:\Program Files\Java\jdk1.7.0_05\bin\java.exe" "-cp" ".;C:\Development\libsbml-64\examples\java\..\..\src\bindings\java\libsbmlj.jar;" "-Djava.library.path=C:/Development/libsbml-64/src/bindings/java/RelWithDebInfo" "printsupported"
168: Test timeout computed to be: 3000
168: Supported by LibSBML 5.17.3
168: 
168: 	SBML Level: 1 Version: 1
168: 	SBML Level: 1 Version: 2
168: 	SBML Level: 2 Version: 1
168: 	SBML Level: 2 Version: 2
168: 	SBML Level: 2 Version: 3
168: 	SBML Level: 2 Version: 4
168: 	SBML Level: 2 Version: 5
168: 	SBML Level: 3 Version: 1
168: 	SBML Level: 3 Version: 2
168: 
168/175 Test #168: test_java_printsupported ......................   Passed    0.27 sec
test 169
        Start 169: test_java_printUnits

169: Test command: "C:\Program Files\Java\jdk1.7.0_05\bin\java.exe" "-cp" ".;C:\Development\libsbml-64\examples\java\..\..\src\bindings\java\libsbmlj.jar;" "-Djava.library.path=C:/Development/libsbml-64/src/bindings/java/RelWithDebInfo" "printUnits" "C:/Development/libsbml/examples/sample-models/from-spec/level-3/enzymekinetics.xml"
169: Test timeout computed to be: 3000
169: Compartment #1 --
169:   id in model: comp
169: litre(exponent = 1)
169: 
169: Species #1 --
169:   id in model: E
169: mole(exponent = 1), litre(exponent = -1)
169: 
169: Species #2 --
169:   id in model: S
169: mole(exponent = 1), litre(exponent = -1)
169: 
169: Species #3 --
169:   id in model: P
169: mole(exponent = 1), litre(exponent = -1)
169: 
169: Species #4 --
169:   id in model: ES
169: mole(exponent = 1), litre(exponent = -1)
169: 
169: Reaction #1 --
169:   id in model: veq
169: second(exponent = -1), mole(exponent = 1)
169: 
169:  undeclared parameters?: no
169: 
169: Reaction #2 --
169:   id in model: vcat
169: second(exponent = -1), mole(exponent = 1)
169: 
169:  undeclared parameters?: no
169: 
169/175 Test #169: test_java_printUnits ..........................   Passed    0.22 sec
test 170
        Start 170: test_java_promoteParameters

170: Test command: "C:\Program Files\Java\jdk1.7.0_05\bin\java.exe" "-cp" ".;C:\Development\libsbml-64\examples\java\..\..\src\bindings\java\libsbmlj.jar;" "-Djava.library.path=C:/Development/libsbml-64/src/bindings/java/RelWithDebInfo" "promoteParameters" "C:/Development/libsbml/examples/sample-models/from-spec/level-3/enzymekinetics.xml" "promoteParameters.out.xml"
170: Test timeout computed to be: 3000
170/175 Test #170: test_java_promoteParameters ...................   Passed    0.23 sec
test 171
        Start 171: test_java_readSBML

171: Test command: "C:\Program Files\Java\jdk1.7.0_05\bin\java.exe" "-cp" ".;C:\Development\libsbml-64\examples\java\..\..\src\bindings\java\libsbmlj.jar;" "-Djava.library.path=C:/Development/libsbml-64/src/bindings/java/RelWithDebInfo" "readSBML" "C:/Development/libsbml/examples/sample-models/from-spec/level-3/enzymekinetics.xml"
171: Test timeout computed to be: 3000
171:         filename: C:/Development/libsbml/examples/sample-models/from-spec/level-3/enzymekinetics.xml
171:        file size: 4021
171:   read time (ms): 0
171:         error(s): 0
171/175 Test #171: test_java_readSBML ............................   Passed    0.22 sec
test 172
        Start 172: test_java_replaceOneFD

172: Test command: "C:\Program Files\Java\jdk1.7.0_05\bin\java.exe" "-cp" ".;C:\Development\libsbml-64\examples\java\..\..\src\bindings\java\libsbmlj.jar;" "-Djava.library.path=C:/Development/libsbml-64/src/bindings/java/RelWithDebInfo" "replaceOneFD" "C:/Development/libsbml/examples/sample-models/from-spec/level-3/functiondef.xml" "f" "reaction_1" "replaceOneFD.out.xml"
172: Test timeout computed to be: 3000
172/175 Test #172: test_java_replaceOneFD ........................   Passed    0.20 sec
test 173
        Start 173: test_java_setIdFromNames

173: Test command: "C:\Program Files\Java\jdk1.7.0_05\bin\java.exe" "-cp" ".;C:\Development\libsbml-64\examples\java\..\..\src\bindings\java\libsbmlj.jar;" "-Djava.library.path=C:/Development/libsbml-64/src/bindings/java/RelWithDebInfo" "setIdFromNames" "C:/Development/libsbml/examples/sample-models/from-spec/level-3/enzymekinetics.xml" "setIdFromNames.out.xml"
173: Test timeout computed to be: 3000
173: Using libSBML : 5.17.3
173: 
173:             filename: C:/Development/libsbml/examples/sample-models/from-spec/level-3/enzymekinetics.xml
173:       read time (ms): 0
173:     rename time (ms): 16
173:      write time (ms): 0
173: 
173/175 Test #173: test_java_setIdFromNames ......................   Passed    0.25 sec
test 174
        Start 174: test_java_stripPackage

174: Test command: "C:\Program Files\Java\jdk1.7.0_05\bin\java.exe" "-cp" ".;C:\Development\libsbml-64\examples\java\..\..\src\bindings\java\libsbmlj.jar;" "-Djava.library.path=C:/Development/libsbml-64/src/bindings/java/RelWithDebInfo" "stripPackage" "C:/Development/libsbml/examples/sample-models/fbc/fbc_example1.xml" "fbc" "stripPackage.out.xml"
174: Test timeout computed to be: 3000
174/175 Test #174: test_java_stripPackage ........................   Passed    0.22 sec
test 175
        Start 175: test_java_unsetAnnotation

175: Test command: "C:\Program Files\Java\jdk1.7.0_05\bin\java.exe" "-cp" ".;C:\Development\libsbml-64\examples\java\..\..\src\bindings\java\libsbmlj.jar;" "-Djava.library.path=C:/Development/libsbml-64/src/bindings/java/RelWithDebInfo" "unsetAnnotation" "C:/Development/libsbml/examples/sample-models/from-spec/level-3/enzymekinetics.xml" "unsetAnnotation.out.xml"
175: Test timeout computed to be: 3000
175/175 Test #175: test_java_unsetAnnotation .....................   Passed    0.28 sec

100% tests passed, 0 tests failed out of 175

Total Test time (real) = 194.38 sec
Finished Tests: Tue 01/29/2019  4:10:55.86 
