Starting Tests: Sun 01/28/2018  1:38:47.79 
UpdateCTestConfiguration  from :C:/Development/libsbml-32/DartConfiguration.tcl
Parse Config file:C:/Development/libsbml-32/DartConfiguration.tcl
UpdateCTestConfiguration  from :C:/Development/libsbml-32/DartConfiguration.tcl
Parse Config file:C:/Development/libsbml-32/DartConfiguration.tcl
Test project C:/Development/libsbml-32
Constructing a list of tests
Done constructing a list of tests
Updating test list for fixtures
Added 0 tests to meet fixture requirements
Checking test dependency graph...
Checking test dependency graph end
test 1
        Start   1: test_comp_extensions_run

1: Test command: C:\Development\libsbml-32\src\sbml\packages\comp\extension\test\test_comp_extensions.exe
1: Environment variables: 
1:  srcdir=C:/Development/libsbml/src/sbml/packages/comp/extension/test
1: Test timeout computed to be: 3000
1: Running suite(s): SBMLCompExtensionObjects
1:  TestMultipleNamespaces
1:  SBMLCompCheckConsistency
1: 100%: Checks: 14, Failures: 0, Errors: 0
  1/172 Test   #1: test_comp_extensions_run ...............   Passed    1.21 sec
test 2
        Start   2: test_comp_sbase_run

2: Test command: C:\Development\libsbml-32\src\sbml\packages\comp\sbml\test\test_comp_sbase.exe
2: Environment variables: 
2:  srcdir=C:/Development/libsbml/src/sbml/packages/comp/sbml/test
2: Test timeout computed to be: 3000
2: Running suite(s): SBMLCompSBaseObjects
2:  SBMLCompSBaseObjects
2:  comp_deletion
2:  comp_externalModelDefinition
2:  comp_modelDefinition
2:  comp_port
2:  comp_replacedBy
2:  comp_replacedElement
2:  comp_sBaseRef
2:  comp_submodel
2: 100%: Checks: 69, Failures: 0, Errors: 0
  2/172 Test   #2: test_comp_sbase_run ....................   Passed    0.51 sec
test 3
        Start   3: test_comp_util_run

3: Test command: C:\Development\libsbml-32\src\sbml\packages\comp\util\test\test_comp_util.exe
3: Environment variables: 
3:  srcdir=C:/Development/libsbml/src/sbml/packages/comp/util/test
3: Test timeout computed to be: 3000
3: Running suite(s): SBMLCompURIResolvers
3:  SBMLCompLevelVersionConversion
3:  SBMLCompFlatteningUnknownPackageRefs
3:  SBMLCompFlatteningErrorMessages
3:  SBMLCompFlatteningConverter
3:  ExternalModelResolving
3:  SBMLCompFlatteningNewFlags
3:  SBMLCompFlatteningConverterStripPackage
3: 100%: Checks: 354, Failures: 0, Errors: 0
  3/172 Test   #3: test_comp_util_run .....................   Passed    8.52 sec
test 4
        Start   4: test_comp_validator_run

4: Test command: C:\Development\libsbml-32\src\sbml\packages\comp\validator\test\test_comp_validator.exe "C:/Development/libsbml/src/sbml/packages/comp/validator/test"
4: Environment variables: 
4:  srcdir=C:/Development/libsbml/src/sbml/packages/comp/validator/test
4: Test timeout computed to be: 3000
4: 
4: Validator testrunner
4: ====================
4: using test data from           : C:/Development/libsbml/src/sbml/packages/comp/validator/test/test-data
4: 
4: Testing General XML Consistency Constraints (20000 - 29999).
4: 100%: Checks: 279, Failures: 0
4: Testing Id Consistency Constraints (10300 - 10399).
4: 100%: Checks: 14, Failures: 0
4: Testing Unit Consistency Constraints (10500 - 10599).
4: 100%: Checks: 20, Failures: 0
  4/172 Test   #4: test_comp_validator_run ................   Passed    3.64 sec
test 5
        Start   5: test_sbml_package_fbc_run

5: Test command: C:\Development\libsbml-32\src\sbml\packages\fbc\extension\test\test_sbml_package_fbc.exe
5: Environment variables: 
5:  srcdir=C:/Development/libsbml/src/sbml/packages/fbc/extension/test
5: Test timeout computed to be: 3000
5: Running suite(s): FbcExtension
5:  WriteFbcExtension
5:  ReadFbcExtension
5:  FbcAssociation
5: 100%: Checks: 36, Failures: 0, Errors: 0
  5/172 Test   #5: test_sbml_package_fbc_run ..............   Passed    0.46 sec
test 6
        Start   6: test_fbc_validator_run

6: Test command: C:\Development\libsbml-32\src\sbml\packages\fbc\validator\test\test_fbc_validator.exe "C:/Development/libsbml/src/sbml/packages/fbc/validator/test"
6: Environment variables: 
6:  srcdir=C:/Development/libsbml/src/sbml/packages/fbc/validator/test
6: Test timeout computed to be: 3000
6: 
6: Validator testrunner
6: ====================
6: using test data from           : C:/Development/libsbml/src/sbml/packages/fbc/validator/test/test-data
6: 
6: Testing General XML Consistency Constraints (20000 - 29999).
6: 100%: Checks: 170, Failures: 0
6: Testing Id Consistency Constraints (10300 - 10399).
6: 100%: Checks: 11, Failures: 0
  6/172 Test   #6: test_fbc_validator_run .................   Passed    5.22 sec
test 7
        Start   7: test_extension_package_groups_run

7: Test command: C:\Development\libsbml-32\src\sbml\packages\groups\extension\test\test_extension_package_groups.exe
7: Environment variables: 
7:  srcdir=C:/Development/libsbml/src/sbml/packages/groups/extension/test
7: Test timeout computed to be: 3000
7: Running suite(s): GroupsExtension
7:  WriteGroupsExtension
7:  ReadGroupsExtension
7:  GroupsModelPlugin
7: 100%: Checks: 25, Failures: 0, Errors: 0
  7/172 Test   #7: test_extension_package_groups_run ......   Passed    0.29 sec
test 8
        Start   8: test_groups_validator_run

8: Test command: C:\Development\libsbml-32\src\sbml\packages\groups\validator\test\test_groups_validator.exe "C:/Development/libsbml/src/sbml/packages/groups/validator/test"
8: Environment variables: 
8:  srcdir=C:/Development/libsbml/src/sbml/packages/groups/validator/test
8: Test timeout computed to be: 3000
8: 
8: Validator testrunner
8: ====================
8: using test data from           : C:/Development/libsbml/src/sbml/packages/groups/validator/test/test-data
8: 
8: Testing General XML Consistency Constraints (20000 - 29999).
8: 100%: Checks: 95, Failures: 0
8: Testing Id Consistency Constraints (10300 - 10399).
8: 100%: Checks: 11, Failures: 0
  8/172 Test   #8: test_groups_validator_run ..............   Passed    1.01 sec
test 9
        Start   9: test_sbml_package_layout_run

9: Test command: C:\Development\libsbml-32\src\sbml\packages\layout\sbml\test\test_sbml_package_layout.exe
9: Environment variables: 
9:  srcdir=C:/Development/libsbml/src/sbml/packages/layout/sbml/test
9: Test timeout computed to be: 3000
9: Running suite(s): Point
9:  Dimensions
9:  BoundingBox
9:  LineSegment
9:  CubicBezier
9:  Curve
9:  GraphicalObject
9:  CompartmentGlyph
9:  SpeciesGlyph
9:  ReactionGlyph
9:  GeneralGlyph
9:  ReferenceGlyph
9:  SpeciesReferenceGlyph
9:  TextGlyph
9:  Layout
9:  LayoutCreation
9:  LayoutFormatter
9:  SBMLHandler
9:  LayoutWriting
9: 100%: Checks: 288, Failures: 0, Errors: 0
  9/172 Test   #9: test_sbml_package_layout_run ...........   Passed    0.90 sec
test 10
        Start  10: test_layout_validator_run

10: Test command: C:\Development\libsbml-32\src\sbml\packages\layout\validator\test\test_layout_validator.exe "C:/Development/libsbml/src/sbml/packages/layout/validator/test"
10: Environment variables: 
10:  srcdir=C:/Development/libsbml/src/sbml/packages/layout/validator/test
10: Test timeout computed to be: 3000
10: 
10: Validator testrunner
10: ====================
10: using test data from           : C:/Development/libsbml/src/sbml/packages/layout/validator/test/test-data
10: 
10: Testing General XML Consistency Constraints (20000 - 29999).
10: 100%: Checks: 223, Failures: 0
10: Testing Id Consistency Constraints (10300 - 10399).
10: 100%: Checks: 18, Failures: 0
 10/172 Test  #10: test_layout_validator_run ..............   Passed   14.47 sec
test 11
        Start  11: test_sbml_package_multi_run

11: Test command: C:\Development\libsbml-32\src\sbml\packages\multi\extension\test\test_sbml_package_multi.exe
11: Environment variables: 
11:  srcdir=C:/Development/libsbml/src/sbml/packages/multi/extension/test
11: Test timeout computed to be: 3000
11: Running suite(s): MultiExtension
11:  MultiCheckConsistency
11:  MultiAST
11: 100%: Checks: 16, Failures: 0, Errors: 0
 11/172 Test  #11: test_sbml_package_multi_run ............   Passed    0.32 sec
test 12
        Start  12: test_multi_validator_run

12: Test command: C:\Development\libsbml-32\src\sbml\packages\multi\validator\test\test_multi_validator.exe "C:/Development/libsbml/src/sbml/packages/multi/validator/test"
12: Environment variables: 
12:  srcdir=C:/Development/libsbml/src/sbml/packages/multi/validator/test
12: Test timeout computed to be: 3000
12: 
12: Validator testrunner
12: ====================
12: using test data from           : C:/Development/libsbml/src/sbml/packages/multi/validator/test/test-data
12: 
12: Testing MathML Consistency Constraints (10200 - 10299).
12: 100%: Checks: 5, Failures: 0
12: Testing General XML Consistency Constraints (20000 - 29999).
12: 100%: Checks: 123, Failures: 0
12: Testing Id Consistency Constraints (10300 - 10999).
12: 100%: Checks: 16, Failures: 0
 12/172 Test  #12: test_multi_validator_run ...............   Passed    1.51 sec
test 13
        Start  13: test_extension_package_qual_run

13: Test command: C:\Development\libsbml-32\src\sbml\packages\qual\extension\test\test_extension_package_qual.exe
13: Environment variables: 
13:  srcdir=C:/Development/libsbml/src/sbml/packages/qual/extension/test
13: Test timeout computed to be: 3000
13: Running suite(s): QualExtension
13:  WriteQualExtension
13:  ReadQualExtension
13:  GetAllElements
13: 100%: Checks: 20, Failures: 0, Errors: 0
 13/172 Test  #13: test_extension_package_qual_run ........   Passed    0.21 sec
test 14
        Start  14: test_sbml_package_qual_run

14: Test command: C:\Development\libsbml-32\src\sbml\packages\qual\sbml\test\test_sbml_package_qual.exe
14: Environment variables: 
14:  srcdir=C:/Development/libsbml/src/sbml/packages/qual/sbml/test
14: Test timeout computed to be: 3000
14: Running suite(s): Input
14:  Output
14:  FunctionTerm
14:  Transition
14:  QualitativeSpecies
14:  DefaultTerm
14:  ListOfFunctionTerms
14:  CopyAndClone
14: 100%: Checks: 73, Failures: 0, Errors: 0
 14/172 Test  #14: test_sbml_package_qual_run .............   Passed    0.25 sec
test 15
        Start  15: test_qual_validator_run

15: Test command: C:\Development\libsbml-32\src\sbml\packages\qual\validator\test\test_qual_validator.exe "C:/Development/libsbml/src/sbml/packages/qual/validator/test"
15: Environment variables: 
15:  srcdir=C:/Development/libsbml/src/sbml/packages/qual/validator/test
15: Test timeout computed to be: 3000
15: 
15: Validator testrunner
15: ====================
15: using test data from           : C:/Development/libsbml/src/sbml/packages/qual/validator/test/test-data
15: 
15: Testing General XML Consistency Constraints (20000 - 29999).
15: 100%: Checks: 81, Failures: 0
15: Testing Id Consistency Constraints (10300 - 10399).
15: 100%: Checks: 4, Failures: 0
15: Testing Math Consistency Constraints (10200 - 10299).
15: 100%: Checks: 3, Failures: 0
 15/172 Test  #15: test_qual_validator_run ................   Passed    5.14 sec
test 16
        Start  16: test_sbml_package_render_run

16: Test command: C:\Development\libsbml-32\src\sbml\packages\render\sbml\test\test_sbml_package_render.exe
16: Environment variables: 
16:  srcdir=C:/Development/libsbml/src/sbml/packages/render/sbml/test
16: Test timeout computed to be: 3000
16: Running suite(s): RenderExtension
16:  RelAbsVector
16:  ColorDefinition
16:  GradientStop
16:  RenderPoint
16:  RenderCubicBezier
16:  GradientBaseTest
16:  LinearGradient
16:  RadialGradient
16:  Transformation
16:  Transformation2D
16:  Image
16:  GraphicalPrimitive1D
16:  RenderCurve
16:  Text
16:  GraphicalPrimitive2D
16:  Rectangle
16:  Ellipse
16:  Polygon
16:  Group
16:  LineEnding
16:  Style
16:  GlobalStyle
16:  LocalStyle
16:  RenderInformationBase
16:  GlobalRenderInformation
16:  LocalRenderInformation
16:  RenderReading
16:  RenderWriting
16: 100%: Checks: 135, Failures: 0, Errors: 0
 16/172 Test  #16: test_sbml_package_render_run ...........   Passed    1.47 sec
test 17
        Start  17: test_render_validator_run

17: Test command: C:\Development\libsbml-32\src\sbml\packages\render\validator\test\test_render_validator.exe "C:/Development/libsbml/src/sbml/packages/render/validator/test"
17: Environment variables: 
17:  srcdir=C:/Development/libsbml/src/sbml/packages/render/validator/test
17: Test timeout computed to be: 3000
17: 
17: Validator testrunner
17: ====================
17: using test data from           : C:/Development/libsbml/src/sbml/packages/render/validator/test/test-data
17: 
17: Testing General XML Consistency Constraints (20000 - 29999).
17: 100%: Checks: 7, Failures: 0
17: Testing Id Consistency Constraints (10300 - 10399).
17: -2147483648%: Checks: 0, Failures: 0
 17/172 Test  #17: test_render_validator_run ..............   Passed    0.38 sec
test 18
        Start  18: test_sbml_annotation_run

18: Test command: C:\Development\libsbml-32\src\sbml\annotation\test\test_sbml_annotation.exe
18: Environment variables: 
18:  srcdir=C:/Development/libsbml/src/sbml/annotation/test
18: Test timeout computed to be: 3000
18: Running suite(s): CVTerms
18:  CVTerms_newSetters
18:  ModelHistory
18:  Date_newSetters
18:  ModelCreator_newSetters
18:  ModelHistory_newSetters
18:  CopyAndClone
18:  RDFAnnotation
18:  RDFAnnotation2
18:  Validation
18:  RDFAnnotation_C
18:  L3ModelHistory
18:  SyncAnnotation
18:  RDFAnnotationMetaid
18:  RDFAnnotationNestedCVTerm
18:  RDFAnnotationV4
18: 100%: Checks: 180, Failures: 0, Errors: 0
 18/172 Test  #18: test_sbml_annotation_run ...............   Passed    0.91 sec
test 19
        Start  19: test_sbml_conversion_run

19: Test command: C:\Development\libsbml-32\src\sbml\conversion\test\test_sbml_conversion.exe
19: Environment variables: 
19:  srcdir=C:/Development/libsbml/src/sbml/conversion/test
19: Test timeout computed to be: 3000
19: Running suite(s): ConversionOption
19:  SBMLRuleConverter
19:  ConversionProperties
19:  SBMLConverterRegistry
19:  UnitsConverter
19:  UnitsConverter2
19:  UnitsConverterL2
19:  InferUnitsConverter
19:  StripPackageConverter
19:  LevelVersionConverter
19:  RateOfConverter
19: 100%: Checks: 169, Failures: 0, Errors: 0
 19/172 Test  #19: test_sbml_conversion_run ...............   Passed    1.05 sec
test 20
        Start  20: test_sbml_extension_run

20: Test command: C:\Development\libsbml-32\src\sbml\extension\test\test_sbml_extension.exe
20: Environment variables: 
20:  srcdir=C:/Development/libsbml/src/sbml/extension/test
20: Test timeout computed to be: 3000
20: Running suite(s): SBaseExtensionPoint
20:  SBasePlugin
20:  SBasePluginCreator
20:  SBasePluginCreatorBase
20:  SBMLDocumentPlugin
20:  SBMLExtension
20:  SBMLExtensionNamespaces
20:  SBMLExtensionRegistry
20:  TestUnknownPackages
20: 100%: Checks: 30, Failures: 0, Errors: 0
 20/172 Test  #20: test_sbml_extension_run ................   Passed    0.22 sec
test 21
        Start  21: test_sbml_math_run

21: Test command: C:\Development\libsbml-32\src\sbml\math-legacy\test\test_sbml_math.exe
21: Environment variables: 
21:  srcdir=C:/Development/libsbml/src/sbml/math-legacy/test
21: Test timeout computed to be: 3000
21: Running suite(s): ASTNode
21:  FormulaFormatter
21:  FormulaParser
21:  L3FormulaFormatter
21:  L3FormulaParser
21:  L3FormulaParserC
21:  FormulaTokenizer
21:  ReadMathML
21:  WriteMathML
21:  WriteMathMLFromAST
21:  test-data/mathML_1.xml
21:  test-data/mathML_2.xml
21:  TestValidASTNode
21:  TestChildFunctions
21:  TestGetValue
21: 100%: Checks: 670, Failures: 0, Errors: 0
 21/172 Test  #21: test_sbml_math_run .....................   Passed    0.97 sec
test 22
        Start  22: test_sbml_sbml_run

22: Test command: C:\Development\libsbml-32\src\sbml\test\test_sbml_sbml.exe
22: Environment variables: 
22:  srcdir=C:/Development/libsbml/src/sbml/test
22: Test timeout computed to be: 3000
22: Running suite(s): ReadSBML
22:  SBMLValidator API
22:  RenameIDs
22:  RemoveFromParent
22:  GetMultipleObjects
22:  WriteSBML
22:  WriteL3SBML
22:  WriteL3V2SBML
22:  AlgebraicRule
22:  AssignmentRule
22:  Compartment
22:  L3_Compartment
22:  Compartment_newSetters
22:  CompartmentType
22:  CompartmentType_newSetters
22:  CompartmentVolumeRule
22:  Constraint
22:  Constraint_newSetters
22:  Delay
22:  Event
22:  L3_Event
22:  Event_newSetters
22:  EventAssignment
22:  EventAssignment_newSetters
22:  FunctionDefinition
22:  FunctionDefinition_newSetters
22:  InitialAssignment
22:  InitialAssignment_newSetters
22:  KineticLaw
22:  KineticLaw_newSetters
22:  L3_KineticLaw
22:  ListOf
22:  Model
22:  L3_Model
22:  Model_newSetters
22:  ModifierSpeciesReference
22:  Parameter
22:  L3_Parameter
22:  L3_LocalParameter
22:  Parameter_newSetters
22:  ParameterRule
22:  Priority
22:  RateRule
22:  Reaction
22:  L3_Reaction
22:  Reaction_newSetters
22:  Rule
22:  Rule_newSetters
22:  SBase
22:  SBase_newSetters
22:  Species
22:  L3_Species
22:  Species_newSetters
22:  SpeciesReference
22:  L3_SpeciesReference
22:  SpeciesReference_newSetters
22:  SpeciesConcentrationRule
22:  SpeciesType
22:  SpeciesType_newSetters
22:  StoichiometryMath
22:  Trigger
22:  L3Trigger
22:  Unit
22:  L3_Unit
22:  Unit_newSetters
22:  UnitDefinition
22:  UnitDefinition_newSetters
22:  UnitKind
22:  CopyAndClone
22:  SBMLConvert
22:  SBMLConvertStrict
22:  SBMLConvertFromL3V2
22:  SBMLDocument
22:  SBMLError
22:  test-data/l1v1-branch.xml
22:  test-data/l1v1-units.xml
22:  test-data/l1v1-rules.xml
22:  test-data/l1v1-minimal.xml
22:  test-data/l2v1-assignment.xml
22:  test-data/l2v2-newComponents.xml
22:  test-data/l2v3-all.xml
22:  test-data/l2v4-new.xml
22:  test-data/l3v1-new.xml
22:  test-data/l2v5-all.xml
22:  test-data/l3v2-all.xml
22:  test-data/l3v2-no-model.xml
22:  test-data/l3v2-empty-lo-1.xml
22:  test-data/l3v2-empty-lo-2.xml
22:  test-data/l3v2-empty-math.xml
22:  test-data/l3v2-empty-event.xml
22:  test-data/l3v2-empty-event2.xml
22:  ConsistencyChecks
22:  ParentObject
22:  AncestorObject
22:  InternalConsistencyChecks
22:  HasReqdAtt
22:  HasReqdElements
22:  SBMLNamespaces
22:  SyntaxChecker
22:  SBMLConstructorException
22:  SBMLTransforms
22:  GetMultipleObjects
22:  LevelCompatibility
22:  SBaseIdName
22:  Generic Attribute Functions
22: 100%: Checks: 1730, Failures: 0, Errors: 0
 22/172 Test  #22: test_sbml_sbml_run .....................   Passed    3.32 sec
test 23
        Start  23: test_sbml_units_run

23: Test command: C:\Development\libsbml-32\src\sbml\units\test\test_sbml_units.exe
23: Environment variables: 
23:  srcdir=C:/Development/libsbml/src/sbml/units/test
23: Test timeout computed to be: 3000
23: Running suite(s): UtilsUnit
23:  UtilsUnitDefinition
23:  UnitFormulaFormatter
23:  UnitFormulaFormatter1
23:  FormulaUnitData
23:  FormulaUnitDataMap
23:  DerivedUnitDefinition
23:  UnitFormulaFormatter2
23:  CalcUnitDefinition
23:  UnitFormulaFormatter3
23: 100%: Checks: 155, Failures: 0, Errors: 0
 23/172 Test  #23: test_sbml_units_run ....................   Passed    1.33 sec
test 24
        Start  24: test_sbml_util_run

24: Test command: C:\Development\libsbml-32\src\sbml\util\test\test_sbml_util.exe
24: Test timeout computed to be: 3000
24: Running suite(s): memory
24:  util
24:  List
24:  Stack
24:  StringBuffer
24: 100%: Checks: 57, Failures: 0, Errors: 0
 24/172 Test  #24: test_sbml_util_run .....................   Passed    0.15 sec
test 25
        Start  25: test_sbml_validator_run

25: Test command: C:\Development\libsbml-32\src\sbml\validator\test\test_sbml_validator.exe "C:/Development/libsbml/src/sbml/validator/test"
25: Test timeout computed to be: 3000
25: 
25: Validator testrunner
25: ====================
25: using test data from           : C:/Development/libsbml/src/sbml/validator/test/test-data
25: using conversion test data from: C:/Development/libsbml/src/sbml/validator/test/test-data-conversion
25: 
25: Testing Bad XML Constraints (0000 - 10000).
25: 100%: Checks: 55, Failures: 0
25: Testing General XML Consistency Constraints (10000 - 10199).
25: 100%: Checks: 195, Failures: 0
25: Testing General MathML Consistency Constraints (10200 - 10299).
25: 100%: Checks: 506, Failures: 0
25: Testing Id Consistency Constraints (10300 - 10399).
25: 100%: Checks: 509, Failures: 0
25: Testing General Annotation Consistency Constraints (10400 - 10499).
25: 100%: Checks: 65, Failures: 0
25: Testing Unit Consistency Constraints (10500 - 10599).
25: 100%: Checks: 1177, Failures: 0
25: Testing Unit Consistency Constraints (20000 - 29999).
25: 100%: Checks: 362, Failures: 0
25: Testing Overdetermined Constraints (10600 - 10699).
25: 100%: Checks: 31, Failures: 0
25: Testing SBO Consistency Constraints (10700 - 10799).
25: 100%: Checks: 206, Failures: 0
25: Testing General Notes Consistency Constraints (10800 - 19999).
25: 100%: Checks: 92, Failures: 0
25: Testing Model Consistency Constraints (20000 - 29999).
25: 100%: Checks: 2290, Failures: 0
25: Testing L1 Compatibility Constraints (91000 - 91999).
25: 100%: Checks: 91, Failures: 0
25: Testing L2v1 Compatibility Constraints (92000 - 92999).
25: 100%: Checks: 38, Failures: 0
25: Testing L2v2 Compatibility Constraints (93000 - 93999).
25: 100%: Checks: 23, Failures: 0
25: Testing L2v3 Compatibility Constraints (94000 - 94999).
25: 100%: Checks: 22, Failures: 0
25: Testing L2v4 Compatibility Constraints (95000 - 95999).
25: 100%: Checks: 21, Failures: 0
25: Testing L3v1 Compatibility Constraints (96000 - 96999).
25: 100%: Checks: 31, Failures: 0
25: Testing L1 for New Compatibility Constraints (98000 - 98999).
25: 100%: Checks: 39, Failures: 0
25: Testing L2v1 for New Compatibility Constraints (98000 - 98999).
25: 100%: Checks: 39, Failures: 0
25: Testing L2v2 for New Compatibility Constraints (98000 - 98999).
25: 100%: Checks: 39, Failures: 0
25: Testing L2v3 for New Compatibility Constraints (98000 - 98999).
25: 100%: Checks: 39, Failures: 0
25: Testing L3v1 for New Compatibility Constraints (98000 - 98999).
25: 100%: Checks: 39, Failures: 0
25: Testing New Compatibility Constraints (98000 - 98999).
25: 100%: Checks: 39, Failures: 0
25: Testing Additional SBML Constraints (99100 - 99108).
25: 100%: Checks: 31, Failures: 0
25: Testing Additional SBML Constraints (99129 - 99199).
25: 100%: Checks: 56, Failures: 0
25: Testing Additional Math Constraints (99200 - 99299).
25: 100%: Checks: 140, Failures: 0
25: Testing Additional SBML Constraints (99300 - 99399).
25: 100%: Checks: 10, Failures: 0
25: Testing Additional Annotation Constraints (99400 - 99499).
25: 100%: Checks: 28, Failures: 0
25: Testing Additional Unit Constraints (99127 - 99128).
25: 100%: Checks: 36, Failures: 0
25: Testing Additional Unit Constraints (99500 - 99599).
25: 100%: Checks: 174, Failures: 0
25: Testing Additional SBO Constraints (99700 - 99799).
25: 100%: Checks: 30, Failures: 0
25: Testing Modeling Practice Constraints (80000 - 89999).
25: 100%: Checks: 56, Failures: 0
 25/172 Test  #25: test_sbml_validator_run ................   Passed   39.99 sec
test 26
        Start  26: test_sbml_xml_run

26: Test command: C:\Development\libsbml-32\src\sbml\xml\test\test_sbml_xml.exe
26: Test timeout computed to be: 3000
26: Running suite(s): XMLAttributes
26:  CopyAndClone
26:  XMLNamespaces
26:  XMLTriple
26:  XMLToken
26:  XMLToken_newSetters
26:  XMLNode
26:  XMLNode_newSetters
26:  XMLError
26:  XMLErrorC
26:  XMLErrorLog
26:  XMLInputStream
26:  XMLOutputStream
26: <!-- Created by foo version bar on 2018-01-28 01:40 with libSBML version 5.16.1. -->
26:  XMLAttributesC
26:  XMLExceptions
26: 100%: Checks: 129, Failures: 0, Errors: 0
 26/172 Test  #26: test_sbml_xml_run ......................   Passed    0.31 sec
test 27
        Start  27: test_csharp_bindings

27: Test command: C:\Development\libsbml-32\src\bindings\csharp\TestRW.exe "C:/Development/libsbml/examples/sample-models/from-spec/level-2/" "-p" "C:/Development/libsbml-32/src/bindings/csharp"
27: Test timeout computed to be: 3000
27: Testing LibSBML: 5.16.1
27: 
27: ...........................................................................................................................................................................................................................
27: All tests passed.
27: 
 27/172 Test  #27: test_csharp_bindings ...................   Passed    2.54 sec
test 28
        Start  28: test_csharp_bindings_full

28: Test command: C:\Development\libsbml-32\src\bindings\csharp\TestRunner.exe "-d" "C:/Development/libsbml/src/sbml/test/test-data" "-l" "C:/Development/libsbml-32/src/bindings/csharp/libsbmlcsP.dll" "-w" "C:/Development/libsbml/src/bindings/csharp" "-p" "C:/Development/libsbml-32/src/bindings/csharp"
28: Test timeout computed to be: 3000
28: LibSBML C# Testrunner
28: =====================
28: Running the tests with: 
28: 	Data Directory:   C:/Development/libsbml/src/sbml/test/test-data
28: 
28: .........................................................................................................................................................................................................................................................................................................................................................................................................................................................................................................................................................................................................................................................................................................................................................................................................................................................................................................................................................................................................................................................................................................................................................................................................................................................................................................................................................................................................................................................................................................................................................................................................................................................................................................................................................................................................................................................................................................................................................................................<!-- Created by foo version bar on 2018-01-28 01:40 with libSBML version 5.16.1. -->
28: .....................................
28: 
28: Total Number of Tests 1830, failures 0
28: 
28: All tests passed.
28: 
28: 
28: Unhandled Exception: System.AccessViolationException: Attempted to read or write protected memory. This is often an indication that other memory is corrupt.
28:    at libsbmlcs.libsbmlPINVOKE.delete_XMLInputStream(HandleRef jarg1)
28:    at libsbmlcs.XMLInputStream.Dispose()
28:    at libsbmlcs.XMLInputStream.Finalize()
 28/172 Test  #28: test_csharp_bindings_full ..............   Passed    6.51 sec
test 29
        Start  29: test_java_binding

29: Test command: "C:\Program Files (x86)\Java\jdk1.7.0_05\bin\java.exe" "-Xss8m" "-Djava.library.path=C:/Development/libsbml-32/src/bindings/java" "-cp" "C:\Development\libsbml-32\src\bindings\java\libsbmlj.jar;C:\Development\libsbml-32\src\bindings\java;C:\Development\libsbml-32\src\bindings\java\test" "AutoTestRunner"
29: Test timeout computed to be: 3000
29: ......................................................................................................................................................................................................................................................................................................................................................................................................................................................................................................................................................................................................................................................................
 29/172 Test  #29: test_java_binding ......................   Passed    3.91 sec
test 30
        Start  30: test_java_printversion

30: Test command: "C:\Program Files (x86)\Java\jdk1.7.0_05\bin\java.exe" "-Xss8m" "-Djava.library.path=C:/Development/libsbml-32/src/bindings/java" "-cp" "C:\Development\libsbml-32\src\bindings\java\libsbmlj.jar;C:\Development\libsbml-32\src\bindings\java;C:\Development\libsbml-32\src\bindings\java\test" "TestPrintVersion" "5.16.1"
30: Test timeout computed to be: 3000
30: .
 30/172 Test  #30: test_java_printversion .................   Passed    0.13 sec
test 31
        Start  31: test_perl_binding

31: Test command: C:\Perl_516\bin\perl.exe "-IC:/Development/libsbml-32/src/bindings/perl" "-IC:/Development/libsbml-32/src/bindings/perl" "-MExtUtils::Command::MM" "-e" "test_harness(0)" "C:/Development/libsbml/src/bindings/perl/t/*.t"
31: Test timeout computed to be: 3000
31: C:/Development/libsbml/src/bindings/perl/t/01__LoadModule.t ................ ok
31: C:/Development/libsbml/src/bindings/perl/t/02__CreateDocument.t ............ ok
31: C:/Development/libsbml/src/bindings/perl/t/02__ReadFromFile.t .............. ok
31: C:/Development/libsbml/src/bindings/perl/t/02__ReadFromFileL3.t ............ ok
31: C:/Development/libsbml/src/bindings/perl/t/02__WriteToFile.t ............... ok
31: C:/Development/libsbml/src/bindings/perl/t/02__WriteToFileL3.t ............. ok
31: C:/Development/libsbml/src/bindings/perl/t/03__ChangeValues.t .............. ok
31: C:/Development/libsbml/src/bindings/perl/t/03__DowncastRule.t .............. ok
31: C:/Development/libsbml/src/bindings/perl/t/03__DowncastSBase.t ............. ok
31: C:/Development/libsbml/src/bindings/perl/t/03__DowncastSBaseL3.t ........... ok
31: C:/Development/libsbml/src/bindings/perl/t/04__ListOf.t .................... ok
31: C:/Development/libsbml/src/bindings/perl/t/04__ListOfL3.t .................. ok
31: C:/Development/libsbml/src/bindings/perl/t/05__AlgebraicRule.t ............. ok
31: C:/Development/libsbml/src/bindings/perl/t/05__AssignmentRule.t ............ ok
31: C:/Development/libsbml/src/bindings/perl/t/05__AssignmentRuleL3.t .......... ok
31: C:/Development/libsbml/src/bindings/perl/t/05__Compartment.t ............... ok
31: C:/Development/libsbml/src/bindings/perl/t/05__CompartmentL3.t ............. ok
31: C:/Development/libsbml/src/bindings/perl/t/05__CompartmentVolumeRule.t ..... ok
31: C:/Development/libsbml/src/bindings/perl/t/05__Event.t ..................... ok
31: C:/Development/libsbml/src/bindings/perl/t/05__EventAssignment.t ........... ok
31: C:/Development/libsbml/src/bindings/perl/t/05__EventL3.t ................... ok
31: C:/Development/libsbml/src/bindings/perl/t/05__Formula.t ................... ok
31: C:/Development/libsbml/src/bindings/perl/t/05__FunctionDefinition.t ........ ok
31: C:/Development/libsbml/src/bindings/perl/t/05__KineticLaw.t ................ ok
31: C:/Development/libsbml/src/bindings/perl/t/05__KineticLawL3.t .............. ok
31: C:/Development/libsbml/src/bindings/perl/t/05__Model.t ..................... ok
31: C:/Development/libsbml/src/bindings/perl/t/05__ModelL3.t ................... ok
31: C:/Development/libsbml/src/bindings/perl/t/05__ModifierSpeciesReference.t .. ok
31: C:/Development/libsbml/src/bindings/perl/t/05__Parameter.t ................. ok
31: C:/Development/libsbml/src/bindings/perl/t/05__ParameterL3.t ............... ok
31: C:/Development/libsbml/src/bindings/perl/t/05__ParameterRule.t ............. ok
31: C:/Development/libsbml/src/bindings/perl/t/05__RateRule.t .................. ok
31: C:/Development/libsbml/src/bindings/perl/t/05__SBMLDocument.t .............. ok
31: C:/Development/libsbml/src/bindings/perl/t/05__SBMLDocumentVerbose.t ....... ok
31: C:/Development/libsbml/src/bindings/perl/t/06__TestReadSBML.t .............. ok
31: C:/Development/libsbml/src/bindings/perl/t/06__TestReadSBMLL3.t ............ ok
31: C:/Development/libsbml/src/bindings/perl/t/06__TestWriteSBML.t ............. ok
31: C:/Development/libsbml/src/bindings/perl/t/06__TestWriteSBMLL3.t ........... ok
31: C:/Development/libsbml/src/bindings/perl/t/07__TestCVTerms.t ............... ok
31: C:/Development/libsbml/src/bindings/perl/t/07__TestModelHistory.t .......... ok
31: C:/Development/libsbml/src/bindings/perl/t/07__TestRDFAnnotation2.t ........ ok
31: All tests successful.
31: Files=41, Tests=3364, 13 wallclock secs ( 0.47 usr +  0.09 sys =  0.56 CPU)
31: Result: PASS
 31/172 Test  #31: test_perl_binding ......................   Passed   15.46 sec
test 32
        Start  32: test_matlab_binding

32: Test command: "C:\Program Files (x86)\MATLAB\R2011b\bin\matlab.bat" "-nosplash" "-nodesktop" "-memmgr" "debug" "-logfile" "runTests.log" "-r" "runTests;quit;"
32: Test timeout computed to be: 3000
32: CAUTION: MATLAB.BAT will be obsoleted soon. Please change links and scripts to use bin\MATLAB.EXE
 32/172 Test  #32: test_matlab_binding ....................   Passed    1.16 sec
test 33
        Start  33: test_python_binding

33: Test command: C:\Python32\Python27\python.exe "C:/Development/libsbml-32/src/bindings/python/test.py" "-p" "C:/Development/libsbml-32/src/bindings/python" "-b" "C:/Development/libsbml/src/bindings/python/test"
33: Test timeout computed to be: 3000
33: ......................................................................................................................................................................................................................................................................................................................................................................................................................................................................................................................................................................................................................................................................................................................................................................................................................................................................................................................................................................................................................................................................................................................................................................................................................................................................................................................................................................................................................................................................................................<!-- Created by foo version bar on 2018-01-28 01:40 with libSBML version 5.16.1. -->
33: .....................................................................................................................................................................................................................................................................................................................................................................................
33: ----------------------------------------------------------------------
33: Ran 1819 tests in 2.325s
33: 
33: OK
 33/172 Test  #33: test_python_binding ....................   Passed    7.30 sec
test 34
        Start  34: test_python_printversion

34: Test command: C:\Python32\Python27\python.exe "-c" "import libsbml; assert libsbml.getLibSBMLDottedVersion() == '5.16.1'" "-p" "C:/Development/libsbml-32/src/bindings/python" "-b" "C:/Development/libsbml/src/bindings/python/test"
34: Environment variables: 
34:  PYTHONPATH=C:/Development/libsbml-32/src/bindings/python;C:/Development/libsbml-32/src/bindings/python;
34: Test timeout computed to be: 3000
 34/172 Test  #34: test_python_printversion ...............   Passed    0.23 sec
test 35
        Start  35: test_python_addCVTerms

35: Test command: C:\Python32\Python27\python.exe "C:/Development/libsbml/examples/python/addCVTerms.py" "C:/Development/libsbml/examples/sample-models/from-spec/level-3/enzymekinetics.xml" "addCVTerms.out.xml"
35: Environment variables: 
35:  PYTHONPATH=C:/Development/libsbml-32/src/bindings/python;C:/Development/libsbml-32/src/bindings/python;
35: Test timeout computed to be: 3000
 35/172 Test  #35: test_python_addCVTerms .................   Passed    0.23 sec
test 36
        Start  36: test_python_addingEvidenceCodes_1

36: Test command: C:\Python32\Python27\python.exe "C:/Development/libsbml/examples/python/addingEvidenceCodes_1.py" "C:/Development/libsbml/examples/sample-models/from-spec/level-3/enzymekinetics.xml" "addingEvidenceCodes_1.out.xml"
36: Environment variables: 
36:  PYTHONPATH=C:/Development/libsbml-32/src/bindings/python;C:/Development/libsbml-32/src/bindings/python;
36: Test timeout computed to be: 3000
 36/172 Test  #36: test_python_addingEvidenceCodes_1 ......   Passed    0.24 sec
test 37
        Start  37: test_python_addingEvidenceCodes_2

37: Test command: C:\Python32\Python27\python.exe "C:/Development/libsbml/examples/python/addingEvidenceCodes_2.py" "C:/Development/libsbml/examples/sample-models/from-spec/level-3/enzymekinetics.xml" "addingEvidenceCodes_2.out.xml"
37: Environment variables: 
37:  PYTHONPATH=C:/Development/libsbml-32/src/bindings/python;C:/Development/libsbml-32/src/bindings/python;
37: Test timeout computed to be: 3000
 37/172 Test  #37: test_python_addingEvidenceCodes_2 ......   Passed    0.24 sec
test 38
        Start  38: test_python_addModelHistory

38: Test command: C:\Python32\Python27\python.exe "C:/Development/libsbml/examples/python/addModelHistory.py" "C:/Development/libsbml/examples/sample-models/from-spec/level-3/enzymekinetics.xml" "addModelHistory.out.xml"
38: Environment variables: 
38:  PYTHONPATH=C:/Development/libsbml-32/src/bindings/python;C:/Development/libsbml-32/src/bindings/python;
38: Test timeout computed to be: 3000
38: Status for addCreator: succeeded
38: Set created date:      succeeded
38: Set modified date:     succeeded
38: Set model history:     unknown
 38/172 Test  #38: test_python_addModelHistory ............   Passed    0.24 sec
test 39
        Start  39: test_python_append_to_note

39: Test command: C:\Python32\Python27\python.exe "C:/Development/libsbml/examples/python/append_to_note.py" "C:/Development/libsbml/examples/sample-models/from-spec/level-3/enzymekineticext.xml" "veq" "a new note" "append_to_note.out.xml"
39: Environment variables: 
39:  PYTHONPATH=C:/Development/libsbml-32/src/bindings/python;C:/Development/libsbml-32/src/bindings/python;
39: Test timeout computed to be: 3000
39: Body before change: 
39: <body xmlns="http://www.w3.org/1999/xhtml">
39:   <p xmlns="http://www.w3.org/1999/xhtml">Some notes</p>
39: </body>
39: 
39: Body after change: 
39: <body xmlns="http://www.w3.org/1999/xhtml">
39:   <p xmlns="http://www.w3.org/1999/xhtml">Some notes</p>a new note</body>
 39/172 Test  #39: test_python_append_to_note .............   Passed    0.25 sec
test 40
        Start  40: test_python_appendAnnotation

40: Test command: C:\Python32\Python27\python.exe "C:/Development/libsbml/examples/python/appendAnnotation.py" "C:/Development/libsbml/examples/sample-models/from-spec/level-3/enzymekinetics.xml" "appendAnnotation.out.xml"
40: Environment variables: 
40:  PYTHONPATH=C:/Development/libsbml-32/src/bindings/python;C:/Development/libsbml-32/src/bindings/python;
40: Test timeout computed to be: 3000
 40/172 Test  #40: test_python_appendAnnotation ...........   Passed    0.24 sec
test 41
        Start  41: test_python_convertSBML

41: Test command: C:\Python32\Python27\python.exe "C:/Development/libsbml/examples/python/convertSBML.py" "C:/Development/libsbml/examples/sample-models/from-spec/level-3/enzymekinetics.xml" "convertSBML.out.xml"
41: Environment variables: 
41:  PYTHONPATH=C:/Development/libsbml-32/src/bindings/python;C:/Development/libsbml-32/src/bindings/python;
41: Test timeout computed to be: 3000
41: Attempting to convert Level 3 Version 1 model to Level 3 Version 2.
41: 
41: Conversion completed.
41: 
 41/172 Test  #41: test_python_convertSBML ................   Passed    0.26 sec
test 42
        Start  42: test_python_createExampleSBML

42: Test command: C:\Python32\Python27\python.exe "C:/Development/libsbml/examples/python/createExampleSBML.py" "C:/Development/libsbml/examples/sample-models/from-spec/level-3/enzymekinetics.xml" "createExampleSBMLy.out.xml"
42: Environment variables: 
42:  PYTHONPATH=C:/Development/libsbml-32/src/bindings/python;C:/Development/libsbml-32/src/bindings/python;
42: Test timeout computed to be: 3000
42: line 1: (99505 [Warning]) In situations where a mathematical expression contains literal numbers or parameters whose units have not been declared, it is not possible to verify accurately the consistency of the units in the expression. 
42:  The units of the <kineticLaw> <math> expression 'f(S1) * compartmentOne / t' cannot be fully checked. Unit consistency reported as either no errors or further unit errors related to this object may not be accurate.
42: 
42: Wrote file 'enzymaticreaction.xml'
42: Wrote file 'units.xml'
42: 
42: Notice: encountered 1 validation warning in model 'functionExample'.
42: 
42: Wrote file 'functiondef.xml'
 42/172 Test  #42: test_python_createExampleSBML ..........   Passed    0.28 sec
test 43
        Start  43: test_python_createSimpleModel

43: Test command: C:\Python32\Python27\python.exe "C:/Development/libsbml/examples/python/createSimpleModel.py" "C:/Development/libsbml/examples/sample-models/from-spec/level-3/enzymekinetics.xml" "createSimpleModel.out.xml"
43: Environment variables: 
43:  PYTHONPATH=C:/Development/libsbml-32/src/bindings/python;C:/Development/libsbml-32/src/bindings/python;
43: Test timeout computed to be: 3000
43: <?xml version="1.0" encoding="UTF-8"?>
43: <sbml xmlns="http://www.sbml.org/sbml/level3/version1/core" level="3" version="1">
43:   <model substanceUnits="mole" timeUnits="second" extentUnits="mole">
43:     <listOfUnitDefinitions>
43:       <unitDefinition id="per_second">
43:         <listOfUnits>
43:           <unit kind="second" exponent="-1" scale="0" multiplier="1"/>
43:         </listOfUnits>
43:       </unitDefinition>
43:     </listOfUnitDefinitions>
43:     <listOfCompartments>
43:       <compartment id="c1" spatialDimensions="3" size="1" units="litre" constant="true"/>
43:     </listOfCompartments>
43:     <listOfSpecies>
43:       <species id="s1" compartment="c1" initialAmount="5" substanceUnits="mole" hasOnlySubstanceUnits="false" boundaryCondition="false" constant="false"/>
43:       <species id="s2" compartment="c1" initialAmount="0" substanceUnits="mole" hasOnlySubstanceUnits="false" boundaryCondition="false" constant="false"/>
43:     </listOfSpecies>
43:     <listOfParameters>
43:       <parameter id="k" value="1" units="per_second" constant="true"/>
43:     </listOfParameters>
43:     <listOfReactions>
43:       <reaction id="r1" reversible="false" fast="false">
43:         <listOfReactants>
43:           <speciesReference species="s1" constant="true"/>
43:         </listOfReactants>
43:         <listOfProducts>
43:           <speciesReference species="s2" constant="true"/>
43:         </listOfProducts>
43:         <kineticLaw>
43:           <math xmlns="http://www.w3.org/1998/Math/MathML">
43:             <apply>
43:               <times/>
43:               <ci> k </ci>
43:               <ci> s1 </ci>
43:               <ci> c1 </ci>
43:             </apply>
43:           </math>
43:         </kineticLaw>
43:       </reaction>
43:     </listOfReactions>
43:   </model>
43: </sbml>
43: 
 43/172 Test  #43: test_python_createSimpleModel ..........   Passed    0.23 sec
test 44
        Start  44: test_python_echoSBML

44: Test command: C:\Python32\Python27\python.exe "C:/Development/libsbml/examples/python/echoSBML.py" "C:/Development/libsbml/examples/sample-models/from-spec/level-3/enzymekinetics.xml" "echoSBML.out.xml"
44: Environment variables: 
44:  PYTHONPATH=C:/Development/libsbml-32/src/bindings/python;C:/Development/libsbml-32/src/bindings/python;
44: Test timeout computed to be: 3000
44: [OK] Echoed C:/Development/libsbml/examples/sample-models/from-spec/level-3/enzymekinetics.xml to echoSBML.out.xml
 44/172 Test  #44: test_python_echoSBML ...................   Passed    0.23 sec
test 45
        Start  45: test_python_evaluateCustomMath

45: Test command: C:\Python32\Python27\python.exe "C:/Development/libsbml/examples/python/evaluateCustomMath.py" "2*3+4" "C:/Development/libsbml/examples/sample-models/from-spec/level-3/enzymekinetics.xml"
45: Environment variables: 
45:  PYTHONPATH=C:/Development/libsbml-32/src/bindings/python;C:/Development/libsbml-32/src/bindings/python;
45: Test timeout computed to be: 3000
45: 2*3+4 = 10.0
 45/172 Test  #45: test_python_evaluateCustomMath .........   Passed    0.23 sec
test 46
        Start  46: test_python_getAllElementsWithNotes

46: Test command: C:\Python32\Python27\python.exe "C:/Development/libsbml/examples/python/getAllElementsWithNotes.py" "C:/Development/libsbml/examples/sample-models/from-spec/level-3/enzymekinetics.xml"
46: Environment variables: 
46:  PYTHONPATH=C:/Development/libsbml-32/src/bindings/python;C:/Development/libsbml-32/src/bindings/python;
46: Test timeout computed to be: 3000
46: 
46:             filename: C:/Development/libsbml/examples/sample-models/from-spec/level-3/enzymekinetics.xml
46:       read time (ms): 2.0
46:     searching ......:
46:     search time (ms): 1.0
46:  elements with notes: 0
 46/172 Test  #46: test_python_getAllElementsWithNotes ....   Passed    0.23 sec
test 47
        Start  47: test_python_inlineInitialAssignments

47: Test command: C:\Python32\Python27\python.exe "C:/Development/libsbml/examples/python/inlineInitialAssignments.py" "C:/Development/libsbml/examples/sample-models/from-spec/level-3/enzymekinetics.xml" "inlineInitialAssignments.out.xml"
47: Environment variables: 
47:  PYTHONPATH=C:/Development/libsbml-32/src/bindings/python;C:/Development/libsbml-32/src/bindings/python;
47: Test timeout computed to be: 3000
 47/172 Test  #47: test_python_inlineInitialAssignments ...   Passed    0.24 sec
test 48
        Start  48: test_python_printAnnotation

48: Test command: C:\Python32\Python27\python.exe "C:/Development/libsbml/examples/python/printAnnotation.py" "C:/Development/libsbml/examples/sample-models/from-spec/level-3/enzymekinetics.xml"
48: Environment variables: 
48:  PYTHONPATH=C:/Development/libsbml-32/src/bindings/python;C:/Development/libsbml-32/src/bindings/python;
48: Test timeout computed to be: 3000
48: filename: C:/Development/libsbml/examples/sample-models/from-spec/level-3/enzymekinetics.xml
48: 
 48/172 Test  #48: test_python_printAnnotation ............   Passed    0.23 sec
test 49
        Start  49: test_python_printMath

49: Test command: C:\Python32\Python27\python.exe "C:/Development/libsbml/examples/python/printMath.py" "C:/Development/libsbml/examples/sample-models/from-spec/level-3/enzymekinetics.xml"
49: Environment variables: 
49:  PYTHONPATH=C:/Development/libsbml-32/src/bindings/python;C:/Development/libsbml-32/src/bindings/python;
49: Test timeout computed to be: 3000
49: ()
49: Reaction 1, formula: comp * (kon * E * S - koff * ES)
49: 
49: Reaction 2, formula: comp * kcat * ES
49: 
49: ()
49: ()
 49/172 Test  #49: test_python_printMath ..................   Passed    0.24 sec
test 50
        Start  50: test_python_printRegisteredPackages

50: Test command: C:\Python32\Python27\python.exe "C:/Development/libsbml/examples/python/printRegisteredPackages.py" "C:/Development/libsbml/examples/sample-models/from-spec/level-3/enzymekinetics.xml" "printRegisteredPackages.out.xml"
50: Environment variables: 
50:  PYTHONPATH=C:/Development/libsbml-32/src/bindings/python;C:/Development/libsbml-32/src/bindings/python;
50: Test timeout computed to be: 3000
50: This version of LibSBML: 5.16.1 includes: 
50: 
50: 	comp
50: 	fbc
50: 	groups
50: 	layout
50: 	render
50: 	multi
50: 	qual
50: 
50: 
 50/172 Test  #50: test_python_printRegisteredPackages ....   Passed    0.24 sec
test 51
        Start  51: test_python_printSBML

51: Test command: C:\Python32\Python27\python.exe "C:/Development/libsbml/examples/python/printSBML.py" "C:/Development/libsbml/examples/sample-models/from-spec/level-3/enzymekinetics.xml"
51: Environment variables: 
51:  PYTHONPATH=C:/Development/libsbml-32/src/bindings/python;C:/Development/libsbml-32/src/bindings/python;
51: Test timeout computed to be: 3000
51: 
51: File: C:/Development/libsbml/examples/sample-models/from-spec/level-3/enzymekinetics.xml (Level 3, version 1)
51:                  id: (empty)
51: functionDefinitions: 0
51:     unitDefinitions: 2
51:    compartmentTypes: 0
51:         specieTypes: 0
51:        compartments: 1
51:             species: 4
51:          parameters: 0
51:  initialAssignments: 0
51:               rules: 0
51:         constraints: 0
51:           reactions: 2
51:              events: 0
51: 
51: 
 51/172 Test  #51: test_python_printSBML ..................   Passed    0.24 sec
test 52
        Start  52: test_python_printsupported

52: Test command: C:\Python32\Python27\python.exe "C:/Development/libsbml/examples/python/printsupported.py"
52: Environment variables: 
52:  PYTHONPATH=C:/Development/libsbml-32/src/bindings/python;C:/Development/libsbml-32/src/bindings/python;
52: Test timeout computed to be: 3000
52: Supported by LibSBML 5.16.1
52: ()
52: 	SBML Level: 1 Version: 1
52: 	SBML Level: 1 Version: 2
52: 	SBML Level: 2 Version: 1
52: 	SBML Level: 2 Version: 2
52: 	SBML Level: 2 Version: 3
52: 	SBML Level: 2 Version: 4
52: 	SBML Level: 2 Version: 5
52: 	SBML Level: 3 Version: 1
52: 	SBML Level: 3 Version: 2
52: ()
 52/172 Test  #52: test_python_printsupported .............   Passed    0.23 sec
test 53
        Start  53: test_python_printUnits

53: Test command: C:\Python32\Python27\python.exe "C:/Development/libsbml/examples/python/printUnits.py" "C:/Development/libsbml/examples/sample-models/from-spec/level-3/enzymekinetics.xml"
53: Environment variables: 
53:  PYTHONPATH=C:/Development/libsbml-32/src/bindings/python;C:/Development/libsbml-32/src/bindings/python;
53: Test timeout computed to be: 3000
53: Species 0: mole (exponent = 1, multiplier = 1, scale = 0), litre (exponent = -1, multiplier = 1, scale = 0)
53: Species 1: mole (exponent = 1, multiplier = 1, scale = 0), litre (exponent = -1, multiplier = 1, scale = 0)
53: Species 2: mole (exponent = 1, multiplier = 1, scale = 0), litre (exponent = -1, multiplier = 1, scale = 0)
53: Species 3: mole (exponent = 1, multiplier = 1, scale = 0), litre (exponent = -1, multiplier = 1, scale = 0)
53: Compartment 0: litre (exponent = 1, multiplier = 1, scale = 0)
53: Reaction 0: 
53: Kinetic Law: second (exponent = -1, multiplier = 1, scale = 0), mole (exponent = 1, multiplier = 1, scale = 0)
53:         undeclared units: no
53: Reaction 1: 
53: Kinetic Law: second (exponent = -1, multiplier = 1, scale = 0), mole (exponent = 1, multiplier = 1, scale = 0)
53:         undeclared units: no
 53/172 Test  #53: test_python_printUnits .................   Passed    0.24 sec
test 54
        Start  54: test_python_promoteParameters

54: Test command: C:\Python32\Python27\python.exe "C:/Development/libsbml/examples/python/promoteParameters.py" "C:/Development/libsbml/examples/sample-models/from-spec/level-3/enzymekinetics.xml" "promoteParameters.out.xml"
54: Environment variables: 
54:  PYTHONPATH=C:/Development/libsbml-32/src/bindings/python;C:/Development/libsbml-32/src/bindings/python;
54: Test timeout computed to be: 3000
54: [OK] wrote promoteParameters.out.xml
 54/172 Test  #54: test_python_promoteParameters ..........   Passed    0.24 sec
test 55
        Start  55: test_python_readSBML

55: Test command: C:\Python32\Python27\python.exe "C:/Development/libsbml/examples/python/readSBML.py" "C:/Development/libsbml/examples/sample-models/from-spec/level-3/enzymekinetics.xml"
55: Environment variables: 
55:  PYTHONPATH=C:/Development/libsbml-32/src/bindings/python;C:/Development/libsbml-32/src/bindings/python;
55: Test timeout computed to be: 3000
55: ()
55:             filename: C:/Development/libsbml/examples/sample-models/from-spec/level-3/enzymekinetics.xml
55:            file size: 3930
55:       read time (ms): 0.00302587340011
55:  validation error(s): 0
55: ()
 55/172 Test  #55: test_python_readSBML ...................   Passed    0.23 sec
test 56
        Start  56: test_python_replaceOneFD

56: Test command: C:\Python32\Python27\python.exe "C:/Development/libsbml/examples/python/replaceOneFD.py" "C:/Development/libsbml/examples/sample-models/from-spec/level-3/functiondef.xml" "f" "reaction_1" "replaceOneFD.out.xml"
56: Environment variables: 
56:  PYTHONPATH=C:/Development/libsbml-32/src/bindings/python;C:/Development/libsbml-32/src/bindings/python;
56: Test timeout computed to be: 3000
 56/172 Test  #56: test_python_replaceOneFD ...............   Passed    0.25 sec
test 57
        Start  57: test_python_setIdFromNames

57: Test command: C:\Python32\Python27\python.exe "C:/Development/libsbml/examples/python/setIdFromNames.py" "C:/Development/libsbml/examples/sample-models/from-spec/level-3/enzymekinetics.xml" "setIdFromNames.out.xml"
57: Environment variables: 
57:  PYTHONPATH=C:/Development/libsbml-32/src/bindings/python;C:/Development/libsbml-32/src/bindings/python;
57: Test timeout computed to be: 3000
57: 
57:             filename: C:/Development/libsbml/examples/sample-models/from-spec/level-3/enzymekinetics.xml
57:       read time (ms): 3.0
57:     rename time (ms): 0.0
57:      write time (ms): 2.0
57: 
 57/172 Test  #57: test_python_setIdFromNames .............   Passed    0.25 sec
test 58
        Start  58: test_python_unsetAnnotation

58: Test command: C:\Python32\Python27\python.exe "C:/Development/libsbml/examples/python/unsetAnnotation.py" "C:/Development/libsbml/examples/sample-models/from-spec/level-3/enzymekinetics.xml" "unsetAnnotation.out.xml"
58: Environment variables: 
58:  PYTHONPATH=C:/Development/libsbml-32/src/bindings/python;C:/Development/libsbml-32/src/bindings/python;
58: Test timeout computed to be: 3000
 58/172 Test  #58: test_python_unsetAnnotation ............   Passed    0.24 sec
test 59
        Start  59: test_python_unsetNotes

59: Test command: C:\Python32\Python27\python.exe "C:/Development/libsbml/examples/python/unsetNotes.py" "C:/Development/libsbml/examples/sample-models/from-spec/level-3/enzymekinetics.xml" "unsetNotes.out.xml"
59: Environment variables: 
59:  PYTHONPATH=C:/Development/libsbml-32/src/bindings/python;C:/Development/libsbml-32/src/bindings/python;
59: Test timeout computed to be: 3000
 59/172 Test  #59: test_python_unsetNotes .................   Passed    0.24 sec
test 60
        Start  60: test_python_validateSBML

60: Test command: C:\Python32\Python27\python.exe "C:/Development/libsbml/examples/python/validateSBML.py" "C:/Development/libsbml/examples/sample-models/from-spec/level-3/enzymekinetics.xml"
60: Environment variables: 
60:  PYTHONPATH=C:/Development/libsbml-32/src/bindings/python;C:/Development/libsbml-32/src/bindings/python;
60: Test timeout computed to be: 3000
60: ---------------------------------------------------------------------------
60:                  filename : C:/Development/libsbml/examples/sample-models/from-spec/level-3/enzymekinetics.xml
60:          file size (byte) : 3930
60:            read time (ms) : 3.000021
60:         c-check time (ms) : 6.000042
60:       validation error(s) : 0
60:     (consistency error(s)): 0
60:     validation warning(s) : 0
60:   (consistency warning(s)): 0
60: ---------------------------------------------------------------------------
60: Validated 1 files, 1 valid files, 0 invalid files
 60/172 Test  #60: test_python_validateSBML ...............   Passed    0.24 sec
test 61
        Start  61: test_python_stringInput

61: Test command: C:\Python32\Python27\python.exe "C:/Development/libsbml/examples/python/stringInput.py" "C:/Development/libsbml/examples/sample-models/from-spec/level-3/enzymekinetics.xml"
61: Environment variables: 
61:  PYTHONPATH=C:/Development/libsbml-32/src/bindings/python;C:/Development/libsbml-32/src/bindings/python;
61: Test timeout computed to be: 3000
61: filename: C:/Development/libsbml/examples/sample-models/from-spec/level-3/enzymekinetics.xml
61: 
61: <type 'str'>
61: <type 'str'>
 61/172 Test  #61: test_python_stringInput ................   Passed    0.24 sec
test 62
        Start  62: test_python_stripPackage

62: Test command: C:\Python32\Python27\python.exe "C:/Development/libsbml/examples/python/stripPackage.py" "C:/Development/libsbml/examples/sample-models/fbc/fbc_example1.xml" "fbc" "stripPackage.out.xml"
62: Environment variables: 
62:  PYTHONPATH=C:/Development/libsbml-32/src/bindings/python;C:/Development/libsbml-32/src/bindings/python;
62: Test timeout computed to be: 3000
62: [OK] stripped package 'fbc' from C:/Development/libsbml/examples/sample-models/fbc/fbc_example1.xml to stripPackage.out.xml
 62/172 Test  #62: test_python_stripPackage ...............   Passed    0.33 sec
test 63
        Start  63: test_python_fbc_fbc_example1

63: Test command: C:\Python32\Python27\python.exe "C:/Development/libsbml/examples/python/fbc/fbc_example1.py"
63: Environment variables: 
63:  PYTHONPATH=C:/Development/libsbml-32/src/bindings/python;C:/Development/libsbml-32/src/bindings/python;
63: Test timeout computed to be: 3000
 63/172 Test  #63: test_python_fbc_fbc_example1 ...........   Passed    0.49 sec
test 64
        Start  64: test_python_groups_groups_example1

64: Test command: C:\Python32\Python27\python.exe "C:/Development/libsbml/examples/python/groups/groups_example1.py"
64: Environment variables: 
64:  PYTHONPATH=C:/Development/libsbml-32/src/bindings/python;C:/Development/libsbml-32/src/bindings/python;
64: Test timeout computed to be: 3000
 64/172 Test  #64: test_python_groups_groups_example1 .....   Passed    0.32 sec
test 65
        Start  65: test_python_layout_example1_L3

65: Test command: C:\Python32\Python27\python.exe "C:/Development/libsbml/examples/python/layout/example1-L3.py"
65: Environment variables: 
65:  PYTHONPATH=C:/Development/libsbml-32/src/bindings/python;C:/Development/libsbml-32/src/bindings/python;
65: Test timeout computed to be: 3000
 65/172 Test  #65: test_python_layout_example1_L3 .........   Passed    0.74 sec
test 66
        Start  66: test_python_layout_example1

66: Test command: C:\Python32\Python27\python.exe "C:/Development/libsbml/examples/python/layout/example1.py"
66: Environment variables: 
66:  PYTHONPATH=C:/Development/libsbml-32/src/bindings/python;C:/Development/libsbml-32/src/bindings/python;
66: Test timeout computed to be: 3000
 66/172 Test  #66: test_python_layout_example1 ............   Passed    0.25 sec
test 67
        Start  67: test_python_multi_multi_example1

67: Test command: C:\Python32\Python27\python.exe "C:/Development/libsbml/examples/python/multi/multi_example1.py"
67: Environment variables: 
67:  PYTHONPATH=C:/Development/libsbml-32/src/bindings/python;C:/Development/libsbml-32/src/bindings/python;
67: Test timeout computed to be: 3000
 67/172 Test  #67: test_python_multi_multi_example1 .......   Passed    0.33 sec
test 68
        Start  68: test_python_multi_multi_example3

68: Test command: C:\Python32\Python27\python.exe "C:/Development/libsbml/examples/python/multi/multi_example3.py"
68: Environment variables: 
68:  PYTHONPATH=C:/Development/libsbml-32/src/bindings/python;C:/Development/libsbml-32/src/bindings/python;
68: Test timeout computed to be: 3000
 68/172 Test  #68: test_python_multi_multi_example3 .......   Passed    0.33 sec
test 69
        Start  69: test_python_multi_printMulti

69: Test command: C:\Python32\Python27\python.exe "C:/Development/libsbml/examples/python/multi/printMulti.py"
69: Environment variables: 
69:  PYTHONPATH=C:/Development/libsbml-32/src/bindings/python;C:/Development/libsbml-32/src/bindings/python;
69: Test timeout computed to be: 3000
69: usage: printMulti sbml-file
 69/172 Test  #69: test_python_multi_printMulti ...........   Passed    0.23 sec
test 70
        Start  70: test_python_qual_qual_example1

70: Test command: C:\Python32\Python27\python.exe "C:/Development/libsbml/examples/python/qual/qual_example1.py"
70: Environment variables: 
70:  PYTHONPATH=C:/Development/libsbml-32/src/bindings/python;C:/Development/libsbml-32/src/bindings/python;
70: Test timeout computed to be: 3000
 70/172 Test  #70: test_python_qual_qual_example1 .........   Passed    0.31 sec
test 71
        Start  71: test_c_addCVTerms

71: Test command: C:\Development\libsbml-32\examples\c\addCVTerms.exe "C:/Development/libsbml/examples/sample-models/from-spec/level-3/enzymekinetics.xml" "addCVTerms.out.xml"
71: Test timeout computed to be: 3000
 71/172 Test  #71: test_c_addCVTerms ......................   Passed    2.09 sec
test 72
        Start  72: test_c_addingEvidenceCodes_1

72: Test command: C:\Development\libsbml-32\examples\c\addingEvidenceCodes_1.exe "C:/Development/libsbml/examples/sample-models/from-spec/level-3/enzymekinetics.xml" "addingEvidenceCodes_1.out.xml"
72: Test timeout computed to be: 3000
 72/172 Test  #72: test_c_addingEvidenceCodes_1 ...........   Passed    1.45 sec
test 73
        Start  73: test_c_addingEvidenceCodes_2

73: Test command: C:\Development\libsbml-32\examples\c\addingEvidenceCodes_2.exe "C:/Development/libsbml/examples/sample-models/from-spec/level-3/enzymekinetics.xml" "addingEvidenceCodes_2.out.xml"
73: Test timeout computed to be: 3000
 73/172 Test  #73: test_c_addingEvidenceCodes_2 ...........   Passed    1.10 sec
test 74
        Start  74: test_c_addModelHistory

74: Test command: C:\Development\libsbml-32\examples\c\addModelHistory.exe "C:/Development/libsbml/examples/sample-models/from-spec/level-3/enzymekinetics.xml" "addModelHistory.out.xml"
74: Test timeout computed to be: 3000
74: Status for addCreator: succeeded
74: Set created date:      succeeded
74: Set modified date:     succeeded
74: Set model history:     unknown
 74/172 Test  #74: test_c_addModelHistory .................   Passed    0.75 sec
test 75
        Start  75: test_c_appendAnnotation

75: Test command: C:\Development\libsbml-32\examples\c\appendAnnotation.exe "C:/Development/libsbml/examples/sample-models/from-spec/level-3/enzymekinetics.xml" "appendAnnotation.out.xml"
75: Test timeout computed to be: 3000
 75/172 Test  #75: test_c_appendAnnotation ................   Passed    1.87 sec
test 76
        Start  76: test_c_convertSBML

76: Test command: C:\Development\libsbml-32\examples\c\convertSBML.exe "C:/Development/libsbml/examples/sample-models/from-spec/level-3/enzymekinetics.xml" "convertSBML.out.xml"
76: Test timeout computed to be: 3000
76: Attempting to convert model to SBML Level 3 Version 2.
76: Conversion completed.
 76/172 Test  #76: test_c_convertSBML .....................   Passed    1.72 sec
test 77
        Start  77: test_c_createExampleSBML

77: Test command: C:\Development\libsbml-32\examples\c\createExampleSBML.exe "C:/Development/libsbml/examples/sample-models/from-spec/level-3/enzymekinetics.xml" "createExampleSBML.out.xml"
77: Test timeout computed to be: 3000
77: Wrote file "enzymaticreaction.xml"
77: Wrote file "units.xml"
77: line 1: (99505 [Warning]) In situations where a mathematical expression contains literal numbers or parameters whose units have not been declared, it is not possible to verify accurately the consistency of the units in the expression. 
77:  The units of the <kineticLaw> <math> expression 'f(S1) * compartmentOne / t' cannot be fully checked. Unit consistency reported as either no errors or further unit errors related to this object may not be accurate.
77: 
77: Notice: encountered 1 validation warning in model 'functionExample'.
77: Wrote file "functiondef.xml"
 77/172 Test  #77: test_c_createExampleSBML ...............   Passed    0.74 sec
test 78
        Start  78: test_c_drawMath

78: Test command: C:\Development\libsbml-32\examples\c\drawMath.exe "C:/Development/libsbml/examples/sample-models/from-spec/level-3/enzymekinetics.xml" "drawMath.out.xml"
78: Test timeout computed to be: 3000
78: 
78: 
 78/172 Test  #78: test_c_drawMath ........................   Passed    0.76 sec
test 79
        Start  79: test_c_echoSBML

79: Test command: C:\Development\libsbml-32\examples\c\echoSBML.exe "C:/Development/libsbml/examples/sample-models/from-spec/level-3/enzymekinetics.xml" "echoSBML.out.xml"
79: Test timeout computed to be: 3000
 79/172 Test  #79: test_c_echoSBML ........................   Passed    0.33 sec
test 80
        Start  80: test_c_printAnnotation

80: Test command: C:\Development\libsbml-32\examples\c\printAnnotation.exe "C:/Development/libsbml/examples/sample-models/from-spec/level-3/enzymekinetics.xml"
80: Test timeout computed to be: 3000
80: 
80: C:/Development/libsbml/examples/sample-models/from-spec/level-3/enzymekinetics.xml
80: 
 80/172 Test  #80: test_c_printAnnotation .................   Passed    0.55 sec
test 81
        Start  81: test_c_printMath

81: Test command: C:\Development\libsbml-32\examples\c\printMath.exe "C:/Development/libsbml/examples/sample-models/from-spec/level-3/enzymekinetics.xml"
81: Test timeout computed to be: 3000
81: 
81: Reaction 1, formula: comp * (kon * E * S - koff * ES)
81: Reaction 2, formula: comp * kcat * ES
81: 
81: 
 81/172 Test  #81: test_c_printMath .......................   Passed    0.31 sec
test 82
        Start  82: test_c_printNotes

82: Test command: C:\Development\libsbml-32\examples\c\printNotes.exe "C:/Development/libsbml/examples/sample-models/from-spec/level-3/enzymekinetics.xml"
82: Test timeout computed to be: 3000
82: 
82: C:/Development/libsbml/examples/sample-models/from-spec/level-3/enzymekinetics.xml
82: 
 82/172 Test  #82: test_c_printNotes ......................   Passed    0.45 sec
test 83
        Start  83: test_c_printRegisteredPackages

83: Test command: C:\Development\libsbml-32\examples\c\printRegisteredPackages.exe "C:/Development/libsbml/examples/sample-models/from-spec/level-3/enzymekinetics.xml"
83: Test timeout computed to be: 3000
83: This version of LibSBML: 5.16.1 includes: 
83: 	comp
83: 	fbc
83: 	groups
83: 	layout
83: 	render
83: 	multi
83: 	qual
83: 
 83/172 Test  #83: test_c_printRegisteredPackages .........   Passed    0.36 sec
test 84
        Start  84: test_c_printSBML

84: Test command: C:\Development\libsbml-32\examples\c\printSBML.exe "C:/Development/libsbml/examples/sample-models/from-spec/level-3/enzymekinetics.xml"
84: Test timeout computed to be: 3000
84: 
84: File: C:/Development/libsbml/examples/sample-models/from-spec/level-3/enzymekinetics.xml (Level 3, version 1)
84:            model id: (empty)
84: functionDefinitions: 0
84:     unitDefinitions: 2
84:    compartmentTypes: 0
84:         specieTypes: 0
84:        compartments: 1
84:             species: 4
84:          parameters: 0
84:  initialAssignments: 0
84:               rules: 0
84:         constraints: 0
84:           reactions: 2
84:              events: 0
84: 
 84/172 Test  #84: test_c_printSBML .......................   Passed    0.94 sec
test 85
        Start  85: test_c_printSupported

85: Test command: C:\Development\libsbml-32\examples\c\printSupported.exe
85: Test timeout computed to be: 3000
85: LibSBML: 5.16.1 supports: 
85: 	SBML Level 1 Version: 1
85: 	SBML Level 1 Version: 2
85: 	SBML Level 2 Version: 1
85: 	SBML Level 2 Version: 2
85: 	SBML Level 2 Version: 3
85: 	SBML Level 2 Version: 4
85: 	SBML Level 2 Version: 5
85: 	SBML Level 3 Version: 1
85: 	SBML Level 3 Version: 2
85: 
85: LibSBML is compiled against: 
85: 	LibXML:      2.7.3
85: 	Zlib:        1.2.3
85: 	bzip2:       1.0.5, 10-Dec-2007
85: 
 85/172 Test  #85: test_c_printSupported ..................   Passed    1.45 sec
test 86
        Start  86: test_c_printUnits

86: Test command: C:\Development\libsbml-32\examples\c\printUnits.exe "C:/Development/libsbml/examples/sample-models/from-spec/level-3/enzymekinetics.xml"
86: Test timeout computed to be: 3000
86: Species 0: mole (exponent = 1, multiplier = 1, scale = 0), litre (exponent = -1, multiplier = 1, scale = 0)
86: Species 1: mole (exponent = 1, multiplier = 1, scale = 0), litre (exponent = -1, multiplier = 1, scale = 0)
86: Species 2: mole (exponent = 1, multiplier = 1, scale = 0), litre (exponent = -1, multiplier = 1, scale = 0)
86: Species 3: mole (exponent = 1, multiplier = 1, scale = 0), litre (exponent = -1, multiplier = 1, scale = 0)
86: Compartment 0: litre (exponent = 1, multiplier = 1, scale = 0)
86: Reaction 0: 
86: Kinetic Law: second (exponent = -1, multiplier = 1, scale = 0), mole (exponent = 1, multiplier = 1, scale = 0)
86:         undeclared units: no
86: Reaction 1: 
86: Kinetic Law: second (exponent = -1, multiplier = 1, scale = 0), mole (exponent = 1, multiplier = 1, scale = 0)
86:         undeclared units: no
 86/172 Test  #86: test_c_printUnits ......................   Passed    0.60 sec
test 87
        Start  87: test_c_promoteParameters

87: Test command: C:\Development\libsbml-32\examples\c\promoteParameters.exe "C:/Development/libsbml/examples/sample-models/from-spec/level-3/enzymekinetics.xml" "promoteParameters.out.xml"
87: Test timeout computed to be: 3000
 87/172 Test  #87: test_c_promoteParameters ...............   Passed    0.51 sec
test 88
        Start  88: test_c_readSBML

88: Test command: C:\Development\libsbml-32\examples\c\readSBML.exe "C:/Development/libsbml/examples/sample-models/from-spec/level-3/enzymekinetics.xml"
88: Test timeout computed to be: 3000
88: 
88:         filename: C:/Development/libsbml/examples/sample-models/from-spec/level-3/enzymekinetics.xml
88:        file size: 3930
88:   read time (ms): 203
88:         error(s): 0
88: 
 88/172 Test  #88: test_c_readSBML ........................   Passed    0.73 sec
test 89
        Start  89: test_c_stripPackage

89: Test command: C:\Development\libsbml-32\examples\c\stripPackage.exe "C:/Development/libsbml/examples/sample-models/fbc/fbc_example1.xml" "fbc" "stripPackage.out.xml"
89: Test timeout computed to be: 3000
 89/172 Test  #89: test_c_stripPackage ....................   Passed    1.34 sec
test 90
        Start  90: test_c_unsetAnnotation

90: Test command: C:\Development\libsbml-32\examples\c\unsetAnnotation.exe "C:/Development/libsbml/examples/sample-models/from-spec/level-3/enzymekinetics.xml" "unsetAnnotation.out.xml"
90: Test timeout computed to be: 3000
 90/172 Test  #90: test_c_unsetAnnotation .................   Passed    1.24 sec
test 91
        Start  91: test_c_unsetNotes

91: Test command: C:\Development\libsbml-32\examples\c\unsetNotes.exe "C:/Development/libsbml/examples/sample-models/from-spec/level-3/enzymekinetics.xml" "unsetNotes.out.xml"
91: Test timeout computed to be: 3000
 91/172 Test  #91: test_c_unsetNotes ......................   Passed    0.89 sec
test 92
        Start  92: test_c_validateSBML

92: Test command: C:\Development\libsbml-32\examples\c\validateSBML.exe "C:/Development/libsbml/examples/sample-models/from-spec/level-3/enzymekinetics.xml"
92: Test timeout computed to be: 3000
92: 
92:         filename: C:/Development/libsbml/examples/sample-models/from-spec/level-3/enzymekinetics.xml
92:        file size: 3930
92:   read time (ms): 78
92:         error(s): 0
92: 
 92/172 Test  #92: test_c_validateSBML ....................   Passed    0.52 sec
test 93
        Start  93: test_cxx_addCVTerms

93: Test command: C:\Development\libsbml-32\examples\c++\addCVTerms.exe "C:/Development/libsbml/examples/sample-models/from-spec/level-3/enzymekinetics.xml" "addCVTerms.out.xml"
93: Test timeout computed to be: 3000
 93/172 Test  #93: test_cxx_addCVTerms ....................   Passed    0.81 sec
test 94
        Start  94: test_cxx_addCustomValidator

94: Test command: C:\Development\libsbml-32\examples\c++\addCustomValidator.exe "C:/Development/libsbml/examples/sample-models/from-spec/level-3/enzymekinetics.xml"
94: Test timeout computed to be: 3000
 94/172 Test  #94: test_cxx_addCustomValidator ............   Passed    1.71 sec
test 95
        Start  95: test_cxx_addingEvidenceCodes_1

95: Test command: C:\Development\libsbml-32\examples\c++\addingEvidenceCodes_1.exe "C:/Development/libsbml/examples/sample-models/from-spec/level-3/enzymekinetics.xml" "addingEvidenceCodes_1.out.xml"
95: Test timeout computed to be: 3000
 95/172 Test  #95: test_cxx_addingEvidenceCodes_1 .........   Passed    0.40 sec
test 96
        Start  96: test_cxx_addingEvidenceCodes_2

96: Test command: C:\Development\libsbml-32\examples\c++\addingEvidenceCodes_2.exe "C:/Development/libsbml/examples/sample-models/from-spec/level-3/enzymekinetics.xml" "addingEvidenceCodes_2.out.xml"
96: Test timeout computed to be: 3000
 96/172 Test  #96: test_cxx_addingEvidenceCodes_2 .........   Passed    0.36 sec
test 97
        Start  97: test_cxx_addModelHistory

97: Test command: C:\Development\libsbml-32\examples\c++\addModelHistory.exe "C:/Development/libsbml/examples/sample-models/from-spec/level-3/enzymekinetics.xml" "addModelHistory.out.xml"
97: Test timeout computed to be: 3000
97: Status for addCreator: succeeded
97: Set created date:      succeeded
97: Set modified date:     succeeded
97: Set model history:     unknown
 97/172 Test  #97: test_cxx_addModelHistory ...............   Passed    0.43 sec
test 98
        Start  98: test_cxx_appendAnnotation

98: Test command: C:\Development\libsbml-32\examples\c++\appendAnnotation.exe "C:/Development/libsbml/examples/sample-models/from-spec/level-3/enzymekinetics.xml" "appendAnnotation.out.xml"
98: Test timeout computed to be: 3000
 98/172 Test  #98: test_cxx_appendAnnotation ..............   Passed    0.23 sec
test 99
        Start  99: test_cxx_callExternalValidator

99: Test command: C:\Development\libsbml-32\examples\c++\callExternalValidator.exe "C:/Development/libsbml/examples/sample-models/from-spec/level-3/enzymekinetics.xml" "callExternalValidator.out.xml"
99: Test timeout computed to be: 3000
 99/172 Test  #99: test_cxx_callExternalValidator .........   Passed    1.31 sec
test 100
        Start 100: test_cxx_convertSBML

100: Test command: C:\Development\libsbml-32\examples\c++\convertSBML.exe "C:/Development/libsbml/examples/sample-models/from-spec/level-3/enzymekinetics.xml" "convertSBML.out.xml"
100: Test timeout computed to be: 3000
100: Attempting to convert Level 3 Version 1 model to Level 3 Version 2.
100: Conversion completed.
100/172 Test #100: test_cxx_convertSBML ...................   Passed    1.03 sec
test 101
        Start 101: test_cxx_convertToL1V1

101: Test command: C:\Development\libsbml-32\examples\c++\convertToL1V1.exe "C:/Development/libsbml/examples/sample-models/from-spec/level-3/enzymekinetics.xml" "convertToL1V1.out.xml"
101: Test timeout computed to be: 3000
101: Conversion completed.
101/172 Test #101: test_cxx_convertToL1V1 .................   Passed    1.32 sec
test 102
        Start 102: test_cxx_createExampleSBML

102: Test command: C:\Development\libsbml-32\examples\c++\createExampleSBML.exe "C:/Development/libsbml/examples/sample-models/from-spec/level-3/enzymekinetics.xml" "createExampleSBML.out.xml"
102: Test timeout computed to be: 3000
102: Wrote file "enzymaticreaction.xml"
102: Wrote file "units.xml"
102: 
102: Notice: encountered 1 validation warning in model 'functionExample'.
102: 
102: line 1: (99505 [Warning]) In situations where a mathematical expression contains literal numbers or parameters whose units have not been declared, it is not possible to verify accurately the consistency of the units in the expression. 
102:  The units of the <kineticLaw> <math> expression 'f(S1) * compartmentOne / t' cannot be fully checked. Unit consistency reported as either no errors or further unit errors related to this object may not be accurate.
102: 
102: Wrote file "functiondef.xml"
102/172 Test #102: test_cxx_createExampleSBML .............   Passed    1.11 sec
test 103
        Start 103: test_cxx_echoSBML

103: Test command: C:\Development\libsbml-32\examples\c++\echoSBML.exe "C:/Development/libsbml/examples/sample-models/from-spec/level-3/enzymekinetics.xml" "echoSBML.out.xml"
103: Test timeout computed to be: 3000
103/172 Test #103: test_cxx_echoSBML ......................   Passed    0.61 sec
test 104
        Start 104: test_cxx_inferUnits

104: Test command: C:\Development\libsbml-32\examples\c++\inferUnits.exe "C:/Development/libsbml/examples/sample-models/from-spec/level-3/enzymekinetics.xml" "inferUnits.out.xml"
104: Test timeout computed to be: 3000
104/172 Test #104: test_cxx_inferUnits ....................   Passed    0.51 sec
test 105
        Start 105: test_cxx_inlineFunctionDefintions

105: Test command: C:\Development\libsbml-32\examples\c++\inlineFunctionDefintions.exe "C:/Development/libsbml/examples/sample-models/from-spec/level-3/enzymekinetics.xml" "inlineFunctionDefintions.out.xml"
105: Test timeout computed to be: 3000
105: Conversion completed.
105/172 Test #105: test_cxx_inlineFunctionDefintions ......   Passed    0.71 sec
test 106
        Start 106: test_cxx_convertReactions

106: Test command: C:\Development\libsbml-32\examples\c++\convertReactions.exe "C:/Development/libsbml/examples/sample-models/from-spec/level-3/enzymekinetics.xml" "convertReactions.out.xml"
106: Test timeout computed to be: 3000
106: Conversion completed.
106/172 Test #106: test_cxx_convertReactions ..............   Passed    0.52 sec
test 107
        Start 107: test_cxx_getAllElementsWithNotes

107: Test command: C:\Development\libsbml-32\examples\c++\getAllElementsWithNotes.exe "C:/Development/libsbml/examples/sample-models/from-spec/level-3/enzymekinetics.xml"
107: Test timeout computed to be: 3000
107: 
107:             filename: C:/Development/libsbml/examples/sample-models/from-spec/level-3/enzymekinetics.xml
107:       read time (ms): 172
107:     searching ......:
107:     search time (ms): 0
107:  elements with notes: 0
107/172 Test #107: test_cxx_getAllElementsWithNotes .......   Passed    0.70 sec
test 108
        Start 108: test_cxx_printAnnotation

108: Test command: C:\Development\libsbml-32\examples\c++\printAnnotation.exe "C:/Development/libsbml/examples/sample-models/from-spec/level-3/enzymekinetics.xml"
108: Test timeout computed to be: 3000
108: 
108: filename: C:/Development/libsbml/examples/sample-models/from-spec/level-3/enzymekinetics.xml
108: 
108/172 Test #108: test_cxx_printAnnotation ...............   Passed    0.65 sec
test 109
        Start 109: test_cxx_printMath

109: Test command: C:\Development\libsbml-32\examples\c++\printMath.exe "C:/Development/libsbml/examples/sample-models/from-spec/level-3/enzymekinetics.xml"
109: Test timeout computed to be: 3000
109: 
109: Reaction 1, formula: comp * (kon * E * S - koff * ES)
109: Reaction 2, formula: comp * kcat * ES
109: 
109: 
109/172 Test #109: test_cxx_printMath .....................   Passed    0.46 sec
test 110
        Start 110: test_cxx_printNotes

110: Test command: C:\Development\libsbml-32\examples\c++\printNotes.exe "C:/Development/libsbml/examples/sample-models/from-spec/level-3/enzymekinetics.xml"
110: Test timeout computed to be: 3000
110: 
110: filename: C:/Development/libsbml/examples/sample-models/from-spec/level-3/enzymekinetics.xml
110: 
110/172 Test #110: test_cxx_printNotes ....................   Passed    0.24 sec
test 111
        Start 111: test_cxx_printSBML

111: Test command: C:\Development\libsbml-32\examples\c++\printSBML.exe "C:/Development/libsbml/examples/sample-models/from-spec/level-3/enzymekinetics.xml"
111: Test timeout computed to be: 3000
111: 
111: File: C:/Development/libsbml/examples/sample-models/from-spec/level-3/enzymekinetics.xml (Level 3, version 1)
111:                  id: (empty)
111: functionDefinitions: 0
111:     unitDefinitions: 2
111:    compartmentTypes: 0
111:         specieTypes: 0
111:        compartments: 1
111:             species: 4
111:          parameters: 0
111:  initialAssignments: 0
111:               rules: 0
111:         constraints: 0
111:           reactions: 2
111:              events: 0
111: 
111/172 Test #111: test_cxx_printSBML .....................   Passed    0.24 sec
test 112
        Start 112: test_cxx_printRegisteredPackages

112: Test command: C:\Development\libsbml-32\examples\c++\printRegisteredPackages.exe "C:/Development/libsbml/examples/sample-models/from-spec/level-3/enzymekinetics.xml" "printRegisteredPackages.out.xml"
112: Test timeout computed to be: 3000
112: This version of LibSBML: 5.16.1 includes: 
112: 	comp
112: 	fbc
112: 	groups
112: 	layout
112: 	render
112: 	multi
112: 	qual
112: 
112/172 Test #112: test_cxx_printRegisteredPackages .......   Passed    0.47 sec
test 113
        Start 113: test_cxx_printSupported

113: Test command: C:\Development\libsbml-32\examples\c++\printSupported.exe "C:/Development/libsbml/examples/sample-models/from-spec/level-3/enzymekinetics.xml" "printSupported.out.xml"
113: Test timeout computed to be: 3000
113: LibSBML: 5.16.1 supports: 
113: 	SBML Level 1 Version: 1
113: 	SBML Level 1 Version: 2
113: 	SBML Level 2 Version: 1
113: 	SBML Level 2 Version: 2
113: 	SBML Level 2 Version: 3
113: 	SBML Level 2 Version: 4
113: 	SBML Level 2 Version: 5
113: 	SBML Level 3 Version: 1
113: 	SBML Level 3 Version: 2
113: 
113: LibSBML is compiled against: 
113: 	LibXML:     2.7.3
113: 	Zlib:       1.2.3
113: 	bzip2:      1.0.5, 10-Dec-2007
113: 
113/172 Test #113: test_cxx_printSupported ................   Passed    0.36 sec
test 114
        Start 114: test_cxx_printUnits

114: Test command: C:\Development\libsbml-32\examples\c++\printUnits.exe "C:/Development/libsbml/examples/sample-models/from-spec/level-3/enzymekinetics.xml"
114: Test timeout computed to be: 3000
114: Species 0: mole (exponent = 1, multiplier = 1, scale = 0), litre (exponent = -1, multiplier = 1, scale = 0)
114: Species 1: mole (exponent = 1, multiplier = 1, scale = 0), litre (exponent = -1, multiplier = 1, scale = 0)
114: Species 2: mole (exponent = 1, multiplier = 1, scale = 0), litre (exponent = -1, multiplier = 1, scale = 0)
114: Species 3: mole (exponent = 1, multiplier = 1, scale = 0), litre (exponent = -1, multiplier = 1, scale = 0)
114: Compartment 0: litre (exponent = 1, multiplier = 1, scale = 0)
114: Reaction 0: 
114: Kinetic Law: second (exponent = -1, multiplier = 1, scale = 0), mole (exponent = 1, multiplier = 1, scale = 0)
114:         undeclared units: no
114: Reaction 1: 
114: Kinetic Law: second (exponent = -1, multiplier = 1, scale = 0), mole (exponent = 1, multiplier = 1, scale = 0)
114:         undeclared units: no
114/172 Test #114: test_cxx_printUnits ....................   Passed    0.45 sec
test 115
        Start 115: test_cxx_promoteParameters

115: Test command: C:\Development\libsbml-32\examples\c++\promoteParameters.exe "C:/Development/libsbml/examples/sample-models/from-spec/level-3/enzymekinetics.xml" "promoteParameters.out.xml"
115: Test timeout computed to be: 3000
115/172 Test #115: test_cxx_promoteParameters .............   Passed    0.46 sec
test 116
        Start 116: test_cxx_readSBML

116: Test command: C:\Development\libsbml-32\examples\c++\readSBML.exe "C:/Development/libsbml/examples/sample-models/from-spec/level-3/enzymekinetics.xml"
116: Test timeout computed to be: 3000
116: 
116:             filename: C:/Development/libsbml/examples/sample-models/from-spec/level-3/enzymekinetics.xml
116:            file size: 3930
116:       read time (ms): 16
116:  validation error(s): 0
116: 
116/172 Test #116: test_cxx_readSBML ......................   Passed    0.49 sec
test 117
        Start 117: test_cxx_renameSId

117: Test command: C:\Development\libsbml-32\examples\c++\renameSId.exe "C:/Development/libsbml/examples/sample-models/from-spec/level-3/enzymekinetics.xml" "veq" "veqnew" "renameSId.out.xml"
117: Test timeout computed to be: 3000
117: 
117:             filename: C:/Development/libsbml/examples/sample-models/from-spec/level-3/enzymekinetics.xml
117:            file size: 3930
117:       read time (ms): 156
117:             error(s): 0
117: 
117/172 Test #117: test_cxx_renameSId .....................   Passed    0.35 sec
test 118
        Start 118: test_cxx_setIdFromNames

118: Test command: C:\Development\libsbml-32\examples\c++\setIdFromNames.exe "C:/Development/libsbml/examples/sample-models/from-spec/level-3/enzymekinetics.xml" "setIdFromNames.out.xml"
118: Test timeout computed to be: 3000
118: 
118:             filename: C:/Development/libsbml/examples/sample-models/from-spec/level-3/enzymekinetics.xml
118:       read time (ms): 32
118:     rename time (ms): 0
118:      write time (ms): 15
118: 
118/172 Test #118: test_cxx_setIdFromNames ................   Passed    0.45 sec
test 119
        Start 119: test_cxx_setNamesFromIds

119: Test command: C:\Development\libsbml-32\examples\c++\setNamesFromIds.exe "C:/Development/libsbml/examples/sample-models/from-spec/level-3/enzymekinetics.xml" "setNamesFromIds.out.xml"
119: Test timeout computed to be: 3000
119: 
119:             filename: C:/Development/libsbml/examples/sample-models/from-spec/level-3/enzymekinetics.xml
119:       read time (ms): 32
119:     rename time (ms): 0
119:      write time (ms): 0
119: 
119/172 Test #119: test_cxx_setNamesFromIds ...............   Passed    0.38 sec
test 120
        Start 120: test_cxx_stripPackage

120: Test command: C:\Development\libsbml-32\examples\c++\stripPackage.exe "C:/Development/libsbml/examples/sample-models/fbc/fbc_example1.xml" "fbc" "stripPackage.out.xml"
120: Test timeout computed to be: 3000
120/172 Test #120: test_cxx_stripPackage ..................   Passed    0.34 sec
test 121
        Start 121: test_cxx_unsetAnnotation

121: Test command: C:\Development\libsbml-32\examples\c++\unsetAnnotation.exe "C:/Development/libsbml/examples/sample-models/from-spec/level-3/enzymekinetics.xml" "unsetAnnotation.out.xml"
121: Test timeout computed to be: 3000
121/172 Test #121: test_cxx_unsetAnnotation ...............   Passed    0.56 sec
test 122
        Start 122: test_cxx_unsetNotes

122: Test command: C:\Development\libsbml-32\examples\c++\unsetNotes.exe "C:/Development/libsbml/examples/sample-models/from-spec/level-3/enzymekinetics.xml" "unsetNotes.out.xml"
122: Test timeout computed to be: 3000
122/172 Test #122: test_cxx_unsetNotes ....................   Passed    0.28 sec
test 123
        Start 123: test_cxx_validateSBML

123: Test command: C:\Development\libsbml-32\examples\c++\validateSBML.exe "C:/Development/libsbml/examples/sample-models/from-spec/level-3/enzymekinetics.xml"
123: Test timeout computed to be: 3000
123:                  filename : C:/Development/libsbml/examples/sample-models/from-spec/level-3/enzymekinetics.xml
123:          file size (byte) : 3930
123:            read time (ms) : 31
123:         c-check time (ms) : 16
123:       validation error(s) : 0
123:     (consistency error(s)): 0
123:     validation warning(s) : 0
123:   (consistency warning(s)): 0
123: ---------------------------------------------------------------------------
123: Validated 1 files, 1 valid files, 0 invalid files
123/172 Test #123: test_cxx_validateSBML ..................   Passed    0.20 sec
test 124
        Start 124: test_cs_addCVTerms

124: Test command: C:\Development\libsbml-32\examples\csharp\addCVTerms.exe "C:/Development/libsbml/examples/sample-models/from-spec/level-3/enzymekinetics.xml" "addCVTerms.out.xml"
124: Environment variables: 
124:  PATH=C:/Development/libsbml-32/src/bindings/csharp
124:  C:/Development/libsbml-32/src/bindings/csharp
124:  c:\Program Files (x86)\Microsoft F#\v4.0
124:  c:\Program Files (x86)\Microsoft Visual Studio 10.0\VSTSDB\Deploy
124:  c:\Program Files (x86)\Microsoft Visual Studio 10.0\Common7\IDE
124:  c:\Program Files (x86)\Microsoft Visual Studio 10.0\VC\BIN
124:  c:\Program Files (x86)\Microsoft Visual Studio 10.0\Common7\Tools
124:  c:\Windows\Microsoft.NET\Framework\v4.0.30319
124:  c:\Windows\Microsoft.NET\Framework\v3.5
124:  c:\Program Files (x86)\Microsoft Visual Studio 10.0\VC\VCPackages
124:  C:\Program Files (x86)\HTML Help Workshop
124:  C:\Program Files (x86)\HTML Help Workshop
124:  c:\Program Files (x86)\Microsoft Visual Studio 10.0\Team Tools\Performance Tools
124:  C:\Program Files (x86)\Microsoft SDKs\Windows\v7.0A\bin\NETFX 4.0 Tools
124:  C:\Program Files (x86)\Microsoft SDKs\Windows\v7.0A\bin
124:  c:\Program Files (x86)\CMake 2.8\bin
124:  C:\Program Files (x86)\CMake\bin
124:  C:\Perl_516\site\bin
124:  C:\Perl_516\bin
124:  C:\Perl64_516\site\bin
124:  C:\Perl64_516\bin
124:  C:\Perl64\site\bin
124:  C:\Perl64\bin
124:  C:\Perl32\site\bin
124:  C:\Perl32\bin
124:  C:\Windows\system32
124:  C:\Windows
124:  C:\Windows\System32\Wbem
124:  C:\Windows\System32\WindowsPowerShell\v1.0
124:  C:\Program Files\MATLAB\R2014a\runtime\win64
124:  C:\Program Files\MATLAB\R2014a\bin
124:  C:\Program Files\MATLAB\R2011b\runtime\win64
124:  C:\Program Files\MATLAB\R2011b\bin
124:  C:\Program Files (x86)\MATLAB\R2011b\runtime\win32
124:  C:\Program Files (x86)\MATLAB\R2011b\bin
124:  c:\Program Files (x86)\Microsoft SQL Server\100\Tools\Binn
124:  c:\Program Files\Microsoft SQL Server\100\Tools\Binn
124:  c:\Program Files\Microsoft SQL Server\100\DTS\Binn
124:  C:\Program Files (x86)\CMake 2.8\bin
124:  C:\Program Files\TortoiseSVN\bin
124:  c:\Program Files (x86)\Microsoft ASP.NET\ASP.NET Web Pages\v1.0
124:  C:\Program Files\Microsoft\Web Platform Installer
124:  C:\Program Files\TortoiseHg
124:  C:\Program Files (x86)\Microsoft SQL Server\110\Tools\Binn
124:  C:\Program Files\Microsoft SQL Server\110\Tools\Binn
124:  C:\Program Files\Microsoft SQL Server\110\DTS\Binn
124:  C:\Program Files (x86)\Microsoft SQL Server\110\Tools\Binn\ManagementStudio
124:  C:\Program Files (x86)\Microsoft SQL Server\110\DTS\Binn
124:  C:\ProgramData\chocolatey\bin
124:  C:\Program Files\nodejs
124:  C:\Program Files (x86)\nodejs
124:  C:\Program Files (x86)\Git\cmd
124:  C:\Program Files (x86)\Git\bin
124:  C:\Program Files\TortoiseGit\bin
124:  C:\Program Files (x86)\CMake\bin
124:  c:\bin
124:  C:/tools/ninja
124:  C:\Users\fbergman\AppData\Roaming\npm
124: Test timeout computed to be: 3000
124/172 Test #124: test_cs_addCVTerms .....................   Passed    0.52 sec
test 125
        Start 125: test_cs_addingEvidenceCodes_1

125: Test command: C:\Development\libsbml-32\examples\csharp\addingEvidenceCodes_1.exe "C:/Development/libsbml/examples/sample-models/from-spec/level-3/enzymekinetics.xml" "addingEvidenceCodes_1.out.xml"
125: Environment variables: 
125:  PATH=C:/Development/libsbml-32/src/bindings/csharp
125:  C:/Development/libsbml-32/src/bindings/csharp
125:  c:\Program Files (x86)\Microsoft F#\v4.0
125:  c:\Program Files (x86)\Microsoft Visual Studio 10.0\VSTSDB\Deploy
125:  c:\Program Files (x86)\Microsoft Visual Studio 10.0\Common7\IDE
125:  c:\Program Files (x86)\Microsoft Visual Studio 10.0\VC\BIN
125:  c:\Program Files (x86)\Microsoft Visual Studio 10.0\Common7\Tools
125:  c:\Windows\Microsoft.NET\Framework\v4.0.30319
125:  c:\Windows\Microsoft.NET\Framework\v3.5
125:  c:\Program Files (x86)\Microsoft Visual Studio 10.0\VC\VCPackages
125:  C:\Program Files (x86)\HTML Help Workshop
125:  C:\Program Files (x86)\HTML Help Workshop
125:  c:\Program Files (x86)\Microsoft Visual Studio 10.0\Team Tools\Performance Tools
125:  C:\Program Files (x86)\Microsoft SDKs\Windows\v7.0A\bin\NETFX 4.0 Tools
125:  C:\Program Files (x86)\Microsoft SDKs\Windows\v7.0A\bin
125:  c:\Program Files (x86)\CMake 2.8\bin
125:  C:\Program Files (x86)\CMake\bin
125:  C:\Perl_516\site\bin
125:  C:\Perl_516\bin
125:  C:\Perl64_516\site\bin
125:  C:\Perl64_516\bin
125:  C:\Perl64\site\bin
125:  C:\Perl64\bin
125:  C:\Perl32\site\bin
125:  C:\Perl32\bin
125:  C:\Windows\system32
125:  C:\Windows
125:  C:\Windows\System32\Wbem
125:  C:\Windows\System32\WindowsPowerShell\v1.0
125:  C:\Program Files\MATLAB\R2014a\runtime\win64
125:  C:\Program Files\MATLAB\R2014a\bin
125:  C:\Program Files\MATLAB\R2011b\runtime\win64
125:  C:\Program Files\MATLAB\R2011b\bin
125:  C:\Program Files (x86)\MATLAB\R2011b\runtime\win32
125:  C:\Program Files (x86)\MATLAB\R2011b\bin
125:  c:\Program Files (x86)\Microsoft SQL Server\100\Tools\Binn
125:  c:\Program Files\Microsoft SQL Server\100\Tools\Binn
125:  c:\Program Files\Microsoft SQL Server\100\DTS\Binn
125:  C:\Program Files (x86)\CMake 2.8\bin
125:  C:\Program Files\TortoiseSVN\bin
125:  c:\Program Files (x86)\Microsoft ASP.NET\ASP.NET Web Pages\v1.0
125:  C:\Program Files\Microsoft\Web Platform Installer
125:  C:\Program Files\TortoiseHg
125:  C:\Program Files (x86)\Microsoft SQL Server\110\Tools\Binn
125:  C:\Program Files\Microsoft SQL Server\110\Tools\Binn
125:  C:\Program Files\Microsoft SQL Server\110\DTS\Binn
125:  C:\Program Files (x86)\Microsoft SQL Server\110\Tools\Binn\ManagementStudio
125:  C:\Program Files (x86)\Microsoft SQL Server\110\DTS\Binn
125:  C:\ProgramData\chocolatey\bin
125:  C:\Program Files\nodejs
125:  C:\Program Files (x86)\nodejs
125:  C:\Program Files (x86)\Git\cmd
125:  C:\Program Files (x86)\Git\bin
125:  C:\Program Files\TortoiseGit\bin
125:  C:\Program Files (x86)\CMake\bin
125:  c:\bin
125:  C:/tools/ninja
125:  C:\Users\fbergman\AppData\Roaming\npm
125: Test timeout computed to be: 3000
125/172 Test #125: test_cs_addingEvidenceCodes_1 ..........   Passed    0.15 sec
test 126
        Start 126: test_cs_addingEvidenceCodes_2

126: Test command: C:\Development\libsbml-32\examples\csharp\addingEvidenceCodes_2.exe "C:/Development/libsbml/examples/sample-models/from-spec/level-3/enzymekinetics.xml" "addingEvidenceCodes_2.out.xml"
126: Environment variables: 
126:  PATH=C:/Development/libsbml-32/src/bindings/csharp
126:  C:/Development/libsbml-32/src/bindings/csharp
126:  c:\Program Files (x86)\Microsoft F#\v4.0
126:  c:\Program Files (x86)\Microsoft Visual Studio 10.0\VSTSDB\Deploy
126:  c:\Program Files (x86)\Microsoft Visual Studio 10.0\Common7\IDE
126:  c:\Program Files (x86)\Microsoft Visual Studio 10.0\VC\BIN
126:  c:\Program Files (x86)\Microsoft Visual Studio 10.0\Common7\Tools
126:  c:\Windows\Microsoft.NET\Framework\v4.0.30319
126:  c:\Windows\Microsoft.NET\Framework\v3.5
126:  c:\Program Files (x86)\Microsoft Visual Studio 10.0\VC\VCPackages
126:  C:\Program Files (x86)\HTML Help Workshop
126:  C:\Program Files (x86)\HTML Help Workshop
126:  c:\Program Files (x86)\Microsoft Visual Studio 10.0\Team Tools\Performance Tools
126:  C:\Program Files (x86)\Microsoft SDKs\Windows\v7.0A\bin\NETFX 4.0 Tools
126:  C:\Program Files (x86)\Microsoft SDKs\Windows\v7.0A\bin
126:  c:\Program Files (x86)\CMake 2.8\bin
126:  C:\Program Files (x86)\CMake\bin
126:  C:\Perl_516\site\bin
126:  C:\Perl_516\bin
126:  C:\Perl64_516\site\bin
126:  C:\Perl64_516\bin
126:  C:\Perl64\site\bin
126:  C:\Perl64\bin
126:  C:\Perl32\site\bin
126:  C:\Perl32\bin
126:  C:\Windows\system32
126:  C:\Windows
126:  C:\Windows\System32\Wbem
126:  C:\Windows\System32\WindowsPowerShell\v1.0
126:  C:\Program Files\MATLAB\R2014a\runtime\win64
126:  C:\Program Files\MATLAB\R2014a\bin
126:  C:\Program Files\MATLAB\R2011b\runtime\win64
126:  C:\Program Files\MATLAB\R2011b\bin
126:  C:\Program Files (x86)\MATLAB\R2011b\runtime\win32
126:  C:\Program Files (x86)\MATLAB\R2011b\bin
126:  c:\Program Files (x86)\Microsoft SQL Server\100\Tools\Binn
126:  c:\Program Files\Microsoft SQL Server\100\Tools\Binn
126:  c:\Program Files\Microsoft SQL Server\100\DTS\Binn
126:  C:\Program Files (x86)\CMake 2.8\bin
126:  C:\Program Files\TortoiseSVN\bin
126:  c:\Program Files (x86)\Microsoft ASP.NET\ASP.NET Web Pages\v1.0
126:  C:\Program Files\Microsoft\Web Platform Installer
126:  C:\Program Files\TortoiseHg
126:  C:\Program Files (x86)\Microsoft SQL Server\110\Tools\Binn
126:  C:\Program Files\Microsoft SQL Server\110\Tools\Binn
126:  C:\Program Files\Microsoft SQL Server\110\DTS\Binn
126:  C:\Program Files (x86)\Microsoft SQL Server\110\Tools\Binn\ManagementStudio
126:  C:\Program Files (x86)\Microsoft SQL Server\110\DTS\Binn
126:  C:\ProgramData\chocolatey\bin
126:  C:\Program Files\nodejs
126:  C:\Program Files (x86)\nodejs
126:  C:\Program Files (x86)\Git\cmd
126:  C:\Program Files (x86)\Git\bin
126:  C:\Program Files\TortoiseGit\bin
126:  C:\Program Files (x86)\CMake\bin
126:  c:\bin
126:  C:/tools/ninja
126:  C:\Users\fbergman\AppData\Roaming\npm
126: Test timeout computed to be: 3000
126/172 Test #126: test_cs_addingEvidenceCodes_2 ..........   Passed    0.15 sec
test 127
        Start 127: test_cs_addModelHistory

127: Test command: C:\Development\libsbml-32\examples\csharp\addModelHistory.exe "C:/Development/libsbml/examples/sample-models/from-spec/level-3/enzymekinetics.xml" "addModelHistory.out.xml"
127: Environment variables: 
127:  PATH=C:/Development/libsbml-32/src/bindings/csharp
127:  C:/Development/libsbml-32/src/bindings/csharp
127:  c:\Program Files (x86)\Microsoft F#\v4.0
127:  c:\Program Files (x86)\Microsoft Visual Studio 10.0\VSTSDB\Deploy
127:  c:\Program Files (x86)\Microsoft Visual Studio 10.0\Common7\IDE
127:  c:\Program Files (x86)\Microsoft Visual Studio 10.0\VC\BIN
127:  c:\Program Files (x86)\Microsoft Visual Studio 10.0\Common7\Tools
127:  c:\Windows\Microsoft.NET\Framework\v4.0.30319
127:  c:\Windows\Microsoft.NET\Framework\v3.5
127:  c:\Program Files (x86)\Microsoft Visual Studio 10.0\VC\VCPackages
127:  C:\Program Files (x86)\HTML Help Workshop
127:  C:\Program Files (x86)\HTML Help Workshop
127:  c:\Program Files (x86)\Microsoft Visual Studio 10.0\Team Tools\Performance Tools
127:  C:\Program Files (x86)\Microsoft SDKs\Windows\v7.0A\bin\NETFX 4.0 Tools
127:  C:\Program Files (x86)\Microsoft SDKs\Windows\v7.0A\bin
127:  c:\Program Files (x86)\CMake 2.8\bin
127:  C:\Program Files (x86)\CMake\bin
127:  C:\Perl_516\site\bin
127:  C:\Perl_516\bin
127:  C:\Perl64_516\site\bin
127:  C:\Perl64_516\bin
127:  C:\Perl64\site\bin
127:  C:\Perl64\bin
127:  C:\Perl32\site\bin
127:  C:\Perl32\bin
127:  C:\Windows\system32
127:  C:\Windows
127:  C:\Windows\System32\Wbem
127:  C:\Windows\System32\WindowsPowerShell\v1.0
127:  C:\Program Files\MATLAB\R2014a\runtime\win64
127:  C:\Program Files\MATLAB\R2014a\bin
127:  C:\Program Files\MATLAB\R2011b\runtime\win64
127:  C:\Program Files\MATLAB\R2011b\bin
127:  C:\Program Files (x86)\MATLAB\R2011b\runtime\win32
127:  C:\Program Files (x86)\MATLAB\R2011b\bin
127:  c:\Program Files (x86)\Microsoft SQL Server\100\Tools\Binn
127:  c:\Program Files\Microsoft SQL Server\100\Tools\Binn
127:  c:\Program Files\Microsoft SQL Server\100\DTS\Binn
127:  C:\Program Files (x86)\CMake 2.8\bin
127:  C:\Program Files\TortoiseSVN\bin
127:  c:\Program Files (x86)\Microsoft ASP.NET\ASP.NET Web Pages\v1.0
127:  C:\Program Files\Microsoft\Web Platform Installer
127:  C:\Program Files\TortoiseHg
127:  C:\Program Files (x86)\Microsoft SQL Server\110\Tools\Binn
127:  C:\Program Files\Microsoft SQL Server\110\Tools\Binn
127:  C:\Program Files\Microsoft SQL Server\110\DTS\Binn
127:  C:\Program Files (x86)\Microsoft SQL Server\110\Tools\Binn\ManagementStudio
127:  C:\Program Files (x86)\Microsoft SQL Server\110\DTS\Binn
127:  C:\ProgramData\chocolatey\bin
127:  C:\Program Files\nodejs
127:  C:\Program Files (x86)\nodejs
127:  C:\Program Files (x86)\Git\cmd
127:  C:\Program Files (x86)\Git\bin
127:  C:\Program Files\TortoiseGit\bin
127:  C:\Program Files (x86)\CMake\bin
127:  c:\bin
127:  C:/tools/ninja
127:  C:\Users\fbergman\AppData\Roaming\npm
127: Test timeout computed to be: 3000
127: Status for addCreator: succeeded
127: Set created date:      succeeded
127: Set modified date:     succeeded
127: Set model history:     unknown
127/172 Test #127: test_cs_addModelHistory ................   Passed    0.13 sec
test 128
        Start 128: test_cs_appendAnnotation

128: Test command: C:\Development\libsbml-32\examples\csharp\appendAnnotation.exe "C:/Development/libsbml/examples/sample-models/from-spec/level-3/enzymekinetics.xml" "appendAnnotation.out.xml"
128: Environment variables: 
128:  PATH=C:/Development/libsbml-32/src/bindings/csharp
128:  C:/Development/libsbml-32/src/bindings/csharp
128:  c:\Program Files (x86)\Microsoft F#\v4.0
128:  c:\Program Files (x86)\Microsoft Visual Studio 10.0\VSTSDB\Deploy
128:  c:\Program Files (x86)\Microsoft Visual Studio 10.0\Common7\IDE
128:  c:\Program Files (x86)\Microsoft Visual Studio 10.0\VC\BIN
128:  c:\Program Files (x86)\Microsoft Visual Studio 10.0\Common7\Tools
128:  c:\Windows\Microsoft.NET\Framework\v4.0.30319
128:  c:\Windows\Microsoft.NET\Framework\v3.5
128:  c:\Program Files (x86)\Microsoft Visual Studio 10.0\VC\VCPackages
128:  C:\Program Files (x86)\HTML Help Workshop
128:  C:\Program Files (x86)\HTML Help Workshop
128:  c:\Program Files (x86)\Microsoft Visual Studio 10.0\Team Tools\Performance Tools
128:  C:\Program Files (x86)\Microsoft SDKs\Windows\v7.0A\bin\NETFX 4.0 Tools
128:  C:\Program Files (x86)\Microsoft SDKs\Windows\v7.0A\bin
128:  c:\Program Files (x86)\CMake 2.8\bin
128:  C:\Program Files (x86)\CMake\bin
128:  C:\Perl_516\site\bin
128:  C:\Perl_516\bin
128:  C:\Perl64_516\site\bin
128:  C:\Perl64_516\bin
128:  C:\Perl64\site\bin
128:  C:\Perl64\bin
128:  C:\Perl32\site\bin
128:  C:\Perl32\bin
128:  C:\Windows\system32
128:  C:\Windows
128:  C:\Windows\System32\Wbem
128:  C:\Windows\System32\WindowsPowerShell\v1.0
128:  C:\Program Files\MATLAB\R2014a\runtime\win64
128:  C:\Program Files\MATLAB\R2014a\bin
128:  C:\Program Files\MATLAB\R2011b\runtime\win64
128:  C:\Program Files\MATLAB\R2011b\bin
128:  C:\Program Files (x86)\MATLAB\R2011b\runtime\win32
128:  C:\Program Files (x86)\MATLAB\R2011b\bin
128:  c:\Program Files (x86)\Microsoft SQL Server\100\Tools\Binn
128:  c:\Program Files\Microsoft SQL Server\100\Tools\Binn
128:  c:\Program Files\Microsoft SQL Server\100\DTS\Binn
128:  C:\Program Files (x86)\CMake 2.8\bin
128:  C:\Program Files\TortoiseSVN\bin
128:  c:\Program Files (x86)\Microsoft ASP.NET\ASP.NET Web Pages\v1.0
128:  C:\Program Files\Microsoft\Web Platform Installer
128:  C:\Program Files\TortoiseHg
128:  C:\Program Files (x86)\Microsoft SQL Server\110\Tools\Binn
128:  C:\Program Files\Microsoft SQL Server\110\Tools\Binn
128:  C:\Program Files\Microsoft SQL Server\110\DTS\Binn
128:  C:\Program Files (x86)\Microsoft SQL Server\110\Tools\Binn\ManagementStudio
128:  C:\Program Files (x86)\Microsoft SQL Server\110\DTS\Binn
128:  C:\ProgramData\chocolatey\bin
128:  C:\Program Files\nodejs
128:  C:\Program Files (x86)\nodejs
128:  C:\Program Files (x86)\Git\cmd
128:  C:\Program Files (x86)\Git\bin
128:  C:\Program Files\TortoiseGit\bin
128:  C:\Program Files (x86)\CMake\bin
128:  c:\bin
128:  C:/tools/ninja
128:  C:\Users\fbergman\AppData\Roaming\npm
128: Test timeout computed to be: 3000
128/172 Test #128: test_cs_appendAnnotation ...............   Passed    0.12 sec
test 129
        Start 129: test_cs_convertSBML

129: Test command: C:\Development\libsbml-32\examples\csharp\convertSBML.exe "C:/Development/libsbml/examples/sample-models/from-spec/level-3/enzymekinetics.xml" "convertSBML.out.xml"
129: Environment variables: 
129:  PATH=C:/Development/libsbml-32/src/bindings/csharp
129:  C:/Development/libsbml-32/src/bindings/csharp
129:  c:\Program Files (x86)\Microsoft F#\v4.0
129:  c:\Program Files (x86)\Microsoft Visual Studio 10.0\VSTSDB\Deploy
129:  c:\Program Files (x86)\Microsoft Visual Studio 10.0\Common7\IDE
129:  c:\Program Files (x86)\Microsoft Visual Studio 10.0\VC\BIN
129:  c:\Program Files (x86)\Microsoft Visual Studio 10.0\Common7\Tools
129:  c:\Windows\Microsoft.NET\Framework\v4.0.30319
129:  c:\Windows\Microsoft.NET\Framework\v3.5
129:  c:\Program Files (x86)\Microsoft Visual Studio 10.0\VC\VCPackages
129:  C:\Program Files (x86)\HTML Help Workshop
129:  C:\Program Files (x86)\HTML Help Workshop
129:  c:\Program Files (x86)\Microsoft Visual Studio 10.0\Team Tools\Performance Tools
129:  C:\Program Files (x86)\Microsoft SDKs\Windows\v7.0A\bin\NETFX 4.0 Tools
129:  C:\Program Files (x86)\Microsoft SDKs\Windows\v7.0A\bin
129:  c:\Program Files (x86)\CMake 2.8\bin
129:  C:\Program Files (x86)\CMake\bin
129:  C:\Perl_516\site\bin
129:  C:\Perl_516\bin
129:  C:\Perl64_516\site\bin
129:  C:\Perl64_516\bin
129:  C:\Perl64\site\bin
129:  C:\Perl64\bin
129:  C:\Perl32\site\bin
129:  C:\Perl32\bin
129:  C:\Windows\system32
129:  C:\Windows
129:  C:\Windows\System32\Wbem
129:  C:\Windows\System32\WindowsPowerShell\v1.0
129:  C:\Program Files\MATLAB\R2014a\runtime\win64
129:  C:\Program Files\MATLAB\R2014a\bin
129:  C:\Program Files\MATLAB\R2011b\runtime\win64
129:  C:\Program Files\MATLAB\R2011b\bin
129:  C:\Program Files (x86)\MATLAB\R2011b\runtime\win32
129:  C:\Program Files (x86)\MATLAB\R2011b\bin
129:  c:\Program Files (x86)\Microsoft SQL Server\100\Tools\Binn
129:  c:\Program Files\Microsoft SQL Server\100\Tools\Binn
129:  c:\Program Files\Microsoft SQL Server\100\DTS\Binn
129:  C:\Program Files (x86)\CMake 2.8\bin
129:  C:\Program Files\TortoiseSVN\bin
129:  c:\Program Files (x86)\Microsoft ASP.NET\ASP.NET Web Pages\v1.0
129:  C:\Program Files\Microsoft\Web Platform Installer
129:  C:\Program Files\TortoiseHg
129:  C:\Program Files (x86)\Microsoft SQL Server\110\Tools\Binn
129:  C:\Program Files\Microsoft SQL Server\110\Tools\Binn
129:  C:\Program Files\Microsoft SQL Server\110\DTS\Binn
129:  C:\Program Files (x86)\Microsoft SQL Server\110\Tools\Binn\ManagementStudio
129:  C:\Program Files (x86)\Microsoft SQL Server\110\DTS\Binn
129:  C:\ProgramData\chocolatey\bin
129:  C:\Program Files\nodejs
129:  C:\Program Files (x86)\nodejs
129:  C:\Program Files (x86)\Git\cmd
129:  C:\Program Files (x86)\Git\bin
129:  C:\Program Files\TortoiseGit\bin
129:  C:\Program Files (x86)\CMake\bin
129:  c:\bin
129:  C:/tools/ninja
129:  C:\Users\fbergman\AppData\Roaming\npm
129: Test timeout computed to be: 3000
129: Attempting to convert Level 3 Version 1 model to Level 3 Version 2.
129: Conversion completed.
129/172 Test #129: test_cs_convertSBML ....................   Passed    0.14 sec
test 130
        Start 130: test_cs_createExampleSBML

130: Test command: C:\Development\libsbml-32\examples\csharp\createExampleSBML.exe "C:/Development/libsbml/examples/sample-models/from-spec/level-3/enzymekinetics.xml" "createExampleSBML.out.xml"
130: Environment variables: 
130:  PATH=C:/Development/libsbml-32/src/bindings/csharp
130:  C:/Development/libsbml-32/src/bindings/csharp
130:  c:\Program Files (x86)\Microsoft F#\v4.0
130:  c:\Program Files (x86)\Microsoft Visual Studio 10.0\VSTSDB\Deploy
130:  c:\Program Files (x86)\Microsoft Visual Studio 10.0\Common7\IDE
130:  c:\Program Files (x86)\Microsoft Visual Studio 10.0\VC\BIN
130:  c:\Program Files (x86)\Microsoft Visual Studio 10.0\Common7\Tools
130:  c:\Windows\Microsoft.NET\Framework\v4.0.30319
130:  c:\Windows\Microsoft.NET\Framework\v3.5
130:  c:\Program Files (x86)\Microsoft Visual Studio 10.0\VC\VCPackages
130:  C:\Program Files (x86)\HTML Help Workshop
130:  C:\Program Files (x86)\HTML Help Workshop
130:  c:\Program Files (x86)\Microsoft Visual Studio 10.0\Team Tools\Performance Tools
130:  C:\Program Files (x86)\Microsoft SDKs\Windows\v7.0A\bin\NETFX 4.0 Tools
130:  C:\Program Files (x86)\Microsoft SDKs\Windows\v7.0A\bin
130:  c:\Program Files (x86)\CMake 2.8\bin
130:  C:\Program Files (x86)\CMake\bin
130:  C:\Perl_516\site\bin
130:  C:\Perl_516\bin
130:  C:\Perl64_516\site\bin
130:  C:\Perl64_516\bin
130:  C:\Perl64\site\bin
130:  C:\Perl64\bin
130:  C:\Perl32\site\bin
130:  C:\Perl32\bin
130:  C:\Windows\system32
130:  C:\Windows
130:  C:\Windows\System32\Wbem
130:  C:\Windows\System32\WindowsPowerShell\v1.0
130:  C:\Program Files\MATLAB\R2014a\runtime\win64
130:  C:\Program Files\MATLAB\R2014a\bin
130:  C:\Program Files\MATLAB\R2011b\runtime\win64
130:  C:\Program Files\MATLAB\R2011b\bin
130:  C:\Program Files (x86)\MATLAB\R2011b\runtime\win32
130:  C:\Program Files (x86)\MATLAB\R2011b\bin
130:  c:\Program Files (x86)\Microsoft SQL Server\100\Tools\Binn
130:  c:\Program Files\Microsoft SQL Server\100\Tools\Binn
130:  c:\Program Files\Microsoft SQL Server\100\DTS\Binn
130:  C:\Program Files (x86)\CMake 2.8\bin
130:  C:\Program Files\TortoiseSVN\bin
130:  c:\Program Files (x86)\Microsoft ASP.NET\ASP.NET Web Pages\v1.0
130:  C:\Program Files\Microsoft\Web Platform Installer
130:  C:\Program Files\TortoiseHg
130:  C:\Program Files (x86)\Microsoft SQL Server\110\Tools\Binn
130:  C:\Program Files\Microsoft SQL Server\110\Tools\Binn
130:  C:\Program Files\Microsoft SQL Server\110\DTS\Binn
130:  C:\Program Files (x86)\Microsoft SQL Server\110\Tools\Binn\ManagementStudio
130:  C:\Program Files (x86)\Microsoft SQL Server\110\DTS\Binn
130:  C:\ProgramData\chocolatey\bin
130:  C:\Program Files\nodejs
130:  C:\Program Files (x86)\nodejs
130:  C:\Program Files (x86)\Git\cmd
130:  C:\Program Files (x86)\Git\bin
130:  C:\Program Files\TortoiseGit\bin
130:  C:\Program Files (x86)\CMake\bin
130:  c:\bin
130:  C:/tools/ninja
130:  C:\Users\fbergman\AppData\Roaming\npm
130: Test timeout computed to be: 3000
130: Wrote file "enzymaticreaction.xml"
130: Wrote file "units.xml"
130: 
130: 
130: Notice: encountered 1 validation warning in model 'functionExample'.
130: 
130: line 1: (99505 [Warning]) In situations where a mathematical expression contains literal numbers or parameters whose units have not been declared, it is not possible to verify accurately the consistency of the units in the expression. 
130:  The units of the <kineticLaw> <math> expression 'f(S1) * compartmentOne / t' cannot be fully checked. Unit consistency reported as either no errors or further unit errors related to this object may not be accurate.
130: 
130: 
130: Wrote file "functiondef.xml"
130/172 Test #130: test_cs_createExampleSBML ..............   Passed    0.21 sec
test 131
        Start 131: test_cs_echoSBML

131: Test command: C:\Development\libsbml-32\examples\csharp\echoSBML.exe "C:/Development/libsbml/examples/sample-models/from-spec/level-3/enzymekinetics.xml" "echoSBML.out.xml"
131: Environment variables: 
131:  PATH=C:/Development/libsbml-32/src/bindings/csharp
131:  C:/Development/libsbml-32/src/bindings/csharp
131:  c:\Program Files (x86)\Microsoft F#\v4.0
131:  c:\Program Files (x86)\Microsoft Visual Studio 10.0\VSTSDB\Deploy
131:  c:\Program Files (x86)\Microsoft Visual Studio 10.0\Common7\IDE
131:  c:\Program Files (x86)\Microsoft Visual Studio 10.0\VC\BIN
131:  c:\Program Files (x86)\Microsoft Visual Studio 10.0\Common7\Tools
131:  c:\Windows\Microsoft.NET\Framework\v4.0.30319
131:  c:\Windows\Microsoft.NET\Framework\v3.5
131:  c:\Program Files (x86)\Microsoft Visual Studio 10.0\VC\VCPackages
131:  C:\Program Files (x86)\HTML Help Workshop
131:  C:\Program Files (x86)\HTML Help Workshop
131:  c:\Program Files (x86)\Microsoft Visual Studio 10.0\Team Tools\Performance Tools
131:  C:\Program Files (x86)\Microsoft SDKs\Windows\v7.0A\bin\NETFX 4.0 Tools
131:  C:\Program Files (x86)\Microsoft SDKs\Windows\v7.0A\bin
131:  c:\Program Files (x86)\CMake 2.8\bin
131:  C:\Program Files (x86)\CMake\bin
131:  C:\Perl_516\site\bin
131:  C:\Perl_516\bin
131:  C:\Perl64_516\site\bin
131:  C:\Perl64_516\bin
131:  C:\Perl64\site\bin
131:  C:\Perl64\bin
131:  C:\Perl32\site\bin
131:  C:\Perl32\bin
131:  C:\Windows\system32
131:  C:\Windows
131:  C:\Windows\System32\Wbem
131:  C:\Windows\System32\WindowsPowerShell\v1.0
131:  C:\Program Files\MATLAB\R2014a\runtime\win64
131:  C:\Program Files\MATLAB\R2014a\bin
131:  C:\Program Files\MATLAB\R2011b\runtime\win64
131:  C:\Program Files\MATLAB\R2011b\bin
131:  C:\Program Files (x86)\MATLAB\R2011b\runtime\win32
131:  C:\Program Files (x86)\MATLAB\R2011b\bin
131:  c:\Program Files (x86)\Microsoft SQL Server\100\Tools\Binn
131:  c:\Program Files\Microsoft SQL Server\100\Tools\Binn
131:  c:\Program Files\Microsoft SQL Server\100\DTS\Binn
131:  C:\Program Files (x86)\CMake 2.8\bin
131:  C:\Program Files\TortoiseSVN\bin
131:  c:\Program Files (x86)\Microsoft ASP.NET\ASP.NET Web Pages\v1.0
131:  C:\Program Files\Microsoft\Web Platform Installer
131:  C:\Program Files\TortoiseHg
131:  C:\Program Files (x86)\Microsoft SQL Server\110\Tools\Binn
131:  C:\Program Files\Microsoft SQL Server\110\Tools\Binn
131:  C:\Program Files\Microsoft SQL Server\110\DTS\Binn
131:  C:\Program Files (x86)\Microsoft SQL Server\110\Tools\Binn\ManagementStudio
131:  C:\Program Files (x86)\Microsoft SQL Server\110\DTS\Binn
131:  C:\ProgramData\chocolatey\bin
131:  C:\Program Files\nodejs
131:  C:\Program Files (x86)\nodejs
131:  C:\Program Files (x86)\Git\cmd
131:  C:\Program Files (x86)\Git\bin
131:  C:\Program Files\TortoiseGit\bin
131:  C:\Program Files (x86)\CMake\bin
131:  c:\bin
131:  C:/tools/ninja
131:  C:\Users\fbergman\AppData\Roaming\npm
131: Test timeout computed to be: 3000
131: [OK] Echoed C:/Development/libsbml/examples/sample-models/from-spec/level-3/enzymekinetics.xml to echoSBML.out.xml
131/172 Test #131: test_cs_echoSBML .......................   Passed    0.12 sec
test 132
        Start 132: test_cs_GetAllElementsWithNotes

132: Test command: C:\Development\libsbml-32\examples\csharp\GetAllElementsWithNotes.exe "C:/Development/libsbml/examples/sample-models/from-spec/level-3/enzymekinetics.xml"
132: Environment variables: 
132:  PATH=C:/Development/libsbml-32/src/bindings/csharp
132:  C:/Development/libsbml-32/src/bindings/csharp
132:  c:\Program Files (x86)\Microsoft F#\v4.0
132:  c:\Program Files (x86)\Microsoft Visual Studio 10.0\VSTSDB\Deploy
132:  c:\Program Files (x86)\Microsoft Visual Studio 10.0\Common7\IDE
132:  c:\Program Files (x86)\Microsoft Visual Studio 10.0\VC\BIN
132:  c:\Program Files (x86)\Microsoft Visual Studio 10.0\Common7\Tools
132:  c:\Windows\Microsoft.NET\Framework\v4.0.30319
132:  c:\Windows\Microsoft.NET\Framework\v3.5
132:  c:\Program Files (x86)\Microsoft Visual Studio 10.0\VC\VCPackages
132:  C:\Program Files (x86)\HTML Help Workshop
132:  C:\Program Files (x86)\HTML Help Workshop
132:  c:\Program Files (x86)\Microsoft Visual Studio 10.0\Team Tools\Performance Tools
132:  C:\Program Files (x86)\Microsoft SDKs\Windows\v7.0A\bin\NETFX 4.0 Tools
132:  C:\Program Files (x86)\Microsoft SDKs\Windows\v7.0A\bin
132:  c:\Program Files (x86)\CMake 2.8\bin
132:  C:\Program Files (x86)\CMake\bin
132:  C:\Perl_516\site\bin
132:  C:\Perl_516\bin
132:  C:\Perl64_516\site\bin
132:  C:\Perl64_516\bin
132:  C:\Perl64\site\bin
132:  C:\Perl64\bin
132:  C:\Perl32\site\bin
132:  C:\Perl32\bin
132:  C:\Windows\system32
132:  C:\Windows
132:  C:\Windows\System32\Wbem
132:  C:\Windows\System32\WindowsPowerShell\v1.0
132:  C:\Program Files\MATLAB\R2014a\runtime\win64
132:  C:\Program Files\MATLAB\R2014a\bin
132:  C:\Program Files\MATLAB\R2011b\runtime\win64
132:  C:\Program Files\MATLAB\R2011b\bin
132:  C:\Program Files (x86)\MATLAB\R2011b\runtime\win32
132:  C:\Program Files (x86)\MATLAB\R2011b\bin
132:  c:\Program Files (x86)\Microsoft SQL Server\100\Tools\Binn
132:  c:\Program Files\Microsoft SQL Server\100\Tools\Binn
132:  c:\Program Files\Microsoft SQL Server\100\DTS\Binn
132:  C:\Program Files (x86)\CMake 2.8\bin
132:  C:\Program Files\TortoiseSVN\bin
132:  c:\Program Files (x86)\Microsoft ASP.NET\ASP.NET Web Pages\v1.0
132:  C:\Program Files\Microsoft\Web Platform Installer
132:  C:\Program Files\TortoiseHg
132:  C:\Program Files (x86)\Microsoft SQL Server\110\Tools\Binn
132:  C:\Program Files\Microsoft SQL Server\110\Tools\Binn
132:  C:\Program Files\Microsoft SQL Server\110\DTS\Binn
132:  C:\Program Files (x86)\Microsoft SQL Server\110\Tools\Binn\ManagementStudio
132:  C:\Program Files (x86)\Microsoft SQL Server\110\DTS\Binn
132:  C:\ProgramData\chocolatey\bin
132:  C:\Program Files\nodejs
132:  C:\Program Files (x86)\nodejs
132:  C:\Program Files (x86)\Git\cmd
132:  C:\Program Files (x86)\Git\bin
132:  C:\Program Files\TortoiseGit\bin
132:  C:\Program Files (x86)\CMake\bin
132:  c:\bin
132:  C:/tools/ninja
132:  C:\Users\fbergman\AppData\Roaming\npm
132: Test timeout computed to be: 3000
132: 
132:             filename: C:/Development/libsbml/examples/sample-models/from-spec/level-3/enzymekinetics.xml
132:       read time (ms): 13.0013
132:     searching ......:
132:     search time (ms): 2.0002
132: 
132:  elements with notes: 0
132: 
132/172 Test #132: test_cs_GetAllElementsWithNotes ........   Passed    0.12 sec
test 133
        Start 133: test_cs_printAnnotation

133: Test command: C:\Development\libsbml-32\examples\csharp\printAnnotation.exe "C:/Development/libsbml/examples/sample-models/from-spec/level-3/enzymekinetics.xml"
133: Environment variables: 
133:  PATH=C:/Development/libsbml-32/src/bindings/csharp
133:  C:/Development/libsbml-32/src/bindings/csharp
133:  c:\Program Files (x86)\Microsoft F#\v4.0
133:  c:\Program Files (x86)\Microsoft Visual Studio 10.0\VSTSDB\Deploy
133:  c:\Program Files (x86)\Microsoft Visual Studio 10.0\Common7\IDE
133:  c:\Program Files (x86)\Microsoft Visual Studio 10.0\VC\BIN
133:  c:\Program Files (x86)\Microsoft Visual Studio 10.0\Common7\Tools
133:  c:\Windows\Microsoft.NET\Framework\v4.0.30319
133:  c:\Windows\Microsoft.NET\Framework\v3.5
133:  c:\Program Files (x86)\Microsoft Visual Studio 10.0\VC\VCPackages
133:  C:\Program Files (x86)\HTML Help Workshop
133:  C:\Program Files (x86)\HTML Help Workshop
133:  c:\Program Files (x86)\Microsoft Visual Studio 10.0\Team Tools\Performance Tools
133:  C:\Program Files (x86)\Microsoft SDKs\Windows\v7.0A\bin\NETFX 4.0 Tools
133:  C:\Program Files (x86)\Microsoft SDKs\Windows\v7.0A\bin
133:  c:\Program Files (x86)\CMake 2.8\bin
133:  C:\Program Files (x86)\CMake\bin
133:  C:\Perl_516\site\bin
133:  C:\Perl_516\bin
133:  C:\Perl64_516\site\bin
133:  C:\Perl64_516\bin
133:  C:\Perl64\site\bin
133:  C:\Perl64\bin
133:  C:\Perl32\site\bin
133:  C:\Perl32\bin
133:  C:\Windows\system32
133:  C:\Windows
133:  C:\Windows\System32\Wbem
133:  C:\Windows\System32\WindowsPowerShell\v1.0
133:  C:\Program Files\MATLAB\R2014a\runtime\win64
133:  C:\Program Files\MATLAB\R2014a\bin
133:  C:\Program Files\MATLAB\R2011b\runtime\win64
133:  C:\Program Files\MATLAB\R2011b\bin
133:  C:\Program Files (x86)\MATLAB\R2011b\runtime\win32
133:  C:\Program Files (x86)\MATLAB\R2011b\bin
133:  c:\Program Files (x86)\Microsoft SQL Server\100\Tools\Binn
133:  c:\Program Files\Microsoft SQL Server\100\Tools\Binn
133:  c:\Program Files\Microsoft SQL Server\100\DTS\Binn
133:  C:\Program Files (x86)\CMake 2.8\bin
133:  C:\Program Files\TortoiseSVN\bin
133:  c:\Program Files (x86)\Microsoft ASP.NET\ASP.NET Web Pages\v1.0
133:  C:\Program Files\Microsoft\Web Platform Installer
133:  C:\Program Files\TortoiseHg
133:  C:\Program Files (x86)\Microsoft SQL Server\110\Tools\Binn
133:  C:\Program Files\Microsoft SQL Server\110\Tools\Binn
133:  C:\Program Files\Microsoft SQL Server\110\DTS\Binn
133:  C:\Program Files (x86)\Microsoft SQL Server\110\Tools\Binn\ManagementStudio
133:  C:\Program Files (x86)\Microsoft SQL Server\110\DTS\Binn
133:  C:\ProgramData\chocolatey\bin
133:  C:\Program Files\nodejs
133:  C:\Program Files (x86)\nodejs
133:  C:\Program Files (x86)\Git\cmd
133:  C:\Program Files (x86)\Git\bin
133:  C:\Program Files\TortoiseGit\bin
133:  C:\Program Files (x86)\CMake\bin
133:  c:\bin
133:  C:/tools/ninja
133:  C:\Users\fbergman\AppData\Roaming\npm
133: Test timeout computed to be: 3000
133: 
133: filename: C:/Development/libsbml/examples/sample-models/from-spec/level-3/enzymekinetics.xml
133: 
133/172 Test #133: test_cs_printAnnotation ................   Passed    0.13 sec
test 134
        Start 134: test_cs_printMath

134: Test command: C:\Development\libsbml-32\examples\csharp\printMath.exe "C:/Development/libsbml/examples/sample-models/from-spec/level-3/enzymekinetics.xml"
134: Environment variables: 
134:  PATH=C:/Development/libsbml-32/src/bindings/csharp
134:  C:/Development/libsbml-32/src/bindings/csharp
134:  c:\Program Files (x86)\Microsoft F#\v4.0
134:  c:\Program Files (x86)\Microsoft Visual Studio 10.0\VSTSDB\Deploy
134:  c:\Program Files (x86)\Microsoft Visual Studio 10.0\Common7\IDE
134:  c:\Program Files (x86)\Microsoft Visual Studio 10.0\VC\BIN
134:  c:\Program Files (x86)\Microsoft Visual Studio 10.0\Common7\Tools
134:  c:\Windows\Microsoft.NET\Framework\v4.0.30319
134:  c:\Windows\Microsoft.NET\Framework\v3.5
134:  c:\Program Files (x86)\Microsoft Visual Studio 10.0\VC\VCPackages
134:  C:\Program Files (x86)\HTML Help Workshop
134:  C:\Program Files (x86)\HTML Help Workshop
134:  c:\Program Files (x86)\Microsoft Visual Studio 10.0\Team Tools\Performance Tools
134:  C:\Program Files (x86)\Microsoft SDKs\Windows\v7.0A\bin\NETFX 4.0 Tools
134:  C:\Program Files (x86)\Microsoft SDKs\Windows\v7.0A\bin
134:  c:\Program Files (x86)\CMake 2.8\bin
134:  C:\Program Files (x86)\CMake\bin
134:  C:\Perl_516\site\bin
134:  C:\Perl_516\bin
134:  C:\Perl64_516\site\bin
134:  C:\Perl64_516\bin
134:  C:\Perl64\site\bin
134:  C:\Perl64\bin
134:  C:\Perl32\site\bin
134:  C:\Perl32\bin
134:  C:\Windows\system32
134:  C:\Windows
134:  C:\Windows\System32\Wbem
134:  C:\Windows\System32\WindowsPowerShell\v1.0
134:  C:\Program Files\MATLAB\R2014a\runtime\win64
134:  C:\Program Files\MATLAB\R2014a\bin
134:  C:\Program Files\MATLAB\R2011b\runtime\win64
134:  C:\Program Files\MATLAB\R2011b\bin
134:  C:\Program Files (x86)\MATLAB\R2011b\runtime\win32
134:  C:\Program Files (x86)\MATLAB\R2011b\bin
134:  c:\Program Files (x86)\Microsoft SQL Server\100\Tools\Binn
134:  c:\Program Files\Microsoft SQL Server\100\Tools\Binn
134:  c:\Program Files\Microsoft SQL Server\100\DTS\Binn
134:  C:\Program Files (x86)\CMake 2.8\bin
134:  C:\Program Files\TortoiseSVN\bin
134:  c:\Program Files (x86)\Microsoft ASP.NET\ASP.NET Web Pages\v1.0
134:  C:\Program Files\Microsoft\Web Platform Installer
134:  C:\Program Files\TortoiseHg
134:  C:\Program Files (x86)\Microsoft SQL Server\110\Tools\Binn
134:  C:\Program Files\Microsoft SQL Server\110\Tools\Binn
134:  C:\Program Files\Microsoft SQL Server\110\DTS\Binn
134:  C:\Program Files (x86)\Microsoft SQL Server\110\Tools\Binn\ManagementStudio
134:  C:\Program Files (x86)\Microsoft SQL Server\110\DTS\Binn
134:  C:\ProgramData\chocolatey\bin
134:  C:\Program Files\nodejs
134:  C:\Program Files (x86)\nodejs
134:  C:\Program Files (x86)\Git\cmd
134:  C:\Program Files (x86)\Git\bin
134:  C:\Program Files\TortoiseGit\bin
134:  C:\Program Files (x86)\CMake\bin
134:  c:\bin
134:  C:/tools/ninja
134:  C:\Users\fbergman\AppData\Roaming\npm
134: Test timeout computed to be: 3000
134: 
134: Reaction 1, formula: comp * (kon * E * S - koff * ES)
134: Reaction 2, formula: comp * kcat * ES
134: 
134: 
134/172 Test #134: test_cs_printMath ......................   Passed    0.12 sec
test 135
        Start 135: test_cs_printNotes

135: Test command: C:\Development\libsbml-32\examples\csharp\printNotes.exe "C:/Development/libsbml/examples/sample-models/from-spec/level-3/enzymekinetics.xml"
135: Environment variables: 
135:  PATH=C:/Development/libsbml-32/src/bindings/csharp
135:  C:/Development/libsbml-32/src/bindings/csharp
135:  c:\Program Files (x86)\Microsoft F#\v4.0
135:  c:\Program Files (x86)\Microsoft Visual Studio 10.0\VSTSDB\Deploy
135:  c:\Program Files (x86)\Microsoft Visual Studio 10.0\Common7\IDE
135:  c:\Program Files (x86)\Microsoft Visual Studio 10.0\VC\BIN
135:  c:\Program Files (x86)\Microsoft Visual Studio 10.0\Common7\Tools
135:  c:\Windows\Microsoft.NET\Framework\v4.0.30319
135:  c:\Windows\Microsoft.NET\Framework\v3.5
135:  c:\Program Files (x86)\Microsoft Visual Studio 10.0\VC\VCPackages
135:  C:\Program Files (x86)\HTML Help Workshop
135:  C:\Program Files (x86)\HTML Help Workshop
135:  c:\Program Files (x86)\Microsoft Visual Studio 10.0\Team Tools\Performance Tools
135:  C:\Program Files (x86)\Microsoft SDKs\Windows\v7.0A\bin\NETFX 4.0 Tools
135:  C:\Program Files (x86)\Microsoft SDKs\Windows\v7.0A\bin
135:  c:\Program Files (x86)\CMake 2.8\bin
135:  C:\Program Files (x86)\CMake\bin
135:  C:\Perl_516\site\bin
135:  C:\Perl_516\bin
135:  C:\Perl64_516\site\bin
135:  C:\Perl64_516\bin
135:  C:\Perl64\site\bin
135:  C:\Perl64\bin
135:  C:\Perl32\site\bin
135:  C:\Perl32\bin
135:  C:\Windows\system32
135:  C:\Windows
135:  C:\Windows\System32\Wbem
135:  C:\Windows\System32\WindowsPowerShell\v1.0
135:  C:\Program Files\MATLAB\R2014a\runtime\win64
135:  C:\Program Files\MATLAB\R2014a\bin
135:  C:\Program Files\MATLAB\R2011b\runtime\win64
135:  C:\Program Files\MATLAB\R2011b\bin
135:  C:\Program Files (x86)\MATLAB\R2011b\runtime\win32
135:  C:\Program Files (x86)\MATLAB\R2011b\bin
135:  c:\Program Files (x86)\Microsoft SQL Server\100\Tools\Binn
135:  c:\Program Files\Microsoft SQL Server\100\Tools\Binn
135:  c:\Program Files\Microsoft SQL Server\100\DTS\Binn
135:  C:\Program Files (x86)\CMake 2.8\bin
135:  C:\Program Files\TortoiseSVN\bin
135:  c:\Program Files (x86)\Microsoft ASP.NET\ASP.NET Web Pages\v1.0
135:  C:\Program Files\Microsoft\Web Platform Installer
135:  C:\Program Files\TortoiseHg
135:  C:\Program Files (x86)\Microsoft SQL Server\110\Tools\Binn
135:  C:\Program Files\Microsoft SQL Server\110\Tools\Binn
135:  C:\Program Files\Microsoft SQL Server\110\DTS\Binn
135:  C:\Program Files (x86)\Microsoft SQL Server\110\Tools\Binn\ManagementStudio
135:  C:\Program Files (x86)\Microsoft SQL Server\110\DTS\Binn
135:  C:\ProgramData\chocolatey\bin
135:  C:\Program Files\nodejs
135:  C:\Program Files (x86)\nodejs
135:  C:\Program Files (x86)\Git\cmd
135:  C:\Program Files (x86)\Git\bin
135:  C:\Program Files\TortoiseGit\bin
135:  C:\Program Files (x86)\CMake\bin
135:  c:\bin
135:  C:/tools/ninja
135:  C:\Users\fbergman\AppData\Roaming\npm
135: Test timeout computed to be: 3000
135: 
135: filename: C:/Development/libsbml/examples/sample-models/from-spec/level-3/enzymekinetics.xml
135: 
135/172 Test #135: test_cs_printNotes .....................   Passed    0.12 sec
test 136
        Start 136: test_cs_printRegisteredPackages

136: Test command: C:\Development\libsbml-32\examples\csharp\printRegisteredPackages.exe "C:/Development/libsbml/examples/sample-models/from-spec/level-3/enzymekinetics.xml" "printRegisteredPackages.out.xml"
136: Environment variables: 
136:  PATH=C:/Development/libsbml-32/src/bindings/csharp
136:  C:/Development/libsbml-32/src/bindings/csharp
136:  c:\Program Files (x86)\Microsoft F#\v4.0
136:  c:\Program Files (x86)\Microsoft Visual Studio 10.0\VSTSDB\Deploy
136:  c:\Program Files (x86)\Microsoft Visual Studio 10.0\Common7\IDE
136:  c:\Program Files (x86)\Microsoft Visual Studio 10.0\VC\BIN
136:  c:\Program Files (x86)\Microsoft Visual Studio 10.0\Common7\Tools
136:  c:\Windows\Microsoft.NET\Framework\v4.0.30319
136:  c:\Windows\Microsoft.NET\Framework\v3.5
136:  c:\Program Files (x86)\Microsoft Visual Studio 10.0\VC\VCPackages
136:  C:\Program Files (x86)\HTML Help Workshop
136:  C:\Program Files (x86)\HTML Help Workshop
136:  c:\Program Files (x86)\Microsoft Visual Studio 10.0\Team Tools\Performance Tools
136:  C:\Program Files (x86)\Microsoft SDKs\Windows\v7.0A\bin\NETFX 4.0 Tools
136:  C:\Program Files (x86)\Microsoft SDKs\Windows\v7.0A\bin
136:  c:\Program Files (x86)\CMake 2.8\bin
136:  C:\Program Files (x86)\CMake\bin
136:  C:\Perl_516\site\bin
136:  C:\Perl_516\bin
136:  C:\Perl64_516\site\bin
136:  C:\Perl64_516\bin
136:  C:\Perl64\site\bin
136:  C:\Perl64\bin
136:  C:\Perl32\site\bin
136:  C:\Perl32\bin
136:  C:\Windows\system32
136:  C:\Windows
136:  C:\Windows\System32\Wbem
136:  C:\Windows\System32\WindowsPowerShell\v1.0
136:  C:\Program Files\MATLAB\R2014a\runtime\win64
136:  C:\Program Files\MATLAB\R2014a\bin
136:  C:\Program Files\MATLAB\R2011b\runtime\win64
136:  C:\Program Files\MATLAB\R2011b\bin
136:  C:\Program Files (x86)\MATLAB\R2011b\runtime\win32
136:  C:\Program Files (x86)\MATLAB\R2011b\bin
136:  c:\Program Files (x86)\Microsoft SQL Server\100\Tools\Binn
136:  c:\Program Files\Microsoft SQL Server\100\Tools\Binn
136:  c:\Program Files\Microsoft SQL Server\100\DTS\Binn
136:  C:\Program Files (x86)\CMake 2.8\bin
136:  C:\Program Files\TortoiseSVN\bin
136:  c:\Program Files (x86)\Microsoft ASP.NET\ASP.NET Web Pages\v1.0
136:  C:\Program Files\Microsoft\Web Platform Installer
136:  C:\Program Files\TortoiseHg
136:  C:\Program Files (x86)\Microsoft SQL Server\110\Tools\Binn
136:  C:\Program Files\Microsoft SQL Server\110\Tools\Binn
136:  C:\Program Files\Microsoft SQL Server\110\DTS\Binn
136:  C:\Program Files (x86)\Microsoft SQL Server\110\Tools\Binn\ManagementStudio
136:  C:\Program Files (x86)\Microsoft SQL Server\110\DTS\Binn
136:  C:\ProgramData\chocolatey\bin
136:  C:\Program Files\nodejs
136:  C:\Program Files (x86)\nodejs
136:  C:\Program Files (x86)\Git\cmd
136:  C:\Program Files (x86)\Git\bin
136:  C:\Program Files\TortoiseGit\bin
136:  C:\Program Files (x86)\CMake\bin
136:  c:\bin
136:  C:/tools/ninja
136:  C:\Users\fbergman\AppData\Roaming\npm
136: Test timeout computed to be: 3000
136: This version of LibSBML: 5.16.1 includes: 
136: 	comp
136: 	fbc
136: 	groups
136: 	layout
136: 	render
136: 	multi
136: 	qual
136: 
136/172 Test #136: test_cs_printRegisteredPackages ........   Passed    0.10 sec
test 137
        Start 137: test_cs_printSBML

137: Test command: C:\Development\libsbml-32\examples\csharp\printSBML.exe "C:/Development/libsbml/examples/sample-models/from-spec/level-3/enzymekinetics.xml"
137: Environment variables: 
137:  PATH=C:/Development/libsbml-32/src/bindings/csharp
137:  C:/Development/libsbml-32/src/bindings/csharp
137:  c:\Program Files (x86)\Microsoft F#\v4.0
137:  c:\Program Files (x86)\Microsoft Visual Studio 10.0\VSTSDB\Deploy
137:  c:\Program Files (x86)\Microsoft Visual Studio 10.0\Common7\IDE
137:  c:\Program Files (x86)\Microsoft Visual Studio 10.0\VC\BIN
137:  c:\Program Files (x86)\Microsoft Visual Studio 10.0\Common7\Tools
137:  c:\Windows\Microsoft.NET\Framework\v4.0.30319
137:  c:\Windows\Microsoft.NET\Framework\v3.5
137:  c:\Program Files (x86)\Microsoft Visual Studio 10.0\VC\VCPackages
137:  C:\Program Files (x86)\HTML Help Workshop
137:  C:\Program Files (x86)\HTML Help Workshop
137:  c:\Program Files (x86)\Microsoft Visual Studio 10.0\Team Tools\Performance Tools
137:  C:\Program Files (x86)\Microsoft SDKs\Windows\v7.0A\bin\NETFX 4.0 Tools
137:  C:\Program Files (x86)\Microsoft SDKs\Windows\v7.0A\bin
137:  c:\Program Files (x86)\CMake 2.8\bin
137:  C:\Program Files (x86)\CMake\bin
137:  C:\Perl_516\site\bin
137:  C:\Perl_516\bin
137:  C:\Perl64_516\site\bin
137:  C:\Perl64_516\bin
137:  C:\Perl64\site\bin
137:  C:\Perl64\bin
137:  C:\Perl32\site\bin
137:  C:\Perl32\bin
137:  C:\Windows\system32
137:  C:\Windows
137:  C:\Windows\System32\Wbem
137:  C:\Windows\System32\WindowsPowerShell\v1.0
137:  C:\Program Files\MATLAB\R2014a\runtime\win64
137:  C:\Program Files\MATLAB\R2014a\bin
137:  C:\Program Files\MATLAB\R2011b\runtime\win64
137:  C:\Program Files\MATLAB\R2011b\bin
137:  C:\Program Files (x86)\MATLAB\R2011b\runtime\win32
137:  C:\Program Files (x86)\MATLAB\R2011b\bin
137:  c:\Program Files (x86)\Microsoft SQL Server\100\Tools\Binn
137:  c:\Program Files\Microsoft SQL Server\100\Tools\Binn
137:  c:\Program Files\Microsoft SQL Server\100\DTS\Binn
137:  C:\Program Files (x86)\CMake 2.8\bin
137:  C:\Program Files\TortoiseSVN\bin
137:  c:\Program Files (x86)\Microsoft ASP.NET\ASP.NET Web Pages\v1.0
137:  C:\Program Files\Microsoft\Web Platform Installer
137:  C:\Program Files\TortoiseHg
137:  C:\Program Files (x86)\Microsoft SQL Server\110\Tools\Binn
137:  C:\Program Files\Microsoft SQL Server\110\Tools\Binn
137:  C:\Program Files\Microsoft SQL Server\110\DTS\Binn
137:  C:\Program Files (x86)\Microsoft SQL Server\110\Tools\Binn\ManagementStudio
137:  C:\Program Files (x86)\Microsoft SQL Server\110\DTS\Binn
137:  C:\ProgramData\chocolatey\bin
137:  C:\Program Files\nodejs
137:  C:\Program Files (x86)\nodejs
137:  C:\Program Files (x86)\Git\cmd
137:  C:\Program Files (x86)\Git\bin
137:  C:\Program Files\TortoiseGit\bin
137:  C:\Program Files (x86)\CMake\bin
137:  c:\bin
137:  C:/tools/ninja
137:  C:\Users\fbergman\AppData\Roaming\npm
137: Test timeout computed to be: 3000
137: 
137: File: C:/Development/libsbml/examples/sample-models/from-spec/level-3/enzymekinetics.xml (Level 3, version 1)
137:                  id: (empty)
137: functionDefinitions: 0
137:     unitDefinitions: 2
137:    compartmentTypes: 0
137:         specieTypes: 0
137:        compartments: 1
137:             species: 4
137:          parameters: 0
137:  initialAssignments: 0
137:               rules: 0
137:         constraints: 0
137:           reactions: 2
137:              events: 0
137: 
137/172 Test #137: test_cs_printSBML ......................   Passed    0.18 sec
test 138
        Start 138: test_cs_printsupported

138: Test command: C:\Development\libsbml-32\examples\csharp\printsupported.exe "C:/Development/libsbml/examples/sample-models/from-spec/level-3/enzymekinetics.xml" "printsupported.out.xml"
138: Environment variables: 
138:  PATH=C:/Development/libsbml-32/src/bindings/csharp
138:  C:/Development/libsbml-32/src/bindings/csharp
138:  c:\Program Files (x86)\Microsoft F#\v4.0
138:  c:\Program Files (x86)\Microsoft Visual Studio 10.0\VSTSDB\Deploy
138:  c:\Program Files (x86)\Microsoft Visual Studio 10.0\Common7\IDE
138:  c:\Program Files (x86)\Microsoft Visual Studio 10.0\VC\BIN
138:  c:\Program Files (x86)\Microsoft Visual Studio 10.0\Common7\Tools
138:  c:\Windows\Microsoft.NET\Framework\v4.0.30319
138:  c:\Windows\Microsoft.NET\Framework\v3.5
138:  c:\Program Files (x86)\Microsoft Visual Studio 10.0\VC\VCPackages
138:  C:\Program Files (x86)\HTML Help Workshop
138:  C:\Program Files (x86)\HTML Help Workshop
138:  c:\Program Files (x86)\Microsoft Visual Studio 10.0\Team Tools\Performance Tools
138:  C:\Program Files (x86)\Microsoft SDKs\Windows\v7.0A\bin\NETFX 4.0 Tools
138:  C:\Program Files (x86)\Microsoft SDKs\Windows\v7.0A\bin
138:  c:\Program Files (x86)\CMake 2.8\bin
138:  C:\Program Files (x86)\CMake\bin
138:  C:\Perl_516\site\bin
138:  C:\Perl_516\bin
138:  C:\Perl64_516\site\bin
138:  C:\Perl64_516\bin
138:  C:\Perl64\site\bin
138:  C:\Perl64\bin
138:  C:\Perl32\site\bin
138:  C:\Perl32\bin
138:  C:\Windows\system32
138:  C:\Windows
138:  C:\Windows\System32\Wbem
138:  C:\Windows\System32\WindowsPowerShell\v1.0
138:  C:\Program Files\MATLAB\R2014a\runtime\win64
138:  C:\Program Files\MATLAB\R2014a\bin
138:  C:\Program Files\MATLAB\R2011b\runtime\win64
138:  C:\Program Files\MATLAB\R2011b\bin
138:  C:\Program Files (x86)\MATLAB\R2011b\runtime\win32
138:  C:\Program Files (x86)\MATLAB\R2011b\bin
138:  c:\Program Files (x86)\Microsoft SQL Server\100\Tools\Binn
138:  c:\Program Files\Microsoft SQL Server\100\Tools\Binn
138:  c:\Program Files\Microsoft SQL Server\100\DTS\Binn
138:  C:\Program Files (x86)\CMake 2.8\bin
138:  C:\Program Files\TortoiseSVN\bin
138:  c:\Program Files (x86)\Microsoft ASP.NET\ASP.NET Web Pages\v1.0
138:  C:\Program Files\Microsoft\Web Platform Installer
138:  C:\Program Files\TortoiseHg
138:  C:\Program Files (x86)\Microsoft SQL Server\110\Tools\Binn
138:  C:\Program Files\Microsoft SQL Server\110\Tools\Binn
138:  C:\Program Files\Microsoft SQL Server\110\DTS\Binn
138:  C:\Program Files (x86)\Microsoft SQL Server\110\Tools\Binn\ManagementStudio
138:  C:\Program Files (x86)\Microsoft SQL Server\110\DTS\Binn
138:  C:\ProgramData\chocolatey\bin
138:  C:\Program Files\nodejs
138:  C:\Program Files (x86)\nodejs
138:  C:\Program Files (x86)\Git\cmd
138:  C:\Program Files (x86)\Git\bin
138:  C:\Program Files\TortoiseGit\bin
138:  C:\Program Files (x86)\CMake\bin
138:  c:\bin
138:  C:/tools/ninja
138:  C:\Users\fbergman\AppData\Roaming\npm
138: Test timeout computed to be: 3000
138: Supported by LibSBML 5.16.1
138: 
138: 	SBML Level: 1 Version: 1
138: 	SBML Level: 1 Version: 2
138: 	SBML Level: 2 Version: 1
138: 	SBML Level: 2 Version: 2
138: 	SBML Level: 2 Version: 3
138: 	SBML Level: 2 Version: 4
138: 	SBML Level: 2 Version: 5
138: 	SBML Level: 3 Version: 1
138: 	SBML Level: 3 Version: 2
138: 
138/172 Test #138: test_cs_printsupported .................   Passed    0.16 sec
test 139
        Start 139: test_cs_printUnits

139: Test command: C:\Development\libsbml-32\examples\csharp\printUnits.exe "C:/Development/libsbml/examples/sample-models/from-spec/level-3/enzymekinetics.xml"
139: Environment variables: 
139:  PATH=C:/Development/libsbml-32/src/bindings/csharp
139:  C:/Development/libsbml-32/src/bindings/csharp
139:  c:\Program Files (x86)\Microsoft F#\v4.0
139:  c:\Program Files (x86)\Microsoft Visual Studio 10.0\VSTSDB\Deploy
139:  c:\Program Files (x86)\Microsoft Visual Studio 10.0\Common7\IDE
139:  c:\Program Files (x86)\Microsoft Visual Studio 10.0\VC\BIN
139:  c:\Program Files (x86)\Microsoft Visual Studio 10.0\Common7\Tools
139:  c:\Windows\Microsoft.NET\Framework\v4.0.30319
139:  c:\Windows\Microsoft.NET\Framework\v3.5
139:  c:\Program Files (x86)\Microsoft Visual Studio 10.0\VC\VCPackages
139:  C:\Program Files (x86)\HTML Help Workshop
139:  C:\Program Files (x86)\HTML Help Workshop
139:  c:\Program Files (x86)\Microsoft Visual Studio 10.0\Team Tools\Performance Tools
139:  C:\Program Files (x86)\Microsoft SDKs\Windows\v7.0A\bin\NETFX 4.0 Tools
139:  C:\Program Files (x86)\Microsoft SDKs\Windows\v7.0A\bin
139:  c:\Program Files (x86)\CMake 2.8\bin
139:  C:\Program Files (x86)\CMake\bin
139:  C:\Perl_516\site\bin
139:  C:\Perl_516\bin
139:  C:\Perl64_516\site\bin
139:  C:\Perl64_516\bin
139:  C:\Perl64\site\bin
139:  C:\Perl64\bin
139:  C:\Perl32\site\bin
139:  C:\Perl32\bin
139:  C:\Windows\system32
139:  C:\Windows
139:  C:\Windows\System32\Wbem
139:  C:\Windows\System32\WindowsPowerShell\v1.0
139:  C:\Program Files\MATLAB\R2014a\runtime\win64
139:  C:\Program Files\MATLAB\R2014a\bin
139:  C:\Program Files\MATLAB\R2011b\runtime\win64
139:  C:\Program Files\MATLAB\R2011b\bin
139:  C:\Program Files (x86)\MATLAB\R2011b\runtime\win32
139:  C:\Program Files (x86)\MATLAB\R2011b\bin
139:  c:\Program Files (x86)\Microsoft SQL Server\100\Tools\Binn
139:  c:\Program Files\Microsoft SQL Server\100\Tools\Binn
139:  c:\Program Files\Microsoft SQL Server\100\DTS\Binn
139:  C:\Program Files (x86)\CMake 2.8\bin
139:  C:\Program Files\TortoiseSVN\bin
139:  c:\Program Files (x86)\Microsoft ASP.NET\ASP.NET Web Pages\v1.0
139:  C:\Program Files\Microsoft\Web Platform Installer
139:  C:\Program Files\TortoiseHg
139:  C:\Program Files (x86)\Microsoft SQL Server\110\Tools\Binn
139:  C:\Program Files\Microsoft SQL Server\110\Tools\Binn
139:  C:\Program Files\Microsoft SQL Server\110\DTS\Binn
139:  C:\Program Files (x86)\Microsoft SQL Server\110\Tools\Binn\ManagementStudio
139:  C:\Program Files (x86)\Microsoft SQL Server\110\DTS\Binn
139:  C:\ProgramData\chocolatey\bin
139:  C:\Program Files\nodejs
139:  C:\Program Files (x86)\nodejs
139:  C:\Program Files (x86)\Git\cmd
139:  C:\Program Files (x86)\Git\bin
139:  C:\Program Files\TortoiseGit\bin
139:  C:\Program Files (x86)\CMake\bin
139:  c:\bin
139:  C:/tools/ninja
139:  C:\Users\fbergman\AppData\Roaming\npm
139: Test timeout computed to be: 3000
139: Species 0: mole (exponent = 1, multiplier = 1, scale = 0), litre (exponent = -1, multiplier = 1, scale = 0)
139: Species 1: mole (exponent = 1, multiplier = 1, scale = 0), litre (exponent = -1, multiplier = 1, scale = 0)
139: Species 2: mole (exponent = 1, multiplier = 1, scale = 0), litre (exponent = -1, multiplier = 1, scale = 0)
139: Species 3: mole (exponent = 1, multiplier = 1, scale = 0), litre (exponent = -1, multiplier = 1, scale = 0)
139: Compartment 0: litre (exponent = 1, multiplier = 1, scale = 0)
139: Reaction 0: 
139: Kinetic Law: second (exponent = -1, multiplier = 1, scale = 0), mole (exponent = 1, multiplier = 1, scale = 0)
139:         undeclared units: 
139: no
139: 
139: Reaction 1: 
139: Kinetic Law: second (exponent = -1, multiplier = 1, scale = 0), mole (exponent = 1, multiplier = 1, scale = 0)
139:         undeclared units: 
139: no
139: 
139/172 Test #139: test_cs_printUnits .....................   Passed    0.14 sec
test 140
        Start 140: test_cs_promoteParameters

140: Test command: C:\Development\libsbml-32\examples\csharp\promoteParameters.exe "C:/Development/libsbml/examples/sample-models/from-spec/level-3/enzymekinetics.xml" "promoteParameters.out.xml"
140: Environment variables: 
140:  PATH=C:/Development/libsbml-32/src/bindings/csharp
140:  C:/Development/libsbml-32/src/bindings/csharp
140:  c:\Program Files (x86)\Microsoft F#\v4.0
140:  c:\Program Files (x86)\Microsoft Visual Studio 10.0\VSTSDB\Deploy
140:  c:\Program Files (x86)\Microsoft Visual Studio 10.0\Common7\IDE
140:  c:\Program Files (x86)\Microsoft Visual Studio 10.0\VC\BIN
140:  c:\Program Files (x86)\Microsoft Visual Studio 10.0\Common7\Tools
140:  c:\Windows\Microsoft.NET\Framework\v4.0.30319
140:  c:\Windows\Microsoft.NET\Framework\v3.5
140:  c:\Program Files (x86)\Microsoft Visual Studio 10.0\VC\VCPackages
140:  C:\Program Files (x86)\HTML Help Workshop
140:  C:\Program Files (x86)\HTML Help Workshop
140:  c:\Program Files (x86)\Microsoft Visual Studio 10.0\Team Tools\Performance Tools
140:  C:\Program Files (x86)\Microsoft SDKs\Windows\v7.0A\bin\NETFX 4.0 Tools
140:  C:\Program Files (x86)\Microsoft SDKs\Windows\v7.0A\bin
140:  c:\Program Files (x86)\CMake 2.8\bin
140:  C:\Program Files (x86)\CMake\bin
140:  C:\Perl_516\site\bin
140:  C:\Perl_516\bin
140:  C:\Perl64_516\site\bin
140:  C:\Perl64_516\bin
140:  C:\Perl64\site\bin
140:  C:\Perl64\bin
140:  C:\Perl32\site\bin
140:  C:\Perl32\bin
140:  C:\Windows\system32
140:  C:\Windows
140:  C:\Windows\System32\Wbem
140:  C:\Windows\System32\WindowsPowerShell\v1.0
140:  C:\Program Files\MATLAB\R2014a\runtime\win64
140:  C:\Program Files\MATLAB\R2014a\bin
140:  C:\Program Files\MATLAB\R2011b\runtime\win64
140:  C:\Program Files\MATLAB\R2011b\bin
140:  C:\Program Files (x86)\MATLAB\R2011b\runtime\win32
140:  C:\Program Files (x86)\MATLAB\R2011b\bin
140:  c:\Program Files (x86)\Microsoft SQL Server\100\Tools\Binn
140:  c:\Program Files\Microsoft SQL Server\100\Tools\Binn
140:  c:\Program Files\Microsoft SQL Server\100\DTS\Binn
140:  C:\Program Files (x86)\CMake 2.8\bin
140:  C:\Program Files\TortoiseSVN\bin
140:  c:\Program Files (x86)\Microsoft ASP.NET\ASP.NET Web Pages\v1.0
140:  C:\Program Files\Microsoft\Web Platform Installer
140:  C:\Program Files\TortoiseHg
140:  C:\Program Files (x86)\Microsoft SQL Server\110\Tools\Binn
140:  C:\Program Files\Microsoft SQL Server\110\Tools\Binn
140:  C:\Program Files\Microsoft SQL Server\110\DTS\Binn
140:  C:\Program Files (x86)\Microsoft SQL Server\110\Tools\Binn\ManagementStudio
140:  C:\Program Files (x86)\Microsoft SQL Server\110\DTS\Binn
140:  C:\ProgramData\chocolatey\bin
140:  C:\Program Files\nodejs
140:  C:\Program Files (x86)\nodejs
140:  C:\Program Files (x86)\Git\cmd
140:  C:\Program Files (x86)\Git\bin
140:  C:\Program Files\TortoiseGit\bin
140:  C:\Program Files (x86)\CMake\bin
140:  c:\bin
140:  C:/tools/ninja
140:  C:\Users\fbergman\AppData\Roaming\npm
140: Test timeout computed to be: 3000
140: [OK] promoted paramters from C:/Development/libsbml/examples/sample-models/from-spec/level-3/enzymekinetics.xml and wrote to promoteParameters.out.xml
140/172 Test #140: test_cs_promoteParameters ..............   Passed    0.13 sec
test 141
        Start 141: test_cs_readSBML

141: Test command: C:\Development\libsbml-32\examples\csharp\readSBML.exe "C:/Development/libsbml/examples/sample-models/from-spec/level-3/enzymekinetics.xml"
141: Environment variables: 
141:  PATH=C:/Development/libsbml-32/src/bindings/csharp
141:  C:/Development/libsbml-32/src/bindings/csharp
141:  c:\Program Files (x86)\Microsoft F#\v4.0
141:  c:\Program Files (x86)\Microsoft Visual Studio 10.0\VSTSDB\Deploy
141:  c:\Program Files (x86)\Microsoft Visual Studio 10.0\Common7\IDE
141:  c:\Program Files (x86)\Microsoft Visual Studio 10.0\VC\BIN
141:  c:\Program Files (x86)\Microsoft Visual Studio 10.0\Common7\Tools
141:  c:\Windows\Microsoft.NET\Framework\v4.0.30319
141:  c:\Windows\Microsoft.NET\Framework\v3.5
141:  c:\Program Files (x86)\Microsoft Visual Studio 10.0\VC\VCPackages
141:  C:\Program Files (x86)\HTML Help Workshop
141:  C:\Program Files (x86)\HTML Help Workshop
141:  c:\Program Files (x86)\Microsoft Visual Studio 10.0\Team Tools\Performance Tools
141:  C:\Program Files (x86)\Microsoft SDKs\Windows\v7.0A\bin\NETFX 4.0 Tools
141:  C:\Program Files (x86)\Microsoft SDKs\Windows\v7.0A\bin
141:  c:\Program Files (x86)\CMake 2.8\bin
141:  C:\Program Files (x86)\CMake\bin
141:  C:\Perl_516\site\bin
141:  C:\Perl_516\bin
141:  C:\Perl64_516\site\bin
141:  C:\Perl64_516\bin
141:  C:\Perl64\site\bin
141:  C:\Perl64\bin
141:  C:\Perl32\site\bin
141:  C:\Perl32\bin
141:  C:\Windows\system32
141:  C:\Windows
141:  C:\Windows\System32\Wbem
141:  C:\Windows\System32\WindowsPowerShell\v1.0
141:  C:\Program Files\MATLAB\R2014a\runtime\win64
141:  C:\Program Files\MATLAB\R2014a\bin
141:  C:\Program Files\MATLAB\R2011b\runtime\win64
141:  C:\Program Files\MATLAB\R2011b\bin
141:  C:\Program Files (x86)\MATLAB\R2011b\runtime\win32
141:  C:\Program Files (x86)\MATLAB\R2011b\bin
141:  c:\Program Files (x86)\Microsoft SQL Server\100\Tools\Binn
141:  c:\Program Files\Microsoft SQL Server\100\Tools\Binn
141:  c:\Program Files\Microsoft SQL Server\100\DTS\Binn
141:  C:\Program Files (x86)\CMake 2.8\bin
141:  C:\Program Files\TortoiseSVN\bin
141:  c:\Program Files (x86)\Microsoft ASP.NET\ASP.NET Web Pages\v1.0
141:  C:\Program Files\Microsoft\Web Platform Installer
141:  C:\Program Files\TortoiseHg
141:  C:\Program Files (x86)\Microsoft SQL Server\110\Tools\Binn
141:  C:\Program Files\Microsoft SQL Server\110\Tools\Binn
141:  C:\Program Files\Microsoft SQL Server\110\DTS\Binn
141:  C:\Program Files (x86)\Microsoft SQL Server\110\Tools\Binn\ManagementStudio
141:  C:\Program Files (x86)\Microsoft SQL Server\110\DTS\Binn
141:  C:\ProgramData\chocolatey\bin
141:  C:\Program Files\nodejs
141:  C:\Program Files (x86)\nodejs
141:  C:\Program Files (x86)\Git\cmd
141:  C:\Program Files (x86)\Git\bin
141:  C:\Program Files\TortoiseGit\bin
141:  C:\Program Files (x86)\CMake\bin
141:  c:\bin
141:  C:/tools/ninja
141:  C:\Users\fbergman\AppData\Roaming\npm
141: Test timeout computed to be: 3000
141: 
141:             filename: C:/Development/libsbml/examples/sample-models/from-spec/level-3/enzymekinetics.xml
141:            file size: 3930
141:       read time (ms): 130013
141:  validation error(s): 0
141: 
141/172 Test #141: test_cs_readSBML .......................   Passed    0.12 sec
test 142
        Start 142: test_cs_stripPackage

142: Test command: C:\Development\libsbml-32\examples\csharp\stripPackage.exe "C:/Development/libsbml/examples/sample-models/fbc/fbc_example1.xml" "fbc" "stripPackage.out.xml"
142: Environment variables: 
142:  PATH=C:/Development/libsbml-32/src/bindings/csharp
142:  C:/Development/libsbml-32/src/bindings/csharp
142:  c:\Program Files (x86)\Microsoft F#\v4.0
142:  c:\Program Files (x86)\Microsoft Visual Studio 10.0\VSTSDB\Deploy
142:  c:\Program Files (x86)\Microsoft Visual Studio 10.0\Common7\IDE
142:  c:\Program Files (x86)\Microsoft Visual Studio 10.0\VC\BIN
142:  c:\Program Files (x86)\Microsoft Visual Studio 10.0\Common7\Tools
142:  c:\Windows\Microsoft.NET\Framework\v4.0.30319
142:  c:\Windows\Microsoft.NET\Framework\v3.5
142:  c:\Program Files (x86)\Microsoft Visual Studio 10.0\VC\VCPackages
142:  C:\Program Files (x86)\HTML Help Workshop
142:  C:\Program Files (x86)\HTML Help Workshop
142:  c:\Program Files (x86)\Microsoft Visual Studio 10.0\Team Tools\Performance Tools
142:  C:\Program Files (x86)\Microsoft SDKs\Windows\v7.0A\bin\NETFX 4.0 Tools
142:  C:\Program Files (x86)\Microsoft SDKs\Windows\v7.0A\bin
142:  c:\Program Files (x86)\CMake 2.8\bin
142:  C:\Program Files (x86)\CMake\bin
142:  C:\Perl_516\site\bin
142:  C:\Perl_516\bin
142:  C:\Perl64_516\site\bin
142:  C:\Perl64_516\bin
142:  C:\Perl64\site\bin
142:  C:\Perl64\bin
142:  C:\Perl32\site\bin
142:  C:\Perl32\bin
142:  C:\Windows\system32
142:  C:\Windows
142:  C:\Windows\System32\Wbem
142:  C:\Windows\System32\WindowsPowerShell\v1.0
142:  C:\Program Files\MATLAB\R2014a\runtime\win64
142:  C:\Program Files\MATLAB\R2014a\bin
142:  C:\Program Files\MATLAB\R2011b\runtime\win64
142:  C:\Program Files\MATLAB\R2011b\bin
142:  C:\Program Files (x86)\MATLAB\R2011b\runtime\win32
142:  C:\Program Files (x86)\MATLAB\R2011b\bin
142:  c:\Program Files (x86)\Microsoft SQL Server\100\Tools\Binn
142:  c:\Program Files\Microsoft SQL Server\100\Tools\Binn
142:  c:\Program Files\Microsoft SQL Server\100\DTS\Binn
142:  C:\Program Files (x86)\CMake 2.8\bin
142:  C:\Program Files\TortoiseSVN\bin
142:  c:\Program Files (x86)\Microsoft ASP.NET\ASP.NET Web Pages\v1.0
142:  C:\Program Files\Microsoft\Web Platform Installer
142:  C:\Program Files\TortoiseHg
142:  C:\Program Files (x86)\Microsoft SQL Server\110\Tools\Binn
142:  C:\Program Files\Microsoft SQL Server\110\Tools\Binn
142:  C:\Program Files\Microsoft SQL Server\110\DTS\Binn
142:  C:\Program Files (x86)\Microsoft SQL Server\110\Tools\Binn\ManagementStudio
142:  C:\Program Files (x86)\Microsoft SQL Server\110\DTS\Binn
142:  C:\ProgramData\chocolatey\bin
142:  C:\Program Files\nodejs
142:  C:\Program Files (x86)\nodejs
142:  C:\Program Files (x86)\Git\cmd
142:  C:\Program Files (x86)\Git\bin
142:  C:\Program Files\TortoiseGit\bin
142:  C:\Program Files (x86)\CMake\bin
142:  c:\bin
142:  C:/tools/ninja
142:  C:\Users\fbergman\AppData\Roaming\npm
142: Test timeout computed to be: 3000
142: [OK] Stripped package 'fbc' from C:/Development/libsbml/examples/sample-models/fbc/fbc_example1.xml and wrote to stripPackage.out.xml
142/172 Test #142: test_cs_stripPackage ...................   Passed    0.14 sec
test 143
        Start 143: test_cs_SetIdFromNames

143: Test command: C:\Development\libsbml-32\examples\csharp\SetIdFromNames.exe "C:/Development/libsbml/examples/sample-models/from-spec/level-3/enzymekinetics.xml" "SetIdFromNames.out.xml"
143: Environment variables: 
143:  PATH=C:/Development/libsbml-32/src/bindings/csharp
143:  C:/Development/libsbml-32/src/bindings/csharp
143:  c:\Program Files (x86)\Microsoft F#\v4.0
143:  c:\Program Files (x86)\Microsoft Visual Studio 10.0\VSTSDB\Deploy
143:  c:\Program Files (x86)\Microsoft Visual Studio 10.0\Common7\IDE
143:  c:\Program Files (x86)\Microsoft Visual Studio 10.0\VC\BIN
143:  c:\Program Files (x86)\Microsoft Visual Studio 10.0\Common7\Tools
143:  c:\Windows\Microsoft.NET\Framework\v4.0.30319
143:  c:\Windows\Microsoft.NET\Framework\v3.5
143:  c:\Program Files (x86)\Microsoft Visual Studio 10.0\VC\VCPackages
143:  C:\Program Files (x86)\HTML Help Workshop
143:  C:\Program Files (x86)\HTML Help Workshop
143:  c:\Program Files (x86)\Microsoft Visual Studio 10.0\Team Tools\Performance Tools
143:  C:\Program Files (x86)\Microsoft SDKs\Windows\v7.0A\bin\NETFX 4.0 Tools
143:  C:\Program Files (x86)\Microsoft SDKs\Windows\v7.0A\bin
143:  c:\Program Files (x86)\CMake 2.8\bin
143:  C:\Program Files (x86)\CMake\bin
143:  C:\Perl_516\site\bin
143:  C:\Perl_516\bin
143:  C:\Perl64_516\site\bin
143:  C:\Perl64_516\bin
143:  C:\Perl64\site\bin
143:  C:\Perl64\bin
143:  C:\Perl32\site\bin
143:  C:\Perl32\bin
143:  C:\Windows\system32
143:  C:\Windows
143:  C:\Windows\System32\Wbem
143:  C:\Windows\System32\WindowsPowerShell\v1.0
143:  C:\Program Files\MATLAB\R2014a\runtime\win64
143:  C:\Program Files\MATLAB\R2014a\bin
143:  C:\Program Files\MATLAB\R2011b\runtime\win64
143:  C:\Program Files\MATLAB\R2011b\bin
143:  C:\Program Files (x86)\MATLAB\R2011b\runtime\win32
143:  C:\Program Files (x86)\MATLAB\R2011b\bin
143:  c:\Program Files (x86)\Microsoft SQL Server\100\Tools\Binn
143:  c:\Program Files\Microsoft SQL Server\100\Tools\Binn
143:  c:\Program Files\Microsoft SQL Server\100\DTS\Binn
143:  C:\Program Files (x86)\CMake 2.8\bin
143:  C:\Program Files\TortoiseSVN\bin
143:  c:\Program Files (x86)\Microsoft ASP.NET\ASP.NET Web Pages\v1.0
143:  C:\Program Files\Microsoft\Web Platform Installer
143:  C:\Program Files\TortoiseHg
143:  C:\Program Files (x86)\Microsoft SQL Server\110\Tools\Binn
143:  C:\Program Files\Microsoft SQL Server\110\Tools\Binn
143:  C:\Program Files\Microsoft SQL Server\110\DTS\Binn
143:  C:\Program Files (x86)\Microsoft SQL Server\110\Tools\Binn\ManagementStudio
143:  C:\Program Files (x86)\Microsoft SQL Server\110\DTS\Binn
143:  C:\ProgramData\chocolatey\bin
143:  C:\Program Files\nodejs
143:  C:\Program Files (x86)\nodejs
143:  C:\Program Files (x86)\Git\cmd
143:  C:\Program Files (x86)\Git\bin
143:  C:\Program Files\TortoiseGit\bin
143:  C:\Program Files (x86)\CMake\bin
143:  c:\bin
143:  C:/tools/ninja
143:  C:\Users\fbergman\AppData\Roaming\npm
143: Test timeout computed to be: 3000
143: 
143:             filename: C:/Development/libsbml/examples/sample-models/from-spec/level-3/enzymekinetics.xml
143:       read time (ms): 13.0013
143:     rename time (ms): 2.0002
143:      write time (ms): 2.0002
143: 
143/172 Test #143: test_cs_SetIdFromNames .................   Passed    0.15 sec
test 144
        Start 144: test_cs_unsetAnnotation

144: Test command: C:\Development\libsbml-32\examples\csharp\unsetAnnotation.exe "C:/Development/libsbml/examples/sample-models/from-spec/level-3/enzymekinetics.xml" "unsetAnnotation.out.xml"
144: Environment variables: 
144:  PATH=C:/Development/libsbml-32/src/bindings/csharp
144:  C:/Development/libsbml-32/src/bindings/csharp
144:  c:\Program Files (x86)\Microsoft F#\v4.0
144:  c:\Program Files (x86)\Microsoft Visual Studio 10.0\VSTSDB\Deploy
144:  c:\Program Files (x86)\Microsoft Visual Studio 10.0\Common7\IDE
144:  c:\Program Files (x86)\Microsoft Visual Studio 10.0\VC\BIN
144:  c:\Program Files (x86)\Microsoft Visual Studio 10.0\Common7\Tools
144:  c:\Windows\Microsoft.NET\Framework\v4.0.30319
144:  c:\Windows\Microsoft.NET\Framework\v3.5
144:  c:\Program Files (x86)\Microsoft Visual Studio 10.0\VC\VCPackages
144:  C:\Program Files (x86)\HTML Help Workshop
144:  C:\Program Files (x86)\HTML Help Workshop
144:  c:\Program Files (x86)\Microsoft Visual Studio 10.0\Team Tools\Performance Tools
144:  C:\Program Files (x86)\Microsoft SDKs\Windows\v7.0A\bin\NETFX 4.0 Tools
144:  C:\Program Files (x86)\Microsoft SDKs\Windows\v7.0A\bin
144:  c:\Program Files (x86)\CMake 2.8\bin
144:  C:\Program Files (x86)\CMake\bin
144:  C:\Perl_516\site\bin
144:  C:\Perl_516\bin
144:  C:\Perl64_516\site\bin
144:  C:\Perl64_516\bin
144:  C:\Perl64\site\bin
144:  C:\Perl64\bin
144:  C:\Perl32\site\bin
144:  C:\Perl32\bin
144:  C:\Windows\system32
144:  C:\Windows
144:  C:\Windows\System32\Wbem
144:  C:\Windows\System32\WindowsPowerShell\v1.0
144:  C:\Program Files\MATLAB\R2014a\runtime\win64
144:  C:\Program Files\MATLAB\R2014a\bin
144:  C:\Program Files\MATLAB\R2011b\runtime\win64
144:  C:\Program Files\MATLAB\R2011b\bin
144:  C:\Program Files (x86)\MATLAB\R2011b\runtime\win32
144:  C:\Program Files (x86)\MATLAB\R2011b\bin
144:  c:\Program Files (x86)\Microsoft SQL Server\100\Tools\Binn
144:  c:\Program Files\Microsoft SQL Server\100\Tools\Binn
144:  c:\Program Files\Microsoft SQL Server\100\DTS\Binn
144:  C:\Program Files (x86)\CMake 2.8\bin
144:  C:\Program Files\TortoiseSVN\bin
144:  c:\Program Files (x86)\Microsoft ASP.NET\ASP.NET Web Pages\v1.0
144:  C:\Program Files\Microsoft\Web Platform Installer
144:  C:\Program Files\TortoiseHg
144:  C:\Program Files (x86)\Microsoft SQL Server\110\Tools\Binn
144:  C:\Program Files\Microsoft SQL Server\110\Tools\Binn
144:  C:\Program Files\Microsoft SQL Server\110\DTS\Binn
144:  C:\Program Files (x86)\Microsoft SQL Server\110\Tools\Binn\ManagementStudio
144:  C:\Program Files (x86)\Microsoft SQL Server\110\DTS\Binn
144:  C:\ProgramData\chocolatey\bin
144:  C:\Program Files\nodejs
144:  C:\Program Files (x86)\nodejs
144:  C:\Program Files (x86)\Git\cmd
144:  C:\Program Files (x86)\Git\bin
144:  C:\Program Files\TortoiseGit\bin
144:  C:\Program Files (x86)\CMake\bin
144:  c:\bin
144:  C:/tools/ninja
144:  C:\Users\fbergman\AppData\Roaming\npm
144: Test timeout computed to be: 3000
144/172 Test #144: test_cs_unsetAnnotation ................   Passed    0.13 sec
test 145
        Start 145: test_cs_unsetNotes

145: Test command: C:\Development\libsbml-32\examples\csharp\unsetNotes.exe "C:/Development/libsbml/examples/sample-models/from-spec/level-3/enzymekinetics.xml" "unsetNotes.out.xml"
145: Environment variables: 
145:  PATH=C:/Development/libsbml-32/src/bindings/csharp
145:  C:/Development/libsbml-32/src/bindings/csharp
145:  c:\Program Files (x86)\Microsoft F#\v4.0
145:  c:\Program Files (x86)\Microsoft Visual Studio 10.0\VSTSDB\Deploy
145:  c:\Program Files (x86)\Microsoft Visual Studio 10.0\Common7\IDE
145:  c:\Program Files (x86)\Microsoft Visual Studio 10.0\VC\BIN
145:  c:\Program Files (x86)\Microsoft Visual Studio 10.0\Common7\Tools
145:  c:\Windows\Microsoft.NET\Framework\v4.0.30319
145:  c:\Windows\Microsoft.NET\Framework\v3.5
145:  c:\Program Files (x86)\Microsoft Visual Studio 10.0\VC\VCPackages
145:  C:\Program Files (x86)\HTML Help Workshop
145:  C:\Program Files (x86)\HTML Help Workshop
145:  c:\Program Files (x86)\Microsoft Visual Studio 10.0\Team Tools\Performance Tools
145:  C:\Program Files (x86)\Microsoft SDKs\Windows\v7.0A\bin\NETFX 4.0 Tools
145:  C:\Program Files (x86)\Microsoft SDKs\Windows\v7.0A\bin
145:  c:\Program Files (x86)\CMake 2.8\bin
145:  C:\Program Files (x86)\CMake\bin
145:  C:\Perl_516\site\bin
145:  C:\Perl_516\bin
145:  C:\Perl64_516\site\bin
145:  C:\Perl64_516\bin
145:  C:\Perl64\site\bin
145:  C:\Perl64\bin
145:  C:\Perl32\site\bin
145:  C:\Perl32\bin
145:  C:\Windows\system32
145:  C:\Windows
145:  C:\Windows\System32\Wbem
145:  C:\Windows\System32\WindowsPowerShell\v1.0
145:  C:\Program Files\MATLAB\R2014a\runtime\win64
145:  C:\Program Files\MATLAB\R2014a\bin
145:  C:\Program Files\MATLAB\R2011b\runtime\win64
145:  C:\Program Files\MATLAB\R2011b\bin
145:  C:\Program Files (x86)\MATLAB\R2011b\runtime\win32
145:  C:\Program Files (x86)\MATLAB\R2011b\bin
145:  c:\Program Files (x86)\Microsoft SQL Server\100\Tools\Binn
145:  c:\Program Files\Microsoft SQL Server\100\Tools\Binn
145:  c:\Program Files\Microsoft SQL Server\100\DTS\Binn
145:  C:\Program Files (x86)\CMake 2.8\bin
145:  C:\Program Files\TortoiseSVN\bin
145:  c:\Program Files (x86)\Microsoft ASP.NET\ASP.NET Web Pages\v1.0
145:  C:\Program Files\Microsoft\Web Platform Installer
145:  C:\Program Files\TortoiseHg
145:  C:\Program Files (x86)\Microsoft SQL Server\110\Tools\Binn
145:  C:\Program Files\Microsoft SQL Server\110\Tools\Binn
145:  C:\Program Files\Microsoft SQL Server\110\DTS\Binn
145:  C:\Program Files (x86)\Microsoft SQL Server\110\Tools\Binn\ManagementStudio
145:  C:\Program Files (x86)\Microsoft SQL Server\110\DTS\Binn
145:  C:\ProgramData\chocolatey\bin
145:  C:\Program Files\nodejs
145:  C:\Program Files (x86)\nodejs
145:  C:\Program Files (x86)\Git\cmd
145:  C:\Program Files (x86)\Git\bin
145:  C:\Program Files\TortoiseGit\bin
145:  C:\Program Files (x86)\CMake\bin
145:  c:\bin
145:  C:/tools/ninja
145:  C:\Users\fbergman\AppData\Roaming\npm
145: Test timeout computed to be: 3000
145/172 Test #145: test_cs_unsetNotes .....................   Passed    0.15 sec
test 146
        Start 146: test_cs_validateSBML

146: Test command: C:\Development\libsbml-32\examples\csharp\validateSBML.exe "C:/Development/libsbml/examples/sample-models/from-spec/level-3/enzymekinetics.xml"
146: Environment variables: 
146:  PATH=C:/Development/libsbml-32/src/bindings/csharp
146:  C:/Development/libsbml-32/src/bindings/csharp
146:  c:\Program Files (x86)\Microsoft F#\v4.0
146:  c:\Program Files (x86)\Microsoft Visual Studio 10.0\VSTSDB\Deploy
146:  c:\Program Files (x86)\Microsoft Visual Studio 10.0\Common7\IDE
146:  c:\Program Files (x86)\Microsoft Visual Studio 10.0\VC\BIN
146:  c:\Program Files (x86)\Microsoft Visual Studio 10.0\Common7\Tools
146:  c:\Windows\Microsoft.NET\Framework\v4.0.30319
146:  c:\Windows\Microsoft.NET\Framework\v3.5
146:  c:\Program Files (x86)\Microsoft Visual Studio 10.0\VC\VCPackages
146:  C:\Program Files (x86)\HTML Help Workshop
146:  C:\Program Files (x86)\HTML Help Workshop
146:  c:\Program Files (x86)\Microsoft Visual Studio 10.0\Team Tools\Performance Tools
146:  C:\Program Files (x86)\Microsoft SDKs\Windows\v7.0A\bin\NETFX 4.0 Tools
146:  C:\Program Files (x86)\Microsoft SDKs\Windows\v7.0A\bin
146:  c:\Program Files (x86)\CMake 2.8\bin
146:  C:\Program Files (x86)\CMake\bin
146:  C:\Perl_516\site\bin
146:  C:\Perl_516\bin
146:  C:\Perl64_516\site\bin
146:  C:\Perl64_516\bin
146:  C:\Perl64\site\bin
146:  C:\Perl64\bin
146:  C:\Perl32\site\bin
146:  C:\Perl32\bin
146:  C:\Windows\system32
146:  C:\Windows
146:  C:\Windows\System32\Wbem
146:  C:\Windows\System32\WindowsPowerShell\v1.0
146:  C:\Program Files\MATLAB\R2014a\runtime\win64
146:  C:\Program Files\MATLAB\R2014a\bin
146:  C:\Program Files\MATLAB\R2011b\runtime\win64
146:  C:\Program Files\MATLAB\R2011b\bin
146:  C:\Program Files (x86)\MATLAB\R2011b\runtime\win32
146:  C:\Program Files (x86)\MATLAB\R2011b\bin
146:  c:\Program Files (x86)\Microsoft SQL Server\100\Tools\Binn
146:  c:\Program Files\Microsoft SQL Server\100\Tools\Binn
146:  c:\Program Files\Microsoft SQL Server\100\DTS\Binn
146:  C:\Program Files (x86)\CMake 2.8\bin
146:  C:\Program Files\TortoiseSVN\bin
146:  c:\Program Files (x86)\Microsoft ASP.NET\ASP.NET Web Pages\v1.0
146:  C:\Program Files\Microsoft\Web Platform Installer
146:  C:\Program Files\TortoiseHg
146:  C:\Program Files (x86)\Microsoft SQL Server\110\Tools\Binn
146:  C:\Program Files\Microsoft SQL Server\110\Tools\Binn
146:  C:\Program Files\Microsoft SQL Server\110\DTS\Binn
146:  C:\Program Files (x86)\Microsoft SQL Server\110\Tools\Binn\ManagementStudio
146:  C:\Program Files (x86)\Microsoft SQL Server\110\DTS\Binn
146:  C:\ProgramData\chocolatey\bin
146:  C:\Program Files\nodejs
146:  C:\Program Files (x86)\nodejs
146:  C:\Program Files (x86)\Git\cmd
146:  C:\Program Files (x86)\Git\bin
146:  C:\Program Files\TortoiseGit\bin
146:  C:\Program Files (x86)\CMake\bin
146:  c:\bin
146:  C:/tools/ninja
146:  C:\Users\fbergman\AppData\Roaming\npm
146: Test timeout computed to be: 3000
146: ---------------------------------------------------------------------------
146:                filename : C:/Development/libsbml/examples/sample-models/from-spec/level-3/enzymekinetics.xml
146:        file size (byte) : 3930
146:          read time (ms) : 9.0009
146:       c-check time (ms) : 5.0005
146:     validation error(s) : 0
146:   (consistency error(s)): 0
146:   validation warning(s) : 0
146: (consistency warning(s)): 0
146: ---------------------------------------------------------------------------
146: Validated 1 files, 1 valid files, 0 invalid files.
146/172 Test #146: test_cs_validateSBML ...................   Passed    0.13 sec
test 147
        Start 147: test_cs_evaluateCustomMath

147: Test command: C:\Development\libsbml-32\examples\csharp\evaluateCustomMath.exe "2*3+4" "C:/Development/libsbml/examples/sample-models/from-spec/level-3/enzymekinetics.xml"
147: Environment variables: 
147:  PATH=C:/Development/libsbml-32/src/bindings/csharp
147:  C:/Development/libsbml-32/src/bindings/csharp
147:  c:\Program Files (x86)\Microsoft F#\v4.0
147:  c:\Program Files (x86)\Microsoft Visual Studio 10.0\VSTSDB\Deploy
147:  c:\Program Files (x86)\Microsoft Visual Studio 10.0\Common7\IDE
147:  c:\Program Files (x86)\Microsoft Visual Studio 10.0\VC\BIN
147:  c:\Program Files (x86)\Microsoft Visual Studio 10.0\Common7\Tools
147:  c:\Windows\Microsoft.NET\Framework\v4.0.30319
147:  c:\Windows\Microsoft.NET\Framework\v3.5
147:  c:\Program Files (x86)\Microsoft Visual Studio 10.0\VC\VCPackages
147:  C:\Program Files (x86)\HTML Help Workshop
147:  C:\Program Files (x86)\HTML Help Workshop
147:  c:\Program Files (x86)\Microsoft Visual Studio 10.0\Team Tools\Performance Tools
147:  C:\Program Files (x86)\Microsoft SDKs\Windows\v7.0A\bin\NETFX 4.0 Tools
147:  C:\Program Files (x86)\Microsoft SDKs\Windows\v7.0A\bin
147:  c:\Program Files (x86)\CMake 2.8\bin
147:  C:\Program Files (x86)\CMake\bin
147:  C:\Perl_516\site\bin
147:  C:\Perl_516\bin
147:  C:\Perl64_516\site\bin
147:  C:\Perl64_516\bin
147:  C:\Perl64\site\bin
147:  C:\Perl64\bin
147:  C:\Perl32\site\bin
147:  C:\Perl32\bin
147:  C:\Windows\system32
147:  C:\Windows
147:  C:\Windows\System32\Wbem
147:  C:\Windows\System32\WindowsPowerShell\v1.0
147:  C:\Program Files\MATLAB\R2014a\runtime\win64
147:  C:\Program Files\MATLAB\R2014a\bin
147:  C:\Program Files\MATLAB\R2011b\runtime\win64
147:  C:\Program Files\MATLAB\R2011b\bin
147:  C:\Program Files (x86)\MATLAB\R2011b\runtime\win32
147:  C:\Program Files (x86)\MATLAB\R2011b\bin
147:  c:\Program Files (x86)\Microsoft SQL Server\100\Tools\Binn
147:  c:\Program Files\Microsoft SQL Server\100\Tools\Binn
147:  c:\Program Files\Microsoft SQL Server\100\DTS\Binn
147:  C:\Program Files (x86)\CMake 2.8\bin
147:  C:\Program Files\TortoiseSVN\bin
147:  c:\Program Files (x86)\Microsoft ASP.NET\ASP.NET Web Pages\v1.0
147:  C:\Program Files\Microsoft\Web Platform Installer
147:  C:\Program Files\TortoiseHg
147:  C:\Program Files (x86)\Microsoft SQL Server\110\Tools\Binn
147:  C:\Program Files\Microsoft SQL Server\110\Tools\Binn
147:  C:\Program Files\Microsoft SQL Server\110\DTS\Binn
147:  C:\Program Files (x86)\Microsoft SQL Server\110\Tools\Binn\ManagementStudio
147:  C:\Program Files (x86)\Microsoft SQL Server\110\DTS\Binn
147:  C:\ProgramData\chocolatey\bin
147:  C:\Program Files\nodejs
147:  C:\Program Files (x86)\nodejs
147:  C:\Program Files (x86)\Git\cmd
147:  C:\Program Files (x86)\Git\bin
147:  C:\Program Files\TortoiseGit\bin
147:  C:\Program Files (x86)\CMake\bin
147:  c:\bin
147:  C:/tools/ninja
147:  C:\Users\fbergman\AppData\Roaming\npm
147: Test timeout computed to be: 3000
147: 2*3+4 = 10
147/172 Test #147: test_cs_evaluateCustomMath .............   Passed    0.13 sec
test 148
        Start 148: test_cs_inlineInitialAssignments

148: Test command: C:\Development\libsbml-32\examples\csharp\inlineInitialAssignments.exe "C:/Development/libsbml/examples/sample-models/from-spec/level-3/enzymekinetics.xml" "inlineInitialAssignments.out.xml"
148: Environment variables: 
148:  PATH=C:/Development/libsbml-32/src/bindings/csharp
148:  C:/Development/libsbml-32/src/bindings/csharp
148:  c:\Program Files (x86)\Microsoft F#\v4.0
148:  c:\Program Files (x86)\Microsoft Visual Studio 10.0\VSTSDB\Deploy
148:  c:\Program Files (x86)\Microsoft Visual Studio 10.0\Common7\IDE
148:  c:\Program Files (x86)\Microsoft Visual Studio 10.0\VC\BIN
148:  c:\Program Files (x86)\Microsoft Visual Studio 10.0\Common7\Tools
148:  c:\Windows\Microsoft.NET\Framework\v4.0.30319
148:  c:\Windows\Microsoft.NET\Framework\v3.5
148:  c:\Program Files (x86)\Microsoft Visual Studio 10.0\VC\VCPackages
148:  C:\Program Files (x86)\HTML Help Workshop
148:  C:\Program Files (x86)\HTML Help Workshop
148:  c:\Program Files (x86)\Microsoft Visual Studio 10.0\Team Tools\Performance Tools
148:  C:\Program Files (x86)\Microsoft SDKs\Windows\v7.0A\bin\NETFX 4.0 Tools
148:  C:\Program Files (x86)\Microsoft SDKs\Windows\v7.0A\bin
148:  c:\Program Files (x86)\CMake 2.8\bin
148:  C:\Program Files (x86)\CMake\bin
148:  C:\Perl_516\site\bin
148:  C:\Perl_516\bin
148:  C:\Perl64_516\site\bin
148:  C:\Perl64_516\bin
148:  C:\Perl64\site\bin
148:  C:\Perl64\bin
148:  C:\Perl32\site\bin
148:  C:\Perl32\bin
148:  C:\Windows\system32
148:  C:\Windows
148:  C:\Windows\System32\Wbem
148:  C:\Windows\System32\WindowsPowerShell\v1.0
148:  C:\Program Files\MATLAB\R2014a\runtime\win64
148:  C:\Program Files\MATLAB\R2014a\bin
148:  C:\Program Files\MATLAB\R2011b\runtime\win64
148:  C:\Program Files\MATLAB\R2011b\bin
148:  C:\Program Files (x86)\MATLAB\R2011b\runtime\win32
148:  C:\Program Files (x86)\MATLAB\R2011b\bin
148:  c:\Program Files (x86)\Microsoft SQL Server\100\Tools\Binn
148:  c:\Program Files\Microsoft SQL Server\100\Tools\Binn
148:  c:\Program Files\Microsoft SQL Server\100\DTS\Binn
148:  C:\Program Files (x86)\CMake 2.8\bin
148:  C:\Program Files\TortoiseSVN\bin
148:  c:\Program Files (x86)\Microsoft ASP.NET\ASP.NET Web Pages\v1.0
148:  C:\Program Files\Microsoft\Web Platform Installer
148:  C:\Program Files\TortoiseHg
148:  C:\Program Files (x86)\Microsoft SQL Server\110\Tools\Binn
148:  C:\Program Files\Microsoft SQL Server\110\Tools\Binn
148:  C:\Program Files\Microsoft SQL Server\110\DTS\Binn
148:  C:\Program Files (x86)\Microsoft SQL Server\110\Tools\Binn\ManagementStudio
148:  C:\Program Files (x86)\Microsoft SQL Server\110\DTS\Binn
148:  C:\ProgramData\chocolatey\bin
148:  C:\Program Files\nodejs
148:  C:\Program Files (x86)\nodejs
148:  C:\Program Files (x86)\Git\cmd
148:  C:\Program Files (x86)\Git\bin
148:  C:\Program Files\TortoiseGit\bin
148:  C:\Program Files (x86)\CMake\bin
148:  c:\bin
148:  C:/tools/ninja
148:  C:\Users\fbergman\AppData\Roaming\npm
148: Test timeout computed to be: 3000
148/172 Test #148: test_cs_inlineInitialAssignments .......   Passed    0.12 sec
test 149
        Start 149: test_cs_replaceOneFD

149: Test command: C:\Development\libsbml-32\examples\csharp\replaceOneFD.exe "C:/Development/libsbml/examples/sample-models/from-spec/level-3/functiondef.xml" "f" "reaction_1" "replaceOneFD.out.xml"
149: Environment variables: 
149:  PATH=C:/Development/libsbml-32/src/bindings/csharp
149:  C:/Development/libsbml-32/src/bindings/csharp
149:  c:\Program Files (x86)\Microsoft F#\v4.0
149:  c:\Program Files (x86)\Microsoft Visual Studio 10.0\VSTSDB\Deploy
149:  c:\Program Files (x86)\Microsoft Visual Studio 10.0\Common7\IDE
149:  c:\Program Files (x86)\Microsoft Visual Studio 10.0\VC\BIN
149:  c:\Program Files (x86)\Microsoft Visual Studio 10.0\Common7\Tools
149:  c:\Windows\Microsoft.NET\Framework\v4.0.30319
149:  c:\Windows\Microsoft.NET\Framework\v3.5
149:  c:\Program Files (x86)\Microsoft Visual Studio 10.0\VC\VCPackages
149:  C:\Program Files (x86)\HTML Help Workshop
149:  C:\Program Files (x86)\HTML Help Workshop
149:  c:\Program Files (x86)\Microsoft Visual Studio 10.0\Team Tools\Performance Tools
149:  C:\Program Files (x86)\Microsoft SDKs\Windows\v7.0A\bin\NETFX 4.0 Tools
149:  C:\Program Files (x86)\Microsoft SDKs\Windows\v7.0A\bin
149:  c:\Program Files (x86)\CMake 2.8\bin
149:  C:\Program Files (x86)\CMake\bin
149:  C:\Perl_516\site\bin
149:  C:\Perl_516\bin
149:  C:\Perl64_516\site\bin
149:  C:\Perl64_516\bin
149:  C:\Perl64\site\bin
149:  C:\Perl64\bin
149:  C:\Perl32\site\bin
149:  C:\Perl32\bin
149:  C:\Windows\system32
149:  C:\Windows
149:  C:\Windows\System32\Wbem
149:  C:\Windows\System32\WindowsPowerShell\v1.0
149:  C:\Program Files\MATLAB\R2014a\runtime\win64
149:  C:\Program Files\MATLAB\R2014a\bin
149:  C:\Program Files\MATLAB\R2011b\runtime\win64
149:  C:\Program Files\MATLAB\R2011b\bin
149:  C:\Program Files (x86)\MATLAB\R2011b\runtime\win32
149:  C:\Program Files (x86)\MATLAB\R2011b\bin
149:  c:\Program Files (x86)\Microsoft SQL Server\100\Tools\Binn
149:  c:\Program Files\Microsoft SQL Server\100\Tools\Binn
149:  c:\Program Files\Microsoft SQL Server\100\DTS\Binn
149:  C:\Program Files (x86)\CMake 2.8\bin
149:  C:\Program Files\TortoiseSVN\bin
149:  c:\Program Files (x86)\Microsoft ASP.NET\ASP.NET Web Pages\v1.0
149:  C:\Program Files\Microsoft\Web Platform Installer
149:  C:\Program Files\TortoiseHg
149:  C:\Program Files (x86)\Microsoft SQL Server\110\Tools\Binn
149:  C:\Program Files\Microsoft SQL Server\110\Tools\Binn
149:  C:\Program Files\Microsoft SQL Server\110\DTS\Binn
149:  C:\Program Files (x86)\Microsoft SQL Server\110\Tools\Binn\ManagementStudio
149:  C:\Program Files (x86)\Microsoft SQL Server\110\DTS\Binn
149:  C:\ProgramData\chocolatey\bin
149:  C:\Program Files\nodejs
149:  C:\Program Files (x86)\nodejs
149:  C:\Program Files (x86)\Git\cmd
149:  C:\Program Files (x86)\Git\bin
149:  C:\Program Files\TortoiseGit\bin
149:  C:\Program Files (x86)\CMake\bin
149:  c:\bin
149:  C:/tools/ninja
149:  C:\Users\fbergman\AppData\Roaming\npm
149: Test timeout computed to be: 3000
149/172 Test #149: test_cs_replaceOneFD ...................   Passed    0.14 sec
test 150
        Start 150: test_java_addCVTerms

150: Test command: "C:\Program Files (x86)\Java\jdk1.7.0_05\bin\java.exe" "-cp" ".;C:\Development\libsbml-32\examples\java\..\..\src\bindings\java\libsbmlj.jar;" "-Djava.library.path=C:/Development/libsbml-32/src/bindings/java" "addCVTerms" "C:/Development/libsbml/examples/sample-models/from-spec/level-3/enzymekinetics.xml" "addCVTerms.out.xml"
150: Test timeout computed to be: 3000
150/172 Test #150: test_java_addCVTerms ...................   Passed    0.16 sec
test 151
        Start 151: test_java_addingEvidenceCodes_1

151: Test command: "C:\Program Files (x86)\Java\jdk1.7.0_05\bin\java.exe" "-cp" ".;C:\Development\libsbml-32\examples\java\..\..\src\bindings\java\libsbmlj.jar;" "-Djava.library.path=C:/Development/libsbml-32/src/bindings/java" "addingEvidenceCodes_1" "C:/Development/libsbml/examples/sample-models/from-spec/level-3/enzymekinetics.xml" "addingEvidenceCodes_1.out.xml"
151: Test timeout computed to be: 3000
151/172 Test #151: test_java_addingEvidenceCodes_1 ........   Passed    0.14 sec
test 152
        Start 152: test_java_addingEvidenceCodes_2

152: Test command: "C:\Program Files (x86)\Java\jdk1.7.0_05\bin\java.exe" "-cp" ".;C:\Development\libsbml-32\examples\java\..\..\src\bindings\java\libsbmlj.jar;" "-Djava.library.path=C:/Development/libsbml-32/src/bindings/java" "addingEvidenceCodes_2" "C:/Development/libsbml/examples/sample-models/from-spec/level-3/enzymekinetics.xml" "addingEvidenceCodes_2.out.xml"
152: Test timeout computed to be: 3000
152/172 Test #152: test_java_addingEvidenceCodes_2 ........   Passed    0.16 sec
test 153
        Start 153: test_java_addModelHistory

153: Test command: "C:\Program Files (x86)\Java\jdk1.7.0_05\bin\java.exe" "-cp" ".;C:\Development\libsbml-32\examples\java\..\..\src\bindings\java\libsbmlj.jar;" "-Djava.library.path=C:/Development/libsbml-32/src/bindings/java" "addModelHistory" "C:/Development/libsbml/examples/sample-models/from-spec/level-3/enzymekinetics.xml" "addModelHistory.out.xml"
153: Test timeout computed to be: 3000
153/172 Test #153: test_java_addModelHistory ..............   Passed    0.14 sec
test 154
        Start 154: test_java_appendAnnotation

154: Test command: "C:\Program Files (x86)\Java\jdk1.7.0_05\bin\java.exe" "-cp" ".;C:\Development\libsbml-32\examples\java\..\..\src\bindings\java\libsbmlj.jar;" "-Djava.library.path=C:/Development/libsbml-32/src/bindings/java" "appendAnnotation" "C:/Development/libsbml/examples/sample-models/from-spec/level-3/enzymekinetics.xml" "appendAnnotation.out.xml"
154: Test timeout computed to be: 3000
154/172 Test #154: test_java_appendAnnotation .............   Passed    0.14 sec
test 155
        Start 155: test_java_createExampleSBML

155: Test command: "C:\Program Files (x86)\Java\jdk1.7.0_05\bin\java.exe" "-cp" ".;C:\Development\libsbml-32\examples\java\..\..\src\bindings\java\libsbmlj.jar;" "-Djava.library.path=C:/Development/libsbml-32/src/bindings/java" "createExampleSBML" "C:/Development/libsbml/examples/sample-models/from-spec/level-3/enzymekinetics.xml" "createExampleSBML.out.xml"
155: Test timeout computed to be: 3000
155: Wrote file "enzymaticreaction.xml"
155: Wrote file "units.xml"
155: 
155: 
155: Notice: encountered 1 validation warning in model 'functionExample'.
155: 
155: line 1: (99505 [Warning]) In situations where a mathematical expression contains literal numbers or parameters whose units have not been declared, it is not possible to verify accurately the consistency of the units in the expression. 
155:  The units of the <kineticLaw> <math> expression 'f(S1) * compartmentOne / t' cannot be fully checked. Unit consistency reported as either no errors or further unit errors related to this object may not be accurate.
155: 
155: 
155: Wrote file "functiondef.xml"
155/172 Test #155: test_java_createExampleSBML ............   Passed    0.19 sec
test 156
        Start 156: test_java_echoSBML

156: Test command: "C:\Program Files (x86)\Java\jdk1.7.0_05\bin\java.exe" "-cp" ".;C:\Development\libsbml-32\examples\java\..\..\src\bindings\java\libsbmlj.jar;" "-Djava.library.path=C:/Development/libsbml-32/src/bindings/java" "echoSBML" "C:/Development/libsbml/examples/sample-models/from-spec/level-3/enzymekinetics.xml" "echoSBML.out.xml"
156: Test timeout computed to be: 3000
156/172 Test #156: test_java_echoSBML .....................   Passed    0.21 sec
test 157
        Start 157: test_java_evaluateCustomMath

157: Test command: "C:\Program Files (x86)\Java\jdk1.7.0_05\bin\java.exe" "-cp" ".;C:\Development\libsbml-32\examples\java\..\..\src\bindings\java\libsbmlj.jar;" "-Djava.library.path=C:/Development/libsbml-32/src/bindings/java" "evaluateCustomMath" "2*3+4" "C:/Development/libsbml/examples/sample-models/from-spec/level-3/enzymekinetics.xml"
157: Test timeout computed to be: 3000
157: 2*3+4 = 10.0
157/172 Test #157: test_java_evaluateCustomMath ...........   Passed    0.23 sec
test 158
        Start 158: test_java_getAllElementsWithNotes

158: Test command: "C:\Program Files (x86)\Java\jdk1.7.0_05\bin\java.exe" "-cp" ".;C:\Development\libsbml-32\examples\java\..\..\src\bindings\java\libsbmlj.jar;" "-Djava.library.path=C:/Development/libsbml-32/src/bindings/java" "getAllElementsWithNotes" "C:/Development/libsbml/examples/sample-models/from-spec/level-3/enzymekinetics.xml"
158: Test timeout computed to be: 3000
158: Using libSBML : 5.16.1
158: 
158:             filename: C:/Development/libsbml/examples/sample-models/from-spec/level-3/enzymekinetics.xml
158:       read time (ms): 3
158:     searching ......:
158:   seaching took (ms): 6
158:  elements with notes: 0
158/172 Test #158: test_java_getAllElementsWithNotes ......   Passed    0.17 sec
test 159
        Start 159: test_java_inlineInitialAssignments

159: Test command: "C:\Program Files (x86)\Java\jdk1.7.0_05\bin\java.exe" "-cp" ".;C:\Development\libsbml-32\examples\java\..\..\src\bindings\java\libsbmlj.jar;" "-Djava.library.path=C:/Development/libsbml-32/src/bindings/java" "inlineInitialAssignments" "C:/Development/libsbml/examples/sample-models/from-spec/level-3/enzymekinetics.xml" "inlineInitialAssignments.out.xml"
159: Test timeout computed to be: 3000
159/172 Test #159: test_java_inlineInitialAssignments .....   Passed    0.14 sec
test 160
        Start 160: test_java_printAnnotation

160: Test command: "C:\Program Files (x86)\Java\jdk1.7.0_05\bin\java.exe" "-cp" ".;C:\Development\libsbml-32\examples\java\..\..\src\bindings\java\libsbmlj.jar;" "-Djava.library.path=C:/Development/libsbml-32/src/bindings/java" "printAnnotation" "C:/Development/libsbml/examples/sample-models/from-spec/level-3/enzymekinetics.xml"
160: Test timeout computed to be: 3000
160: 
160: filename: C:/Development/libsbml/examples/sample-models/from-spec/level-3/enzymekinetics.xml
160: 
160/172 Test #160: test_java_printAnnotation ..............   Passed    0.21 sec
test 161
        Start 161: test_java_printMath

161: Test command: "C:\Program Files (x86)\Java\jdk1.7.0_05\bin\java.exe" "-cp" ".;C:\Development\libsbml-32\examples\java\..\..\src\bindings\java\libsbmlj.jar;" "-Djava.library.path=C:/Development/libsbml-32/src/bindings/java" "printMath" "C:/Development/libsbml/examples/sample-models/from-spec/level-3/enzymekinetics.xml"
161: Test timeout computed to be: 3000
161: File: C:/Development/libsbml/examples/sample-models/from-spec/level-3/enzymekinetics.xml (Level 3, version 1)
161: Reaction 1, formula: comp * (kon * E * S - koff * ES)
161: 
161: Reaction 2, formula: comp * kcat * ES
161: 
161/172 Test #161: test_java_printMath ....................   Passed    0.14 sec
test 162
        Start 162: test_java_printNotes

162: Test command: "C:\Program Files (x86)\Java\jdk1.7.0_05\bin\java.exe" "-cp" ".;C:\Development\libsbml-32\examples\java\..\..\src\bindings\java\libsbmlj.jar;" "-Djava.library.path=C:/Development/libsbml-32/src/bindings/java" "printNotes" "C:/Development/libsbml/examples/sample-models/from-spec/level-3/enzymekinetics.xml"
162: Test timeout computed to be: 3000
162: 
162: filename: C:/Development/libsbml/examples/sample-models/from-spec/level-3/enzymekinetics.xml
162: 
162/172 Test #162: test_java_printNotes ...................   Passed    0.15 sec
test 163
        Start 163: test_java_printRegisteredPackages

163: Test command: "C:\Program Files (x86)\Java\jdk1.7.0_05\bin\java.exe" "-cp" ".;C:\Development\libsbml-32\examples\java\..\..\src\bindings\java\libsbmlj.jar;" "-Djava.library.path=C:/Development/libsbml-32/src/bindings/java" "printRegisteredPackages"
163: Test timeout computed to be: 3000
163: This version of LibSBML: 5.16.1 includes: 
163: 	comp
163: 	fbc
163: 	groups
163: 	layout
163: 	render
163: 	multi
163: 	qual
163: 
163/172 Test #163: test_java_printRegisteredPackages ......   Passed    0.14 sec
test 164
        Start 164: test_java_printSBML

164: Test command: "C:\Program Files (x86)\Java\jdk1.7.0_05\bin\java.exe" "-cp" ".;C:\Development\libsbml-32\examples\java\..\..\src\bindings\java\libsbmlj.jar;" "-Djava.library.path=C:/Development/libsbml-32/src/bindings/java" "printSBML" "C:/Development/libsbml/examples/sample-models/from-spec/level-3/enzymekinetics.xml"
164: Test timeout computed to be: 3000
164: File: C:/Development/libsbml/examples/sample-models/from-spec/level-3/enzymekinetics.xml (Level 3, version 1)
164: 
164:   model id: (empty)
164: functionDefinitions: 0
164:     unitDefinitions: 2
164:        compartments: 1
164:             species: 4
164:          parameters: 0
164:           reactions: 2
164:               rules: 0
164:              events: 0
164/172 Test #164: test_java_printSBML ....................   Passed    0.15 sec
test 165
        Start 165: test_java_printsupported

165: Test command: "C:\Program Files (x86)\Java\jdk1.7.0_05\bin\java.exe" "-cp" ".;C:\Development\libsbml-32\examples\java\..\..\src\bindings\java\libsbmlj.jar;" "-Djava.library.path=C:/Development/libsbml-32/src/bindings/java" "printsupported"
165: Test timeout computed to be: 3000
165: Supported by LibSBML 5.16.1
165: 
165: 	SBML Level: 1 Version: 1
165: 	SBML Level: 1 Version: 2
165: 	SBML Level: 2 Version: 1
165: 	SBML Level: 2 Version: 2
165: 	SBML Level: 2 Version: 3
165: 	SBML Level: 2 Version: 4
165: 	SBML Level: 2 Version: 5
165: 	SBML Level: 3 Version: 1
165: 	SBML Level: 3 Version: 2
165: 
165/172 Test #165: test_java_printsupported ...............   Passed    0.14 sec
test 166
        Start 166: test_java_printUnits

166: Test command: "C:\Program Files (x86)\Java\jdk1.7.0_05\bin\java.exe" "-cp" ".;C:\Development\libsbml-32\examples\java\..\..\src\bindings\java\libsbmlj.jar;" "-Djava.library.path=C:/Development/libsbml-32/src/bindings/java" "printUnits" "C:/Development/libsbml/examples/sample-models/from-spec/level-3/enzymekinetics.xml"
166: Test timeout computed to be: 3000
166: Compartment #1 --
166:   id in model: comp
166: litre(exponent = 1)
166: 
166: Species #1 --
166:   id in model: E
166: mole(exponent = 1), litre(exponent = -1)
166: 
166: Species #2 --
166:   id in model: S
166: mole(exponent = 1), litre(exponent = -1)
166: 
166: Species #3 --
166:   id in model: P
166: mole(exponent = 1), litre(exponent = -1)
166: 
166: Species #4 --
166:   id in model: ES
166: mole(exponent = 1), litre(exponent = -1)
166: 
166: Reaction #1 --
166:   id in model: veq
166: second(exponent = -1), mole(exponent = 1)
166: 
166:  undeclared parameters?: no
166: 
166: Reaction #2 --
166:   id in model: vcat
166: second(exponent = -1), mole(exponent = 1)
166: 
166:  undeclared parameters?: no
166: 
166/172 Test #166: test_java_printUnits ...................   Passed    0.15 sec
test 167
        Start 167: test_java_promoteParameters

167: Test command: "C:\Program Files (x86)\Java\jdk1.7.0_05\bin\java.exe" "-cp" ".;C:\Development\libsbml-32\examples\java\..\..\src\bindings\java\libsbmlj.jar;" "-Djava.library.path=C:/Development/libsbml-32/src/bindings/java" "promoteParameters" "C:/Development/libsbml/examples/sample-models/from-spec/level-3/enzymekinetics.xml" "promoteParameters.out.xml"
167: Test timeout computed to be: 3000
167/172 Test #167: test_java_promoteParameters ............   Passed    0.18 sec
test 168
        Start 168: test_java_readSBML

168: Test command: "C:\Program Files (x86)\Java\jdk1.7.0_05\bin\java.exe" "-cp" ".;C:\Development\libsbml-32\examples\java\..\..\src\bindings\java\libsbmlj.jar;" "-Djava.library.path=C:/Development/libsbml-32/src/bindings/java" "readSBML" "C:/Development/libsbml/examples/sample-models/from-spec/level-3/enzymekinetics.xml"
168: Test timeout computed to be: 3000
168:         filename: C:/Development/libsbml/examples/sample-models/from-spec/level-3/enzymekinetics.xml
168:        file size: 3930
168:   read time (ms): 4
168:         error(s): 0
168/172 Test #168: test_java_readSBML .....................   Passed    0.20 sec
test 169
        Start 169: test_java_replaceOneFD

169: Test command: "C:\Program Files (x86)\Java\jdk1.7.0_05\bin\java.exe" "-cp" ".;C:\Development\libsbml-32\examples\java\..\..\src\bindings\java\libsbmlj.jar;" "-Djava.library.path=C:/Development/libsbml-32/src/bindings/java" "replaceOneFD" "C:/Development/libsbml/examples/sample-models/from-spec/level-3/functiondef.xml" "f" "reaction_1" "replaceOneFD.out.xml"
169: Test timeout computed to be: 3000
169/172 Test #169: test_java_replaceOneFD .................   Passed    0.15 sec
test 170
        Start 170: test_java_setIdFromNames

170: Test command: "C:\Program Files (x86)\Java\jdk1.7.0_05\bin\java.exe" "-cp" ".;C:\Development\libsbml-32\examples\java\..\..\src\bindings\java\libsbmlj.jar;" "-Djava.library.path=C:/Development/libsbml-32/src/bindings/java" "setIdFromNames" "C:/Development/libsbml/examples/sample-models/from-spec/level-3/enzymekinetics.xml" "setIdFromNames.out.xml"
170: Test timeout computed to be: 3000
170: Using libSBML : 5.16.1
170: 
170:             filename: C:/Development/libsbml/examples/sample-models/from-spec/level-3/enzymekinetics.xml
170:       read time (ms): 3
170:     rename time (ms): 1
170:      write time (ms): 2
170: 
170/172 Test #170: test_java_setIdFromNames ...............   Passed    0.14 sec
test 171
        Start 171: test_java_stripPackage

171: Test command: "C:\Program Files (x86)\Java\jdk1.7.0_05\bin\java.exe" "-cp" ".;C:\Development\libsbml-32\examples\java\..\..\src\bindings\java\libsbmlj.jar;" "-Djava.library.path=C:/Development/libsbml-32/src/bindings/java" "stripPackage" "C:/Development/libsbml/examples/sample-models/fbc/fbc_example1.xml" "fbc" "stripPackage.out.xml"
171: Test timeout computed to be: 3000
171/172 Test #171: test_java_stripPackage .................   Passed    0.15 sec
test 172
        Start 172: test_java_unsetAnnotation

172: Test command: "C:\Program Files (x86)\Java\jdk1.7.0_05\bin\java.exe" "-cp" ".;C:\Development\libsbml-32\examples\java\..\..\src\bindings\java\libsbmlj.jar;" "-Djava.library.path=C:/Development/libsbml-32/src/bindings/java" "unsetAnnotation" "C:/Development/libsbml/examples/sample-models/from-spec/level-3/enzymekinetics.xml" "unsetAnnotation.out.xml"
172: Test timeout computed to be: 3000
172/172 Test #172: test_java_unsetAnnotation ..............   Passed    0.14 sec

100% tests passed, 0 tests failed out of 172

Total Test time (real) = 189.13 sec
Finished Tests: Sun 01/28/2018  1:41:57.20 
