Starting Tests: Mon 12/03/2018  3:24:57.91 
UpdateCTestConfiguration  from :C:/Development/libsbml-64-packages/DartConfiguration.tcl
Parse Config file:C:/Development/libsbml-64-packages/DartConfiguration.tcl
UpdateCTestConfiguration  from :C:/Development/libsbml-64-packages/DartConfiguration.tcl
Parse Config file:C:/Development/libsbml-64-packages/DartConfiguration.tcl
Test project C:/Development/libsbml-64-packages
Constructing a list of tests
Done constructing a list of tests
Updating test list for fixtures
Added 0 tests to meet fixture requirements
Checking test dependency graph...
Checking test dependency graph end
test 1
        Start   1: test_extension_package_arrays_run

1: Test command: C:\Development\libsbml-64-packages\src\sbml\packages\arrays\extension\test\Release\test_extension_package_arrays.exe
1: Environment variables: 
1:  srcdir=C:/Development/libsbml-with-packages/src/sbml/packages/arrays/extension/test
1: Test timeout computed to be: 3000
1: Running suite(s): ArraysExtension
1:  WriteArraysExtension
1:  ReadArraysExtension
1:  ReadMathML
1:  WriteMathMLFromAST
1:  ArrayInfixParsing
1:  ArrayInfixWriting
1:  ArrayInfixToMathML
1: 100%: Checks: 68, Failures: 0, Errors: 0
  1/185 Test   #1: test_extension_package_arrays_run .............   Passed    0.09 sec
test 2
        Start   2: test_arrays_util_run

2: Test command: C:\Development\libsbml-64-packages\src\sbml\packages\arrays\util\test\Release\test_arrays_util.exe
2: Environment variables: 
2:  srcdir=C:/Development/libsbml-with-packages/src/sbml/packages/arrays/util/test
2: Test timeout computed to be: 3000
2: Running suite(s): SBMLArraysFlatteningConverter
2: 100%: Checks: 19, Failures: 0, Errors: 0
  2/185 Test   #2: test_arrays_util_run ..........................   Passed    0.09 sec
test 3
        Start   3: test_comp_extensions_run

3: Test command: C:\Development\libsbml-64-packages\src\sbml\packages\comp\extension\test\Release\test_comp_extensions.exe
3: Environment variables: 
3:  srcdir=C:/Development/libsbml-with-packages/src/sbml/packages/comp/extension/test
3: Test timeout computed to be: 3000
3: Running suite(s): SBMLCompExtensionObjects
3:  TestMultipleNamespaces
3:  SBMLCompCheckConsistency
3: 100%: Checks: 14, Failures: 0, Errors: 0
  3/185 Test   #3: test_comp_extensions_run ......................   Passed    0.33 sec
test 4
        Start   4: test_comp_sbase_run

4: Test command: C:\Development\libsbml-64-packages\src\sbml\packages\comp\sbml\test\Release\test_comp_sbase.exe
4: Environment variables: 
4:  srcdir=C:/Development/libsbml-with-packages/src/sbml/packages/comp/sbml/test
4: Test timeout computed to be: 3000
4: Running suite(s): SBMLCompSBaseObjects
4:  SBMLCompIdNamspace
4:  SBMLCompSBaseObjects
4:  comp_deletion
4:  comp_externalModelDefinition
4:  comp_modelDefinition
4:  comp_port
4:  comp_replacedBy
4:  comp_replacedElement
4:  comp_sBaseRef
4:  comp_submodel
4: 100%: Checks: 94, Failures: 0, Errors: 0
  4/185 Test   #4: test_comp_sbase_run ...........................   Passed    0.16 sec
test 5
        Start   5: test_comp_util_run

5: Test command: C:\Development\libsbml-64-packages\src\sbml\packages\comp\util\test\Release\test_comp_util.exe
5: Environment variables: 
5:  srcdir=C:/Development/libsbml-with-packages/src/sbml/packages/comp/util/test
5: Test timeout computed to be: 3000
5: Running suite(s): SBMLCompURIResolvers
5:  SBMLCompLevelVersionConversion
5:  SBMLCompFlatteningUnknownPackageRefs
5:  SBMLCompFlatteningErrorMessages
5:  SBMLCompFlatteningConverter
5:  ExternalModelResolving
5:  SBMLCompFlatteningNewFlags
5:  SBMLCompFlatteningConverterStripPackage
5: 100%: Checks: 356, Failures: 0, Errors: 0
  5/185 Test   #5: test_comp_util_run ............................   Passed    3.10 sec
test 6
        Start   6: test_comp_validator_run

6: Test command: C:\Development\libsbml-64-packages\src\sbml\packages\comp\validator\test\Release\test_comp_validator.exe "C:/Development/libsbml-with-packages/src/sbml/packages/comp/validator/test"
6: Environment variables: 
6:  srcdir=C:/Development/libsbml-with-packages/src/sbml/packages/comp/validator/test
6: Test timeout computed to be: 3000
6: 
6: Validator testrunner
6: ====================
6: using test data from           : C:/Development/libsbml-with-packages/src/sbml/packages/comp/validator/test/test-data
6: 
6: Testing General XML Consistency Constraints (20000 - 29999).
6: 100%: Checks: 280, Failures: 0
6: Testing Id Consistency Constraints (10300 - 10399).
6: 100%: Checks: 14, Failures: 0
6: Testing Unit Consistency Constraints (10500 - 10599).
6: 100%: Checks: 22, Failures: 0
  6/185 Test   #6: test_comp_validator_run .......................   Passed    0.62 sec
test 7
        Start   7: test_extension_package_distrib_run

7: Test command: C:\Development\libsbml-64-packages\src\sbml\packages\distrib\extension\test\Release\test_extension_package_distrib.exe
7: Environment variables: 
7:  srcdir=C:/Development/libsbml-with-packages/src/sbml/packages/distrib/extension/test
7: Test timeout computed to be: 3000
7: Running suite(s): DistribExtension
7:  ReadMathML
7:  WriteMathMLFromAST
7: 100%: Checks: 32, Failures: 0, Errors: 0
  7/185 Test   #7: test_extension_package_distrib_run ............   Passed    0.06 sec
test 8
        Start   8: test_sbml_package_distrib_run

8: Test command: C:\Development\libsbml-64-packages\src\sbml\packages\distrib\sbml\test\Release\test_sbml_package_distrib.exe
8: Environment variables: 
8:  srcdir=C:/Development/libsbml-with-packages/src/sbml/packages/distrib/sbml/test
8: Test timeout computed to be: 3000
8: Running suite(s): TestUncertBound
8:  TestExternalParameters
8:  TestUncertStats
8:  TestIdName
8: 100%: Checks: 17, Failures: 0, Errors: 0
  8/185 Test   #8: test_sbml_package_distrib_run .................   Passed    0.08 sec
test 9
        Start   9: test_distrib_util_run

9: Test command: C:\Development\libsbml-64-packages\src\sbml\packages\distrib\util\test\Release\test_distrib_util.exe
9: Environment variables: 
9:  srcdir=C:/Development/libsbml-with-packages/src/sbml/packages/distrib/util/test
9: Test timeout computed to be: 3000
9: Running suite(s): SBMLDistribAnnotationConverter
9: 100%: Checks: 24, Failures: 0, Errors: 0
  9/185 Test   #9: test_distrib_util_run .........................   Passed    0.08 sec
test 10
        Start  10: test_distrib_validator_run

10: Test command: C:\Development\libsbml-64-packages\src\sbml\packages\distrib\validator\test\Release\test_distrib_validator.exe "C:/Development/libsbml-with-packages/src/sbml/packages/distrib/validator/test"
10: Environment variables: 
10:  srcdir=C:/Development/libsbml-with-packages/src/sbml/packages/distrib/validator/test
10: Test timeout computed to be: 3000
10: 
10: Validator testrunner
10: ====================
10: using test data from           : C:/Development/libsbml-with-packages/src/sbml/packages/distrib/validator/test/test-data
10: 
10: Testing General XML Consistency Constraints (20000 - 29999).
10: 100%: Checks: 5, Failures: 0
10: Testing Id Consistency Constraints (10300 - 10399).
10: 100%: Checks: 19, Failures: 0
 10/185 Test  #10: test_distrib_validator_run ....................   Passed    0.06 sec
test 11
        Start  11: test_extension_package_dyn_run

11: Test command: C:\Development\libsbml-64-packages\src\sbml\packages\dyn\extension\test\Release\test_extension_package_dyn.exe
11: Environment variables: 
11:  srcdir=C:/Development/libsbml-with-packages/src/sbml/packages/dyn/extension/test
11: Test timeout computed to be: 3000
11: Running suite(s): DynExtension
11:  WriteDynExtension
11:  ReadDynExtension
11: 100%: Checks: 15, Failures: 0, Errors: 0
 11/185 Test  #11: test_extension_package_dyn_run ................   Passed    0.06 sec
test 12
        Start  12: test_sbml_package_fbc_run

12: Test command: C:\Development\libsbml-64-packages\src\sbml\packages\fbc\extension\test\Release\test_sbml_package_fbc.exe
12: Environment variables: 
12:  srcdir=C:/Development/libsbml-with-packages/src/sbml/packages/fbc/extension/test
12: Test timeout computed to be: 3000
12: Running suite(s): FbcExtension
12:  WriteFbcExtension
12:  ReadFbcExtension
12:  FbcAssociation
12: 100%: Checks: 36, Failures: 0, Errors: 0
 12/185 Test  #12: test_sbml_package_fbc_run .....................   Passed    0.11 sec
test 13
        Start  13: test_fbc_validator_run

13: Test command: C:\Development\libsbml-64-packages\src\sbml\packages\fbc\validator\test\Release\test_fbc_validator.exe "C:/Development/libsbml-with-packages/src/sbml/packages/fbc/validator/test"
13: Environment variables: 
13:  srcdir=C:/Development/libsbml-with-packages/src/sbml/packages/fbc/validator/test
13: Test timeout computed to be: 3000
13: 
13: Validator testrunner
13: ====================
13: using test data from           : C:/Development/libsbml-with-packages/src/sbml/packages/fbc/validator/test/test-data
13: 
13: Testing General XML Consistency Constraints (20000 - 29999).
13: 100%: Checks: 170, Failures: 0
13: Testing Id Consistency Constraints (10300 - 10399).
13: 100%: Checks: 11, Failures: 0
 13/185 Test  #13: test_fbc_validator_run ........................   Passed    0.41 sec
test 14
        Start  14: test_extension_package_groups_run

14: Test command: C:\Development\libsbml-64-packages\src\sbml\packages\groups\extension\test\Release\test_extension_package_groups.exe
14: Environment variables: 
14:  srcdir=C:/Development/libsbml-with-packages/src/sbml/packages/groups/extension/test
14: Test timeout computed to be: 3000
14: Running suite(s): GroupsExtension
14:  WriteGroupsExtension
14:  ReadGroupsExtension
14:  GroupsModelPlugin
14: 100%: Checks: 25, Failures: 0, Errors: 0
 14/185 Test  #14: test_extension_package_groups_run .............   Passed    0.06 sec
test 15
        Start  15: test_groups_validator_run

15: Test command: C:\Development\libsbml-64-packages\src\sbml\packages\groups\validator\test\Release\test_groups_validator.exe "C:/Development/libsbml-with-packages/src/sbml/packages/groups/validator/test"
15: Environment variables: 
15:  srcdir=C:/Development/libsbml-with-packages/src/sbml/packages/groups/validator/test
15: Test timeout computed to be: 3000
15: 
15: Validator testrunner
15: ====================
15: using test data from           : C:/Development/libsbml-with-packages/src/sbml/packages/groups/validator/test/test-data
15: 
15: Testing General XML Consistency Constraints (20000 - 29999).
15: 100%: Checks: 95, Failures: 0
15: Testing Id Consistency Constraints (10300 - 10399).
15: 100%: Checks: 11, Failures: 0
 15/185 Test  #15: test_groups_validator_run .....................   Passed    0.08 sec
test 16
        Start  16: test_l3v2extendedmath_validator_run

16: Test command: C:\Development\libsbml-64-packages\src\sbml\packages\l3v2extendedmath\validator\test\Release\test_l3v2extendedmath_validator.exe "C:/Development/libsbml-with-packages/src/sbml/packages/l3v2extendedmath/validator/test"
16: Environment variables: 
16:  srcdir=C:/Development/libsbml-with-packages/src/sbml/packages/l3v2extendedmath/validator/test
16: Test timeout computed to be: 3000
16: 
16: Validator testrunner
16: ====================
16: using test data from           : C:/Development/libsbml-with-packages/src/sbml/packages/l3v2extendedmath/validator/test/test-data
16: 
16: Testing MathML Consistency Constraints (10200 - 10299).
16: 100%: Checks: 4, Failures: 0
16: Testing Unit Consistency Constraints (10500 - 10599).
16: 100%: Checks: 6, Failures: 0
 16/185 Test  #16: test_l3v2extendedmath_validator_run ...........   Passed    0.03 sec
test 17
        Start  17: test_extension_package_l3v2extendedmath_run

17: Test command: C:\Development\libsbml-64-packages\src\sbml\packages\l3v2extendedmath\extension\test\Release\test_extension_package_l3v2extendedmath.exe
17: Environment variables: 
17:  srcdir=C:/Development/libsbml-with-packages/src/sbml/packages/l3v2extendedmath/extension/test
17: Test timeout computed to be: 3000
17: Running suite(s): L3v2EMExtension
17:  WriteL3v2EMExtension
17:  ReadL3v2EMExtension
17: 100%: Checks: 12, Failures: 0, Errors: 0
 17/185 Test  #17: test_extension_package_l3v2extendedmath_run ...   Passed    0.05 sec
test 18
        Start  18: test_sbml_package_layout_run

18: Test command: C:\Development\libsbml-64-packages\src\sbml\packages\layout\sbml\test\Release\test_sbml_package_layout.exe
18: Environment variables: 
18:  srcdir=C:/Development/libsbml-with-packages/src/sbml/packages/layout/sbml/test
18: Test timeout computed to be: 3000
18: Running suite(s): Point
18:  Dimensions
18:  BoundingBox
18:  LineSegment
18:  CubicBezier
18:  Curve
18:  GraphicalObject
18:  CompartmentGlyph
18:  SpeciesGlyph
18:  ReactionGlyph
18:  GeneralGlyph
18:  ReferenceGlyph
18:  SpeciesReferenceGlyph
18:  TextGlyph
18:  Layout
18:  LayoutCreation
18:  LayoutFormatter
18:  SBMLHandler
18:  LayoutWriting
18: 100%: Checks: 288, Failures: 0, Errors: 0
 18/185 Test  #18: test_sbml_package_layout_run ..................   Passed    0.55 sec
test 19
        Start  19: test_layout_validator_run

19: Test command: C:\Development\libsbml-64-packages\src\sbml\packages\layout\validator\test\Release\test_layout_validator.exe "C:/Development/libsbml-with-packages/src/sbml/packages/layout/validator/test"
19: Environment variables: 
19:  srcdir=C:/Development/libsbml-with-packages/src/sbml/packages/layout/validator/test
19: Test timeout computed to be: 3000
19: 
19: Validator testrunner
19: ====================
19: using test data from           : C:/Development/libsbml-with-packages/src/sbml/packages/layout/validator/test/test-data
19: 
19: Testing General XML Consistency Constraints (20000 - 29999).
19: 100%: Checks: 223, Failures: 0
19: Testing Id Consistency Constraints (10300 - 10399).
19: 100%: Checks: 18, Failures: 0
 19/185 Test  #19: test_layout_validator_run .....................   Passed    0.81 sec
test 20
        Start  20: test_sbml_package_multi_run

20: Test command: C:\Development\libsbml-64-packages\src\sbml\packages\multi\extension\test\Release\test_sbml_package_multi.exe
20: Environment variables: 
20:  srcdir=C:/Development/libsbml-with-packages/src/sbml/packages/multi/extension/test
20: Test timeout computed to be: 3000
20: Running suite(s): MultiExtension
20:  MultiCheckConsistency
20:  MultiAST
20: 100%: Checks: 16, Failures: 0, Errors: 0
 20/185 Test  #20: test_sbml_package_multi_run ...................   Passed    0.05 sec
test 21
        Start  21: test_multi_validator_run

21: Test command: C:\Development\libsbml-64-packages\src\sbml\packages\multi\validator\test\Release\test_multi_validator.exe "C:/Development/libsbml-with-packages/src/sbml/packages/multi/validator/test"
21: Environment variables: 
21:  srcdir=C:/Development/libsbml-with-packages/src/sbml/packages/multi/validator/test
21: Test timeout computed to be: 3000
21: 
21: Validator testrunner
21: ====================
21: using test data from           : C:/Development/libsbml-with-packages/src/sbml/packages/multi/validator/test/test-data
21: 
21: Testing MathML Consistency Constraints (10200 - 10299).
21: 100%: Checks: 5, Failures: 0
21: Testing General XML Consistency Constraints (20000 - 29999).
21: 100%: Checks: 123, Failures: 0
21: Testing Id Consistency Constraints (10300 - 10999).
21: 100%: Checks: 16, Failures: 0
 21/185 Test  #21: test_multi_validator_run ......................   Passed    0.14 sec
test 22
        Start  22: test_extension_package_qual_run

22: Test command: C:\Development\libsbml-64-packages\src\sbml\packages\qual\extension\test\Release\test_extension_package_qual.exe
22: Environment variables: 
22:  srcdir=C:/Development/libsbml-with-packages/src/sbml/packages/qual/extension/test
22: Test timeout computed to be: 3000
22: Running suite(s): QualExtension
22:  WriteQualExtension
22:  ReadQualExtension
22:  GetAllElements
22: 100%: Checks: 20, Failures: 0, Errors: 0
 22/185 Test  #22: test_extension_package_qual_run ...............   Passed    0.05 sec
test 23
        Start  23: test_sbml_package_qual_run

23: Test command: C:\Development\libsbml-64-packages\src\sbml\packages\qual\sbml\test\Release\test_sbml_package_qual.exe
23: Environment variables: 
23:  srcdir=C:/Development/libsbml-with-packages/src/sbml/packages/qual/sbml/test
23: Test timeout computed to be: 3000
23: Running suite(s): Input
23:  Output
23:  FunctionTerm
23:  Transition
23:  QualitativeSpecies
23:  DefaultTerm
23:  ListOfFunctionTerms
23:  CopyAndClone
23: 100%: Checks: 73, Failures: 0, Errors: 0
 23/185 Test  #23: test_sbml_package_qual_run ....................   Passed    0.11 sec
test 24
        Start  24: test_qual_validator_run

24: Test command: C:\Development\libsbml-64-packages\src\sbml\packages\qual\validator\test\Release\test_qual_validator.exe "C:/Development/libsbml-with-packages/src/sbml/packages/qual/validator/test"
24: Environment variables: 
24:  srcdir=C:/Development/libsbml-with-packages/src/sbml/packages/qual/validator/test
24: Test timeout computed to be: 3000
24: 
24: Validator testrunner
24: ====================
24: using test data from           : C:/Development/libsbml-with-packages/src/sbml/packages/qual/validator/test/test-data
24: 
24: Testing General XML Consistency Constraints (20000 - 29999).
24: 100%: Checks: 81, Failures: 0
24: Testing Id Consistency Constraints (10300 - 10399).
24: 100%: Checks: 4, Failures: 0
24: Testing Math Consistency Constraints (10200 - 10299).
24: 100%: Checks: 3, Failures: 0
 24/185 Test  #24: test_qual_validator_run .......................   Passed    0.17 sec
test 25
        Start  25: test_sbml_package_render_run

25: Test command: C:\Development\libsbml-64-packages\src\sbml\packages\render\sbml\test\Release\test_sbml_package_render.exe
25: Environment variables: 
25:  srcdir=C:/Development/libsbml-with-packages/src/sbml/packages/render/sbml/test
25: Test timeout computed to be: 3000
25: Running suite(s): RenderExtension
25:  RelAbsVector
25:  ColorDefinition
25:  GradientStop
25:  RenderPoint
25:  RenderCubicBezier
25:  GradientBaseTest
25:  LinearGradient
25:  RadialGradient
25:  Transformation
25:  Transformation2D
25:  Image
25:  GraphicalPrimitive1D
25:  RenderCurve
25:  Text
25:  GraphicalPrimitive2D
25:  Rectangle
25:  Ellipse
25:  Polygon
25:  Group
25:  LineEnding
25:  Style
25:  GlobalStyle
25:  LocalStyle
25:  RenderInformationBase
25:  GlobalRenderInformation
25:  LocalRenderInformation
25:  RenderReading
25:  RenderWriting
25: 100%: Checks: 136, Failures: 0, Errors: 0
 25/185 Test  #25: test_sbml_package_render_run ..................   Passed    0.80 sec
test 26
        Start  26: test_render_validator_run

26: Test command: C:\Development\libsbml-64-packages\src\sbml\packages\render\validator\test\Release\test_render_validator.exe "C:/Development/libsbml-with-packages/src/sbml/packages/render/validator/test"
26: Environment variables: 
26:  srcdir=C:/Development/libsbml-with-packages/src/sbml/packages/render/validator/test
26: Test timeout computed to be: 3000
26: 
26: Validator testrunner
26: ====================
26: using test data from           : C:/Development/libsbml-with-packages/src/sbml/packages/render/validator/test/test-data
26: 
26: Testing General XML Consistency Constraints (20000 - 29999).
26: 100%: Checks: 111, Failures: 0
 26/185 Test  #26: test_render_validator_run .....................   Passed    0.16 sec
test 27
        Start  27: test_sbml_package_req_run

27: Test command: C:\Development\libsbml-64-packages\src\sbml\packages\req\extension\test\Release\test_sbml_package_req.exe
27: Environment variables: 
27:  srcdir=C:/Development/libsbml-with-packages/src/sbml/packages/req/extension/test
27: Test timeout computed to be: 3000
27: Running suite(s): ReqExtension
27:  WriteReqExtension
27:  ReadReqExtension
27: 100%: Checks: 14, Failures: 0, Errors: 0
 27/185 Test  #27: test_sbml_package_req_run .....................   Passed    0.03 sec
test 28
        Start  28: test_sbml_package_spatial_run

28: Test command: C:\Development\libsbml-64-packages\src\sbml\packages\spatial\extension\test\Release\test_sbml_package_spatial.exe
28: Environment variables: 
28:  srcdir=C:/Development/libsbml-with-packages/src/sbml/packages/spatial/extension/test
28: Test timeout computed to be: 3000
28: Running suite(s): SpatialExtension
28:  WriteSpatialExtension
28:  ReadSpatialExtension
28: 100%: Checks: 22, Failures: 0, Errors: 0
 28/185 Test  #28: test_sbml_package_spatial_run .................   Passed    0.12 sec
test 29
        Start  29: test_sbml_objects_package_spatial

29: Test command: C:\Development\libsbml-64-packages\src\sbml\packages\spatial\sbml\test\Release\test_sbml_objects_package_spatial.exe
29: Environment variables: 
29:  srcdir=C:/Development/libsbml-with-packages/src/sbml/packages/spatial/sbml/test
29: Test timeout computed to be: 3000
29: Running suite(s): ParametricObject
29:  ParametricObject
29:  SampledField
29:  TransformationComponent
29:  CopyAndClone
29: 100%: Checks: 28, Failures: 0, Errors: 0
 29/185 Test  #29: test_sbml_objects_package_spatial .............   Passed    0.06 sec
test 30
        Start  30: test_spatial_validator_run

30: Test command: C:\Development\libsbml-64-packages\src\sbml\packages\spatial\validator\test\Release\test_spatial_validator.exe "C:/Development/libsbml-with-packages/src/sbml/packages/spatial/validator/test"
30: Environment variables: 
30:  srcdir=C:/Development/libsbml-with-packages/src/sbml/packages/spatial/validator/test
30: Test timeout computed to be: 3000
30: 
30: Validator testrunner
30: ====================
30: using test data from           : C:/Development/libsbml-with-packages/src/sbml/packages/spatial/validator/test/test-data
30: 
30: Testing General XML Consistency Constraints (20000 - 29999).
30: 100%: Checks: 179, Failures: 0
30: Testing Id Consistency Constraints (10300 - 10399).
30: 100%: Checks: 38, Failures: 0
 30/185 Test  #30: test_spatial_validator_run ....................   Passed    0.39 sec
test 31
        Start  31: test_sbml_annotation_run

31: Test command: C:\Development\libsbml-64-packages\src\sbml\annotation\test\Release\test_sbml_annotation.exe
31: Environment variables: 
31:  srcdir=C:/Development/libsbml-with-packages/src/sbml/annotation/test
31: Test timeout computed to be: 3000
31: Running suite(s): CVTerms
31:  CVTerms_newSetters
31:  ModelHistory
31:  Date_newSetters
31:  ModelCreator_newSetters
31:  ModelHistory_newSetters
31:  CopyAndClone
31:  RDFAnnotation
31:  RDFAnnotation2
31:  Validation
31:  RDFAnnotation_C
31:  L3ModelHistory
31:  SyncAnnotation
31:  RDFAnnotationMetaid
31:  RDFAnnotationNestedCVTerm
31:  RDFAnnotationV4
31: 100%: Checks: 180, Failures: 0, Errors: 0
 31/185 Test  #31: test_sbml_annotation_run ......................   Passed    0.45 sec
test 32
        Start  32: test_sbml_conversion_run

32: Test command: C:\Development\libsbml-64-packages\src\sbml\conversion\test\Release\test_sbml_conversion.exe
32: Environment variables: 
32:  srcdir=C:/Development/libsbml-with-packages/src/sbml/conversion/test
32: Test timeout computed to be: 3000
32: Running suite(s): ConversionOption
32:  SBMLRuleConverter
32:  ConversionProperties
32:  SBMLConverterRegistry
32:  UnitsConverter
32:  UnitsConverter2
32:  UnitsConverterL2
32:  InferUnitsConverter
32:  StripPackageConverter
32:  LevelVersionConverter
32:  RateOfConverter
32: 100%: Checks: 171, Failures: 0, Errors: 0
 32/185 Test  #32: test_sbml_conversion_run ......................   Passed    0.39 sec
test 33
        Start  33: test_sbml_extension_run

33: Test command: C:\Development\libsbml-64-packages\src\sbml\extension\test\Release\test_sbml_extension.exe
33: Environment variables: 
33:  srcdir=C:/Development/libsbml-with-packages/src/sbml/extension/test
33: Test timeout computed to be: 3000
33: Running suite(s): SBaseExtensionPoint
33:  SBasePlugin
33:  SBasePluginCreator
33:  SBasePluginCreatorBase
33:  SBMLDocumentPlugin
33:  SBMLExtension
33:  SBMLExtensionNamespaces
33:  SBMLExtensionRegistry
33:  TestUnknownPackages
33: 100%: Checks: 30, Failures: 0, Errors: 0
 33/185 Test  #33: test_sbml_extension_run .......................   Passed    0.05 sec
test 34
        Start  34: test_sbml_math_run

34: Test command: C:\Development\libsbml-64-packages\src\sbml\math\test\Release\test_sbml_math.exe
34: Environment variables: 
34:  srcdir=C:/Development/libsbml-with-packages/src/sbml/math/test
34: Test timeout computed to be: 3000
34: Running suite(s): ASTNode
34:  FormulaFormatter
34:  FormulaParser
34:  L3FormulaFormatter
34:  L3FormulaParser
34:  L3FormulaParserC
34:  FormulaTokenizer
34:  ReadMathML
34:  WriteMathML
34:  WriteMathMLFromAST
34:  test-data/mathML_1.xml
34:  test-data/mathML_2.xml
34:  TestValidASTNode
34:  TestChildFunctions
34:  TestGetValue
34:  test-data/L3V2Math.xml
34: 100%: Checks: 677, Failures: 0, Errors: 0
 34/185 Test  #34: test_sbml_math_run ............................   Passed    0.72 sec
test 35
        Start  35: test_sbml_sbml_run

35: Test command: C:\Development\libsbml-64-packages\src\sbml\test\Release\test_sbml_sbml.exe
35: Environment variables: 
35:  srcdir=C:/Development/libsbml-with-packages/src/sbml/test
35: Test timeout computed to be: 3000
35: Running suite(s): ReadSBML
35:  SBMLValidator API
35:  RenameIDs
35:  RemoveFromParent
35:  GetMultipleObjects
35:  WriteSBML
35:  WriteL3SBML
35:  WriteL3V2SBML
35:  AlgebraicRule
35:  AssignmentRule
35:  Compartment
35:  L3_Compartment
35:  Compartment_newSetters
35:  CompartmentType
35:  CompartmentType_newSetters
35:  CompartmentVolumeRule
35:  Constraint
35:  Constraint_newSetters
35:  Delay
35:  Event
35:  L3_Event
35:  Event_newSetters
35:  EventAssignment
35:  EventAssignment_newSetters
35:  FunctionDefinition
35:  FunctionDefinition_newSetters
35:  InitialAssignment
35:  InitialAssignment_newSetters
35:  KineticLaw
35:  KineticLaw_newSetters
35:  L3_KineticLaw
35:  ListOf
35:  Model
35:  L3_Model
35:  Model_newSetters
35:  ModifierSpeciesReference
35:  Parameter
35:  L3_Parameter
35:  L3_LocalParameter
35:  Parameter_newSetters
35:  ParameterRule
35:  Priority
35:  RateRule
35:  Reaction
35:  L3_Reaction
35:  Reaction_newSetters
35:  Rule
35:  Rule_newSetters
35:  SBase
35:  SBase_newSetters
35:  Species
35:  L3_Species
35:  Species_newSetters
35:  SpeciesReference
35:  L3_SpeciesReference
35:  SpeciesReference_newSetters
35:  SpeciesConcentrationRule
35:  SpeciesType
35:  SpeciesType_newSetters
35:  StoichiometryMath
35:  Trigger
35:  L3Trigger
35:  Unit
35:  L3_Unit
35:  Unit_newSetters
35:  UnitDefinition
35:  UnitDefinition_newSetters
35:  UnitKind
35:  CopyAndClone
35:  SBMLConvert
35:  SBMLConvertStrict
35:  SBMLConvertFromL3V2
35:  SBMLDocument
35:  SBMLError
35:  test-data/l1v1-branch.xml
35:  test-data/l1v1-units.xml
35:  test-data/l1v1-rules.xml
35:  test-data/l1v1-minimal.xml
35:  test-data/l2v1-assignment.xml
35:  test-data/l2v2-newComponents.xml
35:  test-data/l2v3-all.xml
35:  test-data/l2v4-new.xml
35:  test-data/l3v1-new.xml
35:  test-data/l2v5-all.xml
35:  test-data/l3v2-all.xml
35:  test-data/l3v2-no-model.xml
35:  test-data/l3v2-empty-lo-1.xml
35:  test-data/l3v2-empty-lo-2.xml
35:  test-data/l3v2-empty-math.xml
35:  test-data/l3v2-empty-event.xml
35:  test-data/l3v2-empty-event2.xml
35:  ConsistencyChecks
35:  ParentObject
35:  AncestorObject
35:  InternalConsistencyChecks
35:  HasReqdAtt
35:  HasReqdElements
35:  SBMLNamespaces
35:  SyntaxChecker
35:  SBMLConstructorException
35:  SBMLTransforms
35:  GetMultipleObjects
35:  LevelCompatibility
35:  SBaseIdName
35:  Generic Attribute Functions
35: 100%: Checks: 1730, Failures: 0, Errors: 0
 35/185 Test  #35: test_sbml_sbml_run ............................   Passed    2.46 sec
test 36
        Start  36: test_sbml_units_run

36: Test command: C:\Development\libsbml-64-packages\src\sbml\units\test\Release\test_sbml_units.exe
36: Environment variables: 
36:  srcdir=C:/Development/libsbml-with-packages/src/sbml/units/test
36: Test timeout computed to be: 3000
36: Running suite(s): UtilsUnit
36:  UtilsUnitDefinition
36:  UnitFormulaFormatter
36:  UnitFormulaFormatter1
36:  FormulaUnitData
36:  FormulaUnitDataMap
36:  DerivedUnitDefinition
36:  UnitFormulaFormatter2
36:  CalcUnitDefinition
36:  UnitFormulaFormatter3
36:  DerivedUnitDefinitionUndefined
36: 100%: Checks: 178, Failures: 0, Errors: 0
 36/185 Test  #36: test_sbml_units_run ...........................   Passed    0.87 sec
test 37
        Start  37: test_sbml_util_run

37: Test command: C:\Development\libsbml-64-packages\src\sbml\util\test\Release\test_sbml_util.exe
37: Test timeout computed to be: 3000
37: Running suite(s): memory
37:  util
37:  List
37:  Stack
37:  StringBuffer
37: 100%: Checks: 57, Failures: 0, Errors: 0
 37/185 Test  #37: test_sbml_util_run ............................   Passed    0.09 sec
test 38
        Start  38: test_sbml_validator_run

38: Test command: C:\Development\libsbml-64-packages\src\sbml\validator\test\Release\test_sbml_validator.exe "C:/Development/libsbml-with-packages/src/sbml/validator/test"
38: Test timeout computed to be: 3000
38: 
38: Validator testrunner
38: ====================
38: using test data from           : C:/Development/libsbml-with-packages/src/sbml/validator/test/test-data
38: using conversion test data from: C:/Development/libsbml-with-packages/src/sbml/validator/test/test-data-conversion
38: 
38: Testing Bad XML Constraints (0000 - 10000).
38: 100%: Checks: 55, Failures: 0
38: Testing General XML Consistency Constraints (10000 - 10199).
38: 100%: Checks: 197, Failures: 0
38: Testing General MathML Consistency Constraints (10200 - 10299).
38: 100%: Checks: 503, Failures: 0
38: Testing Id Consistency Constraints (10300 - 10399).
38: 100%: Checks: 509, Failures: 0
38: Testing General Annotation Consistency Constraints (10400 - 10499).
38: 100%: Checks: 65, Failures: 0
38: Testing Unit Consistency Constraints (10500 - 10599).
38: 100%: Checks: 1172, Failures: 0
38: Testing Unit Consistency Constraints (20000 - 29999).
38: 100%: Checks: 362, Failures: 0
38: Testing Overdetermined Constraints (10600 - 10699).
38: 100%: Checks: 31, Failures: 0
38: Testing SBO Consistency Constraints (10700 - 10799).
38: 100%: Checks: 206, Failures: 0
38: Testing General Notes Consistency Constraints (10800 - 19999).
38: 100%: Checks: 92, Failures: 0
38: Testing Model Consistency Constraints (20000 - 29999).
38: 100%: Checks: 2290, Failures: 0
38: Testing L1 Compatibility Constraints (91000 - 91999).
38: 100%: Checks: 91, Failures: 0
38: Testing L2v1 Compatibility Constraints (92000 - 92999).
38: 100%: Checks: 38, Failures: 0
38: Testing L2v2 Compatibility Constraints (93000 - 93999).
38: 100%: Checks: 23, Failures: 0
38: Testing L2v3 Compatibility Constraints (94000 - 94999).
38: 100%: Checks: 22, Failures: 0
38: Testing L2v4 Compatibility Constraints (95000 - 95999).
38: 100%: Checks: 21, Failures: 0
38: Testing L3v1 Compatibility Constraints (96000 - 96999).
38: 100%: Checks: 31, Failures: 0
38: Testing L1 for New Compatibility Constraints (98000 - 98999).
38: 100%: Checks: 39, Failures: 0
38: Testing L2v1 for New Compatibility Constraints (98000 - 98999).
38: 100%: Checks: 39, Failures: 0
38: Testing L2v2 for New Compatibility Constraints (98000 - 98999).
38: 100%: Checks: 39, Failures: 0
38: Testing L2v3 for New Compatibility Constraints (98000 - 98999).
38: 100%: Checks: 39, Failures: 0
38: Testing L3v1 for New Compatibility Constraints (98000 - 98999).
38: 100%: Checks: 39, Failures: 0
38: Testing New Compatibility Constraints (98000 - 98999).
38: 100%: Checks: 39, Failures: 0
38: Testing Additional SBML Constraints (99100 - 99108).
38: 100%: Checks: 31, Failures: 0
38: Testing Additional SBML Constraints (99129 - 99199).
38: 100%: Checks: 56, Failures: 0
38: Testing Additional Math Constraints (99200 - 99299).
38: 100%: Checks: 140, Failures: 0
38: Testing Additional SBML Constraints (99300 - 99399).
38: 100%: Checks: 10, Failures: 0
38: Testing Additional Annotation Constraints (99400 - 99499).
38: 100%: Checks: 28, Failures: 0
38: Testing Additional Unit Constraints (99127 - 99128).
38: 100%: Checks: 36, Failures: 0
38: Testing Additional Unit Constraints (99500 - 99599).
38: 100%: Checks: 174, Failures: 0
38: Testing Additional SBO Constraints (99700 - 99799).
38: 100%: Checks: 30, Failures: 0
38: Testing Modeling Practice Constraints (80000 - 89999).
38: 100%: Checks: 56, Failures: 0
 38/185 Test  #38: test_sbml_validator_run .......................   Passed    5.62 sec
test 39
        Start  39: test_sbml_xml_run

39: Test command: C:\Development\libsbml-64-packages\src\sbml\xml\test\Release\test_sbml_xml.exe
39: Test timeout computed to be: 3000
39: Running suite(s): XMLAttributes
39:  CopyAndClone
39:  XMLNamespaces
39:  XMLTriple
39:  XMLToken
39:  XMLToken_newSetters
39:  XMLNode
39:  XMLNode_newSetters
39:  XMLError
39:  XMLErrorC
39:  XMLErrorLog
39:  XMLInputStream
39:  XMLOutputStream
39: <!-- Created by foo version bar on 2018-12-03 03:25 with libSBML version 5.17.2. -->
39:  XMLAttributesC
39:  XMLExceptions
39: 100%: Checks: 129, Failures: 0, Errors: 0
 39/185 Test  #39: test_sbml_xml_run .............................   Passed    0.12 sec
test 40
        Start  40: test_csharp_bindings

40: Test command: C:\Development\libsbml-64-packages\src\bindings\csharp\TestRW.exe "c:/Development/libsbml-with-packages/examples/sample-models/from-spec/level-2/" "-p" "C:/Development/libsbml-64-packages/src/bindings/csharp/Release"
40: Test timeout computed to be: 3000
40: Testing LibSBML: 5.17.2
40: 
40: ...........................................................................................................................................................................................................................
40: All tests passed.
40: 
 40/185 Test  #40: test_csharp_bindings ..........................   Passed    0.83 sec
test 41
        Start  41: test_csharp_bindings_full

41: Test command: C:\Development\libsbml-64-packages\src\bindings\csharp\TestRunner.exe "-d" "c:/Development/libsbml-with-packages/src/sbml/test/test-data" "-l" "C:/Development/libsbml-64-packages/src/bindings/csharp/libsbmlcsP.dll" "-w" "C:/Development/libsbml-with-packages/src/bindings/csharp" "-p" "C:/Development/libsbml-64-packages/src/bindings/csharp/Release"
41: Test timeout computed to be: 3000
41: LibSBML C# Testrunner
41: =====================
41: Running the tests with: 
41: 	Data Directory:   c:/Development/libsbml-with-packages/src/sbml/test/test-data
41: 
41: .........................................................................................................................................................................................................................................................................................................................................................................................................................................................................................................................................................................................................................................................................................................................................................................................................................................................................................................................................................................................................................................................................................................................................................................................................................................................................................................................................................................................................................................................................................................................................................................................................................................................................................................................................................................................................................................................................................................................................................................................<!-- Created by foo version bar on 2018-12-03 03:25 with libSBML version 5.17.2. -->
41: .....................................
41: 
41: Total Number of Tests 1830, failures 0
41: 
41: All tests passed.
41: 
 41/185 Test  #41: test_csharp_bindings_full .....................   Passed    2.65 sec
test 42
        Start  42: test_java_binding

42: Test command: C:\tools\java\x64\jdk1.7.0_05\bin\java.exe "-Xss8m" "-Djava.library.path=C:/Development/libsbml-64-packages/src/bindings/java/Release" "-cp" "C:\Development\libsbml-64-packages\src\bindings\java\libsbmlj.jar;C:\Development\libsbml-64-packages\src\bindings\java;C:\Development\libsbml-64-packages\src\bindings\java\test" "AutoTestRunner"
42: Test timeout computed to be: 3000
42: ......................................................................................................................................................................................................................................................................................................................................................................................................................................................................................................................................................................................................................................................................
 42/185 Test  #42: test_java_binding .............................   Passed    0.41 sec
test 43
        Start  43: test_java_printversion

43: Test command: C:\tools\java\x64\jdk1.7.0_05\bin\java.exe "-Xss8m" "-Djava.library.path=C:/Development/libsbml-64-packages/src/bindings/java/Release" "-cp" "C:\Development\libsbml-64-packages\src\bindings\java\libsbmlj.jar;C:\Development\libsbml-64-packages\src\bindings\java;C:\Development\libsbml-64-packages\src\bindings\java\test" "TestPrintVersion" "5.17.2"
43: Test timeout computed to be: 3000
43: .
 43/185 Test  #43: test_java_printversion ........................   Passed    0.16 sec
test 44
        Start  44: test_perl_binding

44: Test command: C:\tools\perl\Perl64_516\bin\perl.exe "-IC:/Development/libsbml-64-packages/src/bindings/perl" "-IC:/Development/libsbml-64-packages/src/bindings/perl/Release" "-MExtUtils::Command::MM" "-e" "test_harness(0)" "C:/Development/libsbml-with-packages/src/bindings/perl/t/*.t"
44: Test timeout computed to be: 3000
44: C:/Development/libsbml-with-packages/src/bindings/perl/t/01__LoadModule.t ................ ok
44: C:/Development/libsbml-with-packages/src/bindings/perl/t/02__CreateDocument.t ............ ok
44: C:/Development/libsbml-with-packages/src/bindings/perl/t/02__ReadFromFile.t .............. ok
44: C:/Development/libsbml-with-packages/src/bindings/perl/t/02__ReadFromFileL3.t ............ ok
44: C:/Development/libsbml-with-packages/src/bindings/perl/t/02__WriteToFile.t ............... ok
44: C:/Development/libsbml-with-packages/src/bindings/perl/t/02__WriteToFileL3.t ............. ok
44: C:/Development/libsbml-with-packages/src/bindings/perl/t/03__ChangeValues.t .............. ok
44: C:/Development/libsbml-with-packages/src/bindings/perl/t/03__DowncastRule.t .............. ok
44: C:/Development/libsbml-with-packages/src/bindings/perl/t/03__DowncastSBase.t ............. ok
44: C:/Development/libsbml-with-packages/src/bindings/perl/t/03__DowncastSBaseL3.t ........... ok
44: C:/Development/libsbml-with-packages/src/bindings/perl/t/04__ListOf.t .................... ok
44: C:/Development/libsbml-with-packages/src/bindings/perl/t/04__ListOfL3.t .................. ok
44: C:/Development/libsbml-with-packages/src/bindings/perl/t/05__AlgebraicRule.t ............. ok
44: C:/Development/libsbml-with-packages/src/bindings/perl/t/05__AssignmentRule.t ............ ok
44: C:/Development/libsbml-with-packages/src/bindings/perl/t/05__AssignmentRuleL3.t .......... ok
44: C:/Development/libsbml-with-packages/src/bindings/perl/t/05__Compartment.t ............... ok
44: C:/Development/libsbml-with-packages/src/bindings/perl/t/05__CompartmentL3.t ............. ok
44: C:/Development/libsbml-with-packages/src/bindings/perl/t/05__CompartmentVolumeRule.t ..... ok
44: C:/Development/libsbml-with-packages/src/bindings/perl/t/05__Event.t ..................... ok
44: C:/Development/libsbml-with-packages/src/bindings/perl/t/05__EventAssignment.t ........... ok
44: C:/Development/libsbml-with-packages/src/bindings/perl/t/05__EventL3.t ................... ok
44: C:/Development/libsbml-with-packages/src/bindings/perl/t/05__Formula.t ................... ok
44: C:/Development/libsbml-with-packages/src/bindings/perl/t/05__FunctionDefinition.t ........ ok
44: C:/Development/libsbml-with-packages/src/bindings/perl/t/05__KineticLaw.t ................ ok
44: C:/Development/libsbml-with-packages/src/bindings/perl/t/05__KineticLawL3.t .............. ok
44: C:/Development/libsbml-with-packages/src/bindings/perl/t/05__Model.t ..................... ok
44: C:/Development/libsbml-with-packages/src/bindings/perl/t/05__ModelL3.t ................... ok
44: C:/Development/libsbml-with-packages/src/bindings/perl/t/05__ModifierSpeciesReference.t .. ok
44: C:/Development/libsbml-with-packages/src/bindings/perl/t/05__Parameter.t ................. ok
44: C:/Development/libsbml-with-packages/src/bindings/perl/t/05__ParameterL3.t ............... ok
44: C:/Development/libsbml-with-packages/src/bindings/perl/t/05__ParameterRule.t ............. ok
44: C:/Development/libsbml-with-packages/src/bindings/perl/t/05__RateRule.t .................. ok
44: C:/Development/libsbml-with-packages/src/bindings/perl/t/05__SBMLDocument.t .............. ok
44: C:/Development/libsbml-with-packages/src/bindings/perl/t/05__SBMLDocumentVerbose.t ....... ok
44: C:/Development/libsbml-with-packages/src/bindings/perl/t/06__TestReadSBML.t .............. ok
44: C:/Development/libsbml-with-packages/src/bindings/perl/t/06__TestReadSBMLL3.t ............ ok
44: C:/Development/libsbml-with-packages/src/bindings/perl/t/06__TestWriteSBML.t ............. ok
44: C:/Development/libsbml-with-packages/src/bindings/perl/t/06__TestWriteSBMLL3.t ........... ok
44: C:/Development/libsbml-with-packages/src/bindings/perl/t/07__TestCVTerms.t ............... ok
44: C:/Development/libsbml-with-packages/src/bindings/perl/t/07__TestModelHistory.t .......... ok
44: C:/Development/libsbml-with-packages/src/bindings/perl/t/07__TestRDFAnnotation2.t ........ ok
44: All tests successful.
44: Files=41, Tests=3364, 12 wallclock secs ( 0.45 usr +  0.06 sys =  0.52 CPU)
44: Result: PASS
 44/185 Test  #44: test_perl_binding .............................   Passed   12.81 sec
test 45
        Start  45: test_python_binding

45: Test command: C:\python64\Python27\python.exe "C:/Development/libsbml-64-packages/src/bindings/python/test.py" "-p" "C:/Development/libsbml-64-packages/src/bindings/python/Release" "-b" "C:/Development/libsbml-with-packages/src/bindings/python/test"
45: Test timeout computed to be: 3000
45: ......................................................................................................................................................................................................................................................................................................................................................................................................................................................................................................................................................................................................................................................................................................................................................................................................................................................................................................................................................................................................................................................................................................................................................................................................................................................................................................................................................................................................................................................................................................<!-- Created by foo version bar on 2018-12-03 03:25 with libSBML version 5.17.2. -->
45: .....................................................................................................................................................................................................................................................................................................................................................................................
45: ----------------------------------------------------------------------
45: Ran 1819 tests in 0.452s
45: 
45: OK
 45/185 Test  #45: test_python_binding ...........................   Passed    1.68 sec
test 46
        Start  46: test_python_printversion

46: Test command: C:\python64\Python27\python.exe "-c" "import libsbml; assert libsbml.getLibSBMLDottedVersion() == '5.17.2'" "-p" "C:/Development/libsbml-64-packages/src/bindings/python/Release" "-b" "C:/Development/libsbml-with-packages/src/bindings/python/test"
46: Environment variables: 
46:  PYTHONPATH=C:/Development/libsbml-64-packages/src/bindings/python;C:/Development/libsbml-64-packages/src/bindings/python/Release;
46: Test timeout computed to be: 3000
 46/185 Test  #46: test_python_printversion ......................   Passed    0.25 sec
test 47
        Start  47: test_python_addCVTerms

47: Test command: C:\python64\Python27\python.exe "C:/Development/libsbml-with-packages/examples/python/addCVTerms.py" "C:/Development/libsbml-with-packages/examples/sample-models/from-spec/level-3/enzymekinetics.xml" "addCVTerms.out.xml"
47: Environment variables: 
47:  PYTHONPATH=C:/Development/libsbml-64-packages/src/bindings/python;C:/Development/libsbml-64-packages/src/bindings/python/Release;
47: Test timeout computed to be: 3000
 47/185 Test  #47: test_python_addCVTerms ........................   Passed    0.28 sec
test 48
        Start  48: test_python_addingEvidenceCodes_1

48: Test command: C:\python64\Python27\python.exe "C:/Development/libsbml-with-packages/examples/python/addingEvidenceCodes_1.py" "C:/Development/libsbml-with-packages/examples/sample-models/from-spec/level-3/enzymekinetics.xml" "addingEvidenceCodes_1.out.xml"
48: Environment variables: 
48:  PYTHONPATH=C:/Development/libsbml-64-packages/src/bindings/python;C:/Development/libsbml-64-packages/src/bindings/python/Release;
48: Test timeout computed to be: 3000
 48/185 Test  #48: test_python_addingEvidenceCodes_1 .............   Passed    0.28 sec
test 49
        Start  49: test_python_addingEvidenceCodes_2

49: Test command: C:\python64\Python27\python.exe "C:/Development/libsbml-with-packages/examples/python/addingEvidenceCodes_2.py" "C:/Development/libsbml-with-packages/examples/sample-models/from-spec/level-3/enzymekinetics.xml" "addingEvidenceCodes_2.out.xml"
49: Environment variables: 
49:  PYTHONPATH=C:/Development/libsbml-64-packages/src/bindings/python;C:/Development/libsbml-64-packages/src/bindings/python/Release;
49: Test timeout computed to be: 3000
 49/185 Test  #49: test_python_addingEvidenceCodes_2 .............   Passed    0.30 sec
test 50
        Start  50: test_python_addModelHistory

50: Test command: C:\python64\Python27\python.exe "C:/Development/libsbml-with-packages/examples/python/addModelHistory.py" "C:/Development/libsbml-with-packages/examples/sample-models/from-spec/level-3/enzymekinetics.xml" "addModelHistory.out.xml"
50: Environment variables: 
50:  PYTHONPATH=C:/Development/libsbml-64-packages/src/bindings/python;C:/Development/libsbml-64-packages/src/bindings/python/Release;
50: Test timeout computed to be: 3000
50: Status for addCreator: succeeded
50: Set created date:      succeeded
50: Set modified date:     succeeded
50: Set model history:     unknown
 50/185 Test  #50: test_python_addModelHistory ...................   Passed    0.28 sec
test 51
        Start  51: test_python_append_to_note

51: Test command: C:\python64\Python27\python.exe "C:/Development/libsbml-with-packages/examples/python/append_to_note.py" "C:/Development/libsbml-with-packages/examples/sample-models/from-spec/level-3/enzymekineticext.xml" "veq" "a new note" "append_to_note.out.xml"
51: Environment variables: 
51:  PYTHONPATH=C:/Development/libsbml-64-packages/src/bindings/python;C:/Development/libsbml-64-packages/src/bindings/python/Release;
51: Test timeout computed to be: 3000
51: Body before change: 
51: <body xmlns="http://www.w3.org/1999/xhtml">
51:   <p xmlns="http://www.w3.org/1999/xhtml">Some notes</p>
51: </body>
51: 
51: Body after change: 
51: <body xmlns="http://www.w3.org/1999/xhtml">
51:   <p xmlns="http://www.w3.org/1999/xhtml">Some notes</p>a new note</body>
 51/185 Test  #51: test_python_append_to_note ....................   Passed    0.30 sec
test 52
        Start  52: test_python_appendAnnotation

52: Test command: C:\python64\Python27\python.exe "C:/Development/libsbml-with-packages/examples/python/appendAnnotation.py" "C:/Development/libsbml-with-packages/examples/sample-models/from-spec/level-3/enzymekinetics.xml" "appendAnnotation.out.xml"
52: Environment variables: 
52:  PYTHONPATH=C:/Development/libsbml-64-packages/src/bindings/python;C:/Development/libsbml-64-packages/src/bindings/python/Release;
52: Test timeout computed to be: 3000
 52/185 Test  #52: test_python_appendAnnotation ..................   Passed    0.27 sec
test 53
        Start  53: test_python_convertSBML

53: Test command: C:\python64\Python27\python.exe "C:/Development/libsbml-with-packages/examples/python/convertSBML.py" "C:/Development/libsbml-with-packages/examples/sample-models/from-spec/level-3/enzymekinetics.xml" "convertSBML.out.xml"
53: Environment variables: 
53:  PYTHONPATH=C:/Development/libsbml-64-packages/src/bindings/python;C:/Development/libsbml-64-packages/src/bindings/python/Release;
53: Test timeout computed to be: 3000
53: Attempting to convert Level 3 Version 1 model to Level 3 Version 2.
53: 
53: Conversion completed.
53: 
 53/185 Test  #53: test_python_convertSBML .......................   Passed    0.30 sec
test 54
        Start  54: test_python_createExampleSBML

54: Test command: C:\python64\Python27\python.exe "C:/Development/libsbml-with-packages/examples/python/createExampleSBML.py" "C:/Development/libsbml-with-packages/examples/sample-models/from-spec/level-3/enzymekinetics.xml" "createExampleSBMLy.out.xml"
54: Environment variables: 
54:  PYTHONPATH=C:/Development/libsbml-64-packages/src/bindings/python;C:/Development/libsbml-64-packages/src/bindings/python/Release;
54: Test timeout computed to be: 3000
54: line 1: (99505 [Warning]) In situations where a mathematical expression contains literal numbers or parameters whose units have not been declared, it is not possible to verify accurately the consistency of the units in the expression. 
54:  The units of the <kineticLaw> <math> expression 'f(S1) * compartmentOne / t' cannot be fully checked. Unit consistency reported as either no errors or further unit errors related to this object may not be accurate.
54: 
54: Wrote file 'enzymaticreaction.xml'
54: Wrote file 'units.xml'
54: 
54: Notice: encountered 1 validation warning in model 'functionExample'.
54: 
54: Wrote file 'functiondef.xml'
 54/185 Test  #54: test_python_createExampleSBML .................   Passed    0.31 sec
test 55
        Start  55: test_python_createSimpleModel

55: Test command: C:\python64\Python27\python.exe "C:/Development/libsbml-with-packages/examples/python/createSimpleModel.py" "C:/Development/libsbml-with-packages/examples/sample-models/from-spec/level-3/enzymekinetics.xml" "createSimpleModel.out.xml"
55: Environment variables: 
55:  PYTHONPATH=C:/Development/libsbml-64-packages/src/bindings/python;C:/Development/libsbml-64-packages/src/bindings/python/Release;
55: Test timeout computed to be: 3000
55: <?xml version="1.0" encoding="UTF-8"?>
55: <sbml xmlns="http://www.sbml.org/sbml/level3/version1/core" level="3" version="1">
55:   <model substanceUnits="mole" timeUnits="second" extentUnits="mole">
55:     <listOfUnitDefinitions>
55:       <unitDefinition id="per_second">
55:         <listOfUnits>
55:           <unit kind="second" exponent="-1" scale="0" multiplier="1"/>
55:         </listOfUnits>
55:       </unitDefinition>
55:     </listOfUnitDefinitions>
55:     <listOfCompartments>
55:       <compartment id="c1" spatialDimensions="3" size="1" units="litre" constant="true"/>
55:     </listOfCompartments>
55:     <listOfSpecies>
55:       <species id="s1" compartment="c1" initialAmount="5" substanceUnits="mole" hasOnlySubstanceUnits="false" boundaryCondition="false" constant="false"/>
55:       <species id="s2" compartment="c1" initialAmount="0" substanceUnits="mole" hasOnlySubstanceUnits="false" boundaryCondition="false" constant="false"/>
55:     </listOfSpecies>
55:     <listOfParameters>
55:       <parameter id="k" value="1" units="per_second" constant="true"/>
55:     </listOfParameters>
55:     <listOfReactions>
55:       <reaction id="r1" reversible="false" fast="false">
55:         <listOfReactants>
55:           <speciesReference species="s1" constant="true"/>
55:         </listOfReactants>
55:         <listOfProducts>
55:           <speciesReference species="s2" constant="true"/>
55:         </listOfProducts>
55:         <kineticLaw>
55:           <math xmlns="http://www.w3.org/1998/Math/MathML">
55:             <apply>
55:               <times/>
55:               <ci> k </ci>
55:               <ci> s1 </ci>
55:               <ci> c1 </ci>
55:             </apply>
55:           </math>
55:         </kineticLaw>
55:       </reaction>
55:     </listOfReactions>
55:   </model>
55: </sbml>
55: 
 55/185 Test  #55: test_python_createSimpleModel .................   Passed    0.30 sec
test 56
        Start  56: test_python_echoSBML

56: Test command: C:\python64\Python27\python.exe "C:/Development/libsbml-with-packages/examples/python/echoSBML.py" "C:/Development/libsbml-with-packages/examples/sample-models/from-spec/level-3/enzymekinetics.xml" "echoSBML.out.xml"
56: Environment variables: 
56:  PYTHONPATH=C:/Development/libsbml-64-packages/src/bindings/python;C:/Development/libsbml-64-packages/src/bindings/python/Release;
56: Test timeout computed to be: 3000
56: [OK] Echoed C:/Development/libsbml-with-packages/examples/sample-models/from-spec/level-3/enzymekinetics.xml to echoSBML.out.xml
 56/185 Test  #56: test_python_echoSBML ..........................   Passed    0.27 sec
test 57
        Start  57: test_python_evaluateCustomMath

57: Test command: C:\python64\Python27\python.exe "C:/Development/libsbml-with-packages/examples/python/evaluateCustomMath.py" "2*3+4" "C:/Development/libsbml-with-packages/examples/sample-models/from-spec/level-3/enzymekinetics.xml"
57: Environment variables: 
57:  PYTHONPATH=C:/Development/libsbml-64-packages/src/bindings/python;C:/Development/libsbml-64-packages/src/bindings/python/Release;
57: Test timeout computed to be: 3000
57: 2*3+4 = 10.0
 57/185 Test  #57: test_python_evaluateCustomMath ................   Passed    0.30 sec
test 58
        Start  58: test_python_getAllElementsWithNotes

58: Test command: C:\python64\Python27\python.exe "C:/Development/libsbml-with-packages/examples/python/getAllElementsWithNotes.py" "C:/Development/libsbml-with-packages/examples/sample-models/from-spec/level-3/enzymekinetics.xml"
58: Environment variables: 
58:  PYTHONPATH=C:/Development/libsbml-64-packages/src/bindings/python;C:/Development/libsbml-64-packages/src/bindings/python/Release;
58: Test timeout computed to be: 3000
58: 
58:             filename: C:/Development/libsbml-with-packages/examples/sample-models/from-spec/level-3/enzymekinetics.xml
58:       read time (ms): 0.0
58:     searching ......:
58:     search time (ms): 0.0
58:  elements with notes: 0
 58/185 Test  #58: test_python_getAllElementsWithNotes ...........   Passed    0.27 sec
test 59
        Start  59: test_python_inlineInitialAssignments

59: Test command: C:\python64\Python27\python.exe "C:/Development/libsbml-with-packages/examples/python/inlineInitialAssignments.py" "C:/Development/libsbml-with-packages/examples/sample-models/from-spec/level-3/enzymekinetics.xml" "inlineInitialAssignments.out.xml"
59: Environment variables: 
59:  PYTHONPATH=C:/Development/libsbml-64-packages/src/bindings/python;C:/Development/libsbml-64-packages/src/bindings/python/Release;
59: Test timeout computed to be: 3000
 59/185 Test  #59: test_python_inlineInitialAssignments ..........   Passed    0.30 sec
test 60
        Start  60: test_python_printAnnotation

60: Test command: C:\python64\Python27\python.exe "C:/Development/libsbml-with-packages/examples/python/printAnnotation.py" "C:/Development/libsbml-with-packages/examples/sample-models/from-spec/level-3/enzymekinetics.xml"
60: Environment variables: 
60:  PYTHONPATH=C:/Development/libsbml-64-packages/src/bindings/python;C:/Development/libsbml-64-packages/src/bindings/python/Release;
60: Test timeout computed to be: 3000
60: filename: C:/Development/libsbml-with-packages/examples/sample-models/from-spec/level-3/enzymekinetics.xml
60: 
 60/185 Test  #60: test_python_printAnnotation ...................   Passed    0.27 sec
test 61
        Start  61: test_python_printMath

61: Test command: C:\python64\Python27\python.exe "C:/Development/libsbml-with-packages/examples/python/printMath.py" "C:/Development/libsbml-with-packages/examples/sample-models/from-spec/level-3/enzymekinetics.xml"
61: Environment variables: 
61:  PYTHONPATH=C:/Development/libsbml-64-packages/src/bindings/python;C:/Development/libsbml-64-packages/src/bindings/python/Release;
61: Test timeout computed to be: 3000
61: ()
61: Reaction 1, formula: comp * (kon * E * S - koff * ES)
61: 
61: Reaction 2, formula: comp * kcat * ES
61: 
61: ()
61: ()
 61/185 Test  #61: test_python_printMath .........................   Passed    0.30 sec
test 62
        Start  62: test_python_printRegisteredPackages

62: Test command: C:\python64\Python27\python.exe "C:/Development/libsbml-with-packages/examples/python/printRegisteredPackages.py" "C:/Development/libsbml-with-packages/examples/sample-models/from-spec/level-3/enzymekinetics.xml" "printRegisteredPackages.out.xml"
62: Environment variables: 
62:  PYTHONPATH=C:/Development/libsbml-64-packages/src/bindings/python;C:/Development/libsbml-64-packages/src/bindings/python/Release;
62: Test timeout computed to be: 3000
62: This version of LibSBML: 5.17.2 includes: 
62: 
62: 	arrays
62: 	comp
62: 	distrib
62: 	dyn
62: 	fbc
62: 	groups
62: 	layout
62: 	render
62: 	l3v2extendedmath
62: 	multi
62: 	qual
62: 	req
62: 	spatial
62: 
62: 
 62/185 Test  #62: test_python_printRegisteredPackages ...........   Passed    0.28 sec
test 63
        Start  63: test_python_printSBML

63: Test command: C:\python64\Python27\python.exe "C:/Development/libsbml-with-packages/examples/python/printSBML.py" "C:/Development/libsbml-with-packages/examples/sample-models/from-spec/level-3/enzymekinetics.xml"
63: Environment variables: 
63:  PYTHONPATH=C:/Development/libsbml-64-packages/src/bindings/python;C:/Development/libsbml-64-packages/src/bindings/python/Release;
63: Test timeout computed to be: 3000
63: 
63: File: C:/Development/libsbml-with-packages/examples/sample-models/from-spec/level-3/enzymekinetics.xml (Level 3, version 1)
63:                  id: (empty)
63: functionDefinitions: 0
63:     unitDefinitions: 2
63:    compartmentTypes: 0
63:         specieTypes: 0
63:        compartments: 1
63:             species: 4
63:          parameters: 0
63:  initialAssignments: 0
63:               rules: 0
63:         constraints: 0
63:           reactions: 2
63:              events: 0
63: 
63: 
 63/185 Test  #63: test_python_printSBML .........................   Passed    0.30 sec
test 64
        Start  64: test_python_printsupported

64: Test command: C:\python64\Python27\python.exe "C:/Development/libsbml-with-packages/examples/python/printsupported.py"
64: Environment variables: 
64:  PYTHONPATH=C:/Development/libsbml-64-packages/src/bindings/python;C:/Development/libsbml-64-packages/src/bindings/python/Release;
64: Test timeout computed to be: 3000
64: Supported by LibSBML 5.17.2
64: ()
64: 	SBML Level: 1 Version: 1
64: 	SBML Level: 1 Version: 2
64: 	SBML Level: 2 Version: 1
64: 	SBML Level: 2 Version: 2
64: 	SBML Level: 2 Version: 3
64: 	SBML Level: 2 Version: 4
64: 	SBML Level: 2 Version: 5
64: 	SBML Level: 3 Version: 1
64: 	SBML Level: 3 Version: 2
64: ()
 64/185 Test  #64: test_python_printsupported ....................   Passed    0.27 sec
test 65
        Start  65: test_python_printUnits

65: Test command: C:\python64\Python27\python.exe "C:/Development/libsbml-with-packages/examples/python/printUnits.py" "C:/Development/libsbml-with-packages/examples/sample-models/from-spec/level-3/enzymekinetics.xml"
65: Environment variables: 
65:  PYTHONPATH=C:/Development/libsbml-64-packages/src/bindings/python;C:/Development/libsbml-64-packages/src/bindings/python/Release;
65: Test timeout computed to be: 3000
65: Species 0: mole (exponent = 1, multiplier = 1, scale = 0), litre (exponent = -1, multiplier = 1, scale = 0)
65: Species 1: mole (exponent = 1, multiplier = 1, scale = 0), litre (exponent = -1, multiplier = 1, scale = 0)
65: Species 2: mole (exponent = 1, multiplier = 1, scale = 0), litre (exponent = -1, multiplier = 1, scale = 0)
65: Species 3: mole (exponent = 1, multiplier = 1, scale = 0), litre (exponent = -1, multiplier = 1, scale = 0)
65: Compartment 0: litre (exponent = 1, multiplier = 1, scale = 0)
65: Reaction 0: 
65: Kinetic Law: second (exponent = -1, multiplier = 1, scale = 0), mole (exponent = 1, multiplier = 1, scale = 0)
65:         undeclared units: no
65: Reaction 1: 
65: Kinetic Law: second (exponent = -1, multiplier = 1, scale = 0), mole (exponent = 1, multiplier = 1, scale = 0)
65:         undeclared units: no
 65/185 Test  #65: test_python_printUnits ........................   Passed    0.28 sec
test 66
        Start  66: test_python_promoteParameters

66: Test command: C:\python64\Python27\python.exe "C:/Development/libsbml-with-packages/examples/python/promoteParameters.py" "C:/Development/libsbml-with-packages/examples/sample-models/from-spec/level-3/enzymekinetics.xml" "promoteParameters.out.xml"
66: Environment variables: 
66:  PYTHONPATH=C:/Development/libsbml-64-packages/src/bindings/python;C:/Development/libsbml-64-packages/src/bindings/python/Release;
66: Test timeout computed to be: 3000
66: [OK] wrote promoteParameters.out.xml
 66/185 Test  #66: test_python_promoteParameters .................   Passed    0.28 sec
test 67
        Start  67: test_python_readSBML

67: Test command: C:\python64\Python27\python.exe "C:/Development/libsbml-with-packages/examples/python/readSBML.py" "C:/Development/libsbml-with-packages/examples/sample-models/from-spec/level-3/enzymekinetics.xml"
67: Environment variables: 
67:  PYTHONPATH=C:/Development/libsbml-64-packages/src/bindings/python;C:/Development/libsbml-64-packages/src/bindings/python/Release;
67: Test timeout computed to be: 3000
67: ()
67:             filename: C:/Development/libsbml-with-packages/examples/sample-models/from-spec/level-3/enzymekinetics.xml
67:            file size: 4021
67:       read time (ms): 0.00328012939434
67:  validation error(s): 0
67: ()
 67/185 Test  #67: test_python_readSBML ..........................   Passed    0.30 sec
test 68
        Start  68: test_python_replaceOneFD

68: Test command: C:\python64\Python27\python.exe "C:/Development/libsbml-with-packages/examples/python/replaceOneFD.py" "C:/Development/libsbml-with-packages/examples/sample-models/from-spec/level-3/functiondef.xml" "f" "reaction_1" "replaceOneFD.out.xml"
68: Environment variables: 
68:  PYTHONPATH=C:/Development/libsbml-64-packages/src/bindings/python;C:/Development/libsbml-64-packages/src/bindings/python/Release;
68: Test timeout computed to be: 3000
 68/185 Test  #68: test_python_replaceOneFD ......................   Passed    0.28 sec
test 69
        Start  69: test_python_setIdFromNames

69: Test command: C:\python64\Python27\python.exe "C:/Development/libsbml-with-packages/examples/python/setIdFromNames.py" "C:/Development/libsbml-with-packages/examples/sample-models/from-spec/level-3/enzymekinetics.xml" "setIdFromNames.out.xml"
69: Environment variables: 
69:  PYTHONPATH=C:/Development/libsbml-64-packages/src/bindings/python;C:/Development/libsbml-64-packages/src/bindings/python/Release;
69: Test timeout computed to be: 3000
69: 
69:             filename: C:/Development/libsbml-with-packages/examples/sample-models/from-spec/level-3/enzymekinetics.xml
69:       read time (ms): 0.0
69:     rename time (ms): 0.0
69:      write time (ms): 0.0
69: 
 69/185 Test  #69: test_python_setIdFromNames ....................   Passed    0.28 sec
test 70
        Start  70: test_python_unsetAnnotation

70: Test command: C:\python64\Python27\python.exe "C:/Development/libsbml-with-packages/examples/python/unsetAnnotation.py" "C:/Development/libsbml-with-packages/examples/sample-models/from-spec/level-3/enzymekinetics.xml" "unsetAnnotation.out.xml"
70: Environment variables: 
70:  PYTHONPATH=C:/Development/libsbml-64-packages/src/bindings/python;C:/Development/libsbml-64-packages/src/bindings/python/Release;
70: Test timeout computed to be: 3000
 70/185 Test  #70: test_python_unsetAnnotation ...................   Passed    0.27 sec
test 71
        Start  71: test_python_unsetNotes

71: Test command: C:\python64\Python27\python.exe "C:/Development/libsbml-with-packages/examples/python/unsetNotes.py" "C:/Development/libsbml-with-packages/examples/sample-models/from-spec/level-3/enzymekinetics.xml" "unsetNotes.out.xml"
71: Environment variables: 
71:  PYTHONPATH=C:/Development/libsbml-64-packages/src/bindings/python;C:/Development/libsbml-64-packages/src/bindings/python/Release;
71: Test timeout computed to be: 3000
 71/185 Test  #71: test_python_unsetNotes ........................   Passed    0.28 sec
test 72
        Start  72: test_python_validateSBML

72: Test command: C:\python64\Python27\python.exe "C:/Development/libsbml-with-packages/examples/python/validateSBML.py" "C:/Development/libsbml-with-packages/examples/sample-models/from-spec/level-3/enzymekinetics.xml"
72: Environment variables: 
72:  PYTHONPATH=C:/Development/libsbml-64-packages/src/bindings/python;C:/Development/libsbml-64-packages/src/bindings/python/Release;
72: Test timeout computed to be: 3000
72: ---------------------------------------------------------------------------
72:                  filename : C:/Development/libsbml-with-packages/examples/sample-models/from-spec/level-3/enzymekinetics.xml
72:          file size (byte) : 4021
72:            read time (ms) : 16.000032
72:         c-check time (ms) : 0.000000
72:       validation error(s) : 0
72:     (consistency error(s)): 0
72:     validation warning(s) : 0
72:   (consistency warning(s)): 0
72: ---------------------------------------------------------------------------
72: Validated 1 files, 1 valid files, 0 invalid files
 72/185 Test  #72: test_python_validateSBML ......................   Passed    0.28 sec
test 73
        Start  73: test_python_stringInput

73: Test command: C:\python64\Python27\python.exe "C:/Development/libsbml-with-packages/examples/python/stringInput.py" "C:/Development/libsbml-with-packages/examples/sample-models/from-spec/level-3/enzymekinetics.xml"
73: Environment variables: 
73:  PYTHONPATH=C:/Development/libsbml-64-packages/src/bindings/python;C:/Development/libsbml-64-packages/src/bindings/python/Release;
73: Test timeout computed to be: 3000
73: filename: C:/Development/libsbml-with-packages/examples/sample-models/from-spec/level-3/enzymekinetics.xml
73: 
73: <type 'str'>
73: <type 'str'>
 73/185 Test  #73: test_python_stringInput .......................   Passed    0.28 sec
test 74
        Start  74: test_python_stripPackage

74: Test command: C:\python64\Python27\python.exe "C:/Development/libsbml-with-packages/examples/python/stripPackage.py" "C:/Development/libsbml-with-packages/examples/sample-models/fbc/fbc_example1.xml" "fbc" "stripPackage.out.xml"
74: Environment variables: 
74:  PYTHONPATH=C:/Development/libsbml-64-packages/src/bindings/python;C:/Development/libsbml-64-packages/src/bindings/python/Release;
74: Test timeout computed to be: 3000
74: [OK] stripped package 'fbc' from C:/Development/libsbml-with-packages/examples/sample-models/fbc/fbc_example1.xml to stripPackage.out.xml
 74/185 Test  #74: test_python_stripPackage ......................   Passed    0.28 sec
test 75
        Start  75: test_python_fbc_fbc_example1

75: Test command: C:\python64\Python27\python.exe "C:/Development/libsbml-with-packages/examples/python/fbc/fbc_example1.py"
75: Environment variables: 
75:  PYTHONPATH=C:/Development/libsbml-64-packages/src/bindings/python;C:/Development/libsbml-64-packages/src/bindings/python/Release;
75: Test timeout computed to be: 3000
 75/185 Test  #75: test_python_fbc_fbc_example1 ..................   Passed    0.28 sec
test 76
        Start  76: test_python_groups_groups_example1

76: Test command: C:\python64\Python27\python.exe "C:/Development/libsbml-with-packages/examples/python/groups/groups_example1.py"
76: Environment variables: 
76:  PYTHONPATH=C:/Development/libsbml-64-packages/src/bindings/python;C:/Development/libsbml-64-packages/src/bindings/python/Release;
76: Test timeout computed to be: 3000
 76/185 Test  #76: test_python_groups_groups_example1 ............   Passed    0.27 sec
test 77
        Start  77: test_python_layout_example1_L3

77: Test command: C:\python64\Python27\python.exe "C:/Development/libsbml-with-packages/examples/python/layout/example1-L3.py"
77: Environment variables: 
77:  PYTHONPATH=C:/Development/libsbml-64-packages/src/bindings/python;C:/Development/libsbml-64-packages/src/bindings/python/Release;
77: Test timeout computed to be: 3000
 77/185 Test  #77: test_python_layout_example1_L3 ................   Passed    0.30 sec
test 78
        Start  78: test_python_layout_example1

78: Test command: C:\python64\Python27\python.exe "C:/Development/libsbml-with-packages/examples/python/layout/example1.py"
78: Environment variables: 
78:  PYTHONPATH=C:/Development/libsbml-64-packages/src/bindings/python;C:/Development/libsbml-64-packages/src/bindings/python/Release;
78: Test timeout computed to be: 3000
 78/185 Test  #78: test_python_layout_example1 ...................   Passed    0.30 sec
test 79
        Start  79: test_python_multi_multi_example1

79: Test command: C:\python64\Python27\python.exe "C:/Development/libsbml-with-packages/examples/python/multi/multi_example1.py"
79: Environment variables: 
79:  PYTHONPATH=C:/Development/libsbml-64-packages/src/bindings/python;C:/Development/libsbml-64-packages/src/bindings/python/Release;
79: Test timeout computed to be: 3000
 79/185 Test  #79: test_python_multi_multi_example1 ..............   Passed    0.28 sec
test 80
        Start  80: test_python_multi_multi_example2

80: Test command: C:\python64\Python27\python.exe "C:/Development/libsbml-with-packages/examples/python/multi/multi_example2.py"
80: Environment variables: 
80:  PYTHONPATH=C:/Development/libsbml-64-packages/src/bindings/python;C:/Development/libsbml-64-packages/src/bindings/python/Release;
80: Test timeout computed to be: 3000
 80/185 Test  #80: test_python_multi_multi_example2 ..............   Passed    0.27 sec
test 81
        Start  81: test_python_multi_multi_example3

81: Test command: C:\python64\Python27\python.exe "C:/Development/libsbml-with-packages/examples/python/multi/multi_example3.py"
81: Environment variables: 
81:  PYTHONPATH=C:/Development/libsbml-64-packages/src/bindings/python;C:/Development/libsbml-64-packages/src/bindings/python/Release;
81: Test timeout computed to be: 3000
 81/185 Test  #81: test_python_multi_multi_example3 ..............   Passed    0.28 sec
test 82
        Start  82: test_python_multi_printMulti

82: Test command: C:\python64\Python27\python.exe "C:/Development/libsbml-with-packages/examples/python/multi/printMulti.py"
82: Environment variables: 
82:  PYTHONPATH=C:/Development/libsbml-64-packages/src/bindings/python;C:/Development/libsbml-64-packages/src/bindings/python/Release;
82: Test timeout computed to be: 3000
82: usage: printMulti sbml-file
 82/185 Test  #82: test_python_multi_printMulti ..................   Passed    0.27 sec
test 83
        Start  83: test_python_qual_qual_example1

83: Test command: C:\python64\Python27\python.exe "C:/Development/libsbml-with-packages/examples/python/qual/qual_example1.py"
83: Environment variables: 
83:  PYTHONPATH=C:/Development/libsbml-64-packages/src/bindings/python;C:/Development/libsbml-64-packages/src/bindings/python/Release;
83: Test timeout computed to be: 3000
 83/185 Test  #83: test_python_qual_qual_example1 ................   Passed    0.28 sec
test 84
        Start  84: test_c_addCVTerms

84: Test command: C:\Development\libsbml-64-packages\examples\c\Release\addCVTerms.exe "C:/Development/libsbml-with-packages/examples/sample-models/from-spec/level-3/enzymekinetics.xml" "addCVTerms.out.xml"
84: Test timeout computed to be: 3000
 84/185 Test  #84: test_c_addCVTerms .............................   Passed    0.03 sec
test 85
        Start  85: test_c_addingEvidenceCodes_1

85: Test command: C:\Development\libsbml-64-packages\examples\c\Release\addingEvidenceCodes_1.exe "C:/Development/libsbml-with-packages/examples/sample-models/from-spec/level-3/enzymekinetics.xml" "addingEvidenceCodes_1.out.xml"
85: Test timeout computed to be: 3000
 85/185 Test  #85: test_c_addingEvidenceCodes_1 ..................   Passed    0.02 sec
test 86
        Start  86: test_c_addingEvidenceCodes_2

86: Test command: C:\Development\libsbml-64-packages\examples\c\Release\addingEvidenceCodes_2.exe "C:/Development/libsbml-with-packages/examples/sample-models/from-spec/level-3/enzymekinetics.xml" "addingEvidenceCodes_2.out.xml"
86: Test timeout computed to be: 3000
 86/185 Test  #86: test_c_addingEvidenceCodes_2 ..................   Passed    0.02 sec
test 87
        Start  87: test_c_addModelHistory

87: Test command: C:\Development\libsbml-64-packages\examples\c\Release\addModelHistory.exe "C:/Development/libsbml-with-packages/examples/sample-models/from-spec/level-3/enzymekinetics.xml" "addModelHistory.out.xml"
87: Test timeout computed to be: 3000
87: Status for addCreator: succeeded
87: Set created date:      succeeded
87: Set modified date:     succeeded
87: Set model history:     unknown
 87/185 Test  #87: test_c_addModelHistory ........................   Passed    0.02 sec
test 88
        Start  88: test_c_appendAnnotation

88: Test command: C:\Development\libsbml-64-packages\examples\c\Release\appendAnnotation.exe "C:/Development/libsbml-with-packages/examples/sample-models/from-spec/level-3/enzymekinetics.xml" "appendAnnotation.out.xml"
88: Test timeout computed to be: 3000
 88/185 Test  #88: test_c_appendAnnotation .......................   Passed    0.02 sec
test 89
        Start  89: test_c_convertSBML

89: Test command: C:\Development\libsbml-64-packages\examples\c\Release\convertSBML.exe "C:/Development/libsbml-with-packages/examples/sample-models/from-spec/level-3/enzymekinetics.xml" "convertSBML.out.xml"
89: Test timeout computed to be: 3000
89: Attempting to convert model to SBML Level 3 Version 2.
89: Conversion completed.
 89/185 Test  #89: test_c_convertSBML ............................   Passed    0.02 sec
test 90
        Start  90: test_c_createExampleSBML

90: Test command: C:\Development\libsbml-64-packages\examples\c\Release\createExampleSBML.exe "C:/Development/libsbml-with-packages/examples/sample-models/from-spec/level-3/enzymekinetics.xml" "createExampleSBML.out.xml"
90: Test timeout computed to be: 3000
90: Wrote file "enzymaticreaction.xml"
90: Wrote file "units.xml"
90: line 1: (99505 [Warning]) In situations where a mathematical expression contains literal numbers or parameters whose units have not been declared, it is not possible to verify accurately the consistency of the units in the expression. 
90:  The units of the <kineticLaw> <math> expression 'f(S1) * compartmentOne / t' cannot be fully checked. Unit consistency reported as either no errors or further unit errors related to this object may not be accurate.
90: 
90: Notice: encountered 1 validation warning in model 'functionExample'.
90: Wrote file "functiondef.xml"
 90/185 Test  #90: test_c_createExampleSBML ......................   Passed    0.03 sec
test 91
        Start  91: test_c_drawMath

91: Test command: C:\Development\libsbml-64-packages\examples\c\Release\drawMath.exe "C:/Development/libsbml-with-packages/examples/sample-models/from-spec/level-3/enzymekinetics.xml" "drawMath.out.xml"
91: Test timeout computed to be: 3000
91: 
91: 
 91/185 Test  #91: test_c_drawMath ...............................   Passed    0.03 sec
test 92
        Start  92: test_c_echoSBML

92: Test command: C:\Development\libsbml-64-packages\examples\c\Release\echoSBML.exe "C:/Development/libsbml-with-packages/examples/sample-models/from-spec/level-3/enzymekinetics.xml" "echoSBML.out.xml"
92: Test timeout computed to be: 3000
 92/185 Test  #92: test_c_echoSBML ...............................   Passed    0.03 sec
test 93
        Start  93: test_c_printAnnotation

93: Test command: C:\Development\libsbml-64-packages\examples\c\Release\printAnnotation.exe "C:/Development/libsbml-with-packages/examples/sample-models/from-spec/level-3/enzymekinetics.xml"
93: Test timeout computed to be: 3000
93: 
93: C:/Development/libsbml-with-packages/examples/sample-models/from-spec/level-3/enzymekinetics.xml
93: 
 93/185 Test  #93: test_c_printAnnotation ........................   Passed    0.02 sec
test 94
        Start  94: test_c_printMath

94: Test command: C:\Development\libsbml-64-packages\examples\c\Release\printMath.exe "C:/Development/libsbml-with-packages/examples/sample-models/from-spec/level-3/enzymekinetics.xml"
94: Test timeout computed to be: 3000
94: 
94: Reaction 1, formula: comp * (kon * E * S - koff * ES)
94: Reaction 2, formula: comp * kcat * ES
94: 
94: 
 94/185 Test  #94: test_c_printMath ..............................   Passed    0.02 sec
test 95
        Start  95: test_c_printNotes

95: Test command: C:\Development\libsbml-64-packages\examples\c\Release\printNotes.exe "C:/Development/libsbml-with-packages/examples/sample-models/from-spec/level-3/enzymekinetics.xml"
95: Test timeout computed to be: 3000
95: 
95: C:/Development/libsbml-with-packages/examples/sample-models/from-spec/level-3/enzymekinetics.xml
95: 
 95/185 Test  #95: test_c_printNotes .............................   Passed    0.02 sec
test 96
        Start  96: test_c_printRegisteredPackages

96: Test command: C:\Development\libsbml-64-packages\examples\c\Release\printRegisteredPackages.exe "C:/Development/libsbml-with-packages/examples/sample-models/from-spec/level-3/enzymekinetics.xml"
96: Test timeout computed to be: 3000
96: This version of LibSBML: 5.17.2 includes: 
96: 	arrays
96: 	comp
96: 	distrib
96: 	dyn
96: 	fbc
96: 	groups
96: 	layout
96: 	render
96: 	l3v2extendedmath
96: 	multi
96: 	qual
96: 	req
96: 	spatial
96: 
 96/185 Test  #96: test_c_printRegisteredPackages ................   Passed    0.02 sec
test 97
        Start  97: test_c_printSBML

97: Test command: C:\Development\libsbml-64-packages\examples\c\Release\printSBML.exe "C:/Development/libsbml-with-packages/examples/sample-models/from-spec/level-3/enzymekinetics.xml"
97: Test timeout computed to be: 3000
97: 
97: File: C:/Development/libsbml-with-packages/examples/sample-models/from-spec/level-3/enzymekinetics.xml (Level 3, version 1)
97:            model id: (empty)
97: functionDefinitions: 0
97:     unitDefinitions: 2
97:    compartmentTypes: 0
97:         specieTypes: 0
97:        compartments: 1
97:             species: 4
97:          parameters: 0
97:  initialAssignments: 0
97:               rules: 0
97:         constraints: 0
97:           reactions: 2
97:              events: 0
97: 
 97/185 Test  #97: test_c_printSBML ..............................   Passed    0.03 sec
test 98
        Start  98: test_c_printSupported

98: Test command: C:\Development\libsbml-64-packages\examples\c\Release\printSupported.exe
98: Test timeout computed to be: 3000
98: LibSBML: 5.17.2 supports: 
98: 	SBML Level 1 Version: 1
98: 	SBML Level 1 Version: 2
98: 	SBML Level 2 Version: 1
98: 	SBML Level 2 Version: 2
98: 	SBML Level 2 Version: 3
98: 	SBML Level 2 Version: 4
98: 	SBML Level 2 Version: 5
98: 	SBML Level 3 Version: 1
98: 	SBML Level 3 Version: 2
98: 
98: LibSBML is compiled against: 
98: 	LibXML:      2.7.8
98: 	Zlib:        1.2.3
98: 	bzip2:       1.0.5, 10-Dec-2007
98: 
 98/185 Test  #98: test_c_printSupported .........................   Passed    0.00 sec
test 99
        Start  99: test_c_printUnits

99: Test command: C:\Development\libsbml-64-packages\examples\c\Release\printUnits.exe "C:/Development/libsbml-with-packages/examples/sample-models/from-spec/level-3/enzymekinetics.xml"
99: Test timeout computed to be: 3000
99: Species 0: mole (exponent = 1, multiplier = 1, scale = 0), litre (exponent = -1, multiplier = 1, scale = 0)
99: Species 1: mole (exponent = 1, multiplier = 1, scale = 0), litre (exponent = -1, multiplier = 1, scale = 0)
99: Species 2: mole (exponent = 1, multiplier = 1, scale = 0), litre (exponent = -1, multiplier = 1, scale = 0)
99: Species 3: mole (exponent = 1, multiplier = 1, scale = 0), litre (exponent = -1, multiplier = 1, scale = 0)
99: Compartment 0: litre (exponent = 1, multiplier = 1, scale = 0)
99: Reaction 0: 
99: Kinetic Law: second (exponent = -1, multiplier = 1, scale = 0), mole (exponent = 1, multiplier = 1, scale = 0)
99:         undeclared units: no
99: Reaction 1: 
99: Kinetic Law: second (exponent = -1, multiplier = 1, scale = 0), mole (exponent = 1, multiplier = 1, scale = 0)
99:         undeclared units: no
 99/185 Test  #99: test_c_printUnits .............................   Passed    0.02 sec
test 100
        Start 100: test_c_promoteParameters

100: Test command: C:\Development\libsbml-64-packages\examples\c\Release\promoteParameters.exe "C:/Development/libsbml-with-packages/examples/sample-models/from-spec/level-3/enzymekinetics.xml" "promoteParameters.out.xml"
100: Test timeout computed to be: 3000
100/185 Test #100: test_c_promoteParameters ......................   Passed    0.03 sec
test 101
        Start 101: test_c_readSBML

101: Test command: C:\Development\libsbml-64-packages\examples\c\Release\readSBML.exe "C:/Development/libsbml-with-packages/examples/sample-models/from-spec/level-3/enzymekinetics.xml"
101: Test timeout computed to be: 3000
101: 
101:         filename: C:/Development/libsbml-with-packages/examples/sample-models/from-spec/level-3/enzymekinetics.xml
101:        file size: 4021
101:   read time (ms): 15
101:         error(s): 0
101: 
101/185 Test #101: test_c_readSBML ...............................   Passed    0.02 sec
test 102
        Start 102: test_c_stripPackage

102: Test command: C:\Development\libsbml-64-packages\examples\c\Release\stripPackage.exe "C:/Development/libsbml-with-packages/examples/sample-models/fbc/fbc_example1.xml" "fbc" "stripPackage.out.xml"
102: Test timeout computed to be: 3000
102/185 Test #102: test_c_stripPackage ...........................   Passed    0.02 sec
test 103
        Start 103: test_c_unsetAnnotation

103: Test command: C:\Development\libsbml-64-packages\examples\c\Release\unsetAnnotation.exe "C:/Development/libsbml-with-packages/examples/sample-models/from-spec/level-3/enzymekinetics.xml" "unsetAnnotation.out.xml"
103: Test timeout computed to be: 3000
103/185 Test #103: test_c_unsetAnnotation ........................   Passed    0.03 sec
test 104
        Start 104: test_c_unsetNotes

104: Test command: C:\Development\libsbml-64-packages\examples\c\Release\unsetNotes.exe "C:/Development/libsbml-with-packages/examples/sample-models/from-spec/level-3/enzymekinetics.xml" "unsetNotes.out.xml"
104: Test timeout computed to be: 3000
104/185 Test #104: test_c_unsetNotes .............................   Passed    0.02 sec
test 105
        Start 105: test_c_validateSBML

105: Test command: C:\Development\libsbml-64-packages\examples\c\Release\validateSBML.exe "C:/Development/libsbml-with-packages/examples/sample-models/from-spec/level-3/enzymekinetics.xml"
105: Test timeout computed to be: 3000
105: 
105:         filename: C:/Development/libsbml-with-packages/examples/sample-models/from-spec/level-3/enzymekinetics.xml
105:        file size: 4021
105:   read time (ms): 16
105:         error(s): 0
105: 
105/185 Test #105: test_c_validateSBML ...........................   Passed    0.03 sec
test 106
        Start 106: test_cxx_addCVTerms

106: Test command: C:\Development\libsbml-64-packages\examples\c++\Release\addCVTerms.exe "C:/Development/libsbml-with-packages/examples/sample-models/from-spec/level-3/enzymekinetics.xml" "addCVTerms.out.xml"
106: Test timeout computed to be: 3000
106/185 Test #106: test_cxx_addCVTerms ...........................   Passed    0.02 sec
test 107
        Start 107: test_cxx_addCustomValidator

107: Test command: C:\Development\libsbml-64-packages\examples\c++\Release\addCustomValidator.exe "C:/Development/libsbml-with-packages/examples/sample-models/from-spec/level-3/enzymekinetics.xml"
107: Test timeout computed to be: 3000
107/185 Test #107: test_cxx_addCustomValidator ...................   Passed    0.03 sec
test 108
        Start 108: test_cxx_addingEvidenceCodes_1

108: Test command: C:\Development\libsbml-64-packages\examples\c++\Release\addingEvidenceCodes_1.exe "C:/Development/libsbml-with-packages/examples/sample-models/from-spec/level-3/enzymekinetics.xml" "addingEvidenceCodes_1.out.xml"
108: Test timeout computed to be: 3000
108/185 Test #108: test_cxx_addingEvidenceCodes_1 ................   Passed    0.02 sec
test 109
        Start 109: test_cxx_addingEvidenceCodes_2

109: Test command: C:\Development\libsbml-64-packages\examples\c++\Release\addingEvidenceCodes_2.exe "C:/Development/libsbml-with-packages/examples/sample-models/from-spec/level-3/enzymekinetics.xml" "addingEvidenceCodes_2.out.xml"
109: Test timeout computed to be: 3000
109/185 Test #109: test_cxx_addingEvidenceCodes_2 ................   Passed    0.03 sec
test 110
        Start 110: test_cxx_addModelHistory

110: Test command: C:\Development\libsbml-64-packages\examples\c++\Release\addModelHistory.exe "C:/Development/libsbml-with-packages/examples/sample-models/from-spec/level-3/enzymekinetics.xml" "addModelHistory.out.xml"
110: Test timeout computed to be: 3000
110: Status for addCreator: succeeded
110: Set created date:      succeeded
110: Set modified date:     succeeded
110: Set model history:     unknown
110/185 Test #110: test_cxx_addModelHistory ......................   Passed    0.02 sec
test 111
        Start 111: test_cxx_appendAnnotation

111: Test command: C:\Development\libsbml-64-packages\examples\c++\Release\appendAnnotation.exe "C:/Development/libsbml-with-packages/examples/sample-models/from-spec/level-3/enzymekinetics.xml" "appendAnnotation.out.xml"
111: Test timeout computed to be: 3000
111/185 Test #111: test_cxx_appendAnnotation .....................   Passed    0.02 sec
test 112
        Start 112: test_cxx_callExternalValidator

112: Test command: C:\Development\libsbml-64-packages\examples\c++\Release\callExternalValidator.exe "C:/Development/libsbml-with-packages/examples/sample-models/from-spec/level-3/enzymekinetics.xml" "callExternalValidator.out.xml"
112: Test timeout computed to be: 3000
112/185 Test #112: test_cxx_callExternalValidator ................   Passed    0.02 sec
test 113
        Start 113: test_cxx_convertSBML

113: Test command: C:\Development\libsbml-64-packages\examples\c++\Release\convertSBML.exe "C:/Development/libsbml-with-packages/examples/sample-models/from-spec/level-3/enzymekinetics.xml" "convertSBML.out.xml"
113: Test timeout computed to be: 3000
113: Attempting to convert Level 3 Version 1 model to Level 3 Version 2.
113: Conversion completed.
113/185 Test #113: test_cxx_convertSBML ..........................   Passed    0.03 sec
test 114
        Start 114: test_cxx_convertToL1V1

114: Test command: C:\Development\libsbml-64-packages\examples\c++\Release\convertToL1V1.exe "C:/Development/libsbml-with-packages/examples/sample-models/from-spec/level-3/enzymekinetics.xml" "convertToL1V1.out.xml"
114: Test timeout computed to be: 3000
114: Conversion completed.
114/185 Test #114: test_cxx_convertToL1V1 ........................   Passed    0.02 sec
test 115
        Start 115: test_cxx_createExampleSBML

115: Test command: C:\Development\libsbml-64-packages\examples\c++\Release\createExampleSBML.exe "C:/Development/libsbml-with-packages/examples/sample-models/from-spec/level-3/enzymekinetics.xml" "createExampleSBML.out.xml"
115: Test timeout computed to be: 3000
115: Wrote file "enzymaticreaction.xml"
115: Wrote file "units.xml"
115: 
115: Notice: encountered 1 validation warning in model 'functionExample'.
115: 
115: line 1: (99505 [Warning]) In situations where a mathematical expression contains literal numbers or parameters whose units have not been declared, it is not possible to verify accurately the consistency of the units in the expression. 
115:  The units of the <kineticLaw> <math> expression 'f(S1) * compartmentOne / t' cannot be fully checked. Unit consistency reported as either no errors or further unit errors related to this object may not be accurate.
115: 
115: Wrote file "functiondef.xml"
115/185 Test #115: test_cxx_createExampleSBML ....................   Passed    0.05 sec
test 116
        Start 116: test_cxx_echoSBML

116: Test command: C:\Development\libsbml-64-packages\examples\c++\Release\echoSBML.exe "C:/Development/libsbml-with-packages/examples/sample-models/from-spec/level-3/enzymekinetics.xml" "echoSBML.out.xml"
116: Test timeout computed to be: 3000
116/185 Test #116: test_cxx_echoSBML .............................   Passed    0.02 sec
test 117
        Start 117: test_cxx_inferUnits

117: Test command: C:\Development\libsbml-64-packages\examples\c++\Release\inferUnits.exe "C:/Development/libsbml-with-packages/examples/sample-models/from-spec/level-3/enzymekinetics.xml" "inferUnits.out.xml"
117: Test timeout computed to be: 3000
117/185 Test #117: test_cxx_inferUnits ...........................   Passed    0.03 sec
test 118
        Start 118: test_cxx_inlineFunctionDefintions

118: Test command: C:\Development\libsbml-64-packages\examples\c++\Release\inlineFunctionDefintions.exe "C:/Development/libsbml-with-packages/examples/sample-models/from-spec/level-3/enzymekinetics.xml" "inlineFunctionDefintions.out.xml"
118: Test timeout computed to be: 3000
118: Conversion completed.
118/185 Test #118: test_cxx_inlineFunctionDefintions .............   Passed    0.02 sec
test 119
        Start 119: test_cxx_convertReactions

119: Test command: C:\Development\libsbml-64-packages\examples\c++\Release\convertReactions.exe "C:/Development/libsbml-with-packages/examples/sample-models/from-spec/level-3/enzymekinetics.xml" "convertReactions.out.xml"
119: Test timeout computed to be: 3000
119: Conversion completed.
119/185 Test #119: test_cxx_convertReactions .....................   Passed    0.03 sec
test 120
        Start 120: test_cxx_getAllElementsWithNotes

120: Test command: C:\Development\libsbml-64-packages\examples\c++\Release\getAllElementsWithNotes.exe "C:/Development/libsbml-with-packages/examples/sample-models/from-spec/level-3/enzymekinetics.xml"
120: Test timeout computed to be: 3000
120: 
120:             filename: C:/Development/libsbml-with-packages/examples/sample-models/from-spec/level-3/enzymekinetics.xml
120:       read time (ms): 0
120:     searching ......:
120:     search time (ms): 0
120:  elements with notes: 0
120/185 Test #120: test_cxx_getAllElementsWithNotes ..............   Passed    0.02 sec
test 121
        Start 121: test_cxx_printAnnotation

121: Test command: C:\Development\libsbml-64-packages\examples\c++\Release\printAnnotation.exe "C:/Development/libsbml-with-packages/examples/sample-models/from-spec/level-3/enzymekinetics.xml"
121: Test timeout computed to be: 3000
121: 
121: filename: C:/Development/libsbml-with-packages/examples/sample-models/from-spec/level-3/enzymekinetics.xml
121: 
121/185 Test #121: test_cxx_printAnnotation ......................   Passed    0.02 sec
test 122
        Start 122: test_cxx_printMath

122: Test command: C:\Development\libsbml-64-packages\examples\c++\Release\printMath.exe "C:/Development/libsbml-with-packages/examples/sample-models/from-spec/level-3/enzymekinetics.xml"
122: Test timeout computed to be: 3000
122: 
122: Reaction 1, formula: comp * (kon * E * S - koff * ES)
122: Reaction 2, formula: comp * kcat * ES
122: 
122: 
122/185 Test #122: test_cxx_printMath ............................   Passed    0.02 sec
test 123
        Start 123: test_cxx_printNotes

123: Test command: C:\Development\libsbml-64-packages\examples\c++\Release\printNotes.exe "C:/Development/libsbml-with-packages/examples/sample-models/from-spec/level-3/enzymekinetics.xml"
123: Test timeout computed to be: 3000
123: 
123: filename: C:/Development/libsbml-with-packages/examples/sample-models/from-spec/level-3/enzymekinetics.xml
123: 
123/185 Test #123: test_cxx_printNotes ...........................   Passed    0.02 sec
test 124
        Start 124: test_cxx_printSBML

124: Test command: C:\Development\libsbml-64-packages\examples\c++\Release\printSBML.exe "C:/Development/libsbml-with-packages/examples/sample-models/from-spec/level-3/enzymekinetics.xml"
124: Test timeout computed to be: 3000
124: 
124: File: C:/Development/libsbml-with-packages/examples/sample-models/from-spec/level-3/enzymekinetics.xml (Level 3, version 1)
124:                  id: (empty)
124: functionDefinitions: 0
124:     unitDefinitions: 2
124:    compartmentTypes: 0
124:         specieTypes: 0
124:        compartments: 1
124:             species: 4
124:          parameters: 0
124:  initialAssignments: 0
124:               rules: 0
124:         constraints: 0
124:           reactions: 2
124:              events: 0
124: 
124/185 Test #124: test_cxx_printSBML ............................   Passed    0.02 sec
test 125
        Start 125: test_cxx_printRegisteredPackages

125: Test command: C:\Development\libsbml-64-packages\examples\c++\Release\printRegisteredPackages.exe "C:/Development/libsbml-with-packages/examples/sample-models/from-spec/level-3/enzymekinetics.xml" "printRegisteredPackages.out.xml"
125: Test timeout computed to be: 3000
125: This version of LibSBML: 5.17.2 includes: 
125: 	arrays
125: 	comp
125: 	distrib
125: 	dyn
125: 	fbc
125: 	groups
125: 	layout
125: 	render
125: 	l3v2extendedmath
125: 	multi
125: 	qual
125: 	req
125: 	spatial
125: 
125/185 Test #125: test_cxx_printRegisteredPackages ..............   Passed    0.02 sec
test 126
        Start 126: test_cxx_printSupported

126: Test command: C:\Development\libsbml-64-packages\examples\c++\Release\printSupported.exe "C:/Development/libsbml-with-packages/examples/sample-models/from-spec/level-3/enzymekinetics.xml" "printSupported.out.xml"
126: Test timeout computed to be: 3000
126: LibSBML: 5.17.2 supports: 
126: 	SBML Level 1 Version: 1
126: 	SBML Level 1 Version: 2
126: 	SBML Level 2 Version: 1
126: 	SBML Level 2 Version: 2
126: 	SBML Level 2 Version: 3
126: 	SBML Level 2 Version: 4
126: 	SBML Level 2 Version: 5
126: 	SBML Level 3 Version: 1
126: 	SBML Level 3 Version: 2
126: 
126: LibSBML is compiled against: 
126: 	LibXML:     2.7.8
126: 	Zlib:       1.2.3
126: 	bzip2:      1.0.5, 10-Dec-2007
126: 
126/185 Test #126: test_cxx_printSupported .......................   Passed    0.02 sec
test 127
        Start 127: test_cxx_printUnits

127: Test command: C:\Development\libsbml-64-packages\examples\c++\Release\printUnits.exe "C:/Development/libsbml-with-packages/examples/sample-models/from-spec/level-3/enzymekinetics.xml"
127: Test timeout computed to be: 3000
127: Species 0: mole (exponent = 1, multiplier = 1, scale = 0), litre (exponent = -1, multiplier = 1, scale = 0)
127: Species 1: mole (exponent = 1, multiplier = 1, scale = 0), litre (exponent = -1, multiplier = 1, scale = 0)
127: Species 2: mole (exponent = 1, multiplier = 1, scale = 0), litre (exponent = -1, multiplier = 1, scale = 0)
127: Species 3: mole (exponent = 1, multiplier = 1, scale = 0), litre (exponent = -1, multiplier = 1, scale = 0)
127: Compartment 0: litre (exponent = 1, multiplier = 1, scale = 0)
127: Reaction 0: 
127: Kinetic Law: second (exponent = -1, multiplier = 1, scale = 0), mole (exponent = 1, multiplier = 1, scale = 0)
127:         undeclared units: no
127: Reaction 1: 
127: Kinetic Law: second (exponent = -1, multiplier = 1, scale = 0), mole (exponent = 1, multiplier = 1, scale = 0)
127:         undeclared units: no
127/185 Test #127: test_cxx_printUnits ...........................   Passed    0.02 sec
test 128
        Start 128: test_cxx_promoteParameters

128: Test command: C:\Development\libsbml-64-packages\examples\c++\Release\promoteParameters.exe "C:/Development/libsbml-with-packages/examples/sample-models/from-spec/level-3/enzymekinetics.xml" "promoteParameters.out.xml"
128: Test timeout computed to be: 3000
128/185 Test #128: test_cxx_promoteParameters ....................   Passed    0.02 sec
test 129
        Start 129: test_cxx_readSBML

129: Test command: C:\Development\libsbml-64-packages\examples\c++\Release\readSBML.exe "C:/Development/libsbml-with-packages/examples/sample-models/from-spec/level-3/enzymekinetics.xml"
129: Test timeout computed to be: 3000
129: 
129:             filename: C:/Development/libsbml-with-packages/examples/sample-models/from-spec/level-3/enzymekinetics.xml
129:            file size: 4021
129:       read time (ms): 0
129:  validation error(s): 0
129: 
129/185 Test #129: test_cxx_readSBML .............................   Passed    0.00 sec
test 130
        Start 130: test_cxx_renameSId

130: Test command: C:\Development\libsbml-64-packages\examples\c++\Release\renameSId.exe "C:/Development/libsbml-with-packages/examples/sample-models/from-spec/level-3/enzymekinetics.xml" "veq" "veqnew" "renameSId.out.xml"
130: Test timeout computed to be: 3000
130: 
130:             filename: C:/Development/libsbml-with-packages/examples/sample-models/from-spec/level-3/enzymekinetics.xml
130:            file size: 4021
130:       read time (ms): 15
130:             error(s): 0
130: 
130/185 Test #130: test_cxx_renameSId ............................   Passed    0.02 sec
test 131
        Start 131: test_cxx_setIdFromNames

131: Test command: C:\Development\libsbml-64-packages\examples\c++\Release\setIdFromNames.exe "C:/Development/libsbml-with-packages/examples/sample-models/from-spec/level-3/enzymekinetics.xml" "setIdFromNames.out.xml"
131: Test timeout computed to be: 3000
131: 
131:             filename: C:/Development/libsbml-with-packages/examples/sample-models/from-spec/level-3/enzymekinetics.xml
131:       read time (ms): 0
131:     rename time (ms): 0
131:      write time (ms): 0
131: 
131/185 Test #131: test_cxx_setIdFromNames .......................   Passed    0.02 sec
test 132
        Start 132: test_cxx_setNamesFromIds

132: Test command: C:\Development\libsbml-64-packages\examples\c++\Release\setNamesFromIds.exe "C:/Development/libsbml-with-packages/examples/sample-models/from-spec/level-3/enzymekinetics.xml" "setNamesFromIds.out.xml"
132: Test timeout computed to be: 3000
132: 
132:             filename: C:/Development/libsbml-with-packages/examples/sample-models/from-spec/level-3/enzymekinetics.xml
132:       read time (ms): 0
132:     rename time (ms): 0
132:      write time (ms): 15
132: 
132/185 Test #132: test_cxx_setNamesFromIds ......................   Passed    0.03 sec
test 133
        Start 133: test_cxx_stripPackage

133: Test command: C:\Development\libsbml-64-packages\examples\c++\Release\stripPackage.exe "C:/Development/libsbml-with-packages/examples/sample-models/fbc/fbc_example1.xml" "fbc" "stripPackage.out.xml"
133: Test timeout computed to be: 3000
133/185 Test #133: test_cxx_stripPackage .........................   Passed    0.02 sec
test 134
        Start 134: test_cxx_unsetAnnotation

134: Test command: C:\Development\libsbml-64-packages\examples\c++\Release\unsetAnnotation.exe "C:/Development/libsbml-with-packages/examples/sample-models/from-spec/level-3/enzymekinetics.xml" "unsetAnnotation.out.xml"
134: Test timeout computed to be: 3000
134/185 Test #134: test_cxx_unsetAnnotation ......................   Passed    0.03 sec
test 135
        Start 135: test_cxx_unsetNotes

135: Test command: C:\Development\libsbml-64-packages\examples\c++\Release\unsetNotes.exe "C:/Development/libsbml-with-packages/examples/sample-models/from-spec/level-3/enzymekinetics.xml" "unsetNotes.out.xml"
135: Test timeout computed to be: 3000
135/185 Test #135: test_cxx_unsetNotes ...........................   Passed    0.02 sec
test 136
        Start 136: test_cxx_validateSBML

136: Test command: C:\Development\libsbml-64-packages\examples\c++\Release\validateSBML.exe "C:/Development/libsbml-with-packages/examples/sample-models/from-spec/level-3/enzymekinetics.xml"
136: Test timeout computed to be: 3000
136:                  filename : C:/Development/libsbml-with-packages/examples/sample-models/from-spec/level-3/enzymekinetics.xml
136:          file size (byte) : 4021
136:            read time (ms) : 0
136:         c-check time (ms) : 16
136:       validation error(s) : 0
136:     (consistency error(s)): 0
136:     validation warning(s) : 0
136:   (consistency warning(s)): 0
136: ---------------------------------------------------------------------------
136: Validated 1 files, 1 valid files, 0 invalid files
136/185 Test #136: test_cxx_validateSBML .........................   Passed    0.03 sec
test 137
        Start 137: test_cs_addCVTerms

137: Test command: C:\Development\libsbml-64-packages\examples\csharp\addCVTerms.exe "C:/Development/libsbml-with-packages/examples/sample-models/from-spec/level-3/enzymekinetics.xml" "addCVTerms.out.xml"
137: Environment variables: 
137:  PATH=C:/Development/libsbml-64-packages/src/bindings/csharp/Release
137:  C:/Development/libsbml-64-packages/src/bindings/csharp/Release
137:  c:\Program Files\CMake\bin
137:  C:\Program Files\CMake\bin
137:  C:\Program Files\CMake\bin
137:  C:\Windows\system32
137:  C:\Windows
137:  C:\Windows\System32\Wbem
137:  C:\Windows\System32\WindowsPowerShell\v1.0
137:  C:\ProgramData\chocolatey\bin
137:  C:\Program Files\TortoiseHg
137:  C:\Windows\system32\config\systemprofile\.dnx\bin
137:  C:\Program Files\Microsoft DNX\Dnvm
137:  C:\Program Files (x86)\Windows Kits\8.1\Windows Performance Toolkit
137:  C:\Program Files\Microsoft SQL Server\130\Tools\Binn
137:  C:\Program Files (x86)\Skype\Phone
137:  C:\Program Files\MATLAB\R2018a\runtime\win64
137:  C:\Program Files\MATLAB\R2018a\bin
137:  C:\Program Files\MATLAB\R2017a\runtime\win64
137:  C:\Program Files\MATLAB\R2017a\bin
137:  C:\Program Files\TortoiseGit\bin
137:  C:\Program Files\TortoiseSVN\bin
137:  C:\Program Files (x86)\AOMEI Backupper
137:  C:\ProgramData\chocolatey\bin
137:  C:\Program Files\Git\cmd
137:  c:\Development\libsbml\dev\packages\create_archives\bin\
137: Test timeout computed to be: 3000
137/185 Test #137: test_cs_addCVTerms ............................   Passed    0.08 sec
test 138
        Start 138: test_cs_addingEvidenceCodes_1

138: Test command: C:\Development\libsbml-64-packages\examples\csharp\addingEvidenceCodes_1.exe "C:/Development/libsbml-with-packages/examples/sample-models/from-spec/level-3/enzymekinetics.xml" "addingEvidenceCodes_1.out.xml"
138: Environment variables: 
138:  PATH=C:/Development/libsbml-64-packages/src/bindings/csharp/Release
138:  C:/Development/libsbml-64-packages/src/bindings/csharp/Release
138:  c:\Program Files\CMake\bin
138:  C:\Program Files\CMake\bin
138:  C:\Program Files\CMake\bin
138:  C:\Windows\system32
138:  C:\Windows
138:  C:\Windows\System32\Wbem
138:  C:\Windows\System32\WindowsPowerShell\v1.0
138:  C:\ProgramData\chocolatey\bin
138:  C:\Program Files\TortoiseHg
138:  C:\Windows\system32\config\systemprofile\.dnx\bin
138:  C:\Program Files\Microsoft DNX\Dnvm
138:  C:\Program Files (x86)\Windows Kits\8.1\Windows Performance Toolkit
138:  C:\Program Files\Microsoft SQL Server\130\Tools\Binn
138:  C:\Program Files (x86)\Skype\Phone
138:  C:\Program Files\MATLAB\R2018a\runtime\win64
138:  C:\Program Files\MATLAB\R2018a\bin
138:  C:\Program Files\MATLAB\R2017a\runtime\win64
138:  C:\Program Files\MATLAB\R2017a\bin
138:  C:\Program Files\TortoiseGit\bin
138:  C:\Program Files\TortoiseSVN\bin
138:  C:\Program Files (x86)\AOMEI Backupper
138:  C:\ProgramData\chocolatey\bin
138:  C:\Program Files\Git\cmd
138:  c:\Development\libsbml\dev\packages\create_archives\bin\
138: Test timeout computed to be: 3000
138/185 Test #138: test_cs_addingEvidenceCodes_1 .................   Passed    0.09 sec
test 139
        Start 139: test_cs_addingEvidenceCodes_2

139: Test command: C:\Development\libsbml-64-packages\examples\csharp\addingEvidenceCodes_2.exe "C:/Development/libsbml-with-packages/examples/sample-models/from-spec/level-3/enzymekinetics.xml" "addingEvidenceCodes_2.out.xml"
139: Environment variables: 
139:  PATH=C:/Development/libsbml-64-packages/src/bindings/csharp/Release
139:  C:/Development/libsbml-64-packages/src/bindings/csharp/Release
139:  c:\Program Files\CMake\bin
139:  C:\Program Files\CMake\bin
139:  C:\Program Files\CMake\bin
139:  C:\Windows\system32
139:  C:\Windows
139:  C:\Windows\System32\Wbem
139:  C:\Windows\System32\WindowsPowerShell\v1.0
139:  C:\ProgramData\chocolatey\bin
139:  C:\Program Files\TortoiseHg
139:  C:\Windows\system32\config\systemprofile\.dnx\bin
139:  C:\Program Files\Microsoft DNX\Dnvm
139:  C:\Program Files (x86)\Windows Kits\8.1\Windows Performance Toolkit
139:  C:\Program Files\Microsoft SQL Server\130\Tools\Binn
139:  C:\Program Files (x86)\Skype\Phone
139:  C:\Program Files\MATLAB\R2018a\runtime\win64
139:  C:\Program Files\MATLAB\R2018a\bin
139:  C:\Program Files\MATLAB\R2017a\runtime\win64
139:  C:\Program Files\MATLAB\R2017a\bin
139:  C:\Program Files\TortoiseGit\bin
139:  C:\Program Files\TortoiseSVN\bin
139:  C:\Program Files (x86)\AOMEI Backupper
139:  C:\ProgramData\chocolatey\bin
139:  C:\Program Files\Git\cmd
139:  c:\Development\libsbml\dev\packages\create_archives\bin\
139: Test timeout computed to be: 3000
139/185 Test #139: test_cs_addingEvidenceCodes_2 .................   Passed    0.11 sec
test 140
        Start 140: test_cs_addModelHistory

140: Test command: C:\Development\libsbml-64-packages\examples\csharp\addModelHistory.exe "C:/Development/libsbml-with-packages/examples/sample-models/from-spec/level-3/enzymekinetics.xml" "addModelHistory.out.xml"
140: Environment variables: 
140:  PATH=C:/Development/libsbml-64-packages/src/bindings/csharp/Release
140:  C:/Development/libsbml-64-packages/src/bindings/csharp/Release
140:  c:\Program Files\CMake\bin
140:  C:\Program Files\CMake\bin
140:  C:\Program Files\CMake\bin
140:  C:\Windows\system32
140:  C:\Windows
140:  C:\Windows\System32\Wbem
140:  C:\Windows\System32\WindowsPowerShell\v1.0
140:  C:\ProgramData\chocolatey\bin
140:  C:\Program Files\TortoiseHg
140:  C:\Windows\system32\config\systemprofile\.dnx\bin
140:  C:\Program Files\Microsoft DNX\Dnvm
140:  C:\Program Files (x86)\Windows Kits\8.1\Windows Performance Toolkit
140:  C:\Program Files\Microsoft SQL Server\130\Tools\Binn
140:  C:\Program Files (x86)\Skype\Phone
140:  C:\Program Files\MATLAB\R2018a\runtime\win64
140:  C:\Program Files\MATLAB\R2018a\bin
140:  C:\Program Files\MATLAB\R2017a\runtime\win64
140:  C:\Program Files\MATLAB\R2017a\bin
140:  C:\Program Files\TortoiseGit\bin
140:  C:\Program Files\TortoiseSVN\bin
140:  C:\Program Files (x86)\AOMEI Backupper
140:  C:\ProgramData\chocolatey\bin
140:  C:\Program Files\Git\cmd
140:  c:\Development\libsbml\dev\packages\create_archives\bin\
140: Test timeout computed to be: 3000
140: Status for addCreator: succeeded
140: Set created date:      succeeded
140: Set modified date:     succeeded
140: Set model history:     unknown
140/185 Test #140: test_cs_addModelHistory .......................   Passed    0.08 sec
test 141
        Start 141: test_cs_appendAnnotation

141: Test command: C:\Development\libsbml-64-packages\examples\csharp\appendAnnotation.exe "C:/Development/libsbml-with-packages/examples/sample-models/from-spec/level-3/enzymekinetics.xml" "appendAnnotation.out.xml"
141: Environment variables: 
141:  PATH=C:/Development/libsbml-64-packages/src/bindings/csharp/Release
141:  C:/Development/libsbml-64-packages/src/bindings/csharp/Release
141:  c:\Program Files\CMake\bin
141:  C:\Program Files\CMake\bin
141:  C:\Program Files\CMake\bin
141:  C:\Windows\system32
141:  C:\Windows
141:  C:\Windows\System32\Wbem
141:  C:\Windows\System32\WindowsPowerShell\v1.0
141:  C:\ProgramData\chocolatey\bin
141:  C:\Program Files\TortoiseHg
141:  C:\Windows\system32\config\systemprofile\.dnx\bin
141:  C:\Program Files\Microsoft DNX\Dnvm
141:  C:\Program Files (x86)\Windows Kits\8.1\Windows Performance Toolkit
141:  C:\Program Files\Microsoft SQL Server\130\Tools\Binn
141:  C:\Program Files (x86)\Skype\Phone
141:  C:\Program Files\MATLAB\R2018a\runtime\win64
141:  C:\Program Files\MATLAB\R2018a\bin
141:  C:\Program Files\MATLAB\R2017a\runtime\win64
141:  C:\Program Files\MATLAB\R2017a\bin
141:  C:\Program Files\TortoiseGit\bin
141:  C:\Program Files\TortoiseSVN\bin
141:  C:\Program Files (x86)\AOMEI Backupper
141:  C:\ProgramData\chocolatey\bin
141:  C:\Program Files\Git\cmd
141:  c:\Development\libsbml\dev\packages\create_archives\bin\
141: Test timeout computed to be: 3000
141/185 Test #141: test_cs_appendAnnotation ......................   Passed    0.08 sec
test 142
        Start 142: test_cs_convertSBML

142: Test command: C:\Development\libsbml-64-packages\examples\csharp\convertSBML.exe "C:/Development/libsbml-with-packages/examples/sample-models/from-spec/level-3/enzymekinetics.xml" "convertSBML.out.xml"
142: Environment variables: 
142:  PATH=C:/Development/libsbml-64-packages/src/bindings/csharp/Release
142:  C:/Development/libsbml-64-packages/src/bindings/csharp/Release
142:  c:\Program Files\CMake\bin
142:  C:\Program Files\CMake\bin
142:  C:\Program Files\CMake\bin
142:  C:\Windows\system32
142:  C:\Windows
142:  C:\Windows\System32\Wbem
142:  C:\Windows\System32\WindowsPowerShell\v1.0
142:  C:\ProgramData\chocolatey\bin
142:  C:\Program Files\TortoiseHg
142:  C:\Windows\system32\config\systemprofile\.dnx\bin
142:  C:\Program Files\Microsoft DNX\Dnvm
142:  C:\Program Files (x86)\Windows Kits\8.1\Windows Performance Toolkit
142:  C:\Program Files\Microsoft SQL Server\130\Tools\Binn
142:  C:\Program Files (x86)\Skype\Phone
142:  C:\Program Files\MATLAB\R2018a\runtime\win64
142:  C:\Program Files\MATLAB\R2018a\bin
142:  C:\Program Files\MATLAB\R2017a\runtime\win64
142:  C:\Program Files\MATLAB\R2017a\bin
142:  C:\Program Files\TortoiseGit\bin
142:  C:\Program Files\TortoiseSVN\bin
142:  C:\Program Files (x86)\AOMEI Backupper
142:  C:\ProgramData\chocolatey\bin
142:  C:\Program Files\Git\cmd
142:  c:\Development\libsbml\dev\packages\create_archives\bin\
142: Test timeout computed to be: 3000
142: Attempting to convert Level 3 Version 1 model to Level 3 Version 2.
142: Conversion completed.
142/185 Test #142: test_cs_convertSBML ...........................   Passed    0.09 sec
test 143
        Start 143: test_cs_createExampleSBML

143: Test command: C:\Development\libsbml-64-packages\examples\csharp\createExampleSBML.exe "C:/Development/libsbml-with-packages/examples/sample-models/from-spec/level-3/enzymekinetics.xml" "createExampleSBML.out.xml"
143: Environment variables: 
143:  PATH=C:/Development/libsbml-64-packages/src/bindings/csharp/Release
143:  C:/Development/libsbml-64-packages/src/bindings/csharp/Release
143:  c:\Program Files\CMake\bin
143:  C:\Program Files\CMake\bin
143:  C:\Program Files\CMake\bin
143:  C:\Windows\system32
143:  C:\Windows
143:  C:\Windows\System32\Wbem
143:  C:\Windows\System32\WindowsPowerShell\v1.0
143:  C:\ProgramData\chocolatey\bin
143:  C:\Program Files\TortoiseHg
143:  C:\Windows\system32\config\systemprofile\.dnx\bin
143:  C:\Program Files\Microsoft DNX\Dnvm
143:  C:\Program Files (x86)\Windows Kits\8.1\Windows Performance Toolkit
143:  C:\Program Files\Microsoft SQL Server\130\Tools\Binn
143:  C:\Program Files (x86)\Skype\Phone
143:  C:\Program Files\MATLAB\R2018a\runtime\win64
143:  C:\Program Files\MATLAB\R2018a\bin
143:  C:\Program Files\MATLAB\R2017a\runtime\win64
143:  C:\Program Files\MATLAB\R2017a\bin
143:  C:\Program Files\TortoiseGit\bin
143:  C:\Program Files\TortoiseSVN\bin
143:  C:\Program Files (x86)\AOMEI Backupper
143:  C:\ProgramData\chocolatey\bin
143:  C:\Program Files\Git\cmd
143:  c:\Development\libsbml\dev\packages\create_archives\bin\
143: Test timeout computed to be: 3000
143: Wrote file "enzymaticreaction.xml"
143: Wrote file "units.xml"
143: 
143: 
143: Notice: encountered 1 validation warning in model 'functionExample'.
143: 
143: line 1: (99505 [Warning]) In situations where a mathematical expression contains literal numbers or parameters whose units have not been declared, it is not possible to verify accurately the consistency of the units in the expression. 
143:  The units of the <kineticLaw> <math> expression 'f(S1) * compartmentOne / t' cannot be fully checked. Unit consistency reported as either no errors or further unit errors related to this object may not be accurate.
143: 
143: 
143: Wrote file "functiondef.xml"
143/185 Test #143: test_cs_createExampleSBML .....................   Passed    0.12 sec
test 144
        Start 144: test_cs_echoSBML

144: Test command: C:\Development\libsbml-64-packages\examples\csharp\echoSBML.exe "C:/Development/libsbml-with-packages/examples/sample-models/from-spec/level-3/enzymekinetics.xml" "echoSBML.out.xml"
144: Environment variables: 
144:  PATH=C:/Development/libsbml-64-packages/src/bindings/csharp/Release
144:  C:/Development/libsbml-64-packages/src/bindings/csharp/Release
144:  c:\Program Files\CMake\bin
144:  C:\Program Files\CMake\bin
144:  C:\Program Files\CMake\bin
144:  C:\Windows\system32
144:  C:\Windows
144:  C:\Windows\System32\Wbem
144:  C:\Windows\System32\WindowsPowerShell\v1.0
144:  C:\ProgramData\chocolatey\bin
144:  C:\Program Files\TortoiseHg
144:  C:\Windows\system32\config\systemprofile\.dnx\bin
144:  C:\Program Files\Microsoft DNX\Dnvm
144:  C:\Program Files (x86)\Windows Kits\8.1\Windows Performance Toolkit
144:  C:\Program Files\Microsoft SQL Server\130\Tools\Binn
144:  C:\Program Files (x86)\Skype\Phone
144:  C:\Program Files\MATLAB\R2018a\runtime\win64
144:  C:\Program Files\MATLAB\R2018a\bin
144:  C:\Program Files\MATLAB\R2017a\runtime\win64
144:  C:\Program Files\MATLAB\R2017a\bin
144:  C:\Program Files\TortoiseGit\bin
144:  C:\Program Files\TortoiseSVN\bin
144:  C:\Program Files (x86)\AOMEI Backupper
144:  C:\ProgramData\chocolatey\bin
144:  C:\Program Files\Git\cmd
144:  c:\Development\libsbml\dev\packages\create_archives\bin\
144: Test timeout computed to be: 3000
144: [OK] Echoed C:/Development/libsbml-with-packages/examples/sample-models/from-spec/level-3/enzymekinetics.xml to echoSBML.out.xml
144/185 Test #144: test_cs_echoSBML ..............................   Passed    0.08 sec
test 145
        Start 145: test_cs_GetAllElementsWithNotes

145: Test command: C:\Development\libsbml-64-packages\examples\csharp\GetAllElementsWithNotes.exe "C:/Development/libsbml-with-packages/examples/sample-models/from-spec/level-3/enzymekinetics.xml"
145: Environment variables: 
145:  PATH=C:/Development/libsbml-64-packages/src/bindings/csharp/Release
145:  C:/Development/libsbml-64-packages/src/bindings/csharp/Release
145:  c:\Program Files\CMake\bin
145:  C:\Program Files\CMake\bin
145:  C:\Program Files\CMake\bin
145:  C:\Windows\system32
145:  C:\Windows
145:  C:\Windows\System32\Wbem
145:  C:\Windows\System32\WindowsPowerShell\v1.0
145:  C:\ProgramData\chocolatey\bin
145:  C:\Program Files\TortoiseHg
145:  C:\Windows\system32\config\systemprofile\.dnx\bin
145:  C:\Program Files\Microsoft DNX\Dnvm
145:  C:\Program Files (x86)\Windows Kits\8.1\Windows Performance Toolkit
145:  C:\Program Files\Microsoft SQL Server\130\Tools\Binn
145:  C:\Program Files (x86)\Skype\Phone
145:  C:\Program Files\MATLAB\R2018a\runtime\win64
145:  C:\Program Files\MATLAB\R2018a\bin
145:  C:\Program Files\MATLAB\R2017a\runtime\win64
145:  C:\Program Files\MATLAB\R2017a\bin
145:  C:\Program Files\TortoiseGit\bin
145:  C:\Program Files\TortoiseSVN\bin
145:  C:\Program Files (x86)\AOMEI Backupper
145:  C:\ProgramData\chocolatey\bin
145:  C:\Program Files\Git\cmd
145:  c:\Development\libsbml\dev\packages\create_archives\bin\
145: Test timeout computed to be: 3000
145: 
145:             filename: C:/Development/libsbml-with-packages/examples/sample-models/from-spec/level-3/enzymekinetics.xml
145:       read time (ms): 15.6
145:     searching ......:
145:     search time (ms): 0
145: 
145:  elements with notes: 0
145: 
145/185 Test #145: test_cs_GetAllElementsWithNotes ...............   Passed    0.08 sec
test 146
        Start 146: test_cs_printAnnotation

146: Test command: C:\Development\libsbml-64-packages\examples\csharp\printAnnotation.exe "C:/Development/libsbml-with-packages/examples/sample-models/from-spec/level-3/enzymekinetics.xml"
146: Environment variables: 
146:  PATH=C:/Development/libsbml-64-packages/src/bindings/csharp/Release
146:  C:/Development/libsbml-64-packages/src/bindings/csharp/Release
146:  c:\Program Files\CMake\bin
146:  C:\Program Files\CMake\bin
146:  C:\Program Files\CMake\bin
146:  C:\Windows\system32
146:  C:\Windows
146:  C:\Windows\System32\Wbem
146:  C:\Windows\System32\WindowsPowerShell\v1.0
146:  C:\ProgramData\chocolatey\bin
146:  C:\Program Files\TortoiseHg
146:  C:\Windows\system32\config\systemprofile\.dnx\bin
146:  C:\Program Files\Microsoft DNX\Dnvm
146:  C:\Program Files (x86)\Windows Kits\8.1\Windows Performance Toolkit
146:  C:\Program Files\Microsoft SQL Server\130\Tools\Binn
146:  C:\Program Files (x86)\Skype\Phone
146:  C:\Program Files\MATLAB\R2018a\runtime\win64
146:  C:\Program Files\MATLAB\R2018a\bin
146:  C:\Program Files\MATLAB\R2017a\runtime\win64
146:  C:\Program Files\MATLAB\R2017a\bin
146:  C:\Program Files\TortoiseGit\bin
146:  C:\Program Files\TortoiseSVN\bin
146:  C:\Program Files (x86)\AOMEI Backupper
146:  C:\ProgramData\chocolatey\bin
146:  C:\Program Files\Git\cmd
146:  c:\Development\libsbml\dev\packages\create_archives\bin\
146: Test timeout computed to be: 3000
146: 
146: filename: C:/Development/libsbml-with-packages/examples/sample-models/from-spec/level-3/enzymekinetics.xml
146: 
146/185 Test #146: test_cs_printAnnotation .......................   Passed    0.09 sec
test 147
        Start 147: test_cs_printMath

147: Test command: C:\Development\libsbml-64-packages\examples\csharp\printMath.exe "C:/Development/libsbml-with-packages/examples/sample-models/from-spec/level-3/enzymekinetics.xml"
147: Environment variables: 
147:  PATH=C:/Development/libsbml-64-packages/src/bindings/csharp/Release
147:  C:/Development/libsbml-64-packages/src/bindings/csharp/Release
147:  c:\Program Files\CMake\bin
147:  C:\Program Files\CMake\bin
147:  C:\Program Files\CMake\bin
147:  C:\Windows\system32
147:  C:\Windows
147:  C:\Windows\System32\Wbem
147:  C:\Windows\System32\WindowsPowerShell\v1.0
147:  C:\ProgramData\chocolatey\bin
147:  C:\Program Files\TortoiseHg
147:  C:\Windows\system32\config\systemprofile\.dnx\bin
147:  C:\Program Files\Microsoft DNX\Dnvm
147:  C:\Program Files (x86)\Windows Kits\8.1\Windows Performance Toolkit
147:  C:\Program Files\Microsoft SQL Server\130\Tools\Binn
147:  C:\Program Files (x86)\Skype\Phone
147:  C:\Program Files\MATLAB\R2018a\runtime\win64
147:  C:\Program Files\MATLAB\R2018a\bin
147:  C:\Program Files\MATLAB\R2017a\runtime\win64
147:  C:\Program Files\MATLAB\R2017a\bin
147:  C:\Program Files\TortoiseGit\bin
147:  C:\Program Files\TortoiseSVN\bin
147:  C:\Program Files (x86)\AOMEI Backupper
147:  C:\ProgramData\chocolatey\bin
147:  C:\Program Files\Git\cmd
147:  c:\Development\libsbml\dev\packages\create_archives\bin\
147: Test timeout computed to be: 3000
147: 
147: Reaction 1, formula: comp * (kon * E * S - koff * ES)
147: Reaction 2, formula: comp * kcat * ES
147: 
147: 
147/185 Test #147: test_cs_printMath .............................   Passed    0.08 sec
test 148
        Start 148: test_cs_printNotes

148: Test command: C:\Development\libsbml-64-packages\examples\csharp\printNotes.exe "C:/Development/libsbml-with-packages/examples/sample-models/from-spec/level-3/enzymekinetics.xml"
148: Environment variables: 
148:  PATH=C:/Development/libsbml-64-packages/src/bindings/csharp/Release
148:  C:/Development/libsbml-64-packages/src/bindings/csharp/Release
148:  c:\Program Files\CMake\bin
148:  C:\Program Files\CMake\bin
148:  C:\Program Files\CMake\bin
148:  C:\Windows\system32
148:  C:\Windows
148:  C:\Windows\System32\Wbem
148:  C:\Windows\System32\WindowsPowerShell\v1.0
148:  C:\ProgramData\chocolatey\bin
148:  C:\Program Files\TortoiseHg
148:  C:\Windows\system32\config\systemprofile\.dnx\bin
148:  C:\Program Files\Microsoft DNX\Dnvm
148:  C:\Program Files (x86)\Windows Kits\8.1\Windows Performance Toolkit
148:  C:\Program Files\Microsoft SQL Server\130\Tools\Binn
148:  C:\Program Files (x86)\Skype\Phone
148:  C:\Program Files\MATLAB\R2018a\runtime\win64
148:  C:\Program Files\MATLAB\R2018a\bin
148:  C:\Program Files\MATLAB\R2017a\runtime\win64
148:  C:\Program Files\MATLAB\R2017a\bin
148:  C:\Program Files\TortoiseGit\bin
148:  C:\Program Files\TortoiseSVN\bin
148:  C:\Program Files (x86)\AOMEI Backupper
148:  C:\ProgramData\chocolatey\bin
148:  C:\Program Files\Git\cmd
148:  c:\Development\libsbml\dev\packages\create_archives\bin\
148: Test timeout computed to be: 3000
148: 
148: filename: C:/Development/libsbml-with-packages/examples/sample-models/from-spec/level-3/enzymekinetics.xml
148: 
148/185 Test #148: test_cs_printNotes ............................   Passed    0.09 sec
test 149
        Start 149: test_cs_printRegisteredPackages

149: Test command: C:\Development\libsbml-64-packages\examples\csharp\printRegisteredPackages.exe "C:/Development/libsbml-with-packages/examples/sample-models/from-spec/level-3/enzymekinetics.xml" "printRegisteredPackages.out.xml"
149: Environment variables: 
149:  PATH=C:/Development/libsbml-64-packages/src/bindings/csharp/Release
149:  C:/Development/libsbml-64-packages/src/bindings/csharp/Release
149:  c:\Program Files\CMake\bin
149:  C:\Program Files\CMake\bin
149:  C:\Program Files\CMake\bin
149:  C:\Windows\system32
149:  C:\Windows
149:  C:\Windows\System32\Wbem
149:  C:\Windows\System32\WindowsPowerShell\v1.0
149:  C:\ProgramData\chocolatey\bin
149:  C:\Program Files\TortoiseHg
149:  C:\Windows\system32\config\systemprofile\.dnx\bin
149:  C:\Program Files\Microsoft DNX\Dnvm
149:  C:\Program Files (x86)\Windows Kits\8.1\Windows Performance Toolkit
149:  C:\Program Files\Microsoft SQL Server\130\Tools\Binn
149:  C:\Program Files (x86)\Skype\Phone
149:  C:\Program Files\MATLAB\R2018a\runtime\win64
149:  C:\Program Files\MATLAB\R2018a\bin
149:  C:\Program Files\MATLAB\R2017a\runtime\win64
149:  C:\Program Files\MATLAB\R2017a\bin
149:  C:\Program Files\TortoiseGit\bin
149:  C:\Program Files\TortoiseSVN\bin
149:  C:\Program Files (x86)\AOMEI Backupper
149:  C:\ProgramData\chocolatey\bin
149:  C:\Program Files\Git\cmd
149:  c:\Development\libsbml\dev\packages\create_archives\bin\
149: Test timeout computed to be: 3000
149: This version of LibSBML: 5.17.2 includes: 
149: 	arrays
149: 	comp
149: 	distrib
149: 	dyn
149: 	fbc
149: 	groups
149: 	layout
149: 	render
149: 	l3v2extendedmath
149: 	multi
149: 	qual
149: 	req
149: 	spatial
149: 
149/185 Test #149: test_cs_printRegisteredPackages ...............   Passed    0.05 sec
test 150
        Start 150: test_cs_printSBML

150: Test command: C:\Development\libsbml-64-packages\examples\csharp\printSBML.exe "C:/Development/libsbml-with-packages/examples/sample-models/from-spec/level-3/enzymekinetics.xml"
150: Environment variables: 
150:  PATH=C:/Development/libsbml-64-packages/src/bindings/csharp/Release
150:  C:/Development/libsbml-64-packages/src/bindings/csharp/Release
150:  c:\Program Files\CMake\bin
150:  C:\Program Files\CMake\bin
150:  C:\Program Files\CMake\bin
150:  C:\Windows\system32
150:  C:\Windows
150:  C:\Windows\System32\Wbem
150:  C:\Windows\System32\WindowsPowerShell\v1.0
150:  C:\ProgramData\chocolatey\bin
150:  C:\Program Files\TortoiseHg
150:  C:\Windows\system32\config\systemprofile\.dnx\bin
150:  C:\Program Files\Microsoft DNX\Dnvm
150:  C:\Program Files (x86)\Windows Kits\8.1\Windows Performance Toolkit
150:  C:\Program Files\Microsoft SQL Server\130\Tools\Binn
150:  C:\Program Files (x86)\Skype\Phone
150:  C:\Program Files\MATLAB\R2018a\runtime\win64
150:  C:\Program Files\MATLAB\R2018a\bin
150:  C:\Program Files\MATLAB\R2017a\runtime\win64
150:  C:\Program Files\MATLAB\R2017a\bin
150:  C:\Program Files\TortoiseGit\bin
150:  C:\Program Files\TortoiseSVN\bin
150:  C:\Program Files (x86)\AOMEI Backupper
150:  C:\ProgramData\chocolatey\bin
150:  C:\Program Files\Git\cmd
150:  c:\Development\libsbml\dev\packages\create_archives\bin\
150: Test timeout computed to be: 3000
150: 
150: File: C:/Development/libsbml-with-packages/examples/sample-models/from-spec/level-3/enzymekinetics.xml (Level 3, version 1)
150:                  id: (empty)
150: functionDefinitions: 0
150:     unitDefinitions: 2
150:    compartmentTypes: 0
150:         specieTypes: 0
150:        compartments: 1
150:             species: 4
150:          parameters: 0
150:  initialAssignments: 0
150:               rules: 0
150:         constraints: 0
150:           reactions: 2
150:              events: 0
150: 
150/185 Test #150: test_cs_printSBML .............................   Passed    0.08 sec
test 151
        Start 151: test_cs_printsupported

151: Test command: C:\Development\libsbml-64-packages\examples\csharp\printsupported.exe "C:/Development/libsbml-with-packages/examples/sample-models/from-spec/level-3/enzymekinetics.xml" "printsupported.out.xml"
151: Environment variables: 
151:  PATH=C:/Development/libsbml-64-packages/src/bindings/csharp/Release
151:  C:/Development/libsbml-64-packages/src/bindings/csharp/Release
151:  c:\Program Files\CMake\bin
151:  C:\Program Files\CMake\bin
151:  C:\Program Files\CMake\bin
151:  C:\Windows\system32
151:  C:\Windows
151:  C:\Windows\System32\Wbem
151:  C:\Windows\System32\WindowsPowerShell\v1.0
151:  C:\ProgramData\chocolatey\bin
151:  C:\Program Files\TortoiseHg
151:  C:\Windows\system32\config\systemprofile\.dnx\bin
151:  C:\Program Files\Microsoft DNX\Dnvm
151:  C:\Program Files (x86)\Windows Kits\8.1\Windows Performance Toolkit
151:  C:\Program Files\Microsoft SQL Server\130\Tools\Binn
151:  C:\Program Files (x86)\Skype\Phone
151:  C:\Program Files\MATLAB\R2018a\runtime\win64
151:  C:\Program Files\MATLAB\R2018a\bin
151:  C:\Program Files\MATLAB\R2017a\runtime\win64
151:  C:\Program Files\MATLAB\R2017a\bin
151:  C:\Program Files\TortoiseGit\bin
151:  C:\Program Files\TortoiseSVN\bin
151:  C:\Program Files (x86)\AOMEI Backupper
151:  C:\ProgramData\chocolatey\bin
151:  C:\Program Files\Git\cmd
151:  c:\Development\libsbml\dev\packages\create_archives\bin\
151: Test timeout computed to be: 3000
151: Supported by LibSBML 5.17.2
151: 
151: 	SBML Level: 1 Version: 1
151: 	SBML Level: 1 Version: 2
151: 	SBML Level: 2 Version: 1
151: 	SBML Level: 2 Version: 2
151: 	SBML Level: 2 Version: 3
151: 	SBML Level: 2 Version: 4
151: 	SBML Level: 2 Version: 5
151: 	SBML Level: 3 Version: 1
151: 	SBML Level: 3 Version: 2
151: 
151/185 Test #151: test_cs_printsupported ........................   Passed    0.09 sec
test 152
        Start 152: test_cs_printUnits

152: Test command: C:\Development\libsbml-64-packages\examples\csharp\printUnits.exe "C:/Development/libsbml-with-packages/examples/sample-models/from-spec/level-3/enzymekinetics.xml"
152: Environment variables: 
152:  PATH=C:/Development/libsbml-64-packages/src/bindings/csharp/Release
152:  C:/Development/libsbml-64-packages/src/bindings/csharp/Release
152:  c:\Program Files\CMake\bin
152:  C:\Program Files\CMake\bin
152:  C:\Program Files\CMake\bin
152:  C:\Windows\system32
152:  C:\Windows
152:  C:\Windows\System32\Wbem
152:  C:\Windows\System32\WindowsPowerShell\v1.0
152:  C:\ProgramData\chocolatey\bin
152:  C:\Program Files\TortoiseHg
152:  C:\Windows\system32\config\systemprofile\.dnx\bin
152:  C:\Program Files\Microsoft DNX\Dnvm
152:  C:\Program Files (x86)\Windows Kits\8.1\Windows Performance Toolkit
152:  C:\Program Files\Microsoft SQL Server\130\Tools\Binn
152:  C:\Program Files (x86)\Skype\Phone
152:  C:\Program Files\MATLAB\R2018a\runtime\win64
152:  C:\Program Files\MATLAB\R2018a\bin
152:  C:\Program Files\MATLAB\R2017a\runtime\win64
152:  C:\Program Files\MATLAB\R2017a\bin
152:  C:\Program Files\TortoiseGit\bin
152:  C:\Program Files\TortoiseSVN\bin
152:  C:\Program Files (x86)\AOMEI Backupper
152:  C:\ProgramData\chocolatey\bin
152:  C:\Program Files\Git\cmd
152:  c:\Development\libsbml\dev\packages\create_archives\bin\
152: Test timeout computed to be: 3000
152: Species 0: mole (exponent = 1, multiplier = 1, scale = 0), litre (exponent = -1, multiplier = 1, scale = 0)
152: Species 1: mole (exponent = 1, multiplier = 1, scale = 0), litre (exponent = -1, multiplier = 1, scale = 0)
152: Species 2: mole (exponent = 1, multiplier = 1, scale = 0), litre (exponent = -1, multiplier = 1, scale = 0)
152: Species 3: mole (exponent = 1, multiplier = 1, scale = 0), litre (exponent = -1, multiplier = 1, scale = 0)
152: Compartment 0: litre (exponent = 1, multiplier = 1, scale = 0)
152: Reaction 0: 
152: Kinetic Law: second (exponent = -1, multiplier = 1, scale = 0), mole (exponent = 1, multiplier = 1, scale = 0)
152:         undeclared units: 
152: no
152: 
152: Reaction 1: 
152: Kinetic Law: second (exponent = -1, multiplier = 1, scale = 0), mole (exponent = 1, multiplier = 1, scale = 0)
152:         undeclared units: 
152: no
152: 
152/185 Test #152: test_cs_printUnits ............................   Passed    0.09 sec
test 153
        Start 153: test_cs_promoteParameters

153: Test command: C:\Development\libsbml-64-packages\examples\csharp\promoteParameters.exe "C:/Development/libsbml-with-packages/examples/sample-models/from-spec/level-3/enzymekinetics.xml" "promoteParameters.out.xml"
153: Environment variables: 
153:  PATH=C:/Development/libsbml-64-packages/src/bindings/csharp/Release
153:  C:/Development/libsbml-64-packages/src/bindings/csharp/Release
153:  c:\Program Files\CMake\bin
153:  C:\Program Files\CMake\bin
153:  C:\Program Files\CMake\bin
153:  C:\Windows\system32
153:  C:\Windows
153:  C:\Windows\System32\Wbem
153:  C:\Windows\System32\WindowsPowerShell\v1.0
153:  C:\ProgramData\chocolatey\bin
153:  C:\Program Files\TortoiseHg
153:  C:\Windows\system32\config\systemprofile\.dnx\bin
153:  C:\Program Files\Microsoft DNX\Dnvm
153:  C:\Program Files (x86)\Windows Kits\8.1\Windows Performance Toolkit
153:  C:\Program Files\Microsoft SQL Server\130\Tools\Binn
153:  C:\Program Files (x86)\Skype\Phone
153:  C:\Program Files\MATLAB\R2018a\runtime\win64
153:  C:\Program Files\MATLAB\R2018a\bin
153:  C:\Program Files\MATLAB\R2017a\runtime\win64
153:  C:\Program Files\MATLAB\R2017a\bin
153:  C:\Program Files\TortoiseGit\bin
153:  C:\Program Files\TortoiseSVN\bin
153:  C:\Program Files (x86)\AOMEI Backupper
153:  C:\ProgramData\chocolatey\bin
153:  C:\Program Files\Git\cmd
153:  c:\Development\libsbml\dev\packages\create_archives\bin\
153: Test timeout computed to be: 3000
153: [OK] promoted paramters from C:/Development/libsbml-with-packages/examples/sample-models/from-spec/level-3/enzymekinetics.xml and wrote to promoteParameters.out.xml
153/185 Test #153: test_cs_promoteParameters .....................   Passed    0.08 sec
test 154
        Start 154: test_cs_readSBML

154: Test command: C:\Development\libsbml-64-packages\examples\csharp\readSBML.exe "C:/Development/libsbml-with-packages/examples/sample-models/from-spec/level-3/enzymekinetics.xml"
154: Environment variables: 
154:  PATH=C:/Development/libsbml-64-packages/src/bindings/csharp/Release
154:  C:/Development/libsbml-64-packages/src/bindings/csharp/Release
154:  c:\Program Files\CMake\bin
154:  C:\Program Files\CMake\bin
154:  C:\Program Files\CMake\bin
154:  C:\Windows\system32
154:  C:\Windows
154:  C:\Windows\System32\Wbem
154:  C:\Windows\System32\WindowsPowerShell\v1.0
154:  C:\ProgramData\chocolatey\bin
154:  C:\Program Files\TortoiseHg
154:  C:\Windows\system32\config\systemprofile\.dnx\bin
154:  C:\Program Files\Microsoft DNX\Dnvm
154:  C:\Program Files (x86)\Windows Kits\8.1\Windows Performance Toolkit
154:  C:\Program Files\Microsoft SQL Server\130\Tools\Binn
154:  C:\Program Files (x86)\Skype\Phone
154:  C:\Program Files\MATLAB\R2018a\runtime\win64
154:  C:\Program Files\MATLAB\R2018a\bin
154:  C:\Program Files\MATLAB\R2017a\runtime\win64
154:  C:\Program Files\MATLAB\R2017a\bin
154:  C:\Program Files\TortoiseGit\bin
154:  C:\Program Files\TortoiseSVN\bin
154:  C:\Program Files (x86)\AOMEI Backupper
154:  C:\ProgramData\chocolatey\bin
154:  C:\Program Files\Git\cmd
154:  c:\Development\libsbml\dev\packages\create_archives\bin\
154: Test timeout computed to be: 3000
154: 
154:             filename: C:/Development/libsbml-with-packages/examples/sample-models/from-spec/level-3/enzymekinetics.xml
154:            file size: 4021
154:       read time (ms): 156000
154:  validation error(s): 0
154: 
154/185 Test #154: test_cs_readSBML ..............................   Passed    0.08 sec
test 155
        Start 155: test_cs_stripPackage

155: Test command: C:\Development\libsbml-64-packages\examples\csharp\stripPackage.exe "C:/Development/libsbml-with-packages/examples/sample-models/fbc/fbc_example1.xml" "fbc" "stripPackage.out.xml"
155: Environment variables: 
155:  PATH=C:/Development/libsbml-64-packages/src/bindings/csharp/Release
155:  C:/Development/libsbml-64-packages/src/bindings/csharp/Release
155:  c:\Program Files\CMake\bin
155:  C:\Program Files\CMake\bin
155:  C:\Program Files\CMake\bin
155:  C:\Windows\system32
155:  C:\Windows
155:  C:\Windows\System32\Wbem
155:  C:\Windows\System32\WindowsPowerShell\v1.0
155:  C:\ProgramData\chocolatey\bin
155:  C:\Program Files\TortoiseHg
155:  C:\Windows\system32\config\systemprofile\.dnx\bin
155:  C:\Program Files\Microsoft DNX\Dnvm
155:  C:\Program Files (x86)\Windows Kits\8.1\Windows Performance Toolkit
155:  C:\Program Files\Microsoft SQL Server\130\Tools\Binn
155:  C:\Program Files (x86)\Skype\Phone
155:  C:\Program Files\MATLAB\R2018a\runtime\win64
155:  C:\Program Files\MATLAB\R2018a\bin
155:  C:\Program Files\MATLAB\R2017a\runtime\win64
155:  C:\Program Files\MATLAB\R2017a\bin
155:  C:\Program Files\TortoiseGit\bin
155:  C:\Program Files\TortoiseSVN\bin
155:  C:\Program Files (x86)\AOMEI Backupper
155:  C:\ProgramData\chocolatey\bin
155:  C:\Program Files\Git\cmd
155:  c:\Development\libsbml\dev\packages\create_archives\bin\
155: Test timeout computed to be: 3000
155: [OK] Stripped package 'fbc' from C:/Development/libsbml-with-packages/examples/sample-models/fbc/fbc_example1.xml and wrote to stripPackage.out.xml
155/185 Test #155: test_cs_stripPackage ..........................   Passed    0.08 sec
test 156
        Start 156: test_cs_SetIdFromNames

156: Test command: C:\Development\libsbml-64-packages\examples\csharp\SetIdFromNames.exe "C:/Development/libsbml-with-packages/examples/sample-models/from-spec/level-3/enzymekinetics.xml" "SetIdFromNames.out.xml"
156: Environment variables: 
156:  PATH=C:/Development/libsbml-64-packages/src/bindings/csharp/Release
156:  C:/Development/libsbml-64-packages/src/bindings/csharp/Release
156:  c:\Program Files\CMake\bin
156:  C:\Program Files\CMake\bin
156:  C:\Program Files\CMake\bin
156:  C:\Windows\system32
156:  C:\Windows
156:  C:\Windows\System32\Wbem
156:  C:\Windows\System32\WindowsPowerShell\v1.0
156:  C:\ProgramData\chocolatey\bin
156:  C:\Program Files\TortoiseHg
156:  C:\Windows\system32\config\systemprofile\.dnx\bin
156:  C:\Program Files\Microsoft DNX\Dnvm
156:  C:\Program Files (x86)\Windows Kits\8.1\Windows Performance Toolkit
156:  C:\Program Files\Microsoft SQL Server\130\Tools\Binn
156:  C:\Program Files (x86)\Skype\Phone
156:  C:\Program Files\MATLAB\R2018a\runtime\win64
156:  C:\Program Files\MATLAB\R2018a\bin
156:  C:\Program Files\MATLAB\R2017a\runtime\win64
156:  C:\Program Files\MATLAB\R2017a\bin
156:  C:\Program Files\TortoiseGit\bin
156:  C:\Program Files\TortoiseSVN\bin
156:  C:\Program Files (x86)\AOMEI Backupper
156:  C:\ProgramData\chocolatey\bin
156:  C:\Program Files\Git\cmd
156:  c:\Development\libsbml\dev\packages\create_archives\bin\
156: Test timeout computed to be: 3000
156: 
156:             filename: C:/Development/libsbml-with-packages/examples/sample-models/from-spec/level-3/enzymekinetics.xml
156:       read time (ms): 15.6001
156:     rename time (ms): 0
156:      write time (ms): 0
156: 
156/185 Test #156: test_cs_SetIdFromNames ........................   Passed    0.09 sec
test 157
        Start 157: test_cs_unsetAnnotation

157: Test command: C:\Development\libsbml-64-packages\examples\csharp\unsetAnnotation.exe "C:/Development/libsbml-with-packages/examples/sample-models/from-spec/level-3/enzymekinetics.xml" "unsetAnnotation.out.xml"
157: Environment variables: 
157:  PATH=C:/Development/libsbml-64-packages/src/bindings/csharp/Release
157:  C:/Development/libsbml-64-packages/src/bindings/csharp/Release
157:  c:\Program Files\CMake\bin
157:  C:\Program Files\CMake\bin
157:  C:\Program Files\CMake\bin
157:  C:\Windows\system32
157:  C:\Windows
157:  C:\Windows\System32\Wbem
157:  C:\Windows\System32\WindowsPowerShell\v1.0
157:  C:\ProgramData\chocolatey\bin
157:  C:\Program Files\TortoiseHg
157:  C:\Windows\system32\config\systemprofile\.dnx\bin
157:  C:\Program Files\Microsoft DNX\Dnvm
157:  C:\Program Files (x86)\Windows Kits\8.1\Windows Performance Toolkit
157:  C:\Program Files\Microsoft SQL Server\130\Tools\Binn
157:  C:\Program Files (x86)\Skype\Phone
157:  C:\Program Files\MATLAB\R2018a\runtime\win64
157:  C:\Program Files\MATLAB\R2018a\bin
157:  C:\Program Files\MATLAB\R2017a\runtime\win64
157:  C:\Program Files\MATLAB\R2017a\bin
157:  C:\Program Files\TortoiseGit\bin
157:  C:\Program Files\TortoiseSVN\bin
157:  C:\Program Files (x86)\AOMEI Backupper
157:  C:\ProgramData\chocolatey\bin
157:  C:\Program Files\Git\cmd
157:  c:\Development\libsbml\dev\packages\create_archives\bin\
157: Test timeout computed to be: 3000
157/185 Test #157: test_cs_unsetAnnotation .......................   Passed    0.09 sec
test 158
        Start 158: test_cs_unsetNotes

158: Test command: C:\Development\libsbml-64-packages\examples\csharp\unsetNotes.exe "C:/Development/libsbml-with-packages/examples/sample-models/from-spec/level-3/enzymekinetics.xml" "unsetNotes.out.xml"
158: Environment variables: 
158:  PATH=C:/Development/libsbml-64-packages/src/bindings/csharp/Release
158:  C:/Development/libsbml-64-packages/src/bindings/csharp/Release
158:  c:\Program Files\CMake\bin
158:  C:\Program Files\CMake\bin
158:  C:\Program Files\CMake\bin
158:  C:\Windows\system32
158:  C:\Windows
158:  C:\Windows\System32\Wbem
158:  C:\Windows\System32\WindowsPowerShell\v1.0
158:  C:\ProgramData\chocolatey\bin
158:  C:\Program Files\TortoiseHg
158:  C:\Windows\system32\config\systemprofile\.dnx\bin
158:  C:\Program Files\Microsoft DNX\Dnvm
158:  C:\Program Files (x86)\Windows Kits\8.1\Windows Performance Toolkit
158:  C:\Program Files\Microsoft SQL Server\130\Tools\Binn
158:  C:\Program Files (x86)\Skype\Phone
158:  C:\Program Files\MATLAB\R2018a\runtime\win64
158:  C:\Program Files\MATLAB\R2018a\bin
158:  C:\Program Files\MATLAB\R2017a\runtime\win64
158:  C:\Program Files\MATLAB\R2017a\bin
158:  C:\Program Files\TortoiseGit\bin
158:  C:\Program Files\TortoiseSVN\bin
158:  C:\Program Files (x86)\AOMEI Backupper
158:  C:\ProgramData\chocolatey\bin
158:  C:\Program Files\Git\cmd
158:  c:\Development\libsbml\dev\packages\create_archives\bin\
158: Test timeout computed to be: 3000
158/185 Test #158: test_cs_unsetNotes ............................   Passed    0.09 sec
test 159
        Start 159: test_cs_validateSBML

159: Test command: C:\Development\libsbml-64-packages\examples\csharp\validateSBML.exe "C:/Development/libsbml-with-packages/examples/sample-models/from-spec/level-3/enzymekinetics.xml"
159: Environment variables: 
159:  PATH=C:/Development/libsbml-64-packages/src/bindings/csharp/Release
159:  C:/Development/libsbml-64-packages/src/bindings/csharp/Release
159:  c:\Program Files\CMake\bin
159:  C:\Program Files\CMake\bin
159:  C:\Program Files\CMake\bin
159:  C:\Windows\system32
159:  C:\Windows
159:  C:\Windows\System32\Wbem
159:  C:\Windows\System32\WindowsPowerShell\v1.0
159:  C:\ProgramData\chocolatey\bin
159:  C:\Program Files\TortoiseHg
159:  C:\Windows\system32\config\systemprofile\.dnx\bin
159:  C:\Program Files\Microsoft DNX\Dnvm
159:  C:\Program Files (x86)\Windows Kits\8.1\Windows Performance Toolkit
159:  C:\Program Files\Microsoft SQL Server\130\Tools\Binn
159:  C:\Program Files (x86)\Skype\Phone
159:  C:\Program Files\MATLAB\R2018a\runtime\win64
159:  C:\Program Files\MATLAB\R2018a\bin
159:  C:\Program Files\MATLAB\R2017a\runtime\win64
159:  C:\Program Files\MATLAB\R2017a\bin
159:  C:\Program Files\TortoiseGit\bin
159:  C:\Program Files\TortoiseSVN\bin
159:  C:\Program Files (x86)\AOMEI Backupper
159:  C:\ProgramData\chocolatey\bin
159:  C:\Program Files\Git\cmd
159:  c:\Development\libsbml\dev\packages\create_archives\bin\
159: Test timeout computed to be: 3000
159: ---------------------------------------------------------------------------
159:                filename : C:/Development/libsbml-with-packages/examples/sample-models/from-spec/level-3/enzymekinetics.xml
159:        file size (byte) : 4021
159:          read time (ms) : 15.6001
159:       c-check time (ms) : 15.6
159:     validation error(s) : 0
159:   (consistency error(s)): 0
159:   validation warning(s) : 0
159: (consistency warning(s)): 0
159: ---------------------------------------------------------------------------
159: Validated 1 files, 1 valid files, 0 invalid files.
159/185 Test #159: test_cs_validateSBML ..........................   Passed    0.08 sec
test 160
        Start 160: test_cs_evaluateCustomMath

160: Test command: C:\Development\libsbml-64-packages\examples\csharp\evaluateCustomMath.exe "2*3+4" "C:/Development/libsbml-with-packages/examples/sample-models/from-spec/level-3/enzymekinetics.xml"
160: Environment variables: 
160:  PATH=C:/Development/libsbml-64-packages/src/bindings/csharp/Release
160:  C:/Development/libsbml-64-packages/src/bindings/csharp/Release
160:  c:\Program Files\CMake\bin
160:  C:\Program Files\CMake\bin
160:  C:\Program Files\CMake\bin
160:  C:\Windows\system32
160:  C:\Windows
160:  C:\Windows\System32\Wbem
160:  C:\Windows\System32\WindowsPowerShell\v1.0
160:  C:\ProgramData\chocolatey\bin
160:  C:\Program Files\TortoiseHg
160:  C:\Windows\system32\config\systemprofile\.dnx\bin
160:  C:\Program Files\Microsoft DNX\Dnvm
160:  C:\Program Files (x86)\Windows Kits\8.1\Windows Performance Toolkit
160:  C:\Program Files\Microsoft SQL Server\130\Tools\Binn
160:  C:\Program Files (x86)\Skype\Phone
160:  C:\Program Files\MATLAB\R2018a\runtime\win64
160:  C:\Program Files\MATLAB\R2018a\bin
160:  C:\Program Files\MATLAB\R2017a\runtime\win64
160:  C:\Program Files\MATLAB\R2017a\bin
160:  C:\Program Files\TortoiseGit\bin
160:  C:\Program Files\TortoiseSVN\bin
160:  C:\Program Files (x86)\AOMEI Backupper
160:  C:\ProgramData\chocolatey\bin
160:  C:\Program Files\Git\cmd
160:  c:\Development\libsbml\dev\packages\create_archives\bin\
160: Test timeout computed to be: 3000
160: 2*3+4 = 10
160/185 Test #160: test_cs_evaluateCustomMath ....................   Passed    0.08 sec
test 161
        Start 161: test_cs_inlineInitialAssignments

161: Test command: C:\Development\libsbml-64-packages\examples\csharp\inlineInitialAssignments.exe "C:/Development/libsbml-with-packages/examples/sample-models/from-spec/level-3/enzymekinetics.xml" "inlineInitialAssignments.out.xml"
161: Environment variables: 
161:  PATH=C:/Development/libsbml-64-packages/src/bindings/csharp/Release
161:  C:/Development/libsbml-64-packages/src/bindings/csharp/Release
161:  c:\Program Files\CMake\bin
161:  C:\Program Files\CMake\bin
161:  C:\Program Files\CMake\bin
161:  C:\Windows\system32
161:  C:\Windows
161:  C:\Windows\System32\Wbem
161:  C:\Windows\System32\WindowsPowerShell\v1.0
161:  C:\ProgramData\chocolatey\bin
161:  C:\Program Files\TortoiseHg
161:  C:\Windows\system32\config\systemprofile\.dnx\bin
161:  C:\Program Files\Microsoft DNX\Dnvm
161:  C:\Program Files (x86)\Windows Kits\8.1\Windows Performance Toolkit
161:  C:\Program Files\Microsoft SQL Server\130\Tools\Binn
161:  C:\Program Files (x86)\Skype\Phone
161:  C:\Program Files\MATLAB\R2018a\runtime\win64
161:  C:\Program Files\MATLAB\R2018a\bin
161:  C:\Program Files\MATLAB\R2017a\runtime\win64
161:  C:\Program Files\MATLAB\R2017a\bin
161:  C:\Program Files\TortoiseGit\bin
161:  C:\Program Files\TortoiseSVN\bin
161:  C:\Program Files (x86)\AOMEI Backupper
161:  C:\ProgramData\chocolatey\bin
161:  C:\Program Files\Git\cmd
161:  c:\Development\libsbml\dev\packages\create_archives\bin\
161: Test timeout computed to be: 3000
161/185 Test #161: test_cs_inlineInitialAssignments ..............   Passed    0.09 sec
test 162
        Start 162: test_cs_replaceOneFD

162: Test command: C:\Development\libsbml-64-packages\examples\csharp\replaceOneFD.exe "C:/Development/libsbml-with-packages/examples/sample-models/from-spec/level-3/functiondef.xml" "f" "reaction_1" "replaceOneFD.out.xml"
162: Environment variables: 
162:  PATH=C:/Development/libsbml-64-packages/src/bindings/csharp/Release
162:  C:/Development/libsbml-64-packages/src/bindings/csharp/Release
162:  c:\Program Files\CMake\bin
162:  C:\Program Files\CMake\bin
162:  C:\Program Files\CMake\bin
162:  C:\Windows\system32
162:  C:\Windows
162:  C:\Windows\System32\Wbem
162:  C:\Windows\System32\WindowsPowerShell\v1.0
162:  C:\ProgramData\chocolatey\bin
162:  C:\Program Files\TortoiseHg
162:  C:\Windows\system32\config\systemprofile\.dnx\bin
162:  C:\Program Files\Microsoft DNX\Dnvm
162:  C:\Program Files (x86)\Windows Kits\8.1\Windows Performance Toolkit
162:  C:\Program Files\Microsoft SQL Server\130\Tools\Binn
162:  C:\Program Files (x86)\Skype\Phone
162:  C:\Program Files\MATLAB\R2018a\runtime\win64
162:  C:\Program Files\MATLAB\R2018a\bin
162:  C:\Program Files\MATLAB\R2017a\runtime\win64
162:  C:\Program Files\MATLAB\R2017a\bin
162:  C:\Program Files\TortoiseGit\bin
162:  C:\Program Files\TortoiseSVN\bin
162:  C:\Program Files (x86)\AOMEI Backupper
162:  C:\ProgramData\chocolatey\bin
162:  C:\Program Files\Git\cmd
162:  c:\Development\libsbml\dev\packages\create_archives\bin\
162: Test timeout computed to be: 3000
162/185 Test #162: test_cs_replaceOneFD ..........................   Passed    0.08 sec
test 163
        Start 163: test_java_addCVTerms

163: Test command: C:\tools\java\x64\jdk1.7.0_05\bin\java.exe "-cp" ".;C:\Development\libsbml-64-packages\examples\java\..\..\src\bindings\java\libsbmlj.jar;" "-Djava.library.path=C:/Development/libsbml-64-packages/src/bindings/java/Release" "addCVTerms" "C:/Development/libsbml-with-packages/examples/sample-models/from-spec/level-3/enzymekinetics.xml" "addCVTerms.out.xml"
163: Test timeout computed to be: 3000
163/185 Test #163: test_java_addCVTerms ..........................   Passed    0.19 sec
test 164
        Start 164: test_java_addingEvidenceCodes_1

164: Test command: C:\tools\java\x64\jdk1.7.0_05\bin\java.exe "-cp" ".;C:\Development\libsbml-64-packages\examples\java\..\..\src\bindings\java\libsbmlj.jar;" "-Djava.library.path=C:/Development/libsbml-64-packages/src/bindings/java/Release" "addingEvidenceCodes_1" "C:/Development/libsbml-with-packages/examples/sample-models/from-spec/level-3/enzymekinetics.xml" "addingEvidenceCodes_1.out.xml"
164: Test timeout computed to be: 3000
164/185 Test #164: test_java_addingEvidenceCodes_1 ...............   Passed    0.19 sec
test 165
        Start 165: test_java_addingEvidenceCodes_2

165: Test command: C:\tools\java\x64\jdk1.7.0_05\bin\java.exe "-cp" ".;C:\Development\libsbml-64-packages\examples\java\..\..\src\bindings\java\libsbmlj.jar;" "-Djava.library.path=C:/Development/libsbml-64-packages/src/bindings/java/Release" "addingEvidenceCodes_2" "C:/Development/libsbml-with-packages/examples/sample-models/from-spec/level-3/enzymekinetics.xml" "addingEvidenceCodes_2.out.xml"
165: Test timeout computed to be: 3000
165/185 Test #165: test_java_addingEvidenceCodes_2 ...............   Passed    0.20 sec
test 166
        Start 166: test_java_addModelHistory

166: Test command: C:\tools\java\x64\jdk1.7.0_05\bin\java.exe "-cp" ".;C:\Development\libsbml-64-packages\examples\java\..\..\src\bindings\java\libsbmlj.jar;" "-Djava.library.path=C:/Development/libsbml-64-packages/src/bindings/java/Release" "addModelHistory" "C:/Development/libsbml-with-packages/examples/sample-models/from-spec/level-3/enzymekinetics.xml" "addModelHistory.out.xml"
166: Test timeout computed to be: 3000
166/185 Test #166: test_java_addModelHistory .....................   Passed    0.19 sec
test 167
        Start 167: test_java_appendAnnotation

167: Test command: C:\tools\java\x64\jdk1.7.0_05\bin\java.exe "-cp" ".;C:\Development\libsbml-64-packages\examples\java\..\..\src\bindings\java\libsbmlj.jar;" "-Djava.library.path=C:/Development/libsbml-64-packages/src/bindings/java/Release" "appendAnnotation" "C:/Development/libsbml-with-packages/examples/sample-models/from-spec/level-3/enzymekinetics.xml" "appendAnnotation.out.xml"
167: Test timeout computed to be: 3000
167/185 Test #167: test_java_appendAnnotation ....................   Passed    0.19 sec
test 168
        Start 168: test_java_createExampleSBML

168: Test command: C:\tools\java\x64\jdk1.7.0_05\bin\java.exe "-cp" ".;C:\Development\libsbml-64-packages\examples\java\..\..\src\bindings\java\libsbmlj.jar;" "-Djava.library.path=C:/Development/libsbml-64-packages/src/bindings/java/Release" "createExampleSBML" "C:/Development/libsbml-with-packages/examples/sample-models/from-spec/level-3/enzymekinetics.xml" "createExampleSBML.out.xml"
168: Test timeout computed to be: 3000
168: Wrote file "enzymaticreaction.xml"
168: Wrote file "units.xml"
168: 
168: 
168: Notice: encountered 1 validation warning in model 'functionExample'.
168: 
168: line 1: (99505 [Warning]) In situations where a mathematical expression contains literal numbers or parameters whose units have not been declared, it is not possible to verify accurately the consistency of the units in the expression. 
168:  The units of the <kineticLaw> <math> expression 'f(S1) * compartmentOne / t' cannot be fully checked. Unit consistency reported as either no errors or further unit errors related to this object may not be accurate.
168: 
168: 
168: Wrote file "functiondef.xml"
168/185 Test #168: test_java_createExampleSBML ...................   Passed    0.22 sec
test 169
        Start 169: test_java_echoSBML

169: Test command: C:\tools\java\x64\jdk1.7.0_05\bin\java.exe "-cp" ".;C:\Development\libsbml-64-packages\examples\java\..\..\src\bindings\java\libsbmlj.jar;" "-Djava.library.path=C:/Development/libsbml-64-packages/src/bindings/java/Release" "echoSBML" "C:/Development/libsbml-with-packages/examples/sample-models/from-spec/level-3/enzymekinetics.xml" "echoSBML.out.xml"
169: Test timeout computed to be: 3000
169/185 Test #169: test_java_echoSBML ............................   Passed    0.17 sec
test 170
        Start 170: test_java_evaluateCustomMath

170: Test command: C:\tools\java\x64\jdk1.7.0_05\bin\java.exe "-cp" ".;C:\Development\libsbml-64-packages\examples\java\..\..\src\bindings\java\libsbmlj.jar;" "-Djava.library.path=C:/Development/libsbml-64-packages/src/bindings/java/Release" "evaluateCustomMath" "2*3+4" "C:/Development/libsbml-with-packages/examples/sample-models/from-spec/level-3/enzymekinetics.xml"
170: Test timeout computed to be: 3000
170: 2*3+4 = 10.0
170/185 Test #170: test_java_evaluateCustomMath ..................   Passed    0.20 sec
test 171
        Start 171: test_java_getAllElementsWithNotes

171: Test command: C:\tools\java\x64\jdk1.7.0_05\bin\java.exe "-cp" ".;C:\Development\libsbml-64-packages\examples\java\..\..\src\bindings\java\libsbmlj.jar;" "-Djava.library.path=C:/Development/libsbml-64-packages/src/bindings/java/Release" "getAllElementsWithNotes" "C:/Development/libsbml-with-packages/examples/sample-models/from-spec/level-3/enzymekinetics.xml"
171: Test timeout computed to be: 3000
171: Using libSBML : 5.17.2
171: 
171:             filename: C:/Development/libsbml-with-packages/examples/sample-models/from-spec/level-3/enzymekinetics.xml
171:       read time (ms): 0
171:     searching ......:
171:   seaching took (ms): 15
171:  elements with notes: 0
171/185 Test #171: test_java_getAllElementsWithNotes .............   Passed    0.17 sec
test 172
        Start 172: test_java_inlineInitialAssignments

172: Test command: C:\tools\java\x64\jdk1.7.0_05\bin\java.exe "-cp" ".;C:\Development\libsbml-64-packages\examples\java\..\..\src\bindings\java\libsbmlj.jar;" "-Djava.library.path=C:/Development/libsbml-64-packages/src/bindings/java/Release" "inlineInitialAssignments" "C:/Development/libsbml-with-packages/examples/sample-models/from-spec/level-3/enzymekinetics.xml" "inlineInitialAssignments.out.xml"
172: Test timeout computed to be: 3000
172/185 Test #172: test_java_inlineInitialAssignments ............   Passed    0.19 sec
test 173
        Start 173: test_java_printAnnotation

173: Test command: C:\tools\java\x64\jdk1.7.0_05\bin\java.exe "-cp" ".;C:\Development\libsbml-64-packages\examples\java\..\..\src\bindings\java\libsbmlj.jar;" "-Djava.library.path=C:/Development/libsbml-64-packages/src/bindings/java/Release" "printAnnotation" "C:/Development/libsbml-with-packages/examples/sample-models/from-spec/level-3/enzymekinetics.xml"
173: Test timeout computed to be: 3000
173: 
173: filename: C:/Development/libsbml-with-packages/examples/sample-models/from-spec/level-3/enzymekinetics.xml
173: 
173/185 Test #173: test_java_printAnnotation .....................   Passed    0.20 sec
test 174
        Start 174: test_java_printMath

174: Test command: C:\tools\java\x64\jdk1.7.0_05\bin\java.exe "-cp" ".;C:\Development\libsbml-64-packages\examples\java\..\..\src\bindings\java\libsbmlj.jar;" "-Djava.library.path=C:/Development/libsbml-64-packages/src/bindings/java/Release" "printMath" "C:/Development/libsbml-with-packages/examples/sample-models/from-spec/level-3/enzymekinetics.xml"
174: Test timeout computed to be: 3000
174: File: C:/Development/libsbml-with-packages/examples/sample-models/from-spec/level-3/enzymekinetics.xml (Level 3, version 1)
174: Reaction 1, formula: comp * (kon * E * S - koff * ES)
174: 
174: Reaction 2, formula: comp * kcat * ES
174: 
174/185 Test #174: test_java_printMath ...........................   Passed    0.17 sec
test 175
        Start 175: test_java_printNotes

175: Test command: C:\tools\java\x64\jdk1.7.0_05\bin\java.exe "-cp" ".;C:\Development\libsbml-64-packages\examples\java\..\..\src\bindings\java\libsbmlj.jar;" "-Djava.library.path=C:/Development/libsbml-64-packages/src/bindings/java/Release" "printNotes" "C:/Development/libsbml-with-packages/examples/sample-models/from-spec/level-3/enzymekinetics.xml"
175: Test timeout computed to be: 3000
175: 
175: filename: C:/Development/libsbml-with-packages/examples/sample-models/from-spec/level-3/enzymekinetics.xml
175: 
175/185 Test #175: test_java_printNotes ..........................   Passed    0.22 sec
test 176
        Start 176: test_java_printRegisteredPackages

176: Test command: C:\tools\java\x64\jdk1.7.0_05\bin\java.exe "-cp" ".;C:\Development\libsbml-64-packages\examples\java\..\..\src\bindings\java\libsbmlj.jar;" "-Djava.library.path=C:/Development/libsbml-64-packages/src/bindings/java/Release" "printRegisteredPackages"
176: Test timeout computed to be: 3000
176: This version of LibSBML: 5.17.2 includes: 
176: 	arrays
176: 	comp
176: 	distrib
176: 	dyn
176: 	fbc
176: 	groups
176: 	layout
176: 	render
176: 	l3v2extendedmath
176: 	multi
176: 	qual
176: 	req
176: 	spatial
176: 
176/185 Test #176: test_java_printRegisteredPackages .............   Passed    0.22 sec
test 177
        Start 177: test_java_printSBML

177: Test command: C:\tools\java\x64\jdk1.7.0_05\bin\java.exe "-cp" ".;C:\Development\libsbml-64-packages\examples\java\..\..\src\bindings\java\libsbmlj.jar;" "-Djava.library.path=C:/Development/libsbml-64-packages/src/bindings/java/Release" "printSBML" "C:/Development/libsbml-with-packages/examples/sample-models/from-spec/level-3/enzymekinetics.xml"
177: Test timeout computed to be: 3000
177: File: C:/Development/libsbml-with-packages/examples/sample-models/from-spec/level-3/enzymekinetics.xml (Level 3, version 1)
177: 
177:   model id: (empty)
177: functionDefinitions: 0
177:     unitDefinitions: 2
177:        compartments: 1
177:             species: 4
177:          parameters: 0
177:           reactions: 2
177:               rules: 0
177:              events: 0
177/185 Test #177: test_java_printSBML ...........................   Passed    0.31 sec
test 178
        Start 178: test_java_printsupported

178: Test command: C:\tools\java\x64\jdk1.7.0_05\bin\java.exe "-cp" ".;C:\Development\libsbml-64-packages\examples\java\..\..\src\bindings\java\libsbmlj.jar;" "-Djava.library.path=C:/Development/libsbml-64-packages/src/bindings/java/Release" "printsupported"
178: Test timeout computed to be: 3000
178: Supported by LibSBML 5.17.2
178: 
178: 	SBML Level: 1 Version: 1
178: 	SBML Level: 1 Version: 2
178: 	SBML Level: 2 Version: 1
178: 	SBML Level: 2 Version: 2
178: 	SBML Level: 2 Version: 3
178: 	SBML Level: 2 Version: 4
178: 	SBML Level: 2 Version: 5
178: 	SBML Level: 3 Version: 1
178: 	SBML Level: 3 Version: 2
178: 
178/185 Test #178: test_java_printsupported ......................   Passed    0.17 sec
test 179
        Start 179: test_java_printUnits

179: Test command: C:\tools\java\x64\jdk1.7.0_05\bin\java.exe "-cp" ".;C:\Development\libsbml-64-packages\examples\java\..\..\src\bindings\java\libsbmlj.jar;" "-Djava.library.path=C:/Development/libsbml-64-packages/src/bindings/java/Release" "printUnits" "C:/Development/libsbml-with-packages/examples/sample-models/from-spec/level-3/enzymekinetics.xml"
179: Test timeout computed to be: 3000
179: Compartment #1 --
179:   id in model: comp
179: litre(exponent = 1)
179: 
179: Species #1 --
179:   id in model: E
179: mole(exponent = 1), litre(exponent = -1)
179: 
179: Species #2 --
179:   id in model: S
179: mole(exponent = 1), litre(exponent = -1)
179: 
179: Species #3 --
179:   id in model: P
179: mole(exponent = 1), litre(exponent = -1)
179: 
179: Species #4 --
179:   id in model: ES
179: mole(exponent = 1), litre(exponent = -1)
179: 
179: Reaction #1 --
179:   id in model: veq
179: second(exponent = -1), mole(exponent = 1)
179: 
179:  undeclared parameters?: no
179: 
179: Reaction #2 --
179:   id in model: vcat
179: second(exponent = -1), mole(exponent = 1)
179: 
179:  undeclared parameters?: no
179: 
179/185 Test #179: test_java_printUnits ..........................   Passed    0.20 sec
test 180
        Start 180: test_java_promoteParameters

180: Test command: C:\tools\java\x64\jdk1.7.0_05\bin\java.exe "-cp" ".;C:\Development\libsbml-64-packages\examples\java\..\..\src\bindings\java\libsbmlj.jar;" "-Djava.library.path=C:/Development/libsbml-64-packages/src/bindings/java/Release" "promoteParameters" "C:/Development/libsbml-with-packages/examples/sample-models/from-spec/level-3/enzymekinetics.xml" "promoteParameters.out.xml"
180: Test timeout computed to be: 3000
180/185 Test #180: test_java_promoteParameters ...................   Passed    0.19 sec
test 181
        Start 181: test_java_readSBML

181: Test command: C:\tools\java\x64\jdk1.7.0_05\bin\java.exe "-cp" ".;C:\Development\libsbml-64-packages\examples\java\..\..\src\bindings\java\libsbmlj.jar;" "-Djava.library.path=C:/Development/libsbml-64-packages/src/bindings/java/Release" "readSBML" "C:/Development/libsbml-with-packages/examples/sample-models/from-spec/level-3/enzymekinetics.xml"
181: Test timeout computed to be: 3000
181:         filename: C:/Development/libsbml-with-packages/examples/sample-models/from-spec/level-3/enzymekinetics.xml
181:        file size: 4021
181:   read time (ms): 15
181:         error(s): 0
181/185 Test #181: test_java_readSBML ............................   Passed    0.20 sec
test 182
        Start 182: test_java_replaceOneFD

182: Test command: C:\tools\java\x64\jdk1.7.0_05\bin\java.exe "-cp" ".;C:\Development\libsbml-64-packages\examples\java\..\..\src\bindings\java\libsbmlj.jar;" "-Djava.library.path=C:/Development/libsbml-64-packages/src/bindings/java/Release" "replaceOneFD" "C:/Development/libsbml-with-packages/examples/sample-models/from-spec/level-3/functiondef.xml" "f" "reaction_1" "replaceOneFD.out.xml"
182: Test timeout computed to be: 3000
182/185 Test #182: test_java_replaceOneFD ........................   Passed    0.19 sec
test 183
        Start 183: test_java_setIdFromNames

183: Test command: C:\tools\java\x64\jdk1.7.0_05\bin\java.exe "-cp" ".;C:\Development\libsbml-64-packages\examples\java\..\..\src\bindings\java\libsbmlj.jar;" "-Djava.library.path=C:/Development/libsbml-64-packages/src/bindings/java/Release" "setIdFromNames" "C:/Development/libsbml-with-packages/examples/sample-models/from-spec/level-3/enzymekinetics.xml" "setIdFromNames.out.xml"
183: Test timeout computed to be: 3000
183: Using libSBML : 5.17.2
183: 
183:             filename: C:/Development/libsbml-with-packages/examples/sample-models/from-spec/level-3/enzymekinetics.xml
183:       read time (ms): 0
183:     rename time (ms): 0
183:      write time (ms): 0
183: 
183/185 Test #183: test_java_setIdFromNames ......................   Passed    0.20 sec
test 184
        Start 184: test_java_stripPackage

184: Test command: C:\tools\java\x64\jdk1.7.0_05\bin\java.exe "-cp" ".;C:\Development\libsbml-64-packages\examples\java\..\..\src\bindings\java\libsbmlj.jar;" "-Djava.library.path=C:/Development/libsbml-64-packages/src/bindings/java/Release" "stripPackage" "C:/Development/libsbml-with-packages/examples/sample-models/fbc/fbc_example1.xml" "fbc" "stripPackage.out.xml"
184: Test timeout computed to be: 3000
184/185 Test #184: test_java_stripPackage ........................   Passed    0.19 sec
test 185
        Start 185: test_java_unsetAnnotation

185: Test command: C:\tools\java\x64\jdk1.7.0_05\bin\java.exe "-cp" ".;C:\Development\libsbml-64-packages\examples\java\..\..\src\bindings\java\libsbmlj.jar;" "-Djava.library.path=C:/Development/libsbml-64-packages/src/bindings/java/Release" "unsetAnnotation" "C:/Development/libsbml-with-packages/examples/sample-models/from-spec/level-3/enzymekinetics.xml" "unsetAnnotation.out.xml"
185: Test timeout computed to be: 3000
185/185 Test #185: test_java_unsetAnnotation .....................   Passed    0.22 sec

The following tests passed:
	test_extension_package_arrays_run
	test_arrays_util_run
	test_comp_extensions_run
	test_comp_sbase_run
	test_comp_util_run
	test_comp_validator_run
	test_extension_package_distrib_run
	test_sbml_package_distrib_run
	test_distrib_util_run
	test_distrib_validator_run
	test_extension_package_dyn_run
	test_sbml_package_fbc_run
	test_fbc_validator_run
	test_extension_package_groups_run
	test_groups_validator_run
	test_l3v2extendedmath_validator_run
	test_extension_package_l3v2extendedmath_run
	test_sbml_package_layout_run
	test_layout_validator_run
	test_sbml_package_multi_run
	test_multi_validator_run
	test_extension_package_qual_run
	test_sbml_package_qual_run
	test_qual_validator_run
	test_sbml_package_render_run
	test_render_validator_run
	test_sbml_package_req_run
	test_sbml_package_spatial_run
	test_sbml_objects_package_spatial
	test_spatial_validator_run
	test_sbml_annotation_run
	test_sbml_conversion_run
	test_sbml_extension_run
	test_sbml_math_run
	test_sbml_sbml_run
	test_sbml_units_run
	test_sbml_util_run
	test_sbml_validator_run
	test_sbml_xml_run
	test_csharp_bindings
	test_csharp_bindings_full
	test_java_binding
	test_java_printversion
	test_perl_binding
	test_python_binding
	test_python_printversion
	test_python_addCVTerms
	test_python_addingEvidenceCodes_1
	test_python_addingEvidenceCodes_2
	test_python_addModelHistory
	test_python_append_to_note
	test_python_appendAnnotation
	test_python_convertSBML
	test_python_createExampleSBML
	test_python_createSimpleModel
	test_python_echoSBML
	test_python_evaluateCustomMath
	test_python_getAllElementsWithNotes
	test_python_inlineInitialAssignments
	test_python_printAnnotation
	test_python_printMath
	test_python_printRegisteredPackages
	test_python_printSBML
	test_python_printsupported
	test_python_printUnits
	test_python_promoteParameters
	test_python_readSBML
	test_python_replaceOneFD
	test_python_setIdFromNames
	test_python_unsetAnnotation
	test_python_unsetNotes
	test_python_validateSBML
	test_python_stringInput
	test_python_stripPackage
	test_python_fbc_fbc_example1
	test_python_groups_groups_example1
	test_python_layout_example1_L3
	test_python_layout_example1
	test_python_multi_multi_example1
	test_python_multi_multi_example2
	test_python_multi_multi_example3
	test_python_multi_printMulti
	test_python_qual_qual_example1
	test_c_addCVTerms
	test_c_addingEvidenceCodes_1
	test_c_addingEvidenceCodes_2
	test_c_addModelHistory
	test_c_appendAnnotation
	test_c_convertSBML
	test_c_createExampleSBML
	test_c_drawMath
	test_c_echoSBML
	test_c_printAnnotation
	test_c_printMath
	test_c_printNotes
	test_c_printRegisteredPackages
	test_c_printSBML
	test_c_printSupported
	test_c_printUnits
	test_c_promoteParameters
	test_c_readSBML
	test_c_stripPackage
	test_c_unsetAnnotation
	test_c_unsetNotes
	test_c_validateSBML
	test_cxx_addCVTerms
	test_cxx_addCustomValidator
	test_cxx_addingEvidenceCodes_1
	test_cxx_addingEvidenceCodes_2
	test_cxx_addModelHistory
	test_cxx_appendAnnotation
	test_cxx_callExternalValidator
	test_cxx_convertSBML
	test_cxx_convertToL1V1
	test_cxx_createExampleSBML
	test_cxx_echoSBML
	test_cxx_inferUnits
	test_cxx_inlineFunctionDefintions
	test_cxx_convertReactions
	test_cxx_getAllElementsWithNotes
	test_cxx_printAnnotation
	test_cxx_printMath
	test_cxx_printNotes
	test_cxx_printSBML
	test_cxx_printRegisteredPackages
	test_cxx_printSupported
	test_cxx_printUnits
	test_cxx_promoteParameters
	test_cxx_readSBML
	test_cxx_renameSId
	test_cxx_setIdFromNames
	test_cxx_setNamesFromIds
	test_cxx_stripPackage
	test_cxx_unsetAnnotation
	test_cxx_unsetNotes
	test_cxx_validateSBML
	test_cs_addCVTerms
	test_cs_addingEvidenceCodes_1
	test_cs_addingEvidenceCodes_2
	test_cs_addModelHistory
	test_cs_appendAnnotation
	test_cs_convertSBML
	test_cs_createExampleSBML
	test_cs_echoSBML
	test_cs_GetAllElementsWithNotes
	test_cs_printAnnotation
	test_cs_printMath
	test_cs_printNotes
	test_cs_printRegisteredPackages
	test_cs_printSBML
	test_cs_printsupported
	test_cs_printUnits
	test_cs_promoteParameters
	test_cs_readSBML
	test_cs_stripPackage
	test_cs_SetIdFromNames
	test_cs_unsetAnnotation
	test_cs_unsetNotes
	test_cs_validateSBML
	test_cs_evaluateCustomMath
	test_cs_inlineInitialAssignments
	test_cs_replaceOneFD
	test_java_addCVTerms
	test_java_addingEvidenceCodes_1
	test_java_addingEvidenceCodes_2
	test_java_addModelHistory
	test_java_appendAnnotation
	test_java_createExampleSBML
	test_java_echoSBML
	test_java_evaluateCustomMath
	test_java_getAllElementsWithNotes
	test_java_inlineInitialAssignments
	test_java_printAnnotation
	test_java_printMath
	test_java_printNotes
	test_java_printRegisteredPackages
	test_java_printSBML
	test_java_printsupported
	test_java_printUnits
	test_java_promoteParameters
	test_java_readSBML
	test_java_replaceOneFD
	test_java_setIdFromNames
	test_java_stripPackage
	test_java_unsetAnnotation

100% tests passed, 0 tests failed out of 185

Total Test time (real) =  57.61 sec
Finished Tests: Mon 12/03/2018  3:25:55.59 
